TN:
SF:/Users/jkh/Src/nanolang/modules/std/fs.c
FNL:0,123,127
FNA:0,0,path_normalize
FNL:1,130,152
FNA:1,0,path_join
FNL:2,155,171
FNA:2,0,path_basename
FNL:3,174,190
FNA:3,0,path_dirname
FNL:4,192,198
FNA:4,0,path_append
FNL:5,20,48
FNA:5,179,walkdir_recursive
FNL:6,201,258
FNA:6,0,path_relpath
FNL:7,261,280
FNA:7,0,file_read
FNL:8,283,291
FNA:8,0,file_write
FNL:9,294,302
FNA:9,0,file_append
FNL:10,305,306
FNA:10,0,file_exists
FNL:11,310,311
FNA:11,0,file_delete
FNL:12,315,342
FNA:12,0,fs_mkdir_p
FNL:13,345,373
FNA:13,0,file_copy
FNL:14,376,420
FNA:14,0,dir_copy
FNL:15,51,57
FNA:15,3,fs_walkdir
FNL:16,60,120
FNA:16,0,path_normalize_into
FNF:17
FNH:2
DA:20,179
DA:21,179
DA:22,179
DA:24,179
DA:25,1905
DA:27,1726
DA:28,358
DA:32,1368
DA:33,1368
DA:35,1368
DA:36,1368
DA:37,1368
DA:39,1192
DA:40,1368
DA:42,176
DA:43,176
DA:44,1368
DA:45,1368
DA:47,179
DA:48,179
DA:51,3
DA:52,3
DA:53,3
DA:55,3
DA:56,3
DA:57,3
DA:60,0
DA:61,0
DA:62,0
DA:63,0
DA:66,0
DA:69,0
DA:70,0
DA:71,0
DA:72,0
DA:76,0
DA:77,0
DA:79,0
DA:80,0
DA:81,0
DA:82,0
DA:84,0
DA:86,0
DA:87,0
DA:88,0
DA:90,0
DA:91,0
DA:92,0
DA:94,0
DA:96,0
DA:100,0
DA:101,0
DA:102,0
DA:103,0
DA:105,0
DA:106,0
DA:107,0
DA:108,0
DA:109,0
DA:110,0
DA:111,0
DA:112,0
DA:115,0
DA:116,0
DA:117,0
DA:119,0
DA:120,0
DA:123,0
DA:124,0
DA:125,0
DA:126,0
DA:127,0
DA:130,0
DA:131,0
DA:133,0
DA:134,0
DA:135,0
DA:138,0
DA:139,0
DA:140,0
DA:144,0
DA:145,0
DA:146,0
DA:147,0
DA:148,0
DA:151,0
DA:152,0
DA:155,0
DA:156,0
DA:157,0
DA:161,0
DA:162,0
DA:163,0
DA:166,0
DA:167,0
DA:168,0
DA:170,0
DA:171,0
DA:174,0
DA:175,0
DA:176,0
DA:180,0
DA:181,0
DA:182,0
DA:185,0
DA:186,0
DA:187,0
DA:189,0
DA:190,0
DA:192,0
DA:193,0
DA:194,0
DA:195,0
DA:196,0
DA:197,0
DA:198,0
DA:201,0
DA:202,0
DA:204,0
DA:205,0
DA:208,0
DA:209,0
DA:210,0
DA:211,0
DA:213,0
DA:214,0
DA:215,0
DA:216,0
DA:218,0
DA:219,0
DA:220,0
DA:221,0
DA:223,0
DA:224,0
DA:225,0
DA:226,0
DA:227,0
DA:230,0
DA:231,0
DA:232,0
DA:233,0
DA:234,0
DA:237,0
DA:238,0
DA:239,0
DA:240,0
DA:243,0
DA:245,0
DA:246,0
DA:247,0
DA:249,0
DA:250,0
DA:251,0
DA:253,0
DA:254,0
DA:255,0
DA:257,0
DA:258,0
DA:261,0
DA:262,0
DA:263,0
DA:265,0
DA:266,0
DA:267,0
DA:269,0
DA:270,0
DA:271,0
DA:272,0
DA:275,0
DA:276,0
DA:277,0
DA:279,0
DA:280,0
DA:283,0
DA:284,0
DA:285,0
DA:287,0
DA:288,0
DA:290,0
DA:291,0
DA:294,0
DA:295,0
DA:296,0
DA:298,0
DA:299,0
DA:301,0
DA:302,0
DA:305,0
DA:306,0
DA:310,0
DA:311,0
DA:315,0
DA:316,0
DA:318,0
DA:319,0
DA:320,0
DA:322,0
DA:323,0
DA:324,0
DA:325,0
DA:327,0
DA:328,0
DA:329,0
DA:330,0
DA:331,0
DA:332,0
DA:334,0
DA:335,0
DA:336,0
DA:338,0
DA:339,0
DA:341,0
DA:342,0
DA:345,0
DA:346,0
DA:347,0
DA:348,0
DA:349,0
DA:350,0
DA:351,0
DA:354,0
DA:355,0
DA:356,0
DA:357,0
DA:358,0
DA:359,0
DA:360,0
DA:364,0
DA:365,0
DA:366,0
DA:367,0
DA:370,0
DA:371,0
DA:372,0
DA:373,0
DA:376,0
DA:377,0
DA:378,0
DA:379,0
DA:382,0
DA:383,0
DA:386,0
DA:387,0
DA:389,0
DA:390,0
DA:391,0
DA:392,0
DA:395,0
DA:396,0
DA:397,0
DA:398,0
DA:400,0
DA:401,0
DA:402,0
DA:405,0
DA:406,0
DA:407,0
DA:408,0
DA:410,0
DA:411,0
DA:412,0
DA:413,0
DA:415,0
DA:416,0
DA:418,0
DA:419,0
DA:420,0
LF:267
LH:26
end_of_record
TN:
SF:/Users/jkh/Src/nanolang/src/bench.c
FNL:0,105,116
FNA:0,0,calibrate
FNL:1,120,172
FNA:1,0,bench_run_one
FNL:2,176,198
FNA:2,2,bench_print_json
FNL:3,200,205
FNA:3,1,bench_print_human
FNL:4,209,278
FNA:4,1,bench_run_program
FNL:5,42,50
FNA:5,0,clock_ns
FNL:6,60,101
FNA:6,1,collect_bench_fns
FNF:7
FNH:4
DA:42,0
DA:44,0
DA:45,0
DA:46,0
DA:50,0
DA:60,1
DA:62,1
DA:64,1
DA:65,2
DA:66,1
DA:67,1
DA:71,1
DA:72,0
DA:73,0
DA:74,0
DA:75,0
DA:78,1
DA:80,1
DA:83,1
DA:84,1
DA:85,1
DA:86,1
DA:87,1
DA:89,1
DA:90,0
DA:91,0
DA:92,0
DA:93,0
DA:94,0
DA:95,1
DA:97,1
DA:99,0
DA:100,1
DA:101,1
DA:105,0
DA:107,0
DA:108,0
DA:109,0
DA:110,0
DA:112,0
DA:113,0
DA:114,0
DA:115,0
DA:116,0
DA:120,0
DA:124,0
DA:125,0
DA:126,0
DA:127,0
DA:128,0
DA:131,0
DA:132,0
DA:135,0
DA:136,0
DA:137,0
DA:138,0
DA:141,0
DA:142,0
DA:143,0
DA:144,0
DA:145,0
DA:146,0
DA:149,0
DA:150,0
DA:151,0
DA:152,0
DA:153,0
DA:154,0
DA:155,0
DA:157,0
DA:158,0
DA:159,0
DA:160,0
DA:161,0
DA:162,0
DA:164,0
DA:165,0
DA:166,0
DA:167,0
DA:168,0
DA:170,0
DA:172,0
DA:176,2
DA:177,4
DA:189,2
DA:190,2
DA:191,2
DA:192,2
DA:193,2
DA:194,2
DA:195,2
DA:196,2
DA:197,2
DA:198,2
DA:200,1
DA:201,2
DA:202,1
DA:203,1
DA:204,1
DA:205,1
DA:209,1
DA:211,1
DA:212,1
DA:213,1
DA:215,1
DA:216,1
DA:219,1
DA:222,0
DA:223,0
DA:226,0
DA:228,0
DA:229,0
DA:230,0
DA:232,0
DA:233,0
DA:235,0
DA:236,0
DA:241,0
DA:242,0
DA:243,0
DA:244,0
DA:247,0
DA:248,0
DA:250,0
DA:251,0
DA:252,0
DA:253,0
DA:254,0
DA:256,0
DA:257,0
DA:258,0
DA:259,0
DA:260,0
DA:261,0
DA:264,0
DA:265,0
DA:266,0
DA:268,0
DA:269,0
DA:271,0
DA:272,0
DA:274,0
DA:275,0
DA:277,0
DA:278,1
LF:145
LH:45
end_of_record
TN:
SF:/Users/jkh/Src/nanolang/src/bench_native.c
FNL:0,11,25
FNA:0,0,bench_native_run
FNF:1
FNH:0
DA:11,0
DA:12,0
DA:13,0
DA:15,0
DA:23,0
DA:24,0
DA:25,0
LF:7
LH:0
end_of_record
TN:
SF:/Users/jkh/Src/nanolang/src/builtins_registry.c
FNL:0,244,252
FNA:0,10506,builtin_find
FNL:1,254,257
FNA:1,7193,builtin_c_name
FNL:2,259,260
FNA:2,4,builtin_is_known
FNF:3
FNH:3
DA:244,10506
DA:245,10506
DA:246,1498387
DA:247,1487881
DA:248,650
DA:250,1487231
DA:251,9856
DA:252,10506
DA:254,7193
DA:255,7193
DA:256,7193
DA:257,7193
DA:259,4
DA:260,4
LF:14
LH:14
end_of_record
TN:
SF:/Users/jkh/Src/nanolang/src/cJSON.c
FNL:0,1071,1073
FNA:0,3693,print_string
FNL:1,1085,1108
FNA:1,18131,buffer_skip_whitespace
FNL:2,109,117
FNA:2,0,cJSON_GetNumberValue
FNL:3,1111,1124
FNA:3,160,skip_utf8_bom
FNL:4,1126,1139
FNA:4,160,cJSON_ParseWithOpts
FNL:5,1142,1219
FNA:5,160,cJSON_ParseWithLengthOpts
FNL:6,1222,1224
FNA:6,160,cJSON_Parse
FNL:7,1227,1229
FNA:7,0,cJSON_ParseWithLength
FNL:8,1234,1299
FNA:8,4,print
FNL:9,124,129
FNA:9,0,cJSON_Version
FNL:10,1302,1304
FNA:10,3,cJSON_Print
FNL:11,1307,1309
FNA:11,1,cJSON_PrintUnformatted
FNL:12,1312,1341
FNA:12,0,cJSON_PrintBuffered
FNL:13,133,154
FNA:13,2992,case_insensitive_strcmp
FNL:14,1343,1360
FNA:14,0,cJSON_PrintPreallocated
FNL:15,1363,1415
FNA:15,5683,parse_value
FNL:16,1418,1489
FNA:16,5446,print_value
FNL:17,1492,1587
FNA:17,1303,parse_array
FNL:18,1590,1649
FNA:18,1254,print_array
FNL:19,1652,1767
FNA:19,508,parse_object
FNL:20,1770,1881
FNA:20,496,print_object
FNL:21,188,207
FNA:21,36,cJSON_strdup
FNL:22,1884,1905
FNA:22,52,cJSON_GetArraySize
FNL:23,1907,1924
FNA:23,104,get_array_item
FNL:24,1926,1934
FNA:24,104,cJSON_GetArrayItem
FNL:25,1936,1966
FNA:25,762,get_object_item
FNL:26,1968,1970
FNA:26,756,cJSON_GetObjectItem
FNL:27,1973,1975
FNA:27,6,cJSON_GetObjectItemCaseSensitive
FNL:28,1978,1980
FNA:28,0,cJSON_HasObjectItem
FNL:29,1984,1988
FNA:29,149,suffix_object
FNL:30,1991,2010
FNA:30,0,create_reference
FNL:31,2012,2043
FNA:31,159,add_item_to_array
FNL:32,2046,2048
FNA:32,132,cJSON_AddItemToArray
FNL:33,2058,2060
FNA:33,0,cast_away_const
FNL:34,2067,2102
FNA:34,27,add_item_to_object
FNL:35,209,238
FNA:35,0,cJSON_InitHooks
FNL:36,2104,2106
FNA:36,15,cJSON_AddItemToObject
FNL:37,2110,2112
FNA:37,0,cJSON_AddItemToObjectCS
FNL:38,2115,2123
FNA:38,0,cJSON_AddItemReferenceToArray
FNL:39,2125,2133
FNA:39,0,cJSON_AddItemReferenceToObject
FNL:40,2135,2145
FNA:40,0,cJSON_AddNullToObject
FNL:41,2147,2157
FNA:41,0,cJSON_AddTrueToObject
FNL:42,2159,2169
FNA:42,0,cJSON_AddFalseToObject
FNL:43,2171,2181
FNA:43,0,cJSON_AddBoolToObject
FNL:44,2183,2193
FNA:44,3,cJSON_AddNumberToObject
FNL:45,2195,2205
FNA:45,9,cJSON_AddStringToObject
FNL:46,2207,2217
FNA:46,0,cJSON_AddRawToObject
FNL:47,2219,2229
FNA:47,0,cJSON_AddObjectToObject
FNL:48,2231,2241
FNA:48,0,cJSON_AddArrayToObject
FNL:49,2243,2277
FNA:49,0,cJSON_DetachItemViaPointer
FNL:50,2279,2287
FNA:50,0,cJSON_DetachItemFromArray
FNL:51,2289,2292
FNA:51,0,cJSON_DeleteItemFromArray
FNL:52,2294,2299
FNA:52,0,cJSON_DetachItemFromObject
FNL:53,2301,2306
FNA:53,0,cJSON_DetachItemFromObjectCaseSensitive
FNL:54,2308,2311
FNA:54,0,cJSON_DeleteItemFromObject
FNL:55,2313,2316
FNA:55,0,cJSON_DeleteItemFromObjectCaseSensitive
FNL:56,2319,2351
FNA:56,0,cJSON_InsertItemInArray
FNL:57,2353,2400
FNA:57,0,cJSON_ReplaceItemViaPointer
FNL:58,2402,2410
FNA:58,0,cJSON_ReplaceItemInArray
FNL:59,241,250
FNA:59,5714,cJSON_New_Item
FNL:60,2412,2433
FNA:60,0,replace_item_in_object
FNL:61,2435,2437
FNA:61,0,cJSON_ReplaceItemInObject
FNL:62,2440,2442
FNA:62,0,cJSON_ReplaceItemInObjectCaseSensitive
FNL:63,2446,2455
FNA:63,0,cJSON_CreateNull
FNL:64,2457,2466
FNA:64,0,cJSON_CreateTrue
FNL:65,2468,2477
FNA:65,0,cJSON_CreateFalse
FNL:66,2479,2488
FNA:66,0,cJSON_CreateBool
FNL:67,2490,2514
FNA:67,3,cJSON_CreateNumber
FNL:68,2516,2531
FNA:68,9,cJSON_CreateString
FNL:69,253,276
FNA:69,1613,cJSON_Delete
FNL:70,2533,2543
FNA:70,0,cJSON_CreateStringReference
FNL:71,2545,2554
FNA:71,0,cJSON_CreateObjectReference
FNL:72,2556,2564
FNA:72,0,cJSON_CreateArrayReference
FNL:73,2566,2581
FNA:73,0,cJSON_CreateRaw
FNL:74,2583,2592
FNA:74,3,cJSON_CreateArray
FNL:75,2594,2603
FNA:75,16,cJSON_CreateObject
FNL:76,2606,2644
FNA:76,0,cJSON_CreateIntArray
FNL:77,2646,2684
FNA:77,0,cJSON_CreateFloatArray
FNL:78,2686,2724
FNA:78,0,cJSON_CreateDoubleArray
FNL:79,2726,2764
FNA:79,0,cJSON_CreateStringArray
FNL:80,2769,2771
FNA:80,0,cJSON_Duplicate
FNL:81,2774,2858
FNA:81,0,cJSON_Duplicate_rec
FNL:82,279,285
FNA:82,3,get_decimal_point
FNL:83,2860,2871
FNA:83,0,skip_oneline_comment
FNL:84,2873,2885
FNA:84,0,skip_multiline_comment
FNL:85,2887,2907
FNA:85,0,minify_string
FNL:86,2909,2955
FNA:86,0,cJSON_Minify
FNL:87,2957,2965
FNA:87,0,cJSON_IsInvalid
FNL:88,2967,2975
FNA:88,0,cJSON_IsFalse
FNL:89,2977,2985
FNA:89,0,cJSON_IsTrue
FNL:90,2988,2996
FNA:90,0,cJSON_IsBool
FNL:91,2997,3005
FNA:91,0,cJSON_IsNull
FNL:92,3007,3015
FNA:92,0,cJSON_IsNumber
FNL:93,3017,3025
FNA:93,320,cJSON_IsString
FNL:94,3027,3035
FNA:94,52,cJSON_IsArray
FNL:95,3037,3045
FNA:95,0,cJSON_IsObject
FNL:96,3047,3055
FNA:96,0,cJSON_IsRaw
FNL:97,3057,3180
FNA:97,0,cJSON_Compare
FNL:98,307,408
FNA:98,0,parse_number
FNL:99,3182,3184
FNA:99,0,cJSON_malloc
FNL:100,3187,3191
FNA:100,0,cJSON_free
FNL:101,411,426
FNA:101,0,cJSON_SetNumberHelper
FNL:102,430,471
FNA:102,0,cJSON_SetValuestring
FNL:103,485,568
FNA:103,18965,ensure
FNL:104,571,581
FNA:104,7894,update_offset
FNL:105,584,588
FNA:105,0,compare_double
FNL:106,591,658
FNA:106,3,print_number
FNL:107,661,694
FNA:107,0,parse_hex4
FNL:108,698,816
FNA:108,0,utf16_literal_to_utf8
FNL:109,819,946
FNA:109,6429,parse_string
FNL:110,94,96
FNA:110,0,cJSON_GetErrorPtr
FNL:111,949,1068
FNA:111,6141,print_string_ptr
FNL:112,99,107
FNA:112,0,cJSON_GetStringValue
FNF:113
FNH:44
DA:94,0
DA:96,0
DA:99,0
DA:101,0
DA:103,0
DA:106,0
DA:107,0
DA:109,0
DA:111,0
DA:113,0
DA:116,0
DA:117,0
DA:124,0
DA:127,0
DA:129,0
DA:133,2992
DA:135,2992
DA:137,0
DA:140,2992
DA:142,0
DA:145,4950
DA:147,2220
DA:149,262
DA:151,1958
DA:153,2730
DA:154,2992
DA:188,36
DA:190,36
DA:191,36
DA:193,36
DA:195,0
DA:198,36
DA:199,36
DA:200,36
DA:202,0
DA:204,36
DA:206,36
DA:207,36
DA:209,0
DA:211,0
DA:214,0
DA:215,0
DA:216,0
DA:217,0
DA:220,0
DA:221,0
DA:223,0
DA:224,0
DA:226,0
DA:227,0
DA:229,0
DA:230,0
DA:233,0
DA:234,0
DA:236,0
DA:237,0
DA:238,0
DA:241,5714
DA:243,5714
DA:244,5714
DA:246,5714
DA:247,5714
DA:249,11428
DA:250,5714
DA:253,1613
DA:255,1613
DA:256,7327
DA:258,5714
DA:259,5714
DA:261,1581
DA:262,1581
DA:263,5714
DA:265,3881
DA:266,3881
DA:267,3881
DA:268,5714
DA:270,2584
DA:271,2584
DA:272,2584
DA:273,5714
DA:274,5714
DA:276,1613
DA:279,3
DA:285,3
DA:307,0
DA:309,0
DA:310,0
DA:311,0
DA:312,0
DA:313,0
DA:314,0
DA:315,0
DA:317,0
DA:319,0
DA:325,0
DA:327,0
DA:343,0
DA:344,0
DA:347,0
DA:348,0
DA:349,0
DA:352,0
DA:354,0
DA:357,0
DA:358,0
DA:360,0
DA:363,0
DA:364,0
DA:366,0
DA:368,0
DA:370,0
DA:373,0
DA:374,0
DA:375,0
DA:376,0
DA:378,0
DA:379,0
DA:382,0
DA:383,0
DA:386,0
DA:389,0
DA:391,0
DA:392,0
DA:393,0
DA:395,0
DA:396,0
DA:399,0
DA:402,0
DA:404,0
DA:406,0
DA:407,0
DA:408,0
DA:411,0
DA:413,0
DA:415,0
DA:416,0
DA:417,0
DA:419,0
DA:420,0
DA:423,0
DA:426,0
DA:430,0
DA:432,0
DA:433,0
DA:434,0
DA:436,0
DA:438,0
DA:441,0
DA:443,0
DA:446,0
DA:447,0
DA:449,0
DA:452,0
DA:454,0
DA:456,0
DA:457,0
DA:459,0
DA:460,0
DA:462,0
DA:464,0
DA:466,0
DA:467,0
DA:468,0
DA:470,0
DA:471,0
DA:485,18965
DA:487,18965
DA:488,18965
DA:490,18965
DA:492,0
DA:495,18965
DA:498,0
DA:501,18965
DA:504,0
DA:507,18965
DA:508,18965
DA:510,18941
DA:513,24
DA:514,0
DA:518,24
DA:521,0
DA:523,0
DA:524,0
DA:527,0
DA:529,0
DA:532,24
DA:535,24
DA:538,24
DA:539,24
DA:541,0
DA:542,0
DA:543,0
DA:545,0
DA:547,24
DA:551,0
DA:552,0
DA:554,0
DA:555,0
DA:556,0
DA:558,0
DA:561,0
DA:562,0
DA:564,24
DA:565,24
DA:567,24
DA:568,18965
DA:571,7894
DA:573,7894
DA:574,7894
DA:576,0
DA:578,7894
DA:580,7894
DA:581,7894
DA:584,0
DA:586,0
DA:587,0
DA:588,0
DA:591,3
DA:593,3
DA:594,3
DA:595,3
DA:596,3
DA:597,3
DA:598,3
DA:599,3
DA:601,3
DA:603,0
DA:607,3
DA:609,12
DA:610,12
DA:611,3
DA:613,3
DA:614,3
DA:618,0
DA:621,0
DA:624,0
DA:625,0
DA:629,15
DA:631,12
DA:635,3
DA:636,3
DA:638,0
DA:643,9
DA:645,6
DA:647,0
DA:648,0
DA:651,6
DA:652,6
DA:653,3
DA:655,3
DA:657,3
DA:658,15
DA:661,0
DA:663,0
DA:664,0
DA:666,0
DA:669,0
DA:671,0
DA:672,0
DA:673,0
DA:675,0
DA:676,0
DA:677,0
DA:679,0
DA:680,0
DA:683,0
DA:686,0
DA:689,0
DA:690,0
DA:691,0
DA:693,0
DA:694,0
DA:698,0
DA:700,0
DA:701,0
DA:702,0
DA:703,0
DA:704,0
DA:705,0
DA:706,0
DA:708,0
DA:711,0
DA:715,0
DA:718,0
DA:720,0
DA:724,0
DA:726,0
DA:727,0
DA:728,0
DA:730,0
DA:733,0
DA:736,0
DA:739,0
DA:743,0
DA:745,0
DA:748,0
DA:753,0
DA:754,0
DA:757,0
DA:758,0
DA:764,0
DA:767,0
DA:768,0
DA:769,0
DA:772,0
DA:773,0
DA:774,0
DA:775,0
DA:778,0
DA:779,0
DA:780,0
DA:781,0
DA:784,0
DA:785,0
DA:786,0
DA:790,0
DA:794,0
DA:797,0
DA:798,0
DA:799,0
DA:801,0
DA:803,0
DA:804,0
DA:807,0
DA:810,0
DA:812,0
DA:815,0
DA:816,0
DA:819,6429
DA:821,6429
DA:822,6429
DA:823,6429
DA:824,6429
DA:827,6429
DA:829,0
DA:834,6429
DA:835,6429
DA:836,98024
DA:839,91595
DA:841,0
DA:844,0
DA:846,0
DA:847,0
DA:848,0
DA:849,91595
DA:851,6429
DA:853,0
DA:857,6429
DA:858,6429
DA:859,6429
DA:861,0
DA:863,6429
DA:865,6429
DA:867,98024
DA:869,91595
DA:871,91595
DA:872,91595
DA:876,0
DA:877,0
DA:879,0
DA:882,0
DA:885,0
DA:886,0
DA:888,0
DA:889,0
DA:891,0
DA:892,0
DA:894,0
DA:895,0
DA:897,0
DA:898,0
DA:902,0
DA:903,0
DA:907,0
DA:908,0
DA:911,0
DA:913,0
DA:916,0
DA:918,0
DA:919,0
DA:923,6429
DA:925,6429
DA:926,6429
DA:928,6429
DA:929,6429
DA:931,6429
DA:934,0
DA:936,0
DA:937,0
DA:938,0
DA:940,0
DA:942,0
DA:943,0
DA:945,0
DA:946,6429
DA:949,6141
DA:951,6141
DA:952,6141
DA:953,6141
DA:954,6141
DA:956,6141
DA:958,6141
DA:960,0
DA:964,6141
DA:966,0
DA:967,0
DA:969,0
DA:971,0
DA:973,0
DA:977,95436
DA:979,89295
DA:989,0
DA:990,0
DA:992,89295
DA:995,0
DA:996,0
DA:997,89295
DA:999,89295
DA:1000,6141
DA:1002,6141
DA:1003,6141
DA:1005,0
DA:1009,6141
DA:1011,6141
DA:1012,6141
DA:1013,6141
DA:1014,6141
DA:1016,6141
DA:1019,0
DA:1020,0
DA:1022,0
DA:1024,0
DA:1027,0
DA:1028,0
DA:1032,0
DA:1033,0
DA:1036,0
DA:1037,0
DA:1039,0
DA:1040,0
DA:1042,0
DA:1043,0
DA:1045,0
DA:1046,0
DA:1048,0
DA:1049,0
DA:1051,0
DA:1052,0
DA:1054,0
DA:1055,0
DA:1058,0
DA:1059,0
DA:1060,0
DA:1063,0
DA:1064,0
DA:1065,0
DA:1067,0
DA:1068,6141
DA:1071,3693
DA:1073,3693
DA:1085,18131
DA:1087,18131
DA:1089,0
DA:1092,18131
DA:1094,0
DA:1097,41388
DA:1099,23257
DA:1102,18131
DA:1104,0
DA:1105,0
DA:1107,18131
DA:1108,18131
DA:1111,160
DA:1113,160
DA:1115,0
DA:1118,160
DA:1120,0
DA:1121,0
DA:1123,160
DA:1124,160
DA:1126,160
DA:1128,160
DA:1130,160
DA:1132,0
DA:1136,160
DA:1138,160
DA:1139,160
DA:1142,160
DA:1144,160
DA:1145,160
DA:1148,160
DA:1149,160
DA:1151,160
DA:1153,0
DA:1156,160
DA:1157,160
DA:1158,160
DA:1159,160
DA:1161,160
DA:1162,160
DA:1164,0
DA:1167,160
DA:1170,0
DA:1174,160
DA:1176,0
DA:1177,0
DA:1179,0
DA:1181,0
DA:1182,160
DA:1184,0
DA:1185,0
DA:1187,160
DA:1190,0
DA:1192,0
DA:1193,0
DA:1195,0
DA:1197,0
DA:1198,0
DA:1199,0
DA:1201,0
DA:1203,0
DA:1204,0
DA:1205,0
DA:1207,0
DA:1208,0
DA:1210,0
DA:1212,0
DA:1213,0
DA:1215,0
DA:1216,0
DA:1218,0
DA:1219,160
DA:1222,160
DA:1224,160
DA:1227,0
DA:1229,0
DA:1234,4
DA:1237,4
DA:1238,4
DA:1240,4
DA:1243,4
DA:1244,4
DA:1245,4
DA:1246,4
DA:1247,4
DA:1249,0
DA:1253,4
DA:1255,0
DA:1257,4
DA:1260,4
DA:1262,4
DA:1263,4
DA:1264,0
DA:1266,4
DA:1267,4
DA:1270,0
DA:1271,0
DA:1273,0
DA:1275,0
DA:1276,0
DA:1279,0
DA:1280,0
DA:1283,4
DA:1286,0
DA:1288,0
DA:1289,0
DA:1290,0
DA:1292,0
DA:1294,0
DA:1295,0
DA:1296,0
DA:1298,0
DA:1299,4
DA:1302,3
DA:1304,3
DA:1307,1
DA:1309,1
DA:1312,0
DA:1314,0
DA:1316,0
DA:1318,0
DA:1321,0
DA:1322,0
DA:1324,0
DA:1327,0
DA:1328,0
DA:1329,0
DA:1330,0
DA:1331,0
DA:1333,0
DA:1335,0
DA:1336,0
DA:1337,0
DA:1340,0
DA:1341,0
DA:1343,0
DA:1345,0
DA:1347,0
DA:1349,0
DA:1352,0
DA:1353,0
DA:1354,0
DA:1355,0
DA:1356,0
DA:1357,0
DA:1359,0
DA:1360,0
DA:1363,5683
DA:1365,5683
DA:1367,0
DA:1372,5683
DA:1374,0
DA:1375,0
DA:1376,0
DA:1379,5683
DA:1381,0
DA:1382,0
DA:1383,0
DA:1386,5683
DA:1388,0
DA:1389,0
DA:1390,0
DA:1391,0
DA:1394,5683
DA:1396,3872
DA:1399,1811
DA:1401,0
DA:1404,1811
DA:1406,1303
DA:1409,508
DA:1411,508
DA:1414,0
DA:1415,5683
DA:1418,5446
DA:1420,5446
DA:1422,5446
DA:1424,0
DA:1427,5446
DA:1430,0
DA:1431,0
DA:1433,0
DA:1435,0
DA:1436,0
DA:1439,0
DA:1440,0
DA:1442,0
DA:1444,0
DA:1445,0
DA:1448,0
DA:1449,0
DA:1451,0
DA:1453,0
DA:1454,0
DA:1457,3
DA:1461,0
DA:1462,0
DA:1464,0
DA:1467,0
DA:1468,0
DA:1469,0
DA:1471,0
DA:1473,0
DA:1474,0
DA:1475,0
DA:1478,3693
DA:1481,1254
DA:1484,496
DA:1487,0
DA:1489,5446
DA:1492,1303
DA:1494,1303
DA:1495,1303
DA:1497,1303
DA:1499,0
DA:1501,1303
DA:1503,1303
DA:1506,0
DA:1509,1303
DA:1510,1303
DA:1511,1303
DA:1514,240
DA:1518,1063
DA:1520,0
DA:1521,0
DA:1525,1063
DA:1527,1063
DA:1530,2966
DA:1531,2966
DA:1533,0
DA:1537,2966
DA:1540,1063
DA:1541,1063
DA:1545,1903
DA:1546,1903
DA:1547,1903
DA:1551,2966
DA:1552,2966
DA:1553,2966
DA:1555,0
DA:1557,2966
DA:1558,5932
DA:1559,2966
DA:1561,1063
DA:1563,0
DA:1567,1303
DA:1569,1303
DA:1570,1063
DA:1571,1063
DA:1573,1303
DA:1574,1303
DA:1576,1303
DA:1578,1303
DA:1581,0
DA:1583,0
DA:1584,0
DA:1586,0
DA:1587,1303
DA:1590,1254
DA:1592,1254
DA:1593,1254
DA:1594,1254
DA:1596,1254
DA:1598,0
DA:1603,1254
DA:1604,1254
DA:1606,0
DA:1609,1254
DA:1610,1254
DA:1611,1254
DA:1613,4248
DA:1615,2994
DA:1617,0
DA:1619,2994
DA:1620,2994
DA:1622,1980
DA:1623,1980
DA:1624,1980
DA:1626,0
DA:1628,1980
DA:1629,1980
DA:1631,1980
DA:1632,1980
DA:1633,1980
DA:1634,1980
DA:1635,1980
DA:1636,2994
DA:1639,1254
DA:1640,1254
DA:1642,0
DA:1644,1254
DA:1645,1254
DA:1646,1254
DA:1648,1254
DA:1649,1254
DA:1652,508
DA:1654,508
DA:1655,508
DA:1657,508
DA:1659,0
DA:1661,508
DA:1663,508
DA:1665,0
DA:1668,508
DA:1669,508
DA:1670,508
DA:1672,0
DA:1676,508
DA:1678,0
DA:1679,0
DA:1683,508
DA:1685,508
DA:1688,2557
DA:1689,2557
DA:1691,0
DA:1695,2557
DA:1698,508
DA:1699,508
DA:1703,2049
DA:1704,2049
DA:1705,2049
DA:1708,2557
DA:1710,0
DA:1714,2557
DA:1715,2557
DA:1716,2557
DA:1718,0
DA:1720,2557
DA:1723,2557
DA:1724,2557
DA:1726,2557
DA:1728,0
DA:1732,2557
DA:1733,2557
DA:1734,2557
DA:1736,0
DA:1738,2557
DA:1739,5114
DA:1740,2557
DA:1742,508
DA:1744,0
DA:1748,508
DA:1750,508
DA:1751,508
DA:1752,508
DA:1754,508
DA:1755,508
DA:1757,508
DA:1758,508
DA:1761,0
DA:1763,0
DA:1764,0
DA:1766,0
DA:1767,508
DA:1770,496
DA:1772,496
DA:1773,496
DA:1774,496
DA:1776,496
DA:1778,0
DA:1782,496
DA:1783,496
DA:1784,496
DA:1786,0
DA:1789,496
DA:1790,496
DA:1791,496
DA:1793,495
DA:1794,495
DA:1795,496
DA:1797,2944
DA:1799,2448
DA:1801,2445
DA:1802,2445
DA:1803,2445
DA:1805,0
DA:1807,11541
DA:1809,9096
DA:1810,9096
DA:1811,2445
DA:1812,2445
DA:1815,2448
DA:1817,0
DA:1819,2448
DA:1821,2448
DA:1822,2448
DA:1823,2448
DA:1825,0
DA:1827,2448
DA:1828,2448
DA:1830,2445
DA:1831,2445
DA:1832,2448
DA:1835,2448
DA:1837,0
DA:1839,2448
DA:1842,2448
DA:1843,2448
DA:1844,2448
DA:1846,0
DA:1848,2448
DA:1850,1961
DA:1851,1961
DA:1853,2448
DA:1855,2445
DA:1856,2445
DA:1857,2448
DA:1858,2448
DA:1860,2448
DA:1863,496
DA:1864,496
DA:1866,0
DA:1868,496
DA:1870,495
DA:1871,2232
DA:1873,1737
DA:1874,1737
DA:1875,495
DA:1876,496
DA:1877,496
DA:1878,496
DA:1880,496
DA:1881,496
DA:1884,52
DA:1886,52
DA:1887,52
DA:1889,52
DA:1891,0
DA:1894,52
DA:1896,156
DA:1898,104
DA:1899,104
DA:1904,52
DA:1905,52
DA:1907,104
DA:1909,104
DA:1911,104
DA:1913,0
DA:1916,104
DA:1917,156
DA:1919,52
DA:1920,52
DA:1923,104
DA:1924,104
DA:1926,104
DA:1928,104
DA:1930,0
DA:1933,104
DA:1934,104
DA:1936,762
DA:1938,762
DA:1940,762
DA:1942,0
DA:1945,762
DA:1946,762
DA:1948,12
DA:1950,6
DA:1952,6
DA:1955,3486
DA:1957,2730
DA:1961,762
DA:1962,494
DA:1965,268
DA:1966,762
DA:1968,756
DA:1970,756
DA:1973,6
DA:1975,6
DA:1978,0
DA:1980,0
DA:1984,149
DA:1986,149
DA:1987,149
DA:1988,149
DA:1991,0
DA:1993,0
DA:1994,0
DA:1996,0
DA:1999,0
DA:2000,0
DA:2002,0
DA:2005,0
DA:2006,0
DA:2007,0
DA:2008,0
DA:2009,0
DA:2010,0
DA:2012,159
DA:2014,159
DA:2016,159
DA:2018,0
DA:2021,159
DA:2025,159
DA:2028,10
DA:2029,10
DA:2030,10
DA:2031,10
DA:2035,149
DA:2037,149
DA:2038,149
DA:2039,149
DA:2042,159
DA:2043,159
DA:2046,132
DA:2048,132
DA:2058,0
DA:2060,0
DA:2067,27
DA:2069,27
DA:2070,27
DA:2072,27
DA:2074,0
DA:2077,27
DA:2079,0
DA:2080,0
DA:2081,0
DA:2084,27
DA:2085,27
DA:2087,0
DA:2090,27
DA:2093,27
DA:2095,0
DA:2096,0
DA:2098,27
DA:2099,27
DA:2101,27
DA:2102,27
DA:2104,15
DA:2106,15
DA:2110,0
DA:2112,0
DA:2115,0
DA:2117,0
DA:2119,0
DA:2122,0
DA:2123,0
DA:2125,0
DA:2127,0
DA:2129,0
DA:2132,0
DA:2133,0
DA:2135,0
DA:2137,0
DA:2138,0
DA:2140,0
DA:2143,0
DA:2144,0
DA:2145,0
DA:2147,0
DA:2149,0
DA:2150,0
DA:2152,0
DA:2155,0
DA:2156,0
DA:2157,0
DA:2159,0
DA:2161,0
DA:2162,0
DA:2164,0
DA:2167,0
DA:2168,0
DA:2169,0
DA:2171,0
DA:2173,0
DA:2174,0
DA:2176,0
DA:2179,0
DA:2180,0
DA:2181,0
DA:2183,3
DA:2185,3
DA:2186,3
DA:2188,3
DA:2191,0
DA:2192,0
DA:2193,3
DA:2195,9
DA:2197,9
DA:2198,9
DA:2200,9
DA:2203,0
DA:2204,0
DA:2205,9
DA:2207,0
DA:2209,0
DA:2210,0
DA:2212,0
DA:2215,0
DA:2216,0
DA:2217,0
DA:2219,0
DA:2221,0
DA:2222,0
DA:2224,0
DA:2227,0
DA:2228,0
DA:2229,0
DA:2231,0
DA:2233,0
DA:2234,0
DA:2236,0
DA:2239,0
DA:2240,0
DA:2241,0
DA:2243,0
DA:2245,0
DA:2247,0
DA:2250,0
DA:2253,0
DA:2254,0
DA:2255,0
DA:2258,0
DA:2259,0
DA:2261,0
DA:2264,0
DA:2265,0
DA:2266,0
DA:2269,0
DA:2270,0
DA:2273,0
DA:2274,0
DA:2276,0
DA:2277,0
DA:2279,0
DA:2281,0
DA:2283,0
DA:2286,0
DA:2287,0
DA:2289,0
DA:2291,0
DA:2292,0
DA:2294,0
DA:2296,0
DA:2298,0
DA:2299,0
DA:2301,0
DA:2303,0
DA:2305,0
DA:2306,0
DA:2308,0
DA:2310,0
DA:2311,0
DA:2313,0
DA:2315,0
DA:2316,0
DA:2319,0
DA:2321,0
DA:2323,0
DA:2325,0
DA:2328,0
DA:2329,0
DA:2331,0
DA:2334,0
DA:2336,0
DA:2339,0
DA:2340,0
DA:2341,0
DA:2342,0
DA:2344,0
DA:2345,0
DA:2348,0
DA:2350,0
DA:2351,0
DA:2353,0
DA:2355,0
DA:2357,0
DA:2360,0
DA:2362,0
DA:2365,0
DA:2366,0
DA:2368,0
DA:2370,0
DA:2371,0
DA:2372,0
DA:2374,0
DA:2376,0
DA:2377,0
DA:2378,0
DA:2379,0
DA:2385,0
DA:2387,0
DA:2388,0
DA:2389,0
DA:2391,0
DA:2392,0
DA:2395,0
DA:2396,0
DA:2397,0
DA:2399,0
DA:2400,0
DA:2402,0
DA:2404,0
DA:2406,0
DA:2409,0
DA:2410,0
DA:2412,0
DA:2414,0
DA:2416,0
DA:2420,0
DA:2422,0
DA:2423,0
DA:2424,0
DA:2425,0
DA:2427,0
DA:2430,0
DA:2432,0
DA:2433,0
DA:2435,0
DA:2437,0
DA:2440,0
DA:2442,0
DA:2446,0
DA:2448,0
DA:2449,0
DA:2451,0
DA:2452,0
DA:2454,0
DA:2455,0
DA:2457,0
DA:2459,0
DA:2460,0
DA:2462,0
DA:2463,0
DA:2465,0
DA:2466,0
DA:2468,0
DA:2470,0
DA:2471,0
DA:2473,0
DA:2474,0
DA:2476,0
DA:2477,0
DA:2479,0
DA:2481,0
DA:2482,0
DA:2484,0
DA:2485,0
DA:2487,0
DA:2488,0
DA:2490,3
DA:2492,3
DA:2493,3
DA:2495,3
DA:2496,3
DA:2499,3
DA:2501,0
DA:2502,0
DA:2503,3
DA:2505,0
DA:2506,0
DA:2509,3
DA:2511,3
DA:2513,6
DA:2514,3
DA:2516,9
DA:2518,9
DA:2519,9
DA:2521,9
DA:2522,9
DA:2523,9
DA:2525,0
DA:2526,0
DA:2528,9
DA:2530,9
DA:2531,9
DA:2533,0
DA:2535,0
DA:2536,0
DA:2538,0
DA:2539,0
DA:2540,0
DA:2542,0
DA:2543,0
DA:2545,0
DA:2547,0
DA:2548,0
DA:2549,0
DA:2550,0
DA:2551,0
DA:2553,0
DA:2554,0
DA:2556,0
DA:2557,0
DA:2558,0
DA:2559,0
DA:2560,0
DA:2561,0
DA:2563,0
DA:2564,0
DA:2566,0
DA:2568,0
DA:2569,0
DA:2571,0
DA:2572,0
DA:2573,0
DA:2575,0
DA:2576,0
DA:2578,0
DA:2580,0
DA:2581,0
DA:2583,3
DA:2585,3
DA:2586,3
DA:2588,3
DA:2589,3
DA:2591,6
DA:2592,3
DA:2594,16
DA:2596,16
DA:2597,16
DA:2599,16
DA:2600,16
DA:2602,32
DA:2603,16
DA:2606,0
DA:2608,0
DA:2609,0
DA:2610,0
DA:2611,0
DA:2613,0
DA:2615,0
DA:2618,0
DA:2620,0
DA:2622,0
DA:2623,0
DA:2625,0
DA:2626,0
DA:2628,0
DA:2630,0
DA:2631,0
DA:2634,0
DA:2636,0
DA:2637,0
DA:2639,0
DA:2640,0
DA:2641,0
DA:2643,0
DA:2644,0
DA:2646,0
DA:2648,0
DA:2649,0
DA:2650,0
DA:2651,0
DA:2653,0
DA:2655,0
DA:2658,0
DA:2660,0
DA:2662,0
DA:2663,0
DA:2665,0
DA:2666,0
DA:2668,0
DA:2670,0
DA:2671,0
DA:2674,0
DA:2676,0
DA:2677,0
DA:2679,0
DA:2680,0
DA:2681,0
DA:2683,0
DA:2684,0
DA:2686,0
DA:2688,0
DA:2689,0
DA:2690,0
DA:2691,0
DA:2693,0
DA:2695,0
DA:2698,0
DA:2700,0
DA:2702,0
DA:2703,0
DA:2705,0
DA:2706,0
DA:2708,0
DA:2710,0
DA:2711,0
DA:2714,0
DA:2716,0
DA:2717,0
DA:2719,0
DA:2720,0
DA:2721,0
DA:2723,0
DA:2724,0
DA:2726,0
DA:2728,0
DA:2729,0
DA:2730,0
DA:2731,0
DA:2733,0
DA:2735,0
DA:2738,0
DA:2740,0
DA:2742,0
DA:2743,0
DA:2745,0
DA:2746,0
DA:2748,0
DA:2750,0
DA:2751,0
DA:2754,0
DA:2756,0
DA:2757,0
DA:2759,0
DA:2760,0
DA:2761,0
DA:2763,0
DA:2764,0
DA:2769,0
DA:2771,0
DA:2774,0
DA:2776,0
DA:2777,0
DA:2778,0
DA:2779,0
DA:2782,0
DA:2784,0
DA:2787,0
DA:2788,0
DA:2790,0
DA:2793,0
DA:2794,0
DA:2795,0
DA:2796,0
DA:2798,0
DA:2799,0
DA:2801,0
DA:2803,0
DA:2804,0
DA:2806,0
DA:2807,0
DA:2809,0
DA:2811,0
DA:2813,0
DA:2815,0
DA:2818,0
DA:2819,0
DA:2821,0
DA:2822,0
DA:2824,0
DA:2825,0
DA:2827,0
DA:2829,0
DA:2832,0
DA:2833,0
DA:2834,0
DA:2835,0
DA:2839,0
DA:2840,0
DA:2842,0
DA:2844,0
DA:2846,0
DA:2847,0
DA:2849,0
DA:2852,0
DA:2854,0
DA:2855,0
DA:2857,0
DA:2858,0
DA:2860,0
DA:2862,0
DA:2864,0
DA:2866,0
DA:2867,0
DA:2868,0
DA:2870,0
DA:2871,0
DA:2873,0
DA:2875,0
DA:2877,0
DA:2879,0
DA:2881,0
DA:2882,0
DA:2884,0
DA:2885,0
DA:2887,0
DA:2888,0
DA:2889,0
DA:2890,0
DA:2893,0
DA:2894,0
DA:2896,0
DA:2897,0
DA:2898,0
DA:2899,0
DA:2900,0
DA:2901,0
DA:2902,0
DA:2903,0
DA:2904,0
DA:2905,0
DA:2906,0
DA:2907,0
DA:2909,0
DA:2911,0
DA:2913,0
DA:2915,0
DA:2918,0
DA:2920,0
DA:2926,0
DA:2927,0
DA:2930,0
DA:2932,0
DA:2933,0
DA:2934,0
DA:2936,0
DA:2937,0
DA:2938,0
DA:2940,0
DA:2943,0
DA:2944,0
DA:2947,0
DA:2948,0
DA:2949,0
DA:2950,0
DA:2954,0
DA:2955,0
DA:2957,0
DA:2959,0
DA:2961,0
DA:2964,0
DA:2965,0
DA:2967,0
DA:2969,0
DA:2971,0
DA:2974,0
DA:2975,0
DA:2977,0
DA:2979,0
DA:2981,0
DA:2984,0
DA:2985,0
DA:2988,0
DA:2990,0
DA:2992,0
DA:2995,0
DA:2996,0
DA:2997,0
DA:2999,0
DA:3001,0
DA:3004,0
DA:3005,0
DA:3007,0
DA:3009,0
DA:3011,0
DA:3014,0
DA:3015,0
DA:3017,320
DA:3019,320
DA:3021,0
DA:3024,320
DA:3025,320
DA:3027,52
DA:3029,52
DA:3031,0
DA:3034,52
DA:3035,52
DA:3037,0
DA:3039,0
DA:3041,0
DA:3044,0
DA:3045,0
DA:3047,0
DA:3049,0
DA:3051,0
DA:3054,0
DA:3055,0
DA:3057,0
DA:3059,0
DA:3061,0
DA:3065,0
DA:3075,0
DA:3078,0
DA:3082,0
DA:3084,0
DA:3087,0
DA:3093,0
DA:3096,0
DA:3098,0
DA:3100,0
DA:3104,0
DA:3106,0
DA:3108,0
DA:3110,0
DA:3113,0
DA:3117,0
DA:3118,0
DA:3120,0
DA:3122,0
DA:3124,0
DA:3127,0
DA:3128,0
DA:3132,0
DA:3133,0
DA:3136,0
DA:3137,0
DA:3141,0
DA:3142,0
DA:3143,0
DA:3146,0
DA:3147,0
DA:3149,0
DA:3152,0
DA:3154,0
DA:3156,0
DA:3160,0
DA:3162,0
DA:3163,0
DA:3165,0
DA:3168,0
DA:3170,0
DA:3172,0
DA:3174,0
DA:3175,0
DA:3178,0
DA:3180,0
DA:3182,0
DA:3184,0
DA:3187,0
DA:3189,0
DA:3190,0
DA:3191,0
LF:1583
LH:537
end_of_record
TN:
SF:/Users/jkh/Src/nanolang/src/c_backend.c
FNL:0,1015,1054
FNA:0,11,emit_forward_decls
FNL:1,1057,1101
FNA:1,11,emit_program
FNL:2,1104,1114
FNA:2,10,c_backend_emit_fp
FNL:3,1116,1140
FNA:3,1,c_backend_emit
FNL:4,127,134
FNA:4,0,fmt_for_type
FNL:5,142,172
FNA:5,11,emit_preamble
FNL:6,175,495
FNA:6,52,emit_expr
FNL:7,47,50
FNA:7,15,ctx_push_scope
FNL:8,498,865
FNA:8,22,emit_stmt
FNL:9,52,55
FNA:9,15,ctx_pop_scope
FNL:10,57,63
FNA:10,18,ctx_add_sym
FNL:11,65,71
FNA:11,9,ctx_lookup_type
FNL:12,74,77
FNA:12,25,emit_indent
FNL:13,80,90
FNA:13,54,c_type
FNL:14,871,882
FNA:14,3,emit_block_body
FNL:15,885,906
FNA:15,1,emit_struct_def
FNL:16,908,922
FNA:16,1,emit_enum_def
FNL:17,924,952
FNA:17,0,emit_union_def
FNL:18,93,124
FNA:18,11,infer_expr_type
FNL:19,955,1012
FNA:19,12,emit_function
FNF:20
FNH:18
DA:47,15
DA:48,15
DA:49,15
DA:50,15
DA:52,15
DA:53,15
DA:54,15
DA:55,15
DA:57,18
DA:58,18
DA:59,18
DA:60,18
DA:61,18
DA:62,18
DA:63,18
DA:65,9
DA:66,22
DA:67,13
DA:68,9
DA:69,4
DA:70,0
DA:71,9
DA:74,25
DA:75,83
DA:76,58
DA:77,25
DA:80,54
DA:81,54
DA:82,44
DA:83,0
DA:84,5
DA:85,0
DA:86,5
DA:87,0
DA:88,0
DA:90,54
DA:93,11
DA:94,11
DA:95,11
DA:96,1
DA:97,0
DA:98,0
DA:99,1
DA:100,9
DA:101,0
DA:104,0
DA:105,0
DA:106,0
DA:107,0
DA:108,0
DA:109,0
DA:110,0
DA:112,0
DA:113,0
DA:114,0
DA:115,0
DA:116,0
DA:118,0
DA:119,0
DA:120,0
DA:121,0
DA:122,0
DA:124,11
DA:127,0
DA:128,0
DA:129,0
DA:130,0
DA:131,0
DA:132,0
DA:134,0
DA:142,11
DA:143,11
DA:144,11
DA:145,11
DA:146,11
DA:147,11
DA:148,11
DA:149,11
DA:150,11
DA:153,11
DA:162,11
DA:168,11
DA:172,11
DA:175,52
DA:176,52
DA:177,0
DA:178,0
DA:179,0
DA:180,0
DA:183,52
DA:185,6
DA:186,6
DA:189,1
DA:190,1
DA:193,0
DA:194,0
DA:198,2
DA:199,2
DA:200,12
DA:201,10
DA:202,0
DA:203,0
DA:204,0
DA:205,0
DA:206,0
DA:207,10
DA:209,10
DA:210,2
DA:211,2
DA:212,2
DA:215,27
DA:216,27
DA:219,13
DA:220,13
DA:223,13
DA:224,0
DA:225,0
DA:226,0
DA:227,0
DA:228,0
DA:232,13
DA:233,0
DA:234,0
DA:235,0
DA:236,0
DA:237,0
DA:241,13
DA:242,5
DA:243,5
DA:244,5
DA:245,0
DA:246,0
DA:247,0
DA:248,0
DA:249,0
DA:250,0
DA:252,5
DA:254,13
DA:255,0
DA:256,0
DA:259,13
DA:260,13
DA:261,5
DA:262,1
DA:263,5
DA:264,0
DA:265,0
DA:266,0
DA:267,0
DA:268,2
DA:269,0
DA:270,0
DA:271,0
DA:272,0
DA:273,0
DA:275,0
DA:276,0
DA:279,13
DA:280,13
DA:281,13
DA:282,13
DA:283,13
DA:284,13
DA:285,13
DA:288,1
DA:290,1
DA:291,1
DA:292,1
DA:293,1
DA:294,1
DA:295,1
DA:296,1
DA:297,0
DA:298,0
DA:299,0
DA:300,0
DA:301,0
DA:303,1
DA:304,1
DA:305,0
DA:306,1
DA:307,1
DA:308,1
DA:310,0
DA:311,0
DA:312,0
DA:313,0
DA:314,0
DA:315,0
DA:317,0
DA:318,0
DA:319,0
DA:320,0
DA:321,0
DA:322,0
DA:324,0
DA:325,0
DA:326,0
DA:327,0
DA:328,0
DA:329,0
DA:332,0
DA:333,0
DA:334,0
DA:335,0
DA:336,0
DA:337,0
DA:338,0
DA:339,0
DA:340,0
DA:342,0
DA:343,0
DA:344,0
DA:345,0
DA:346,0
DA:347,0
DA:348,0
DA:349,1
DA:353,0
DA:354,0
DA:355,0
DA:356,0
DA:357,0
DA:358,0
DA:359,0
DA:360,0
DA:361,0
DA:362,0
DA:363,0
DA:364,0
DA:365,0
DA:366,0
DA:367,0
DA:372,0
DA:373,0
DA:374,0
DA:375,0
DA:376,0
DA:377,0
DA:378,0
DA:379,0
DA:380,0
DA:382,0
DA:383,0
DA:388,0
DA:389,0
DA:390,0
DA:391,0
DA:392,0
DA:393,0
DA:394,0
DA:395,0
DA:396,0
DA:398,0
DA:399,0
DA:400,0
DA:401,0
DA:402,0
DA:403,0
DA:408,0
DA:409,0
DA:411,0
DA:412,0
DA:416,1
DA:417,3
DA:418,2
DA:419,2
DA:420,2
DA:421,2
DA:422,1
DA:423,1
DA:427,1
DA:428,1
DA:429,1
DA:433,0
DA:434,0
DA:435,0
DA:436,0
DA:437,0
DA:438,0
DA:439,0
DA:440,0
DA:441,0
DA:442,0
DA:443,0
DA:444,0
DA:445,0
DA:446,0
DA:447,0
DA:448,0
DA:449,0
DA:450,0
DA:454,0
DA:455,0
DA:456,0
DA:457,0
DA:458,0
DA:459,0
DA:460,0
DA:465,0
DA:466,0
DA:468,0
DA:469,0
DA:474,0
DA:475,0
DA:480,0
DA:485,0
DA:489,0
DA:490,0
DA:491,0
DA:492,0
DA:493,0
DA:495,52
DA:498,22
DA:499,22
DA:501,22
DA:503,4
DA:504,4
DA:506,4
DA:507,0
DA:508,0
DA:509,4
DA:510,0
DA:511,0
DA:512,4
DA:513,0
DA:514,0
DA:515,0
DA:516,4
DA:518,4
DA:519,4
DA:520,4
DA:521,4
DA:522,4
DA:523,4
DA:524,4
DA:527,2
DA:528,2
DA:529,2
DA:530,2
DA:531,2
DA:535,13
DA:536,13
DA:537,13
DA:538,13
DA:539,13
DA:540,13
DA:541,13
DA:544,0
DA:545,0
DA:548,0
DA:549,0
DA:552,0
DA:553,0
DA:554,0
DA:555,0
DA:556,0
DA:557,0
DA:558,0
DA:559,0
DA:560,0
DA:561,0
DA:563,0
DA:564,0
DA:565,0
DA:566,0
DA:567,0
DA:568,0
DA:569,0
DA:570,0
DA:572,0
DA:574,0
DA:575,0
DA:576,0
DA:577,0
DA:578,0
DA:579,0
DA:582,0
DA:583,0
DA:584,0
DA:586,0
DA:587,0
DA:591,1
DA:592,1
DA:593,1
DA:594,1
DA:595,1
DA:596,1
DA:597,0
DA:598,0
DA:600,1
DA:601,1
DA:602,1
DA:603,1
DA:604,1
DA:605,1
DA:606,1
DA:607,1
DA:608,1
DA:609,0
DA:610,0
DA:612,1
DA:613,1
DA:614,1
DA:615,1
DA:616,1
DA:617,1
DA:618,1
DA:622,1
DA:623,1
DA:624,1
DA:625,1
DA:626,1
DA:627,1
DA:628,0
DA:629,0
DA:631,1
DA:632,1
DA:633,1
DA:634,1
DA:635,1
DA:639,0
DA:640,0
DA:641,0
DA:643,0
DA:644,0
DA:645,0
DA:646,0
DA:647,0
DA:648,0
DA:649,0
DA:650,0
DA:651,0
DA:652,0
DA:653,0
DA:654,0
DA:656,0
DA:657,0
DA:658,0
DA:659,0
DA:660,0
DA:662,0
DA:663,0
DA:664,0
DA:665,0
DA:666,0
DA:667,0
DA:670,0
DA:671,0
DA:672,0
DA:673,0
DA:674,0
DA:675,0
DA:676,0
DA:677,0
DA:679,0
DA:680,0
DA:681,0
DA:682,0
DA:683,0
DA:684,0
DA:688,0
DA:689,0
DA:690,0
DA:691,0
DA:692,0
DA:693,0
DA:694,0
DA:695,0
DA:696,0
DA:698,0
DA:699,0
DA:701,0
DA:702,0
DA:703,0
DA:704,0
DA:706,0
DA:707,0
DA:708,0
DA:709,0
DA:710,0
DA:711,0
DA:714,0
DA:715,0
DA:716,0
DA:717,0
DA:718,0
DA:719,0
DA:720,0
DA:722,0
DA:723,0
DA:724,0
DA:726,0
DA:727,0
DA:728,0
DA:729,0
DA:730,0
DA:731,0
DA:732,0
DA:733,0
DA:734,0
DA:736,0
DA:737,0
DA:738,0
DA:739,0
DA:741,0
DA:742,0
DA:743,0
DA:744,0
DA:745,0
DA:746,0
DA:747,0
DA:748,0
DA:749,0
DA:750,0
DA:751,0
DA:752,0
DA:755,0
DA:756,0
DA:757,0
DA:758,0
DA:759,0
DA:761,0
DA:762,0
DA:763,0
DA:764,0
DA:768,0
DA:769,0
DA:772,0
DA:773,0
DA:778,0
DA:781,0
DA:782,0
DA:783,0
DA:784,0
DA:785,0
DA:786,0
DA:787,0
DA:788,0
DA:791,0
DA:792,0
DA:793,0
DA:794,0
DA:795,0
DA:796,0
DA:797,0
DA:798,0
DA:799,0
DA:800,0
DA:801,0
DA:804,0
DA:805,0
DA:806,0
DA:807,0
DA:808,0
DA:809,0
DA:810,0
DA:811,0
DA:813,0
DA:814,0
DA:815,0
DA:816,0
DA:817,0
DA:818,0
DA:822,0
DA:823,0
DA:824,0
DA:825,0
DA:826,0
DA:827,0
DA:828,0
DA:829,0
DA:830,0
DA:831,0
DA:832,0
DA:833,0
DA:834,0
DA:836,0
DA:837,0
DA:838,0
DA:839,0
DA:840,0
DA:841,0
DA:842,0
DA:843,0
DA:844,0
DA:845,0
DA:846,0
DA:847,0
DA:848,0
DA:850,0
DA:851,0
DA:852,0
DA:853,0
DA:854,0
DA:855,0
DA:860,1
DA:861,1
DA:862,1
DA:865,22
DA:871,3
DA:872,3
DA:873,3
DA:874,7
DA:875,4
DA:876,4
DA:877,4
DA:878,3
DA:880,0
DA:881,0
DA:882,3
DA:885,1
DA:886,1
DA:887,1
DA:888,3
DA:889,2
DA:890,2
DA:891,2
DA:892,2
DA:893,0
DA:894,0
DA:895,0
DA:896,2
DA:897,0
DA:898,0
DA:900,0
DA:901,0
DA:902,2
DA:904,2
DA:905,1
DA:906,1
DA:908,1
DA:909,1
DA:910,1
DA:911,4
DA:912,3
DA:913,6
DA:914,3
DA:915,3
DA:916,3
DA:917,3
DA:918,3
DA:919,3
DA:920,3
DA:921,1
DA:922,1
DA:924,0
DA:925,0
DA:926,0
DA:928,0
DA:929,0
DA:930,0
DA:931,0
DA:932,0
DA:933,0
DA:934,0
DA:936,0
DA:937,0
DA:938,0
DA:939,0
DA:940,0
DA:941,0
DA:942,0
DA:943,0
DA:944,0
DA:945,0
DA:946,0
DA:947,0
DA:948,0
DA:949,0
DA:950,0
DA:951,0
DA:952,0
DA:955,12
DA:956,12
DA:958,12
DA:959,12
DA:961,12
DA:962,2
DA:964,2
DA:965,2
DA:966,10
DA:969,12
DA:970,26
DA:971,14
DA:972,14
DA:973,14
DA:974,0
DA:975,14
DA:976,0
DA:977,0
DA:978,14
DA:980,14
DA:981,12
DA:983,12
DA:984,26
DA:985,14
DA:986,14
DA:987,14
DA:989,12
DA:990,12
DA:991,12
DA:992,30
DA:993,18
DA:994,18
DA:995,0
DA:996,0
DA:998,18
DA:999,12
DA:1000,0
DA:1001,0
DA:1002,0
DA:1003,0
DA:1006,12
DA:1008,12
DA:1009,12
DA:1010,12
DA:1011,12
DA:1012,12
DA:1015,11
DA:1016,11
DA:1017,11
DA:1018,11
DA:1019,11
DA:1020,11
DA:1021,11
DA:1022,11
DA:1023,0
DA:1024,0
DA:1026,25
DA:1027,14
DA:1028,14
DA:1029,12
DA:1030,12
DA:1031,12
DA:1033,12
DA:1034,2
DA:1036,2
DA:1037,2
DA:1038,10
DA:1040,12
DA:1041,26
DA:1042,14
DA:1043,14
DA:1044,14
DA:1045,0
DA:1046,14
DA:1047,0
DA:1049,14
DA:1050,14
DA:1051,12
DA:1052,14
DA:1053,11
DA:1054,11
DA:1057,11
DA:1058,11
DA:1059,11
DA:1061,11
DA:1062,11
DA:1063,11
DA:1064,11
DA:1065,0
DA:1066,0
DA:1070,25
DA:1071,14
DA:1072,14
DA:1073,14
DA:1074,1
DA:1075,1
DA:1076,0
DA:1077,12
DA:1079,14
DA:1082,11
DA:1085,25
DA:1086,14
DA:1087,14
DA:1088,14
DA:1090,0
DA:1091,0
DA:1094,12
DA:1095,12
DA:1097,2
DA:1099,14
DA:1100,11
DA:1101,11
DA:1104,10
DA:1106,10
DA:1107,10
DA:1108,10
DA:1109,10
DA:1110,10
DA:1112,10
DA:1113,20
DA:1114,10
DA:1116,1
DA:1118,1
DA:1119,1
DA:1120,0
DA:1121,0
DA:1122,0
DA:1125,1
DA:1126,1
DA:1127,1
DA:1128,1
DA:1129,1
DA:1131,1
DA:1132,1
DA:1134,1
DA:1135,1
DA:1136,0
DA:1137,0
DA:1138,0
DA:1139,1
DA:1140,1
LF:814
LH:337
end_of_record
TN:
SF:/Users/jkh/Src/nanolang/src/channel.c
FNL:0,13,25
FNA:0,16,channel_new
FNL:1,132,143
FNA:1,1,channel_send
FNL:2,145,154
FNA:2,2,channel_recv
FNL:3,158,179
FNA:3,4,channel_select
FNL:4,183,184
FNA:4,3,channel_registry_new
FNL:5,187,192
FNA:5,4,channel_registry_free
FNL:6,194,199
FNA:6,1,channel_registry_add
FNL:7,201,204
FNA:7,2,channel_registry_get
FNL:8,27,31
FNA:8,17,channel_free
FNL:9,33,36
FNA:9,2,channel_close
FNL:10,38,39
FNA:10,3,channel_is_closed
FNL:11,44,45
FNA:11,13,buf_full
FNL:12,48,49
FNA:12,12,buf_empty
FNL:13,52,57
FNA:13,12,buf_push
FNL:14,59,65
FNA:14,10,buf_pop
FNL:15,69,93
FNA:15,16,channel_try_send
FNL:16,95,123
FNA:16,12,channel_try_recv
FNF:17
FNH:17
DA:13,16
DA:14,16
DA:15,16
DA:16,16
DA:17,16
DA:18,12
DA:19,12
DA:20,12
DA:21,12
DA:22,16
DA:23,16
DA:24,16
DA:25,16
DA:27,17
DA:28,17
DA:29,16
DA:30,16
DA:31,17
DA:33,2
DA:34,2
DA:35,2
DA:36,2
DA:38,3
DA:39,3
DA:44,13
DA:45,13
DA:48,12
DA:49,12
DA:52,12
DA:53,12
DA:54,12
DA:55,12
DA:56,12
DA:57,12
DA:59,10
DA:60,10
DA:61,10
DA:62,10
DA:63,10
DA:64,10
DA:65,10
DA:69,16
DA:70,16
DA:73,16
DA:74,3
DA:76,0
DA:77,0
DA:78,0
DA:79,0
DA:81,3
DA:85,13
DA:86,12
DA:89,12
DA:90,0
DA:92,12
DA:93,16
DA:95,12
DA:96,12
DA:99,12
DA:100,10
DA:102,10
DA:103,0
DA:104,0
DA:105,0
DA:106,10
DA:110,2
DA:111,0
DA:112,0
DA:113,0
DA:117,2
DA:118,1
DA:119,1
DA:122,1
DA:123,12
DA:132,1
DA:133,1
DA:134,1
DA:135,0
DA:136,0
DA:138,1
DA:140,0
DA:141,0
DA:142,0
DA:143,1
DA:145,2
DA:146,2
DA:147,2
DA:148,1
DA:150,0
DA:152,0
DA:153,0
DA:154,2
DA:158,4
DA:159,4
DA:161,9
DA:162,5
DA:163,5
DA:164,5
DA:165,4
DA:166,4
DA:167,3
DA:168,3
DA:169,1
DA:170,1
DA:171,1
DA:172,1
DA:173,1
DA:175,1
DA:176,5
DA:178,2
DA:179,4
DA:183,3
DA:184,3
DA:187,4
DA:188,4
DA:189,4
DA:190,1
DA:191,3
DA:192,4
DA:194,1
DA:195,1
DA:196,1
DA:197,1
DA:198,1
DA:199,1
DA:201,2
DA:202,2
DA:203,1
DA:204,2
LF:129
LH:110
end_of_record
TN:
SF:/Users/jkh/Src/nanolang/src/colors.h
FNL:0,35,44
FNA:0,350,colors_enabled
FNF:1
FNH:1
DA:35,350
DA:38,350
DA:40,9
DA:41,9
DA:42,9
DA:44,350
LF:6
LH:6
end_of_record
TN:
SF:/Users/jkh/Src/nanolang/src/coroutine.c
FNL:0,102,145
FNA:0,15,nano_scheduler_step
FNL:1,148,159
FNA:1,2,nano_scheduler_run_until_done
FNL:2,162,215
FNA:2,2,nano_coro_await_id
FNL:3,218,227
FNA:3,9,nano_coro_result
FNL:4,229,232
FNA:4,10,nano_coro_is_done
FNL:5,234,245
FNA:5,16,nano_scheduler_pending_count
FNL:6,247,252
FNA:6,1,nano_coro_complete
FNL:7,254,265
FNA:7,1,nano_coro_error
FNL:8,267,270
FNA:8,1,nano_coro_current_id
FNL:9,30,40
FNA:9,16,nano_scheduler_init
FNL:10,43,50
FNA:10,21,coro_by_id
FNL:11,53,83
FNA:11,19,nano_coro_spawn
FNL:12,96,99
FNA:12,1,nano_coro_yield
FNF:13
FNH:13
DA:30,16
DA:31,16
DA:32,16
DA:33,16
DA:34,16
DA:35,1040
DA:36,1024
DA:37,1024
DA:38,1024
DA:39,1024
DA:40,16
DA:43,21
DA:44,62
DA:45,41
DA:46,21
DA:48,20
DA:49,0
DA:50,21
DA:53,19
DA:54,19
DA:57,19
DA:58,52
DA:59,47
DA:60,14
DA:61,14
DA:62,19
DA:63,19
DA:65,14
DA:66,19
DA:67,0
DA:68,0
DA:71,19
DA:72,19
DA:73,19
DA:74,19
DA:75,19
DA:76,19
DA:77,19
DA:78,19
DA:79,19
DA:80,19
DA:82,19
DA:83,19
DA:96,1
DA:99,1
DA:102,15
DA:103,15
DA:106,15
DA:107,106
DA:108,91
DA:109,91
DA:112,27
DA:113,0
DA:114,0
DA:115,0
DA:116,0
DA:117,0
DA:118,0
DA:120,27
DA:121,14
DA:122,14
DA:124,91
DA:126,15
DA:128,14
DA:129,14
DA:130,14
DA:131,14
DA:134,14
DA:137,14
DA:138,12
DA:139,12
DA:140,12
DA:142,14
DA:143,14
DA:144,14
DA:145,15
DA:148,2
DA:149,2
DA:151,2
DA:152,2
DA:153,10
DA:154,8
DA:156,2
DA:157,0
DA:158,0
DA:159,2
DA:162,2
DA:163,2
DA:164,2
DA:166,0
DA:167,0
DA:168,0
DA:172,2
DA:173,0
DA:177,2
DA:178,2
DA:179,6
DA:180,2
DA:182,2
DA:183,2
DA:185,2
DA:186,4
DA:187,2
DA:188,2
DA:189,2
DA:191,0
DA:192,2
DA:193,2
DA:194,2
DA:195,2
DA:196,2
DA:197,2
DA:198,2
DA:199,2
DA:200,2
DA:201,2
DA:202,2
DA:203,2
DA:205,0
DA:209,2
DA:212,0
DA:213,0
DA:214,0
DA:215,2
DA:218,9
DA:219,9
DA:220,9
DA:222,0
DA:223,0
DA:224,0
DA:226,9
DA:227,9
DA:229,10
DA:230,10
DA:231,20
DA:232,10
DA:234,16
DA:235,16
DA:236,1040
DA:237,1024
DA:238,1048
DA:239,49
DA:240,24
DA:241,24
DA:242,24
DA:243,1024
DA:244,32
DA:245,16
DA:247,1
DA:248,1
DA:249,1
DA:250,1
DA:251,1
DA:252,1
DA:254,1
DA:255,1
DA:256,1
DA:257,1
DA:258,1
DA:259,1
DA:260,1
DA:261,1
DA:262,1
DA:263,0
DA:265,1
DA:267,1
DA:268,1
DA:269,0
DA:270,1
LF:169
LH:144
end_of_record
TN:
SF:/Users/jkh/Src/nanolang/src/cps_pass.c
FNL:0,214,221
FNA:0,6,cps_pass_run
FNL:1,223,224
FNA:1,6,cps_pass
FNL:2,29,212
FNA:2,81,cps_walk
FNF:3
FNH:3
DA:29,81
DA:30,81
DA:32,81
DA:35,0
DA:36,0
DA:37,0
DA:38,0
DA:39,0
DA:42,0
DA:43,0
DA:44,0
DA:45,0
DA:46,0
DA:47,0
DA:50,0
DA:51,0
DA:52,0
DA:59,0
DA:60,0
DA:61,0
DA:63,0
DA:64,0
DA:65,0
DA:66,0
DA:67,0
DA:68,0
DA:71,0
DA:72,0
DA:73,0
DA:74,0
DA:75,0
DA:76,0
DA:81,11
DA:82,11
DA:86,23
DA:87,17
DA:88,6
DA:92,28
DA:93,17
DA:94,11
DA:98,0
DA:99,0
DA:102,0
DA:103,0
DA:106,0
DA:107,0
DA:108,0
DA:109,0
DA:110,0
DA:113,0
DA:114,0
DA:115,0
DA:118,0
DA:119,0
DA:120,0
DA:123,11
DA:124,11
DA:125,11
DA:128,21
DA:129,11
DA:130,10
DA:134,12
DA:135,8
DA:136,4
DA:139,0
DA:140,0
DA:143,0
DA:144,0
DA:147,0
DA:148,0
DA:149,0
DA:150,0
DA:154,0
DA:155,0
DA:156,0
DA:160,0
DA:161,0
DA:162,0
DA:166,0
DA:167,0
DA:168,0
DA:169,0
DA:170,0
DA:171,0
DA:172,0
DA:176,0
DA:177,0
DA:178,0
DA:182,0
DA:183,0
DA:184,0
DA:207,28
DA:210,0
DA:212,81
DA:214,6
DA:215,6
DA:216,6
DA:217,6
DA:218,6
DA:219,0
DA:220,6
DA:221,6
DA:223,6
DA:224,6
LF:104
LH:31
end_of_record
TN:
SF:/Users/jkh/Src/nanolang/src/dce_pass.c
FNL:0,15,17
FNA:0,8,note
FNL:1,218,250
FNA:1,7,try_elim_if
FNL:2,262,291
FNA:2,20,elim_dead_lets
FNL:3,28,87
FNA:3,3,has_side_effect
FNL:4,295,299
FNA:4,37,dce_walk_arr
FNL:5,301,444
FNA:5,107,dce_walk
FNL:6,448,452
FNA:6,10,dce_pass
FNL:7,94,208
FNA:7,9,count_refs
FNF:8
FNH:8
DA:15,8
DA:16,8
DA:17,8
DA:28,3
DA:29,3
DA:30,3
DA:36,0
DA:39,0
DA:40,0
DA:41,0
DA:44,0
DA:45,0
DA:46,0
DA:49,0
DA:50,0
DA:51,0
DA:59,3
DA:63,0
DA:64,0
DA:65,0
DA:68,0
DA:69,0
DA:70,0
DA:73,0
DA:74,0
DA:75,0
DA:78,0
DA:81,0
DA:85,0
DA:87,3
DA:94,9
DA:95,9
DA:96,9
DA:98,4
DA:104,1
DA:107,1
DA:108,3
DA:109,2
DA:110,1
DA:111,1
DA:113,1
DA:115,0
DA:116,0
DA:118,1
DA:120,0
DA:121,0
DA:122,0
DA:124,0
DA:125,0
DA:127,0
DA:128,0
DA:130,1
DA:131,2
DA:132,1
DA:133,1
DA:134,1
DA:136,0
DA:137,0
DA:138,0
DA:139,0
DA:140,0
DA:142,0
DA:144,0
DA:145,0
DA:146,0
DA:147,0
DA:148,0
DA:150,0
DA:151,0
DA:152,0
DA:153,0
DA:154,0
DA:156,0
DA:158,0
DA:160,0
DA:161,0
DA:162,0
DA:163,0
DA:164,0
DA:165,0
DA:166,0
DA:168,0
DA:169,0
DA:170,0
DA:171,0
DA:172,0
DA:174,0
DA:175,0
DA:176,0
DA:177,0
DA:178,0
DA:180,0
DA:181,0
DA:182,0
DA:183,0
DA:184,0
DA:186,0
DA:188,0
DA:190,0
DA:192,0
DA:193,0
DA:194,0
DA:195,0
DA:196,0
DA:197,0
DA:198,0
DA:200,0
DA:201,0
DA:202,0
DA:203,0
DA:204,0
DA:206,0
DA:208,9
DA:218,7
DA:219,7
DA:221,7
DA:222,7
DA:223,2
DA:224,7
DA:225,2
DA:226,7
DA:228,7
DA:230,0
DA:231,0
DA:232,0
DA:233,0
DA:234,0
DA:235,0
DA:236,0
DA:240,7
DA:241,7
DA:244,7
DA:245,7
DA:247,7
DA:248,7
DA:250,7
DA:262,20
DA:263,20
DA:264,20
DA:266,20
DA:267,43
DA:268,23
DA:269,23
DA:270,3
DA:272,3
DA:273,7
DA:274,4
DA:276,3
DA:277,1
DA:278,1
DA:280,1
DA:282,1
DA:283,1
DA:284,1
DA:286,1
DA:288,3
DA:289,22
DA:290,23
DA:291,20
DA:295,37
DA:296,84
DA:297,47
DA:298,47
DA:299,37
DA:301,107
DA:302,107
DA:304,107
DA:311,34
DA:315,7
DA:316,7
DA:317,7
DA:319,7
DA:320,7
DA:321,7
DA:324,20
DA:325,20
DA:326,20
DA:329,10
DA:330,10
DA:333,11
DA:334,11
DA:337,3
DA:338,3
DA:341,0
DA:342,0
DA:345,15
DA:346,15
DA:349,0
DA:350,0
DA:351,0
DA:354,0
DA:355,0
DA:356,0
DA:359,4
DA:360,4
DA:361,4
DA:364,0
DA:365,0
DA:366,0
DA:369,0
DA:370,0
DA:373,0
DA:374,0
DA:377,3
DA:378,3
DA:381,0
DA:382,0
DA:383,0
DA:384,0
DA:387,0
DA:388,0
DA:389,0
DA:392,0
DA:393,0
DA:394,0
DA:397,0
DA:398,0
DA:399,0
DA:402,0
DA:403,0
DA:404,0
DA:407,0
DA:408,0
DA:409,0
DA:410,0
DA:413,0
DA:414,0
DA:417,0
DA:418,0
DA:421,0
DA:422,0
DA:425,0
DA:426,0
DA:429,0
DA:430,0
DA:433,0
DA:434,0
DA:439,0
DA:442,0
DA:444,107
DA:448,10
DA:449,10
DA:450,10
DA:451,10
DA:452,10
LF:245
LH:102
end_of_record
TN:
SF:/Users/jkh/Src/nanolang/src/docgen.c
FNL:0,126,134
FNA:0,6,docmap_push
FNL:1,136,141
FNA:1,3,docmap_free
FNL:2,149,200
FNA:2,3,build_doc_map
FNL:3,204,210
FNA:3,6,docmap_find
FNL:4,214,225
FNA:4,60,html_escape
FNL:5,22,32
FNA:5,11,buf_appendf
FNL:6,237,243
FNA:6,0,is_nano_kw
FNL:7,245,252
FNA:7,106,emit_char_escaped
FNL:8,254,321
FNA:8,0,emit_code_line
FNL:9,334,392
FNA:9,6,emit_doc_body
FNL:10,38,75
FNA:10,11,append_type_str
FNL:11,396,448
FNA:11,3,emit_css
FNL:12,459,717
FNA:12,3,emit_doc_html
FNL:13,77,111
FNA:13,0,append_typeinfo_str
FNF:14
FNH:11
DA:22,11
DA:23,11
DA:24,11
DA:25,11
DA:26,11
DA:27,11
DA:28,11
DA:29,11
DA:30,11
DA:31,11
DA:32,11
DA:38,11
DA:41,11
DA:42,11
DA:43,0
DA:44,0
DA:45,0
DA:46,0
DA:47,0
DA:49,0
DA:50,0
DA:51,0
DA:53,0
DA:54,0
DA:55,0
DA:57,0
DA:58,0
DA:59,0
DA:64,0
DA:65,0
DA:66,0
DA:67,0
DA:69,0
DA:70,0
DA:72,0
DA:73,0
DA:75,11
DA:77,0
DA:79,0
DA:81,0
DA:82,0
DA:83,0
DA:84,0
DA:85,0
DA:86,0
DA:87,0
DA:88,0
DA:90,0
DA:91,0
DA:92,0
DA:93,0
DA:94,0
DA:96,0
DA:97,0
DA:98,0
DA:99,0
DA:100,0
DA:101,0
DA:102,0
DA:103,0
DA:104,0
DA:105,0
DA:106,0
DA:107,0
DA:109,0
DA:111,0
DA:126,6
DA:127,6
DA:128,2
DA:129,2
DA:130,2
DA:131,6
DA:132,6
DA:133,6
DA:134,6
DA:136,3
DA:137,9
DA:138,3
DA:139,3
DA:140,3
DA:141,3
DA:149,3
DA:150,3
DA:151,3
DA:153,3
DA:154,3
DA:155,3
DA:156,3
DA:157,3
DA:159,44
DA:160,41
DA:161,656
DA:164,41
DA:165,104
DA:167,70
DA:168,41
DA:170,41
DA:171,9
DA:172,9
DA:173,9
DA:174,9
DA:175,9
DA:176,9
DA:177,9
DA:178,9
DA:179,9
DA:180,9
DA:181,41
DA:183,6
DA:184,12
DA:185,6
DA:186,0
DA:187,6
DA:188,6
DA:189,6
DA:191,6
DA:192,6
DA:193,6
DA:194,6
DA:196,41
DA:197,41
DA:198,41
DA:200,3
DA:204,6
DA:205,22
DA:206,16
DA:207,16
DA:208,16
DA:209,0
DA:210,6
DA:214,60
DA:215,60
DA:216,412
DA:217,352
DA:218,0
DA:219,0
DA:220,0
DA:221,0
DA:222,352
DA:224,352
DA:225,60
DA:237,0
DA:238,0
DA:239,0
DA:240,0
DA:241,0
DA:242,0
DA:243,0
DA:245,106
DA:246,106
DA:247,0
DA:248,0
DA:249,0
DA:250,106
DA:252,106
DA:254,0
DA:255,0
DA:256,0
DA:257,0
DA:260,0
DA:261,0
DA:262,0
DA:263,0
DA:264,0
DA:268,0
DA:269,0
DA:270,0
DA:271,0
DA:272,0
DA:273,0
DA:274,0
DA:275,0
DA:276,0
DA:277,0
DA:278,0
DA:279,0
DA:281,0
DA:282,0
DA:283,0
DA:284,0
DA:285,0
DA:286,0
DA:290,0
DA:291,0
DA:292,0
DA:293,0
DA:294,0
DA:295,0
DA:296,0
DA:298,0
DA:299,0
DA:303,0
DA:304,0
DA:305,0
DA:306,0
DA:307,0
DA:308,0
DA:309,0
DA:310,0
DA:311,0
DA:312,0
DA:313,0
DA:316,0
DA:318,0
DA:319,0
DA:320,0
DA:321,0
DA:334,6
DA:335,6
DA:337,6
DA:339,6
DA:340,6
DA:341,6
DA:343,15
DA:344,9
DA:345,176
DA:346,9
DA:349,9
DA:350,18
DA:351,9
DA:353,9
DA:354,9
DA:355,0
DA:356,0
DA:357,0
DA:358,9
DA:359,0
DA:360,0
DA:361,0
DA:362,9
DA:363,0
DA:364,0
DA:365,9
DA:366,0
DA:367,0
DA:368,9
DA:369,9
DA:370,2
DA:371,2
DA:372,9
DA:373,1
DA:374,1
DA:375,7
DA:376,0
DA:377,0
DA:378,0
DA:379,112
DA:380,106
DA:382,9
DA:383,9
DA:386,9
DA:387,9
DA:389,6
DA:390,6
DA:391,6
DA:392,6
DA:396,3
DA:397,3
DA:447,3
DA:448,3
DA:459,3
DA:461,3
DA:463,3
DA:465,3
DA:466,3
DA:467,0
DA:468,0
DA:469,0
DA:470,0
DA:474,3
DA:475,3
DA:476,11
DA:477,8
DA:478,8
DA:480,5
DA:481,3
DA:482,3
DA:483,3
DA:484,3
DA:485,5
DA:487,1
DA:488,1
DA:489,1
DA:490,1
DA:491,1
DA:493,1
DA:494,1
DA:495,1
DA:496,1
DA:497,1
DA:499,1
DA:500,1
DA:501,1
DA:502,1
DA:503,1
DA:505,0
DA:507,8
DA:510,3
DA:511,3
DA:512,3
DA:514,3
DA:515,3
DA:516,3
DA:517,3
DA:518,3
DA:519,3
DA:522,3
DA:529,15
DA:530,12
DA:531,36
DA:532,24
DA:533,6
DA:534,10
DA:535,5
DA:536,5
DA:537,5
DA:538,6
DA:539,6
DA:540,6
DA:541,6
DA:542,6
DA:543,6
DA:544,12
DA:545,3
DA:548,3
DA:549,3
DA:550,3
DA:551,3
DA:552,3
DA:553,3
DA:554,3
DA:557,11
DA:558,8
DA:561,11
DA:562,5
DA:563,3
DA:564,3
DA:565,3
DA:566,3
DA:568,3
DA:569,3
DA:570,3
DA:573,3
DA:576,3
DA:577,3
DA:578,8
DA:579,5
DA:580,5
DA:581,5
DA:582,5
DA:583,5
DA:584,10
DA:585,5
DA:586,5
DA:587,5
DA:588,5
DA:589,5
DA:590,3
DA:591,3
DA:592,6
DA:593,3
DA:594,3
DA:595,3
DA:596,3
DA:597,3
DA:598,3
DA:600,3
DA:601,3
DA:604,9
DA:605,1
DA:606,1
DA:607,1
DA:608,1
DA:610,1
DA:611,1
DA:612,1
DA:613,1
DA:616,1
DA:617,1
DA:619,1
DA:620,1
DA:621,3
DA:622,2
DA:623,2
DA:624,2
DA:625,2
DA:626,2
DA:627,4
DA:628,2
DA:629,2
DA:630,2
DA:632,2
DA:633,2
DA:634,2
DA:635,1
DA:636,1
DA:637,1
DA:638,1
DA:641,6
DA:642,1
DA:643,1
DA:644,1
DA:645,1
DA:647,1
DA:648,1
DA:649,1
DA:650,1
DA:653,1
DA:654,1
DA:656,1
DA:657,4
DA:658,3
DA:659,3
DA:660,3
DA:661,3
DA:662,1
DA:663,1
DA:664,1
DA:667,5
DA:668,1
DA:669,1
DA:670,1
DA:671,1
DA:673,1
DA:674,1
DA:675,1
DA:676,1
DA:679,1
DA:680,1
DA:682,1
DA:683,3
DA:684,2
DA:685,2
DA:686,2
DA:687,2
DA:688,1
DA:689,2
DA:690,2
DA:691,1
DA:692,2
DA:693,1
DA:694,1
DA:695,1
DA:696,2
DA:697,1
DA:698,1
DA:700,1
DA:701,1
DA:702,1
DA:703,1
DA:704,1
DA:705,2
DA:706,2
DA:707,1
DA:708,1
DA:709,1
DA:710,1
DA:711,8
DA:713,3
DA:714,3
DA:715,3
DA:716,3
DA:717,3
LF:463
LH:326
end_of_record
TN:
SF:/Users/jkh/Src/nanolang/src/docgen_md.c
FNL:0,145,153
FNA:0,6,mddocmap_push
FNL:1,155,160
FNA:1,3,mddocmap_free
FNL:2,168,216
FNA:2,3,md_build_doc_map
FNL:3,218,224
FNA:3,6,mddocmap_find
FNL:4,244,405
FNA:4,6,emit_md_doc_body
FNL:5,39,50
FNA:5,32,md_buf_appendf
FNL:6,409,569
FNA:6,3,emit_doc_md
FNL:7,57,94
FNA:7,11,md_append_type_str
FNL:8,96,130
FNA:8,0,md_append_typeinfo_str
FNF:9
FNH:8
DA:39,32
DA:41,32
DA:42,32
DA:43,32
DA:44,32
DA:45,32
DA:46,32
DA:47,32
DA:48,32
DA:49,32
DA:50,32
DA:57,11
DA:60,11
DA:61,11
DA:62,0
DA:63,0
DA:64,0
DA:65,0
DA:66,0
DA:68,0
DA:69,0
DA:70,0
DA:72,0
DA:73,0
DA:74,0
DA:76,0
DA:77,0
DA:78,0
DA:83,0
DA:84,0
DA:85,0
DA:86,0
DA:88,0
DA:89,0
DA:91,0
DA:92,0
DA:94,11
DA:96,0
DA:98,0
DA:100,0
DA:101,0
DA:102,0
DA:103,0
DA:104,0
DA:105,0
DA:106,0
DA:107,0
DA:109,0
DA:110,0
DA:111,0
DA:112,0
DA:113,0
DA:115,0
DA:116,0
DA:117,0
DA:118,0
DA:119,0
DA:120,0
DA:121,0
DA:122,0
DA:123,0
DA:124,0
DA:125,0
DA:126,0
DA:128,0
DA:130,0
DA:145,6
DA:146,6
DA:147,2
DA:148,2
DA:149,2
DA:150,6
DA:151,6
DA:152,6
DA:153,6
DA:155,3
DA:156,9
DA:157,3
DA:158,3
DA:159,3
DA:160,3
DA:168,3
DA:169,3
DA:170,3
DA:172,3
DA:173,3
DA:174,3
DA:175,3
DA:176,3
DA:178,44
DA:179,41
DA:180,656
DA:182,41
DA:183,104
DA:185,70
DA:186,41
DA:188,41
DA:189,9
DA:190,9
DA:191,9
DA:192,9
DA:193,9
DA:194,9
DA:195,9
DA:196,9
DA:197,9
DA:198,9
DA:199,41
DA:200,6
DA:201,12
DA:202,6
DA:203,0
DA:204,6
DA:205,6
DA:206,6
DA:207,6
DA:208,6
DA:209,6
DA:210,6
DA:212,41
DA:213,41
DA:214,41
DA:216,3
DA:218,6
DA:219,22
DA:220,16
DA:221,16
DA:222,16
DA:223,0
DA:224,6
DA:244,6
DA:245,6
DA:251,6
DA:252,6
DA:253,6
DA:254,6
DA:256,6
DA:258,15
DA:259,9
DA:260,176
DA:261,9
DA:263,9
DA:264,18
DA:265,9
DA:267,9
DA:269,0
DA:270,0
DA:271,0
DA:272,0
DA:273,0
DA:274,0
DA:275,0
DA:276,0
DA:277,0
DA:278,0
DA:279,0
DA:280,0
DA:281,0
DA:283,9
DA:284,0
DA:285,0
DA:286,0
DA:288,9
DA:289,0
DA:290,0
DA:292,9
DA:294,2
DA:295,2
DA:296,4
DA:298,2
DA:299,6
DA:300,2
DA:301,2
DA:302,2
DA:303,2
DA:304,0
DA:305,2
DA:306,2
DA:308,2
DA:309,4
DA:310,2
DA:311,2
DA:312,0
DA:313,2
DA:314,2
DA:315,2
DA:316,2
DA:318,9
DA:320,1
DA:321,1
DA:322,1
DA:323,1
DA:324,3
DA:325,4
DA:326,2
DA:327,2
DA:328,1
DA:329,1
DA:330,1
DA:331,1
DA:332,2
DA:333,1
DA:334,1
DA:335,1
DA:336,1
DA:338,7
DA:339,0
DA:340,0
DA:341,0
DA:342,0
DA:343,0
DA:344,0
DA:345,0
DA:346,0
DA:347,0
DA:348,0
DA:349,0
DA:350,0
DA:351,0
DA:352,0
DA:353,0
DA:354,0
DA:355,0
DA:357,6
DA:359,0
DA:360,0
DA:361,0
DA:362,0
DA:363,0
DA:364,0
DA:365,0
DA:366,0
DA:367,0
DA:368,0
DA:369,0
DA:370,0
DA:372,0
DA:374,6
DA:375,0
DA:376,0
DA:377,0
DA:378,0
DA:379,0
DA:380,0
DA:381,0
DA:382,0
DA:383,0
DA:384,0
DA:385,6
DA:386,6
DA:389,9
DA:390,9
DA:393,6
DA:394,0
DA:395,0
DA:396,0
DA:397,0
DA:398,0
DA:399,0
DA:400,0
DA:401,0
DA:402,0
DA:404,6
DA:405,6
DA:409,3
DA:411,3
DA:413,3
DA:415,3
DA:416,3
DA:417,0
DA:418,0
DA:419,0
DA:420,0
DA:423,3
DA:426,3
DA:428,3
DA:430,11
DA:431,8
DA:434,11
DA:435,5
DA:436,3
DA:437,3
DA:439,3
DA:440,3
DA:442,3
DA:443,3
DA:446,3
DA:447,3
DA:448,3
DA:449,3
DA:450,8
DA:451,5
DA:452,5
DA:453,10
DA:454,5
DA:455,5
DA:456,10
DA:457,5
DA:458,5
DA:459,5
DA:460,5
DA:461,3
DA:462,3
DA:463,6
DA:464,3
DA:465,3
DA:466,3
DA:467,3
DA:468,3
DA:470,3
DA:471,3
DA:472,3
DA:475,9
DA:476,1
DA:477,1
DA:479,1
DA:480,1
DA:482,1
DA:483,1
DA:485,1
DA:486,1
DA:488,1
DA:489,1
DA:490,1
DA:491,1
DA:492,3
DA:493,2
DA:494,4
DA:495,2
DA:496,2
DA:497,2
DA:499,4
DA:500,2
DA:501,2
DA:502,1
DA:503,1
DA:506,6
DA:507,1
DA:508,1
DA:510,1
DA:511,1
DA:513,1
DA:514,1
DA:516,1
DA:517,1
DA:519,1
DA:520,4
DA:521,3
DA:522,3
DA:523,1
DA:526,5
DA:527,1
DA:528,1
DA:530,1
DA:531,1
DA:533,1
DA:534,1
DA:536,1
DA:537,1
DA:539,1
DA:540,3
DA:541,2
DA:542,2
DA:543,2
DA:544,1
DA:545,2
DA:546,2
DA:547,1
DA:548,1
DA:549,1
DA:550,1
DA:551,1
DA:552,1
DA:553,1
DA:554,1
DA:556,1
DA:557,1
DA:558,1
DA:559,1
DA:560,2
DA:561,2
DA:562,1
DA:563,1
DA:564,8
DA:566,3
DA:567,3
DA:568,3
DA:569,3
LF:388
LH:262
end_of_record
TN:
SF:/Users/jkh/Src/nanolang/src/dwarf_info.c
FNL:0,113,158
FNA:0,2,emit_debug_abbrev
FNL:1,161,172
FNA:1,13,emit_dwarf_string
FNL:2,174,218
FNA:2,2,emit_debug_info
FNL:3,220,231
FNA:3,2,emit_debug_line_stub
FNL:4,233,241
FNA:4,2,emit_debug_str
FNL:5,243,249
FNA:5,2,dwarf_emit_asm_sections
FNL:6,251,253
FNA:6,6,dwarf_free
FNL:7,63,72
FNA:7,6,dwarf_begin
FNL:8,74,83
FNA:8,6,dwarf_function
FNL:9,85,93
FNA:9,5,dwarf_variable
FNL:10,95,103
FNA:10,9,dwarf_line
FNF:11
FNH:11
DA:63,6
DA:64,6
DA:65,6
DA:66,6
DA:67,6
DA:69,6
DA:70,6
DA:71,6
DA:72,6
DA:74,6
DA:76,6
DA:77,6
DA:78,6
DA:79,6
DA:80,6
DA:81,6
DA:82,6
DA:83,6
DA:85,5
DA:87,5
DA:88,5
DA:89,5
DA:90,5
DA:91,5
DA:92,5
DA:93,5
DA:95,9
DA:97,9
DA:98,9
DA:99,9
DA:100,9
DA:101,9
DA:102,9
DA:103,9
DA:113,2
DA:115,2
DA:158,2
DA:161,13
DA:162,13
DA:163,90
DA:164,77
DA:165,0
DA:166,77
DA:167,0
DA:169,77
DA:170,77
DA:171,13
DA:172,13
DA:174,2
DA:175,2
DA:177,2
DA:188,2
DA:190,2
DA:192,2
DA:194,2
DA:196,2
DA:199,5
DA:200,3
DA:201,6
DA:204,3
DA:208,3
DA:210,3
DA:212,3
DA:213,3
DA:216,2
DA:217,2
DA:218,2
DA:220,2
DA:228,2
DA:231,2
DA:233,2
DA:234,2
DA:235,2
DA:236,2
DA:237,2
DA:238,2
DA:239,2
DA:240,2
DA:241,2
DA:243,2
DA:244,2
DA:245,2
DA:246,2
DA:247,2
DA:248,2
DA:249,2
DA:251,6
DA:252,6
DA:253,6
LF:89
LH:87
end_of_record
TN:
SF:/Users/jkh/Src/nanolang/src/effects.c
FNL:0,105,110
FNA:0,11,effect_ctx_new
FNL:1,112,116
FNA:1,12,effect_ctx_free
FNL:2,120,147
FNA:2,8,effect_register
FNL:3,149,171
FNA:3,2,effect_register_from_ast
FNL:4,175,182
FNA:4,10,effect_lookup
FNL:5,184,191
FNA:5,5,effect_op_lookup
FNL:6,195,200
FNA:6,13,effect_row_new
FNL:7,202,207
FNA:7,14,effect_row_free
FNL:8,209,222
FNA:8,17,effect_row_add
FNL:9,224,231
FNA:9,11,effect_row_contains
FNL:10,233,239
FNA:10,1,effect_row_merge
FNL:11,241,249
FNA:11,3,effect_row_subset
FNL:12,251,265
FNA:12,5,effect_row_to_str
FNL:13,26,29
FNA:13,1,nl_effect_frame_push
FNL:14,267,279
FNA:14,3,effect_arrow_type_str
FNL:15,283,307
FNA:15,1,effect_register_builtins
FNL:16,31,34
FNA:16,1,nl_effect_frame_pop
FNL:17,311,319
FNA:17,0,emit_effect_error
FNL:18,323,344
FNA:18,1,effect_check_decl
FNL:19,348,398
FNA:19,1,effect_check_handler
FNL:20,36,51
FNA:20,4,nl_effect_find_handler
FNL:21,402,444
FNA:21,1,effect_check_perform
FNL:22,448,526
FNA:22,72,walk_node
FNL:23,528,549
FNA:23,9,effect_check_program
FNL:24,55,62
FNA:24,2,env_effect_register
FNL:25,64,68
FNA:25,1,env_effect_lookup
FNL:26,72,78
FNA:26,69,estrdup
FNL:27,82,86
FNA:27,18,effect_registry_new
FNL:28,88,101
FNA:28,19,effect_registry_free
FNF:29
FNH:28
DA:26,1
DA:27,1
DA:28,1
DA:29,1
DA:31,1
DA:32,1
DA:33,1
DA:34,1
DA:36,4
DA:39,6
DA:40,2
DA:41,0
DA:42,4
DA:43,2
DA:44,2
DA:45,1
DA:46,1
DA:48,1
DA:49,1
DA:50,3
DA:51,4
DA:55,2
DA:56,2
DA:57,0
DA:58,0
DA:59,0
DA:60,0
DA:61,0
DA:62,2
DA:64,1
DA:65,1
DA:66,1
DA:67,0
DA:68,1
DA:72,69
DA:73,69
DA:74,41
DA:75,41
DA:76,41
DA:77,41
DA:78,69
DA:82,18
DA:83,18
DA:84,18
DA:85,36
DA:86,18
DA:88,19
DA:89,19
DA:90,26
DA:91,8
DA:92,8
DA:93,22
DA:94,14
DA:95,14
DA:96,14
DA:97,14
DA:98,8
DA:99,8
DA:100,18
DA:101,19
DA:105,11
DA:106,11
DA:107,11
DA:108,11
DA:109,22
DA:110,11
DA:112,12
DA:113,12
DA:115,11
DA:116,12
DA:120,8
DA:122,8
DA:123,8
DA:124,0
DA:125,0
DA:128,14
DA:129,6
DA:130,0
DA:131,0
DA:133,6
DA:134,8
DA:135,8
DA:136,8
DA:137,8
DA:138,8
DA:139,22
DA:140,14
DA:141,14
DA:142,14
DA:143,14
DA:144,14
DA:145,14
DA:146,8
DA:147,8
DA:149,2
DA:150,2
DA:152,0
DA:153,0
DA:155,0
DA:156,0
DA:157,0
DA:158,0
DA:159,0
DA:160,0
DA:161,0
DA:162,0
DA:164,0
DA:165,0
DA:167,0
DA:168,0
DA:169,0
DA:170,0
DA:171,2
DA:175,10
DA:176,10
DA:177,26
DA:178,16
DA:179,9
DA:180,7
DA:181,1
DA:182,10
DA:184,5
DA:185,5
DA:186,13
DA:187,8
DA:188,4
DA:189,4
DA:190,1
DA:191,5
DA:195,13
DA:196,13
DA:197,13
DA:198,13
DA:199,26
DA:200,13
DA:202,14
DA:203,14
DA:204,29
DA:205,16
DA:206,13
DA:207,14
DA:209,17
DA:210,17
DA:212,27
DA:213,10
DA:214,1
DA:215,9
DA:216,16
DA:217,0
DA:218,0
DA:220,16
DA:221,16
DA:222,17
DA:224,11
DA:225,11
DA:226,25
DA:227,14
DA:228,8
DA:229,6
DA:230,3
DA:231,11
DA:233,1
DA:234,1
DA:235,3
DA:236,2
DA:237,2
DA:238,1
DA:239,1
DA:241,3
DA:242,3
DA:243,3
DA:244,6
DA:245,3
DA:246,1
DA:247,2
DA:248,2
DA:249,3
DA:251,5
DA:252,5
DA:254,2
DA:255,5
DA:256,3
DA:257,2
DA:258,2
DA:259,2
DA:260,5
DA:261,3
DA:262,3
DA:263,3
DA:264,2
DA:265,5
DA:267,3
DA:269,3
DA:270,3
DA:271,3
DA:272,3
DA:273,3
DA:274,1
DA:276,2
DA:277,3
DA:278,3
DA:279,3
DA:283,1
DA:286,1
DA:290,1
DA:291,1
DA:294,1
DA:297,1
DA:298,1
DA:301,1
DA:305,1
DA:306,1
DA:307,1
DA:311,0
DA:313,0
DA:316,0
DA:317,0
DA:318,0
DA:319,0
DA:323,1
DA:324,1
DA:326,0
DA:327,0
DA:328,0
DA:330,0
DA:331,0
DA:335,0
DA:337,0
DA:338,0
DA:339,0
DA:340,0
DA:343,0
DA:344,1
DA:348,1
DA:349,1
DA:350,1
DA:352,0
DA:353,0
DA:354,0
DA:356,0
DA:357,0
DA:360,0
DA:361,0
DA:362,0
DA:363,0
DA:365,0
DA:366,0
DA:367,0
DA:368,0
DA:371,0
DA:372,0
DA:373,0
DA:374,0
DA:375,0
DA:376,0
DA:378,0
DA:379,0
DA:380,0
DA:381,0
DA:382,0
DA:385,0
DA:386,0
DA:387,0
DA:388,0
DA:389,0
DA:390,0
DA:391,0
DA:392,0
DA:393,0
DA:396,0
DA:397,0
DA:398,1
DA:402,1
DA:403,1
DA:405,0
DA:406,0
DA:408,0
DA:409,0
DA:410,0
DA:411,0
DA:412,0
DA:413,0
DA:414,0
DA:415,0
DA:417,0
DA:418,0
DA:419,0
DA:420,0
DA:422,0
DA:423,0
DA:424,0
DA:425,0
DA:428,0
DA:429,0
DA:430,0
DA:431,0
DA:432,0
DA:434,0
DA:435,0
DA:438,0
DA:441,0
DA:442,0
DA:443,0
DA:444,1
DA:448,72
DA:449,72
DA:450,72
DA:452,0
DA:453,0
DA:455,0
DA:457,0
DA:458,0
DA:459,0
DA:460,0
DA:462,0
DA:463,0
DA:464,0
DA:465,0
DA:467,15
DA:468,8
DA:469,7
DA:471,26
DA:472,15
DA:473,11
DA:475,8
DA:476,8
DA:477,8
DA:479,1
DA:480,1
DA:481,1
DA:482,1
DA:484,1
DA:485,1
DA:486,1
DA:488,0
DA:489,0
DA:490,0
DA:492,4
DA:493,4
DA:495,9
DA:496,9
DA:498,3
DA:499,2
DA:500,1
DA:502,21
DA:503,14
DA:504,7
DA:506,0
DA:507,0
DA:508,0
DA:510,0
DA:511,0
DA:512,0
DA:514,0
DA:515,0
DA:516,0
DA:517,0
DA:519,0
DA:520,0
DA:521,0
DA:522,0
DA:524,23
DA:526,72
DA:528,9
DA:530,9
DA:532,7
DA:535,7
DA:536,15
DA:537,8
DA:538,8
DA:539,0
DA:540,8
DA:541,7
DA:544,7
DA:546,7
DA:547,7
DA:548,7
DA:549,9
LF:378
LH:239
end_of_record
TN:
SF:/Users/jkh/Src/nanolang/src/emit_typed_ast.c
FNL:0,176,245
FNA:0,2,emit_typed_ast_json
FNL:1,21,35
FNA:1,72,jstr
FNL:2,37,39
FNA:2,43,jkey
FNL:3,42,60
FNA:3,11,type_str
FNL:4,70,70
FNA:4,15,ind
FNL:5,75,171
FNA:5,3,emit_stmt
FNF:6
FNH:6
DA:21,72
DA:22,72
DA:23,72
DA:24,407
DA:25,335
DA:26,335
DA:27,335
DA:28,335
DA:29,335
DA:30,335
DA:31,335
DA:32,335
DA:33,335
DA:34,72
DA:35,72
DA:37,43
DA:38,43
DA:39,43
DA:42,11
DA:43,11
DA:44,11
DA:45,0
DA:46,0
DA:47,0
DA:48,0
DA:49,0
DA:50,0
DA:51,0
DA:52,0
DA:53,0
DA:54,0
DA:55,0
DA:56,0
DA:57,0
DA:58,0
DA:60,11
DA:70,273
DA:75,3
DA:76,3
DA:78,3
DA:79,3
DA:81,3
DA:82,3
DA:84,3
DA:86,0
DA:87,0
DA:88,0
DA:89,0
DA:90,0
DA:91,0
DA:92,0
DA:93,0
DA:94,0
DA:95,0
DA:97,0
DA:99,0
DA:100,0
DA:101,0
DA:102,0
DA:103,0
DA:104,0
DA:106,0
DA:108,3
DA:109,3
DA:110,3
DA:111,3
DA:112,3
DA:113,3
DA:114,3
DA:115,3
DA:116,3
DA:117,3
DA:120,0
DA:121,0
DA:122,0
DA:123,0
DA:124,0
DA:127,0
DA:128,0
DA:129,0
DA:132,0
DA:133,0
DA:134,0
DA:135,0
DA:136,0
DA:137,0
DA:139,0
DA:141,0
DA:142,0
DA:143,0
DA:146,0
DA:147,0
DA:148,0
DA:149,0
DA:150,0
DA:151,0
DA:152,0
DA:153,0
DA:154,0
DA:156,0
DA:158,0
DA:159,0
DA:160,0
DA:161,0
DA:164,0
DA:165,0
DA:166,0
DA:170,3
DA:171,3
DA:176,2
DA:177,2
DA:178,2
DA:179,2
DA:180,2
DA:182,2
DA:184,2
DA:185,2
DA:186,2
DA:187,0
DA:188,0
DA:189,2
DA:190,2
DA:191,2
DA:192,2
DA:193,0
DA:194,0
DA:197,5
DA:198,3
DA:199,3
DA:201,3
DA:202,3
DA:203,3
DA:205,3
DA:206,3
DA:207,3
DA:208,3
DA:209,3
DA:212,3
DA:213,8
DA:214,5
DA:215,5
DA:216,5
DA:217,5
DA:218,5
DA:219,5
DA:220,5
DA:221,3
DA:222,3
DA:225,3
DA:226,6
DA:227,3
DA:230,3
DA:231,3
DA:232,3
DA:233,3
DA:234,6
DA:235,3
DA:236,3
DA:237,3
DA:238,3
DA:239,3
DA:240,3
DA:241,3
DA:242,3
DA:244,2
DA:245,2
LF:166
LH:95
end_of_record
TN:
SF:/Users/jkh/Src/nanolang/src/env.c
FNL:0,1005,1033
FNA:0,16238,env_get_opaque_type
FNL:1,1036,1153
FNA:1,1827,env_register_list_instantiation
FNL:2,1158,1193
FNA:2,50,env_register_hashmap_instantiation
FNL:3,116,258
FNA:3,337,free_environment
FNL:4,1198,1251
FNA:4,0,env_register_union_instantiation
FNL:5,1259,1280
FNA:5,2,create_function_signature
FNL:6,1283,1309
FNA:6,12,free_function_signature
FNL:7,1311,1344
FNA:7,3327,free_type_info
FNL:8,1347,1393
FNA:8,6,function_signatures_equal
FNL:9,1396,1404
FNA:9,2,create_function
FNL:10,1408,1431
FNA:10,1,create_tuple
FNL:11,1435,1449
FNA:11,0,free_tuple
FNL:12,1452,1487
FNA:12,12,env_register_namespace
FNL:13,1492,1518
FNA:13,193,env_register_module
FNL:14,1521,1528
FNA:14,2398,env_get_module
FNL:15,1531,1532
FNA:15,0,env_is_current_module_unsafe
FNL:16,1536,1541
FNA:16,0,env_mark_module_has_ffi
FNL:17,1543,1560
FNA:17,1192,env_add_module_exported_function
FNL:18,1562,1579
FNA:18,0,env_add_module_exported_struct
FNL:19,1583,1593
FNA:19,0,env_define_effect
FNL:20,1595,1603
FNA:20,0,env_get_effect
FNL:21,1605,1613
FNA:21,0,effect_get_op
FNL:22,1616,1643
FNA:22,0,env_register_generic_func_instance
FNL:23,261,263
FNA:23,6506,env_define_var
FNL:24,265,267
FNA:24,6757,env_define_var_with_element_type
FNL:25,269,327
FNA:25,23433,env_define_var_with_type_info
FNL:26,330,341
FNA:26,112766,env_get_var
FNL:27,343,389
FNA:27,153401,env_get_var_visible_at
FNL:28,392,412
FNA:28,54,env_set_var
FNL:29,415,421
FNA:29,3308,is_builtin_function
FNL:30,424,432
FNA:30,2370,module_string_list_contains
FNL:31,435,459
FNA:31,33442,env_define_function
FNL:32,462,553
FNA:32,150578,env_get_function
FNL:33,556,563
FNA:33,2713,create_int
FNL:34,566,573
FNA:34,39,create_float
FNL:35,576,583
FNA:35,307,create_bool
FNL:36,586,606
FNA:36,2188,create_string
FNL:37,608,614
FNA:37,17522,create_void
FNL:38,617,640
FNA:38,270,create_array
FNL:39,642,669
FNA:39,1563,create_struct
FNL:40,672,702
FNA:40,5,create_union
FNL:41,7,68
FNA:41,337,create_environment
FNL:42,70,113
FNA:42,17105,env_free_value
FNL:43,706,726
FNA:43,1185,env_define_struct
FNL:44,729,784
FNA:44,47537,env_get_struct
FNL:45,787,811
FNA:45,148,env_define_enum
FNL:46,814,877
FNA:46,56410,env_get_enum
FNL:47,880,893
FNA:47,0,env_get_enum_variant
FNL:48,896,908
FNA:48,10,env_define_union
FNL:49,911,964
FNA:49,6668,env_get_union
FNL:50,967,977
FNA:50,49,env_get_union_variant_index
FNL:51,980,1002
FNA:51,3,env_define_opaque_type
FNF:52
FNH:42
DA:7,337
DA:8,337
DA:9,337
DA:10,337
DA:11,337
DA:12,337
DA:13,337
DA:14,337
DA:15,337
DA:16,337
DA:17,337
DA:18,337
DA:19,337
DA:20,337
DA:21,337
DA:22,337
DA:23,337
DA:24,337
DA:25,337
DA:26,337
DA:27,337
DA:28,337
DA:29,337
DA:30,337
DA:31,337
DA:32,337
DA:33,337
DA:34,337
DA:35,337
DA:36,337
DA:37,337
DA:38,337
DA:39,337
DA:42,337
DA:43,337
DA:44,337
DA:45,337
DA:46,337
DA:47,337
DA:50,337
DA:51,337
DA:52,337
DA:53,337
DA:54,337
DA:55,337
DA:56,337
DA:57,337
DA:60,337
DA:61,337
DA:62,337
DA:63,337
DA:65,337
DA:67,674
DA:68,337
DA:70,17105
DA:71,17105
DA:73,2087
DA:74,2087
DA:75,2087
DA:76,0
DA:78,2087
DA:84,15018
DA:85,1558
DA:86,1558
DA:87,1558
DA:88,1560
DA:89,2
DA:90,2
DA:92,0
DA:93,0
DA:94,0
DA:95,0
DA:97,0
DA:98,2
DA:99,1558
DA:100,1558
DA:101,1558
DA:102,1558
DA:103,1558
DA:104,13460
DA:105,2
DA:106,2
DA:107,2
DA:108,2
DA:109,2
DA:110,2
DA:111,2
DA:113,17105
DA:116,337
DA:117,17388
DA:118,17051
DA:119,17051
DA:120,6324
DA:121,6324
DA:122,17051
DA:123,17051
DA:124,337
DA:126,33779
DA:129,33442
DA:130,337
DA:132,1522
DA:133,1185
DA:134,9151
DA:135,7966
DA:136,7966
DA:137,1185
DA:138,1185
DA:139,1185
DA:140,337
DA:142,484
DA:143,147
DA:144,4798
DA:145,4651
DA:146,4651
DA:147,147
DA:148,147
DA:149,147
DA:150,337
DA:153,344
DA:154,7
DA:155,21
DA:156,14
DA:157,14
DA:158,27
DA:159,13
DA:160,13
DA:161,14
DA:162,14
DA:163,14
DA:164,14
DA:165,14
DA:166,14
DA:167,7
DA:168,7
DA:169,7
DA:170,7
DA:171,7
DA:172,337
DA:175,1192
DA:176,855
DA:177,855
DA:178,855
DA:179,855
DA:180,1719
DA:181,864
DA:182,864
DA:183,864
DA:184,864
DA:185,855
DA:186,855
DA:187,855
DA:188,337
DA:191,337
DA:192,337
DA:193,0
DA:194,0
DA:195,0
DA:196,0
DA:197,0
DA:198,0
DA:199,0
DA:200,0
DA:201,0
DA:202,0
DA:203,0
DA:204,337
DA:205,337
DA:208,340
DA:209,3
DA:210,3
DA:211,3
DA:212,337
DA:215,345
DA:216,8
DA:217,176
DA:218,168
DA:219,168
DA:220,8
DA:221,8
DA:222,0
DA:223,0
DA:224,8
DA:225,8
DA:226,0
DA:227,0
DA:228,8
DA:229,8
DA:230,0
DA:231,0
DA:232,8
DA:233,8
DA:234,337
DA:237,337
DA:238,230
DA:239,190
DA:240,190
DA:241,190
DA:242,1248
DA:243,1192
DA:244,1192
DA:245,56
DA:246,56
DA:247,190
DA:248,0
DA:249,0
DA:250,0
DA:251,0
DA:252,0
DA:253,190
DA:254,40
DA:255,40
DA:257,337
DA:258,337
DA:261,6506
DA:262,6506
DA:263,6506
DA:265,6757
DA:266,6757
DA:267,6757
DA:269,23433
DA:270,23433
DA:271,122
DA:272,122
DA:273,122
DA:275,23433
DA:276,23433
DA:277,23433
DA:278,23433
DA:279,23433
DA:280,23433
DA:281,23433
DA:282,23433
DA:283,23433
DA:284,23433
DA:285,23433
DA:286,23433
DA:287,23433
DA:288,23433
DA:293,23433
DA:294,23433
DA:296,17520
DA:297,7122
DA:298,7122
DA:300,10398
DA:302,0
DA:303,0
DA:304,0
DA:305,0
DA:306,0
DA:307,0
DA:309,0
DA:311,17520
DA:316,23433
DA:317,1173323
DA:318,1171230
DA:319,175738
DA:320,0
DA:321,0
DA:323,1171230
DA:324,2093
DA:326,23433
DA:327,23433
DA:330,112766
DA:331,7951227
DA:333,7838461
DA:334,0
DA:336,7838461
DA:337,106783
DA:339,7731678
DA:340,5983
DA:341,112766
DA:343,153401
DA:344,153401
DA:345,153401
DA:356,153401
DA:359,8542168
DA:360,8388767
DA:361,8388767
DA:362,8388767
DA:364,301138
DA:365,301138
DA:366,301138
DA:367,12540
DA:370,288598
DA:371,151757
DA:373,151757
DA:374,8388767
DA:377,1509667
DA:378,1508023
DA:379,1508023
DA:380,1508023
DA:382,6
DA:384,6
DA:385,6
DA:386,1508023
DA:388,1644
DA:389,153401
DA:392,54
DA:393,54
DA:394,54
DA:395,54
DA:396,54
DA:401,54
DA:402,21
DA:403,21
DA:404,15
DA:405,3
DA:406,0
DA:407,0
DA:409,18
DA:410,3
DA:411,54
DA:412,54
DA:415,3308
DA:416,3308
DA:417,0
DA:419,3308
DA:420,3308
DA:421,3308
DA:424,2370
DA:425,2370
DA:426,51060
DA:427,48746
DA:428,1178
DA:430,47568
DA:431,1136
DA:432,2370
DA:435,33442
DA:436,33442
DA:437,1308
DA:438,1308
DA:439,1308
DA:440,0
DA:441,0
DA:443,1308
DA:445,33442
DA:448,33442
DA:449,1192
DA:450,1192
DA:452,1178
DA:454,1178
DA:455,1178
DA:456,1178
DA:457,1178
DA:458,1192
DA:459,33442
DA:462,150578
DA:463,150578
DA:464,0
DA:468,150578
DA:469,150578
DA:470,207
DA:471,207
DA:472,207
DA:473,0
DA:474,0
DA:475,207
DA:476,207
DA:477,207
DA:480,414
DA:481,207
DA:483,2332
DA:484,2125
DA:486,207
DA:487,48493
DA:488,48286
DA:490,207
DA:491,0
DA:492,207
DA:494,0
DA:495,48079
DA:496,207
DA:497,1918
DA:499,0
DA:501,0
DA:503,0
DA:504,207
DA:507,20391023
DA:508,20240652
DA:509,12423486
DA:514,17252
DA:515,101
DA:516,101
DA:517,101
DA:518,101
DA:519,101
DA:520,101
DA:521,101
DA:522,101
DA:524,17252
DA:526,12406234
DA:530,133119
DA:531,11665045
DA:532,11636009
DA:533,23693
DA:534,23402
DA:535,22643
DA:537,1050
DA:538,11613366
DA:539,6393
DA:542,47932491
DA:544,47822015
DA:545,0
DA:547,47822015
DA:548,73836
DA:550,47748179
DA:552,36640
DA:553,150578
DA:556,2713
DA:558,2713
DA:559,2713
DA:560,2713
DA:561,2713
DA:562,2713
DA:563,2713
DA:566,39
DA:568,39
DA:569,39
DA:570,39
DA:571,39
DA:572,39
DA:573,39
DA:576,307
DA:578,307
DA:579,307
DA:580,307
DA:581,307
DA:582,307
DA:583,307
DA:586,2188
DA:588,2188
DA:589,2188
DA:590,2188
DA:591,2188
DA:594,2188
DA:595,2188
DA:596,2188
DA:597,2188
DA:598,2188
DA:599,2188
DA:600,2188
DA:602,0
DA:606,2188
DA:608,17522
DA:610,17522
DA:611,17522
DA:612,17522
DA:613,17522
DA:614,17522
DA:617,270
DA:619,270
DA:620,270
DA:621,270
DA:622,270
DA:623,270
DA:624,270
DA:625,270
DA:626,270
DA:629,270
DA:630,270
DA:631,83
DA:632,0
DA:633,0
DA:634,1
DA:635,186
DA:637,270
DA:640,270
DA:642,1563
DA:644,1563
DA:645,1563
DA:646,1563
DA:647,1563
DA:648,1563
DA:649,1563
DA:650,1563
DA:653,1563
DA:654,1574
DA:655,11
DA:656,11
DA:659,1563
DA:660,1574
DA:661,11
DA:662,0
DA:663,0
DA:664,0
DA:665,11
DA:667,11
DA:669,1563
DA:672,5
DA:675,5
DA:676,5
DA:677,5
DA:678,5
DA:679,5
DA:680,5
DA:681,5
DA:682,5
DA:683,5
DA:686,5
DA:687,4
DA:688,9
DA:689,5
DA:690,5
DA:693,4
DA:694,9
DA:695,5
DA:696,5
DA:697,4
DA:698,1
DA:699,1
DA:702,5
DA:706,1185
DA:708,1185
DA:710,0
DA:713,1185
DA:714,72
DA:715,72
DA:716,72
DA:717,1185
DA:722,1185
DA:723,0
DA:724,0
DA:726,1185
DA:729,47537
DA:731,47537
DA:732,47537
DA:733,0
DA:734,0
DA:735,0
DA:736,0
DA:737,0
DA:738,0
DA:739,0
DA:740,0
DA:743,0
DA:744,0
DA:746,0
DA:747,0
DA:749,0
DA:750,0
DA:751,0
DA:752,0
DA:753,0
DA:754,0
DA:756,0
DA:757,0
DA:758,0
DA:759,0
DA:760,0
DA:762,0
DA:763,0
DA:764,0
DA:767,47537
DA:768,2188556
DA:769,2143890
DA:770,42328
DA:771,42328
DA:772,2277
DA:774,40051
DA:775,2141613
DA:776,42389
DA:778,1614875
DA:779,1569615
DA:780,42882
DA:782,1526733
DA:783,2378
DA:784,47537
DA:787,148
DA:788,148
DA:789,0
DA:793,148
DA:795,1
DA:798,147
DA:799,0
DA:800,0
DA:801,0
DA:802,0
DA:803,0
DA:804,0
DA:806,0
DA:808,0
DA:809,0
DA:810,147
DA:811,148
DA:814,56410
DA:815,56410
DA:817,56410
DA:820,56410
DA:821,0
DA:825,56410
DA:826,56410
DA:827,0
DA:828,0
DA:829,0
DA:830,0
DA:831,0
DA:832,0
DA:833,0
DA:834,0
DA:836,0
DA:837,0
DA:838,0
DA:839,0
DA:841,0
DA:842,0
DA:843,0
DA:844,0
DA:845,0
DA:846,0
DA:848,0
DA:849,0
DA:850,0
DA:851,0
DA:852,0
DA:854,0
DA:855,0
DA:856,0
DA:859,56410
DA:860,235476
DA:861,196086
DA:862,3591
DA:863,3591
DA:864,0
DA:866,3591
DA:867,196086
DA:868,39390
DA:870,319794
DA:872,263384
DA:873,5544
DA:875,257840
DA:876,50866
DA:877,56410
DA:880,0
DA:881,0
DA:883,0
DA:884,0
DA:885,0
DA:886,0
DA:887,0
DA:888,0
DA:890,0
DA:891,0
DA:892,0
DA:893,0
DA:896,10
DA:898,10
DA:900,3
DA:903,7
DA:904,0
DA:905,0
DA:906,0
DA:907,7
DA:908,10
DA:911,6668
DA:913,6668
DA:914,6668
DA:915,2
DA:916,2
DA:917,2
DA:918,0
DA:919,0
DA:920,2
DA:921,2
DA:922,2
DA:924,2
DA:925,0
DA:926,0
DA:927,0
DA:929,0
DA:930,0
DA:931,0
DA:932,0
DA:933,0
DA:934,0
DA:936,0
DA:937,0
DA:938,0
DA:939,0
DA:940,0
DA:942,0
DA:943,2
DA:944,2
DA:947,6666
DA:948,4764
DA:949,0
DA:950,0
DA:951,0
DA:952,0
DA:954,0
DA:955,0
DA:956,4764
DA:958,6775
DA:959,109
DA:960,109
DA:962,0
DA:963,6557
DA:964,6668
DA:967,49
DA:968,49
DA:969,49
DA:971,117
DA:972,68
DA:973,49
DA:975,19
DA:976,0
DA:977,49
DA:980,3
DA:982,3
DA:984,0
DA:987,3
DA:988,0
DA:989,0
DA:990,0
DA:992,3
DA:993,3
DA:996,3
DA:997,3
DA:998,3
DA:999,3
DA:1001,3
DA:1002,3
DA:1005,16238
DA:1006,16238
DA:1009,16238
DA:1010,16238
DA:1011,0
DA:1012,0
DA:1013,0
DA:1014,0
DA:1015,0
DA:1016,0
DA:1017,0
DA:1018,0
DA:1024,0
DA:1025,0
DA:1027,16238
DA:1028,0
DA:1029,0
DA:1031,0
DA:1032,16238
DA:1033,16238
DA:1036,1827
DA:1038,27143
DA:1039,25316
DA:1040,50632
DA:1041,25316
DA:1042,25316
DA:1043,981
DA:1045,25316
DA:1048,846
DA:1049,72
DA:1050,144
DA:1051,72
DA:1052,72
DA:1054,846
DA:1055,846
DA:1056,846
DA:1057,846
DA:1058,846
DA:1059,846
DA:1060,846
DA:1063,846
DA:1064,846
DA:1065,846
DA:1067,846
DA:1070,846
DA:1073,846
DA:1074,846
DA:1076,846
DA:1077,846
DA:1078,846
DA:1081,846
DA:1082,846
DA:1083,846
DA:1084,846
DA:1085,846
DA:1086,846
DA:1087,846
DA:1088,846
DA:1089,846
DA:1090,846
DA:1091,846
DA:1094,846
DA:1095,846
DA:1096,846
DA:1097,846
DA:1098,846
DA:1099,846
DA:1100,846
DA:1101,846
DA:1102,846
DA:1103,846
DA:1104,846
DA:1105,846
DA:1106,846
DA:1107,846
DA:1108,846
DA:1109,846
DA:1110,846
DA:1111,846
DA:1112,846
DA:1115,846
DA:1116,846
DA:1117,846
DA:1118,846
DA:1119,846
DA:1120,846
DA:1121,846
DA:1122,846
DA:1123,846
DA:1124,846
DA:1125,846
DA:1126,846
DA:1127,846
DA:1128,846
DA:1129,846
DA:1130,846
DA:1131,846
DA:1132,846
DA:1133,846
DA:1136,846
DA:1137,846
DA:1138,846
DA:1139,846
DA:1140,846
DA:1141,846
DA:1142,846
DA:1143,846
DA:1144,846
DA:1145,846
DA:1146,846
DA:1147,846
DA:1148,846
DA:1149,846
DA:1150,846
DA:1151,846
DA:1152,846
DA:1153,1827
DA:1158,50
DA:1159,50
DA:1162,1701
DA:1163,1651
DA:1164,1692
DA:1165,41
DA:1166,41
DA:1167,41
DA:1168,41
DA:1170,1651
DA:1172,9
DA:1173,0
DA:1174,0
DA:1175,0
DA:1176,0
DA:1178,9
DA:1179,9
DA:1180,9
DA:1181,9
DA:1182,9
DA:1183,9
DA:1184,9
DA:1185,9
DA:1186,9
DA:1188,9
DA:1189,9
DA:1190,9
DA:1192,9
DA:1193,50
DA:1198,0
DA:1200,0
DA:1201,0
DA:1205,0
DA:1206,0
DA:1207,0
DA:1208,0
DA:1210,0
DA:1211,0
DA:1212,0
DA:1213,0
DA:1214,0
DA:1216,0
DA:1217,0
DA:1218,0
DA:1220,0
DA:1221,0
DA:1224,0
DA:1225,0
DA:1226,0
DA:1227,0
DA:1228,0
DA:1230,0
DA:1231,0
DA:1232,0
DA:1233,0
DA:1234,0
DA:1236,0
DA:1237,0
DA:1238,0
DA:1239,0
DA:1242,0
DA:1243,0
DA:1244,0
DA:1245,0
DA:1247,0
DA:1248,0
DA:1250,0
DA:1251,0
DA:1259,2
DA:1260,2
DA:1261,2
DA:1262,2
DA:1263,2
DA:1264,2
DA:1266,2
DA:1267,2
DA:1268,2
DA:1270,4
DA:1271,2
DA:1272,2
DA:1273,2
DA:1274,2
DA:1275,0
DA:1276,0
DA:1279,4
DA:1280,2
DA:1283,12
DA:1284,12
DA:1286,12
DA:1287,12
DA:1288,12
DA:1290,12
DA:1291,24
DA:1292,12
DA:1293,0
DA:1294,0
DA:1295,12
DA:1296,12
DA:1297,12
DA:1299,12
DA:1300,0
DA:1301,0
DA:1304,12
DA:1305,0
DA:1306,0
DA:1308,12
DA:1309,12
DA:1311,3327
DA:1312,3327
DA:1314,3327
DA:1315,1541
DA:1316,1541
DA:1317,3327
DA:1318,169
DA:1319,169
DA:1320,3327
DA:1321,231
DA:1322,154
DA:1323,154
DA:1324,77
DA:1325,77
DA:1326,3327
DA:1327,14
DA:1328,14
DA:1329,3327
DA:1330,43
DA:1331,29
DA:1332,0
DA:1333,0
DA:1334,29
DA:1335,14
DA:1336,14
DA:1337,3327
DA:1338,0
DA:1339,0
DA:1340,3327
DA:1341,0
DA:1342,0
DA:1343,3327
DA:1344,3327
DA:1347,6
DA:1348,6
DA:1351,6
DA:1354,12
DA:1355,6
DA:1358,12
DA:1359,6
DA:1360,6
DA:1362,0
DA:1363,0
DA:1365,0
DA:1366,0
DA:1367,0
DA:1368,6
DA:1371,6
DA:1374,12
DA:1375,6
DA:1376,6
DA:1378,0
DA:1379,0
DA:1381,0
DA:1382,0
DA:1383,0
DA:1386,6
DA:1387,0
DA:1388,0
DA:1390,0
DA:1392,6
DA:1393,6
DA:1396,2
DA:1398,2
DA:1399,2
DA:1400,2
DA:1401,2
DA:1402,2
DA:1403,2
DA:1404,2
DA:1408,1
DA:1410,1
DA:1411,1
DA:1412,1
DA:1413,1
DA:1414,1
DA:1415,1
DA:1418,1
DA:1419,1
DA:1420,3
DA:1421,2
DA:1423,2
DA:1424,0
DA:1425,0
DA:1426,2
DA:1427,1
DA:1428,0
DA:1431,1
DA:1435,0
DA:1436,0
DA:1439,0
DA:1440,0
DA:1441,0
DA:1442,0
DA:1443,0
DA:1445,0
DA:1446,0
DA:1447,0
DA:1448,0
DA:1449,0
DA:1452,12
DA:1457,12
DA:1458,0
DA:1462,16
DA:1463,4
DA:1465,4
DA:1467,0
DA:1470,8
DA:1471,0
DA:1472,0
DA:1473,0
DA:1476,8
DA:1477,8
DA:1478,8
DA:1479,8
DA:1480,8
DA:1481,8
DA:1482,8
DA:1483,8
DA:1484,8
DA:1485,8
DA:1486,8
DA:1487,12
DA:1492,193
DA:1494,193
DA:1495,66
DA:1496,66
DA:1497,66
DA:1500,858
DA:1501,665
DA:1503,3
DA:1504,3
DA:1506,662
DA:1509,190
DA:1510,190
DA:1511,190
DA:1512,190
DA:1513,190
DA:1514,190
DA:1515,190
DA:1516,190
DA:1517,190
DA:1518,193
DA:1521,2398
DA:1522,21846
DA:1523,19448
DA:1524,2370
DA:1526,17078
DA:1527,28
DA:1528,2398
DA:1531,0
DA:1532,0
DA:1536,0
DA:1537,0
DA:1538,0
DA:1539,0
DA:1540,0
DA:1541,0
DA:1543,1192
DA:1544,1192
DA:1546,1192
DA:1547,1192
DA:1549,14
DA:1550,14
DA:1551,14
DA:1552,14
DA:1554,1192
DA:1555,1178
DA:1558,14
DA:1559,14
DA:1560,1192
DA:1562,0
DA:1563,0
DA:1565,0
DA:1566,0
DA:1568,0
DA:1569,0
DA:1570,0
DA:1571,0
DA:1573,0
DA:1574,0
DA:1577,0
DA:1578,0
DA:1579,0
DA:1583,0
DA:1584,0
DA:1586,0
DA:1588,0
DA:1589,0
DA:1590,0
DA:1591,0
DA:1592,0
DA:1593,0
DA:1595,0
DA:1596,0
DA:1597,0
DA:1598,0
DA:1599,0
DA:1601,0
DA:1602,0
DA:1603,0
DA:1605,0
DA:1606,0
DA:1607,0
DA:1608,0
DA:1609,0
DA:1611,0
DA:1612,0
DA:1613,0
DA:1616,0
DA:1619,0
DA:1621,0
DA:1622,0
DA:1623,0
DA:1625,0
DA:1626,0
DA:1627,0
DA:1628,0
DA:1629,0
DA:1630,0
DA:1631,0
DA:1632,0
DA:1633,0
DA:1634,0
DA:1635,0
DA:1636,0
DA:1637,0
DA:1638,0
DA:1639,0
DA:1640,0
DA:1641,0
DA:1642,0
DA:1643,0
LF:1178
LH:836
end_of_record
TN:
SF:/Users/jkh/Src/nanolang/src/eval.c
FNL:0,1014,1088
FNA:0,0,builtin_array_set
FNL:1,109,124
FNA:1,0,shadow_json_escape
FNL:2,1090,1184
FNA:2,0,builtin_array_slice
FNL:3,1191,1198
FNA:3,0,create_dyn_array
FNL:4,1202,1213
FNA:4,0,value_type_to_elem_type
FNL:5,1215,1312
FNA:5,0,builtin_array_push
FNL:6,126,148
FNA:6,21,shadow_write_json_file
FNL:7,1314,1362
FNA:7,0,builtin_array_pop
FNL:8,1364,1387
FNA:8,0,builtin_array_remove_at
FNL:9,1389,1418
FNA:9,0,builtin_array_sort
FNL:10,1420,1446
FNA:10,0,builtin_array_reverse
FNL:11,1448,1479
FNA:11,0,builtin_array_contains
FNL:12,1481,1512
FNA:12,0,builtin_array_index_of
FNL:13,152,175
FNA:13,40,unescape_string
FNL:14,1523,1546
FNA:14,0,is_pure_arithmetic_expr
FNL:15,1549,1555
FNA:15,0,is_pure_arithmetic_lambda
FNL:16,1560,1589
FNA:16,0,eval_pure_expr_int
FNL:17,1592,1624
FNA:17,0,eval_pure_expr_int2
FNL:18,1627,1658
FNA:18,0,eval_pure_expr_float2
FNL:19,1661,1689
FNA:19,0,eval_pure_expr_float
FNL:20,1691,1905
FNA:20,0,builtin_map
FNL:21,186,265
FNA:21,0,eval_dyn_array_binop
FNL:22,1907,2073
FNA:22,0,builtin_filter
FNL:23,2075,2210
FNA:23,0,builtin_reduce
FNL:24,2217,2230
FNA:24,108,is_truthy
FNL:25,2233,2767
FNA:25,329,eval_prefix_op
FNL:26,267,343
FNA:26,0,eval_dyn_array_scalar_right
FNL:27,2770,4539
FNA:27,72,eval_call
FNL:28,345,419
FNA:28,0,eval_dyn_array_scalar_left
FNL:29,426,547
FNA:29,8,print_value
FNL:30,4542,5279
FNA:30,1166,eval_expression
FNL:31,48,57
FNA:31,0,coro_trampoline
FNL:32,5282,5756
FNA:32,679,eval_statement
FNL:33,553,575
FNA:33,0,builtin_cast_int
FNL:34,5759,5815
FNA:34,231,contains_extern_calls
FNL:35,577,599
FNA:35,0,builtin_cast_float
FNL:36,5818,5969
FNA:36,21,run_shadow_tests
FNL:37,5972,6012
FNA:37,81,run_program
FNL:38,601,621
FNA:38,0,builtin_cast_bool
FNL:39,6015,6152
FNA:39,115,call_function
FNL:40,6158,6159
FNA:40,0,repl_eval_node
FNL:41,6162,6164
FNA:41,0,repl_print_value
FNL:42,623,626
FNA:42,0,builtin_null_opaque
FNL:43,635,645
FNA:43,0,eval_sb_ensure
FNL:44,647,653
FNA:44,0,eval_sb_new
FNL:45,656,664
FNA:45,0,eval_sb_append_cstr
FNL:46,666,672
FNA:46,0,eval_sb_append_char
FNL:47,67,101
FNA:47,0,copy_function_signature
FNL:48,676,712
FNA:48,0,eval_sb_append_dyn_array
FNL:49,714,840
FNA:49,0,eval_sb_append_value
FNL:50,842,852
FNA:50,0,builtin_to_string
FNL:51,854,855
FNA:51,0,builtin_cast_string
FNL:52,858,860
FNA:52,0,builtin_print
FNL:53,863,866
FNA:53,6,builtin_println
FNL:54,873,952
FNA:54,0,builtin_at
FNL:55,954,965
FNA:55,2,builtin_array_length
FNL:56,967,1012
FNA:56,0,builtin_array_new
FNF:57
FNH:14
DA:48,0
DA:49,0
DA:50,0
DA:52,0
DA:53,0
DA:54,0
DA:55,0
DA:57,0
DA:67,0
DA:68,0
DA:70,0
DA:71,0
DA:72,0
DA:73,0
DA:76,0
DA:77,0
DA:78,0
DA:79,0
DA:81,0
DA:82,0
DA:83,0
DA:84,0
DA:85,0
DA:86,0
DA:89,0
DA:90,0
DA:91,0
DA:92,0
DA:94,0
DA:95,0
DA:96,0
DA:97,0
DA:100,0
DA:101,0
DA:109,0
DA:110,0
DA:111,0
DA:112,0
DA:113,0
DA:114,0
DA:115,0
DA:116,0
DA:117,0
DA:118,0
DA:120,0
DA:121,0
DA:122,0
DA:123,0
DA:124,0
DA:126,21
DA:127,21
DA:128,0
DA:129,0
DA:131,0
DA:132,0
DA:133,0
DA:134,0
DA:135,0
DA:136,0
DA:137,0
DA:138,0
DA:139,0
DA:140,0
DA:141,0
DA:142,0
DA:143,0
DA:144,0
DA:145,0
DA:146,0
DA:147,0
DA:148,21
DA:152,40
DA:153,40
DA:154,40
DA:155,40
DA:156,336
DA:157,296
DA:158,1
DA:159,1
DA:160,0
DA:161,1
DA:162,0
DA:163,0
DA:164,0
DA:165,0
DA:166,0
DA:167,0
DA:169,1
DA:170,295
DA:172,296
DA:173,40
DA:174,80
DA:175,40
DA:186,0
DA:187,0
DA:188,0
DA:189,0
DA:190,0
DA:191,0
DA:193,0
DA:194,0
DA:197,0
DA:198,0
DA:199,0
DA:200,0
DA:201,0
DA:203,0
DA:204,0
DA:206,0
DA:207,0
DA:209,0
DA:210,0
DA:212,0
DA:213,0
DA:215,0
DA:216,0
DA:217,0
DA:219,0
DA:220,0
DA:221,0
DA:222,0
DA:223,0
DA:224,0
DA:226,0
DA:227,0
DA:229,0
DA:230,0
DA:232,0
DA:233,0
DA:235,0
DA:236,0
DA:237,0
DA:239,0
DA:240,0
DA:241,0
DA:242,0
DA:243,0
DA:244,0
DA:245,0
DA:246,0
DA:247,0
DA:248,0
DA:249,0
DA:250,0
DA:251,0
DA:252,0
DA:253,0
DA:254,0
DA:255,0
DA:256,0
DA:257,0
DA:258,0
DA:259,0
DA:260,0
DA:261,0
DA:262,0
DA:264,0
DA:265,0
DA:267,0
DA:268,0
DA:269,0
DA:270,0
DA:271,0
DA:272,0
DA:274,0
DA:275,0
DA:276,0
DA:277,0
DA:278,0
DA:279,0
DA:280,0
DA:281,0
DA:282,0
DA:283,0
DA:284,0
DA:285,0
DA:287,0
DA:288,0
DA:290,0
DA:291,0
DA:293,0
DA:294,0
DA:296,0
DA:297,0
DA:298,0
DA:300,0
DA:301,0
DA:302,0
DA:303,0
DA:305,0
DA:306,0
DA:307,0
DA:308,0
DA:309,0
DA:310,0
DA:312,0
DA:313,0
DA:315,0
DA:316,0
DA:318,0
DA:319,0
DA:321,0
DA:322,0
DA:323,0
DA:325,0
DA:326,0
DA:327,0
DA:328,0
DA:329,0
DA:330,0
DA:331,0
DA:332,0
DA:333,0
DA:334,0
DA:335,0
DA:336,0
DA:337,0
DA:338,0
DA:339,0
DA:340,0
DA:342,0
DA:343,0
DA:345,0
DA:346,0
DA:347,0
DA:348,0
DA:349,0
DA:350,0
DA:352,0
DA:353,0
DA:354,0
DA:355,0
DA:356,0
DA:357,0
DA:358,0
DA:359,0
DA:360,0
DA:361,0
DA:362,0
DA:363,0
DA:365,0
DA:366,0
DA:368,0
DA:369,0
DA:371,0
DA:372,0
DA:374,0
DA:375,0
DA:377,0
DA:378,0
DA:379,0
DA:381,0
DA:382,0
DA:383,0
DA:384,0
DA:385,0
DA:386,0
DA:388,0
DA:389,0
DA:391,0
DA:392,0
DA:394,0
DA:395,0
DA:397,0
DA:398,0
DA:399,0
DA:401,0
[...]
FNL:18,348,354
FNA:18,12,test_generate_coroutine_builtins
FNL:19,356,361
FNA:19,12,test_generate_module_system_stubs
FNL:20,367,371
FNA:20,252,suppress_stderr
FNL:21,372,376
FNA:21,252,restore_stderr
FNL:22,384,402
FNA:22,240,transpile_src
FNL:23,404,409
FNA:23,12,test_transpile_minimal
FNL:24,41,54
FNA:24,12,test_stringbuilder_append_simple
FNL:25,411,422
FNA:25,12,test_transpile_arithmetic
FNL:26,424,438
FNA:26,12,test_transpile_struct
FNL:27,440,451
FNA:27,12,test_transpile_enum
FNL:28,453,466
FNA:28,12,test_transpile_union_match
FNL:29,468,480
FNA:29,12,test_transpile_string_ops
FNL:30,482,499
FNA:30,12,test_transpile_array_ops
FNL:31,501,513
FNA:31,12,test_transpile_for_range
FNL:32,515,525
FNA:32,12,test_transpile_if_else_chain
FNL:33,527,536
FNA:33,12,test_transpile_constants
FNL:34,538,548
FNA:34,12,test_transpile_recursive
FNL:35,550,558
FNA:35,12,test_transpile_float_math
FNL:36,56,69
FNA:36,12,test_stringbuilder_append_empty
FNL:37,560,572
FNA:37,12,test_transpile_tuple
FNL:38,574,588
FNA:38,12,test_transpile_nested_structs
FNL:39,590,600
FNA:39,12,test_transpile_shadow_tests
FNL:40,602,614
FNA:40,12,test_transpile_match_int
FNL:41,616,624
FNA:41,12,test_transpile_cond_expr
FNL:42,626,632
FNA:42,12,test_transpile_pub_function
FNL:43,634,644
FNA:43,12,test_transpile_print_println
FNL:44,646,653
FNA:44,12,test_transpile_opaque_type
FNL:45,655,665
FNA:45,12,test_transpile_null_inputs
FNL:46,671,729
FNA:46,12,main
FNL:47,71,83
FNA:47,12,test_stringbuilder_append_multiple
FNL:48,85,102
FNA:48,12,test_stringbuilder_large_append
FNF:49
FNH:48
DA:23,0
DA:29,12
DA:30,12
DA:31,12
DA:32,12
DA:33,12
DA:34,12
DA:35,12
DA:37,12
DA:38,12
DA:39,12
DA:41,12
DA:42,12
DA:44,12
DA:45,12
DA:46,12
DA:48,12
DA:49,12
DA:50,12
DA:52,12
DA:53,12
DA:54,12
DA:56,12
DA:57,12
DA:59,12
DA:60,12
DA:61,12
DA:63,12
DA:64,12
DA:65,12
DA:67,12
DA:68,12
DA:69,12
DA:71,12
DA:72,12
DA:74,132
DA:75,120
DA:76,120
DA:78,12
DA:79,12
DA:81,12
DA:82,12
DA:83,12
DA:85,12
DA:86,12
DA:90,24000
DA:91,23988
DA:92,23988
DA:93,12
DA:95,12
DA:96,12
DA:97,12
DA:98,12
DA:100,12
DA:101,12
DA:102,12
DA:104,12
DA:105,12
DA:106,12
DA:110,24576
DA:111,24564
DA:112,24564
DA:113,12
DA:115,12
DA:118,12
DA:119,12
DA:120,12
DA:122,12
DA:123,12
DA:124,12
DA:126,12
DA:127,12
DA:129,12
DA:130,12
DA:132,12
DA:133,12
DA:135,12
DA:136,12
DA:137,12
DA:143,12
DA:144,12
DA:146,12
DA:148,12
DA:149,12
DA:150,12
DA:151,12
DA:152,12
DA:153,12
DA:155,12
DA:156,12
DA:157,12
DA:159,12
DA:160,12
DA:162,12
DA:164,12
DA:165,12
DA:166,12
DA:167,12
DA:168,12
DA:170,12
DA:171,12
DA:172,12
DA:174,12
DA:175,12
DA:177,12
DA:179,12
DA:180,12
DA:181,12
DA:182,12
DA:183,12
DA:185,12
DA:186,12
DA:187,12
DA:189,12
DA:190,12
DA:192,12
DA:194,12
DA:195,12
DA:196,12
DA:197,12
DA:198,12
DA:199,12
DA:201,12
DA:202,12
DA:203,12
DA:205,12
DA:206,12
DA:208,12
DA:210,12
DA:211,12
DA:212,12
DA:213,12
DA:214,12
DA:215,12
DA:216,12
DA:218,12
DA:219,12
DA:220,12
DA:222,12
DA:223,12
DA:225,12
DA:228,12
DA:229,12
DA:230,12
DA:231,12
DA:233,12
DA:234,12
DA:235,12
DA:241,12
DA:242,12
DA:245,12012
DA:246,12000
DA:247,12000
DA:249,12
DA:250,12
DA:253,12012
DA:254,12000
DA:255,12000
DA:256,12000
DA:257,12000
DA:258,12000
DA:260,12
DA:261,12
DA:262,12
DA:264,12
DA:265,12
DA:268,1212
DA:269,1200
DA:270,1200
DA:272,12
DA:273,12
DA:275,12
DA:276,12
DA:277,12
DA:283,12
DA:284,12
DA:287,12
DA:288,12
DA:289,12
DA:290,12
DA:291,12
DA:294,12
DA:297,12
DA:298,12
DA:299,12
DA:300,12
DA:301,12
DA:303,12
DA:304,12
DA:305,12
DA:311,12
DA:312,12
DA:313,12
DA:314,12
DA:315,12
DA:316,12
DA:317,12
DA:319,12
DA:320,12
DA:321,12
DA:322,12
DA:323,12
DA:324,12
DA:325,12
DA:327,12
DA:328,12
DA:329,12
DA:330,12
DA:331,12
DA:332,12
DA:334,12
DA:335,12
DA:336,12
DA:337,12
DA:338,12
DA:339,12
DA:341,12
DA:342,12
DA:343,12
DA:344,12
DA:345,12
DA:346,12
DA:348,12
DA:349,12
DA:350,12
DA:351,12
DA:352,12
DA:353,12
DA:354,12
DA:356,12
DA:357,12
DA:358,12
DA:359,12
DA:360,12
DA:361,12
DA:367,252
DA:368,252
DA:369,252
DA:370,252
DA:371,252
DA:372,252
DA:373,252
DA:374,252
DA:375,252
DA:376,252
DA:384,240
DA:385,240
DA:386,240
DA:387,240
DA:388,240
DA:389,240
DA:390,240
DA:391,240
DA:392,240
DA:393,240
DA:394,240
DA:395,240
DA:396,240
DA:397,240
DA:398,240
DA:399,240
DA:400,240
DA:401,240
DA:402,240
DA:404,12
DA:405,12
DA:406,12
DA:407,12
DA:408,12
DA:409,12
DA:411,12
DA:412,12
DA:419,12
DA:420,12
DA:421,12
DA:422,12
DA:424,12
DA:425,12
DA:435,12
DA:436,12
DA:437,12
DA:438,12
DA:440,12
DA:441,12
DA:448,12
DA:449,12
DA:450,12
DA:451,12
DA:453,12
DA:454,12
DA:463,12
DA:464,12
DA:465,12
DA:466,12
DA:468,12
DA:469,12
DA:478,12
DA:479,12
DA:480,12
DA:482,12
DA:483,12
DA:497,12
DA:498,12
DA:499,12
DA:501,12
DA:502,12
DA:511,12
DA:512,12
DA:513,12
DA:515,12
DA:516,12
DA:523,12
DA:524,12
DA:525,12
DA:527,12
DA:528,12
DA:533,12
DA:534,12
DA:535,12
DA:536,12
DA:538,12
DA:539,12
DA:545,12
DA:546,12
DA:547,12
DA:548,12
DA:550,12
DA:551,12
DA:556,12
DA:557,12
DA:558,12
DA:560,12
DA:561,12
DA:570,12
DA:571,12
DA:572,12
DA:574,12
DA:575,12
DA:584,12
DA:585,12
DA:586,12
DA:587,12
DA:588,12
DA:590,12
DA:591,12
DA:598,12
DA:599,12
DA:600,12
DA:602,12
DA:603,12
DA:612,12
DA:613,12
DA:614,12
DA:616,12
DA:617,12
DA:622,12
DA:623,12
DA:624,12
DA:626,12
DA:627,12
DA:630,12
DA:631,12
DA:632,12
DA:634,12
DA:635,12
DA:642,12
DA:643,12
DA:644,12
DA:646,12
DA:648,12
DA:651,12
DA:652,12
DA:653,12
DA:655,12
DA:657,12
DA:658,12
DA:659,12
DA:660,12
DA:661,12
DA:662,12
DA:663,12
DA:664,12
DA:665,12
DA:671,12
DA:672,12
DA:674,12
DA:675,12
DA:676,12
DA:677,12
DA:678,12
DA:679,12
DA:680,12
DA:681,12
DA:683,12
DA:684,12
DA:685,12
DA:686,12
DA:687,12
DA:688,12
DA:689,12
DA:690,12
DA:691,12
DA:692,12
DA:693,12
DA:694,12
DA:695,12
DA:696,12
DA:698,12
DA:699,12
DA:700,12
DA:702,12
DA:703,12
DA:705,12
DA:706,12
DA:707,12
DA:708,12
DA:709,12
DA:710,12
DA:711,12
DA:712,12
DA:713,12
DA:714,12
DA:715,12
DA:716,12
DA:717,12
DA:718,12
DA:719,12
DA:720,12
DA:721,12
DA:722,12
DA:723,12
DA:724,12
DA:725,12
DA:726,12
DA:728,12
DA:729,12
LF:436
LH:435
end_of_record
TN:
SF:/Users/jkh/Src/nanolang/tests/test_type_infer.c
FNL:0,102,112
FNA:0,6,test_con_type_all_primitives
FNL:1,118,129
FNA:1,6,test_arrow_type_basic
FNL:2,131,143
FNA:2,6,test_arrow_type_with_effects
FNL:3,149,157
FNA:3,6,test_unify_same_con
FNL:4,159,171
FNA:4,6,test_unify_var_with_con
FNL:5,173,183
FNA:5,6,test_unify_con_with_var
FNL:6,185,196
FNA:6,6,test_unify_var_with_var
FNL:7,198,209
FNA:7,6,test_unify_mismatch_errors
FNL:8,211,221
FNA:8,6,test_unify_arrow_arrow
FNL:9,223,236
FNA:9,6,test_unify_arrow_param_mismatch
FNL:10,242,251
FNA:10,6,test_subst_apply_unbound_var
FNL:11,253,260
FNA:11,6,test_subst_apply_con_type
FNL:12,262,271
FNA:12,6,test_subst_apply_after_unify
FNL:13,277,284
FNA:13,6,test_type_to_str_con
FNL:14,286,294
FNA:14,6,test_type_to_str_var
FNL:15,296,306
FNA:15,6,test_type_to_str_arrow
FNL:16,312,320
FNA:16,6,test_record_closed_empty
FNL:17,322,333
FNA:17,6,test_record_closed_two_fields
FNL:18,335,346
FNA:18,6,test_record_open
FNL:19,348,361
FNA:19,6,test_record_field_lookup_existing
FNL:20,363,377
FNA:20,6,test_record_field_lookup_missing_closed
FNL:21,379,395
FNA:21,6,test_record_spread
FNL:22,38,42
FNA:22,24,suppress_stderr
FNL:23,401,410
FNA:23,6,test_infer_empty_program
FNL:24,412,429
FNA:24,6,test_infer_simple_parsed_program
FNL:25,43,47
FNA:25,24,restore_stderr
FNL:26,431,441
FNA:26,6,test_infer_with_effects
FNL:27,443,456
FNA:27,6,test_infer_for_lsp_and_free
FNL:28,462,512
FNA:28,6,main
FNL:29,55,61
FNA:29,6,test_ctx_create_and_free
FNL:30,63,67
FNA:30,6,test_ctx_null_source_file
FNL:31,73,87
FNA:31,6,test_tv_fresh_unique_ids
FNL:32,93,100
FNA:32,6,test_con_type_int
FNF:33
FNH:33
DA:38,24
DA:39,24
DA:40,24
DA:41,24
DA:42,24
DA:43,24
DA:44,24
DA:45,24
DA:46,24
DA:47,24
DA:55,6
DA:56,6
DA:57,6
DA:58,6
DA:59,6
DA:60,6
DA:61,6
DA:63,6
DA:64,6
DA:65,6
DA:66,6
DA:67,6
DA:73,6
DA:74,6
DA:75,6
DA:76,6
DA:77,6
DA:78,6
DA:79,6
DA:80,6
DA:81,6
DA:82,6
DA:83,6
DA:84,6
DA:85,6
DA:86,6
DA:87,6
DA:93,6
DA:94,6
DA:95,6
DA:96,6
DA:97,6
DA:98,6
DA:99,6
DA:100,6
DA:102,6
DA:103,6
DA:104,6
DA:105,36
DA:106,30
DA:107,30
DA:108,30
DA:109,30
DA:110,30
DA:111,6
DA:112,6
DA:118,6
DA:119,6
DA:120,6
DA:121,6
DA:122,6
DA:123,6
DA:124,6
DA:125,6
DA:126,6
DA:127,6
DA:128,6
DA:129,6
DA:131,6
DA:132,6
DA:133,6
DA:134,6
DA:135,6
DA:136,6
DA:137,6
DA:138,6
DA:139,6
DA:140,6
DA:141,6
DA:142,6
DA:143,6
DA:149,6
DA:150,6
DA:151,6
DA:152,6
DA:153,6
DA:154,6
DA:155,6
DA:156,6
DA:157,6
DA:159,6
DA:160,6
DA:161,6
DA:162,6
DA:163,6
DA:164,6
DA:165,6
DA:166,6
DA:167,6
DA:168,6
DA:169,6
DA:170,6
DA:171,6
DA:173,6
DA:174,6
DA:175,6
DA:176,6
DA:177,6
DA:178,6
DA:179,6
DA:180,6
DA:181,6
DA:182,6
DA:183,6
DA:185,6
DA:186,6
DA:187,6
DA:188,6
DA:189,6
DA:190,6
DA:192,6
DA:193,6
DA:194,6
DA:195,6
DA:196,6
DA:198,6
DA:199,6
DA:200,6
DA:201,6
DA:202,6
DA:203,6
DA:204,6
DA:205,6
DA:206,6
DA:207,6
DA:209,6
DA:211,6
DA:212,6
DA:213,6
DA:214,6
DA:215,6
DA:216,6
DA:217,6
DA:218,6
DA:219,6
DA:220,6
DA:221,6
DA:223,6
DA:224,6
DA:225,6
DA:226,6
DA:227,6
DA:228,6
DA:229,6
DA:230,6
DA:231,6
DA:232,6
DA:233,6
DA:234,6
DA:236,6
DA:242,6
DA:243,6
DA:244,6
DA:246,6
DA:247,6
DA:248,6
DA:249,6
DA:250,6
DA:251,6
DA:253,6
DA:254,6
DA:255,6
DA:256,6
DA:257,6
DA:258,6
DA:259,6
DA:260,6
DA:262,6
DA:263,6
DA:264,6
DA:265,6
DA:266,6
DA:267,6
DA:268,6
DA:269,6
DA:270,6
DA:271,6
DA:277,6
DA:278,6
DA:279,6
DA:280,6
DA:281,6
DA:282,6
DA:283,6
DA:284,6
DA:286,6
DA:287,6
DA:288,6
DA:289,6
DA:290,6
DA:292,6
DA:293,6
DA:294,6
DA:296,6
DA:297,6
DA:298,6
DA:299,6
DA:300,6
DA:301,6
DA:302,6
DA:303,6
DA:304,6
DA:305,6
DA:306,6
DA:312,6
DA:313,6
DA:314,6
DA:315,6
DA:316,6
DA:317,6
DA:318,6
DA:319,6
DA:320,6
DA:322,6
DA:323,6
DA:324,6
DA:325,6
DA:326,6
DA:327,6
DA:328,6
DA:329,6
DA:330,6
DA:331,6
DA:332,6
DA:333,6
DA:335,6
DA:336,6
DA:337,6
DA:338,6
DA:339,6
DA:340,6
DA:341,6
DA:342,6
DA:343,6
DA:344,6
DA:345,6
DA:346,6
DA:348,6
DA:349,6
DA:350,6
DA:351,6
DA:352,6
DA:353,6
DA:354,6
DA:355,6
DA:356,6
DA:357,6
DA:358,6
DA:359,6
DA:360,6
DA:361,6
DA:363,6
DA:364,6
DA:365,6
DA:366,6
DA:367,6
DA:368,6
DA:369,6
DA:370,6
DA:371,6
DA:373,6
DA:374,6
DA:375,6
DA:377,6
DA:379,6
DA:380,6
DA:381,6
DA:382,6
DA:383,6
DA:384,6
DA:386,6
DA:387,6
DA:388,6
DA:389,6
DA:390,6
DA:391,6
DA:393,6
DA:394,6
DA:395,6
DA:401,6
DA:404,6
DA:405,6
DA:406,6
DA:407,6
DA:408,6
DA:409,6
DA:410,6
DA:412,6
DA:414,6
DA:417,6
DA:418,6
DA:419,6
DA:420,6
DA:421,6
DA:423,6
DA:424,6
DA:425,6
DA:426,6
DA:427,6
DA:429,6
DA:431,6
DA:433,6
DA:434,6
DA:435,6
DA:436,6
DA:437,6
DA:438,6
DA:439,6
DA:440,6
DA:441,6
DA:443,6
DA:445,6
DA:446,6
DA:447,6
DA:448,6
DA:449,6
DA:450,6
DA:451,6
DA:453,6
DA:454,6
DA:455,6
DA:456,6
DA:462,6
DA:463,6
DA:464,6
DA:465,6
DA:467,6
DA:468,6
DA:470,6
DA:471,6
DA:472,6
DA:474,6
DA:475,6
DA:476,6
DA:478,6
DA:479,6
DA:480,6
DA:481,6
DA:482,6
DA:483,6
DA:484,6
DA:485,6
DA:487,6
DA:488,6
DA:489,6
DA:490,6
DA:492,6
DA:493,6
DA:494,6
DA:495,6
DA:497,6
DA:498,6
DA:499,6
DA:500,6
DA:501,6
DA:502,6
DA:503,6
DA:505,6
DA:506,6
DA:507,6
DA:508,6
DA:509,6
DA:511,6
DA:512,6
LF:374
LH:374
end_of_record
TN:
SF:/Users/jkh/Src/nanolang/tests/test_typechecker.c
FNL:0,101,103
FNA:0,6,test_tc_minimal_main
FNL:1,105,112
FNA:1,6,test_tc_arithmetic
FNL:2,114,121
FNA:2,6,test_tc_float_ops
FNL:3,123,130
FNA:3,6,test_tc_string_ops
FNL:4,132,142
FNA:4,6,test_tc_bool_ops
FNL:5,144,154
FNA:5,6,test_tc_if_else
FNL:6,156,165
FNA:6,6,test_tc_while_loop
FNL:7,167,176
FNA:7,6,test_tc_for_in_range
FNL:8,178,182
FNA:8,6,test_tc_function_call
FNL:9,184,190
FNA:9,6,test_tc_recursive_function
FNL:10,192,201
FNA:10,6,test_tc_struct_definition
FNL:11,203,210
FNA:11,6,test_tc_enum_definition
FNL:12,212,222
FNA:12,6,test_tc_union_definition
FNL:13,224,230
FNA:13,6,test_tc_array_literal
FNL:14,232,242
FNA:14,6,test_tc_match_int
FNL:15,244,253
FNA:15,6,test_tc_print_builtin
FNL:16,255,262
FNA:16,6,test_tc_assert_builtin
FNL:17,264,275
FNA:17,6,test_tc_comparison_ops
FNL:18,277,293
FNA:18,6,test_tc_string_builtins
FNL:19,29,29
FNA:19,0,get_project_root
FNL:20,295,311
FNA:20,6,test_tc_math_builtins
FNL:21,313,322
FNA:21,6,test_tc_list_operations
FNL:22,324,332
FNA:22,6,test_tc_hashmap_operations
FNL:23,33,37
FNA:23,342,suppress_stderr
FNL:24,334,343
FNA:24,6,test_tc_tuple_return
FNL:25,345,355
FNA:25,6,test_tc_break_continue
FNL:26,357,362
FNA:26,6,test_tc_module_level
FNL:27,364,369
FNA:27,6,test_tc_constants
FNL:28,371,380
FNA:28,6,test_tc_cond_expr
FNL:29,38,42
FNA:29,342,restore_stderr
FNL:30,382,387
FNA:30,6,test_tc_nested_functions
FNL:31,393,401
FNA:31,6,test_tc_err_null_program
FNL:32,403,406
FNA:32,6,test_tc_err_undefined_variable
FNL:33,408,411
FNA:33,6,test_tc_err_wrong_return_type
FNL:34,413,417
FNA:34,6,test_tc_err_wrong_arg_count
FNL:35,419,425
FNA:35,6,test_tc_err_type_mismatch_add
FNL:36,427,435
FNA:36,6,test_tc_err_set_immutable
FNL:37,437,440
FNA:37,6,test_tc_err_undefined_function
FNL:38,442,451
FNA:38,6,test_tc_err_struct_unknown_field
FNL:39,453,459
FNA:39,6,test_tc_err_return_in_non_function
FNL:40,461,467
FNA:40,6,test_tc_err_break_outside_loop
FNL:41,469,475
FNA:41,6,test_tc_err_continue_outside_loop
FNL:42,477,484
FNA:42,6,test_tc_err_list_wrong_type
FNL:43,486,493
FNA:43,6,test_tc_err_str_length_wrong_arg
FNL:44,495,501
FNA:44,6,test_tc_err_comparison_type_mismatch
FNL:45,503,511
FNA:45,6,test_tc_err_map_wrong_key_type
FNL:46,513,519
FNA:46,6,test_tc_err_assert_non_bool
FNL:47,525,529
FNA:47,6,test_tc_module_public_functions
FNL:48,531,537
FNA:48,6,test_tc_module_struct_export
FNL:49,539,543
FNA:49,6,test_tc_module_with_constants
FNL:50,54,60
FNA:50,336,parse_ctx_init
FNL:51,549,552
FNA:51,6,test_tc_empty_program
FNL:52,554,559
FNA:52,6,test_tc_multiple_returns
FNL:53,561,575
FNA:53,6,test_tc_nested_if
FNL:54,577,585
FNA:54,6,test_tc_string_concat
FNL:55,587,593
FNA:55,6,test_tc_modulo_op
FNL:56,595,601
FNA:56,6,test_tc_unary_negate
FNL:57,603,610
FNA:57,6,test_tc_char_at
FNL:58,612,619
FNA:58,6,test_tc_int_to_string
FNL:59,62,65
FNA:59,336,parse_ctx_free
FNL:60,621,628
FNA:60,6,test_tc_string_to_int
FNL:61,630,637
FNA:61,6,test_tc_shadow
FNL:62,643,712
FNA:62,6,main
FNL:63,68,80
FNA:63,306,tc_passes
FNL:64,83,95
FNA:64,30,tc_module_passes
FNF:65
FNH:64
DA:29,0
DA:33,342
DA:34,342
DA:35,342
DA:36,342
DA:37,342
DA:38,342
DA:39,342
DA:40,342
DA:41,342
DA:42,342
DA:54,336
DA:55,336
DA:56,336
DA:57,336
DA:58,336
DA:59,336
DA:60,336
DA:62,336
DA:63,336
DA:64,336
DA:65,336
DA:68,306
DA:70,306
DA:71,306
DA:72,306
DA:73,306
DA:74,306
DA:75,306
DA:76,306
DA:77,306
DA:78,306
DA:79,306
DA:80,306
DA:83,30
DA:85,30
DA:86,30
DA:87,30
DA:88,30
DA:89,30
DA:90,30
DA:91,30
DA:92,30
DA:93,30
DA:94,30
DA:95,30
DA:101,6
DA:102,6
DA:103,6
DA:105,6
DA:106,6
DA:112,6
DA:114,6
DA:115,6
DA:121,6
DA:123,6
DA:124,6
DA:130,6
DA:132,6
DA:133,6
DA:142,6
DA:144,6
DA:145,6
DA:154,6
DA:156,6
DA:157,6
DA:165,6
DA:167,6
DA:168,6
DA:176,6
DA:178,6
DA:179,6
DA:182,6
DA:184,6
DA:185,6
DA:190,6
DA:192,6
DA:193,6
DA:201,6
DA:203,6
DA:204,6
DA:210,6
DA:212,6
DA:213,6
DA:222,6
DA:224,6
DA:225,6
DA:230,6
DA:232,6
DA:233,6
DA:242,6
DA:244,6
DA:245,6
DA:253,6
DA:255,6
DA:256,6
DA:262,6
DA:264,6
DA:265,6
DA:275,6
DA:277,6
DA:278,6
DA:293,6
DA:295,6
DA:296,6
DA:311,6
DA:313,6
DA:314,6
DA:322,6
DA:324,6
DA:325,6
DA:332,6
DA:334,6
DA:335,6
DA:343,6
DA:345,6
DA:346,6
DA:355,6
DA:357,6
DA:359,6
DA:362,6
DA:364,6
DA:365,6
DA:369,6
DA:371,6
DA:372,6
DA:380,6
DA:382,6
DA:383,6
DA:387,6
DA:393,6
DA:395,6
DA:396,6
DA:397,6
DA:398,6
DA:399,6
DA:400,6
DA:401,6
DA:403,6
DA:404,6
DA:406,6
DA:408,6
DA:409,6
DA:411,6
DA:413,6
DA:414,6
DA:417,6
DA:419,6
DA:420,6
DA:425,6
DA:427,6
DA:429,6
DA:435,6
DA:437,6
DA:438,6
DA:440,6
DA:442,6
DA:443,6
DA:451,6
DA:453,6
DA:456,6
DA:459,6
DA:461,6
DA:462,6
DA:467,6
DA:469,6
DA:470,6
DA:475,6
DA:477,6
DA:479,6
DA:484,6
DA:486,6
DA:488,6
DA:493,6
DA:495,6
DA:496,6
DA:501,6
DA:503,6
DA:505,6
DA:511,6
DA:513,6
DA:514,6
DA:519,6
DA:525,6
DA:526,6
DA:529,6
DA:531,6
DA:532,6
DA:537,6
DA:539,6
DA:540,6
DA:543,6
DA:549,6
DA:551,6
DA:552,6
DA:554,6
DA:555,6
DA:559,6
DA:561,6
DA:562,6
DA:575,6
DA:577,6
DA:578,6
DA:585,6
DA:587,6
DA:588,6
DA:593,6
DA:595,6
DA:596,6
DA:601,6
DA:603,6
DA:604,6
DA:610,6
DA:612,6
DA:613,6
DA:619,6
DA:621,6
DA:622,6
DA:628,6
DA:630,6
DA:631,6
DA:637,6
DA:643,6
DA:644,6
DA:646,6
DA:647,6
DA:648,6
DA:649,6
DA:650,6
DA:651,6
DA:652,6
DA:653,6
DA:654,6
DA:655,6
DA:656,6
DA:657,6
DA:658,6
DA:659,6
DA:660,6
DA:661,6
DA:662,6
DA:663,6
DA:664,6
DA:665,6
DA:666,6
DA:667,6
DA:668,6
DA:669,6
DA:670,6
DA:671,6
DA:672,6
DA:673,6
DA:674,6
DA:676,6
DA:677,6
DA:678,6
DA:679,6
DA:680,6
DA:681,6
DA:682,6
DA:683,6
DA:684,6
DA:685,6
DA:686,6
DA:687,6
DA:688,6
DA:689,6
DA:690,6
DA:691,6
DA:692,6
DA:694,6
DA:695,6
DA:696,6
DA:697,6
DA:699,6
DA:700,6
DA:701,6
DA:702,6
DA:703,6
DA:704,6
DA:705,6
DA:706,6
DA:707,6
DA:708,6
DA:709,6
DA:711,6
DA:712,6
LF:287
LH:286
end_of_record
TN:
SF:/Users/jkh/Src/nanolang/tests/test_wasm_profiler.c
FNL:0,12,14
FNA:0,6,main
FNF:1
FNH:1
DA:12,6
DA:13,6
DA:14,6
LF:3
LH:3
end_of_record
TN:
SF:/Users/jkh/Src/nanolang/tests/test_wasm_simd.c
FNL:0,115,130
FNA:0,6,test_detect_reduce_int
FNL:1,132,146
FNA:1,6,test_detect_elementwise_float
FNL:2,148,162
FNA:2,6,test_detect_elementwise_int
FNL:3,164,180
FNA:3,6,test_detect_vector_params_function
FNL:4,182,205
FNA:4,6,test_detect_multiple_patterns
FNL:5,207,210
FNA:5,6,test_print_summary_empty
FNL:6,212,231
FNA:6,6,test_detect_nested_expressions
FNL:7,233,251
FNA:7,6,test_detect_while_body
FNL:8,257,274
FNA:8,6,main
FNL:9,28,28
FNA:9,0,get_project_root
FNL:10,31,38
FNA:10,66,parse_nano
FNL:11,44,49
FNA:11,6,test_detect_null_program
FNL:12,51,60
FNA:12,6,test_detect_empty_program
FNL:13,62,79
FNA:13,6,test_detect_map_float
FNL:14,81,96
FNA:14,6,test_detect_map_int
FNL:15,98,113
FNA:15,6,test_detect_reduce_float
FNF:16
FNH:15
DA:28,0
DA:31,66
DA:32,66
DA:33,66
DA:34,66
DA:35,66
DA:36,66
DA:37,66
DA:38,66
DA:44,6
DA:45,6
DA:46,6
DA:47,6
DA:48,6
DA:49,6
DA:51,6
DA:52,6
DA:53,6
DA:54,6
DA:55,6
DA:57,6
DA:58,6
DA:59,6
DA:60,6
DA:62,6
DA:64,6
DA:71,6
DA:72,6
DA:73,6
DA:75,6
DA:76,6
DA:77,6
DA:78,6
DA:79,6
DA:81,6
DA:83,6
DA:90,6
DA:91,6
DA:92,6
DA:93,6
DA:94,6
DA:95,6
DA:96,6
DA:98,6
DA:100,6
DA:107,6
DA:108,6
DA:109,6
DA:110,6
DA:111,6
DA:112,6
DA:113,6
DA:115,6
DA:117,6
DA:124,6
DA:125,6
DA:126,6
DA:127,6
DA:128,6
DA:129,6
DA:130,6
DA:132,6
DA:134,6
DA:140,6
DA:141,6
DA:142,6
DA:143,6
DA:144,6
DA:145,6
DA:146,6
DA:148,6
DA:150,6
DA:156,6
DA:157,6
DA:158,6
DA:159,6
DA:160,6
DA:161,6
DA:162,6
DA:164,6
DA:166,6
DA:173,6
DA:174,6
DA:175,6
DA:177,6
DA:178,6
DA:179,6
DA:180,6
DA:182,6
DA:184,6
DA:196,6
DA:197,6
DA:198,6
DA:200,6
DA:202,6
DA:203,6
DA:204,6
DA:205,6
DA:207,6
DA:209,6
DA:210,6
DA:212,6
DA:214,6
DA:225,6
DA:226,6
DA:227,6
DA:228,6
DA:229,6
DA:230,6
DA:231,6
DA:233,6
DA:235,6
DA:245,6
DA:246,6
DA:247,6
DA:248,6
DA:249,6
DA:250,6
DA:251,6
DA:257,6
DA:258,6
DA:259,6
DA:260,6
DA:261,6
DA:262,6
DA:263,6
DA:264,6
DA:265,6
DA:266,6
DA:267,6
DA:268,6
DA:269,6
DA:270,6
DA:271,6
DA:273,6
DA:274,6
LF:136
LH:135
end_of_record
TN:
SF:/Users/jkh/Src/nanolang/tools/generate_module_index.c
FNL:0,17,36
FNA:0,132,read_file
FNL:1,39,46
FNA:1,1192,ends_with
FNL:2,49,63
FNA:2,3,find_manifests
FNL:3,65,155
FNA:3,3,main
FNF:4
FNH:4
DA:17,132
DA:18,132
DA:19,132
DA:21,132
DA:22,132
DA:23,132
DA:25,132
DA:26,132
DA:27,0
DA:28,0
DA:31,132
DA:32,132
DA:33,132
DA:35,132
DA:36,132
DA:39,1192
DA:40,1192
DA:41,1192
DA:43,1192
DA:45,1141
DA:46,1192
DA:49,3
DA:50,3
DA:51,3
DA:53,3
DA:55,1195
DA:56,1192
DA:57,1192
DA:58,132
DA:59,132
DA:60,1192
DA:62,3
DA:63,3
DA:65,3
DA:66,3
DA:67,3
DA:69,3
DA:70,3
DA:72,3
DA:75,3
DA:76,3
DA:77,0
DA:78,0
DA:81,3
DA:84,3
DA:85,3
DA:88,3
DA:89,3
DA:90,3
DA:91,3
DA:92,3
DA:94,3
DA:97,3
DA:99,135
DA:100,132
DA:103,132
DA:104,132
DA:105,0
DA:106,0
DA:109,132
DA:110,132
DA:112,132
DA:113,0
DA:114,0
DA:118,132
DA:119,132
DA:120,132
DA:121,132
DA:123,132
DA:124,132
DA:126,3
DA:129,3
DA:130,3
DA:131,3
DA:132,3
DA:133,3
DA:136,3
DA:137,3
DA:138,3
DA:139,0
DA:140,0
DA:141,0
DA:142,0
DA:145,3
DA:146,3
DA:148,3
DA:149,3
DA:151,3
DA:152,3
DA:154,3
DA:155,3
LF:91
LH:79
end_of_record
