TN:
SF:/Users/jkh/Src/nanolang/modules/std/fs.c
FNL:0,123,126
FNA:0,0,path_normalize
FNL:1,130,152
FNA:1,0,path_join
FNL:2,155,171
FNA:2,0,path_basename
FNL:3,174,190
FNA:3,0,path_dirname
FNL:4,192,198
FNA:4,0,path_append
FNL:5,20,48
FNA:5,119,walkdir_recursive
FNL:6,201,258
FNA:6,0,path_relpath
FNL:7,261,280
FNA:7,0,file_read
FNL:8,283,291
FNA:8,0,file_write
FNL:9,294,302
FNA:9,0,file_append
FNL:10,305,306
FNA:10,0,file_exists
FNL:11,310,311
FNA:11,0,file_delete
FNL:12,315,342
FNA:12,0,fs_mkdir_p
FNL:13,345,373
FNA:13,0,file_copy
FNL:14,376,420
FNA:14,0,dir_copy
FNL:15,51,57
FNA:15,2,fs_walkdir
FNL:16,60,120
FNA:16,0,path_normalize_into
FNF:17
FNH:2
DA:20,119
DA:21,119
DA:22,119
DA:25,1267
DA:27,1148
DA:28,238
DA:33,910
DA:36,910
DA:37,910
DA:39,793
DA:40,910
DA:42,117
DA:43,117
DA:44,910
DA:47,119
DA:48,119
DA:51,2
DA:52,2
DA:53,2
DA:55,2
DA:56,2
DA:57,2
DA:60,0
DA:61,0
DA:62,0
DA:63,0
DA:66,0
DA:69,0
DA:70,0
DA:71,0
DA:72,0
DA:77,0
DA:79,0
DA:80,0
DA:81,0
DA:82,0
DA:84,0
DA:86,0
DA:87,0
DA:88,0
DA:90,0
DA:91,0
DA:92,0
DA:94,0
DA:96,0
DA:100,0
DA:101,0
DA:102,0
DA:103,0
DA:105,0
DA:106,0
DA:107,0
DA:108,0
DA:109,0
DA:110,0
DA:111,0
DA:112,0
DA:115,0
DA:116,0
DA:117,0
DA:119,0
DA:120,0
DA:123,0
DA:125,0
DA:126,0
DA:130,0
DA:133,0
DA:134,0
DA:135,0
DA:138,0
DA:139,0
DA:140,0
DA:144,0
DA:145,0
DA:146,0
DA:147,0
DA:148,0
DA:151,0
DA:152,0
DA:155,0
DA:156,0
DA:157,0
DA:161,0
DA:162,0
DA:163,0
DA:166,0
DA:167,0
DA:168,0
DA:170,0
DA:171,0
DA:174,0
DA:175,0
DA:176,0
DA:180,0
DA:181,0
DA:182,0
DA:185,0
DA:186,0
DA:187,0
DA:189,0
DA:190,0
DA:192,0
DA:193,0
DA:194,0
DA:195,0
DA:196,0
DA:197,0
DA:198,0
DA:201,0
DA:204,0
DA:205,0
DA:210,0
DA:211,0
DA:215,0
DA:216,0
DA:220,0
DA:221,0
DA:223,0
DA:224,0
DA:225,0
DA:226,0
DA:227,0
DA:230,0
DA:231,0
DA:232,0
DA:233,0
DA:234,0
DA:237,0
DA:238,0
DA:239,0
DA:240,0
DA:243,0
DA:245,0
DA:246,0
DA:247,0
DA:249,0
DA:250,0
DA:251,0
DA:253,0
DA:254,0
DA:255,0
DA:257,0
DA:258,0
DA:261,0
DA:262,0
DA:263,0
DA:265,0
DA:266,0
DA:267,0
DA:269,0
DA:270,0
DA:271,0
DA:272,0
DA:275,0
DA:276,0
DA:277,0
DA:279,0
DA:280,0
DA:283,0
DA:284,0
DA:285,0
DA:287,0
DA:288,0
DA:290,0
DA:291,0
DA:294,0
DA:295,0
DA:296,0
DA:298,0
DA:299,0
DA:301,0
DA:302,0
DA:305,0
DA:306,0
DA:310,0
DA:311,0
DA:315,0
DA:316,0
DA:319,0
DA:320,0
DA:322,0
DA:323,0
DA:324,0
DA:325,0
DA:327,0
DA:328,0
DA:329,0
DA:330,0
DA:331,0
DA:332,0
DA:334,0
DA:335,0
DA:336,0
DA:338,0
DA:339,0
DA:341,0
DA:342,0
DA:345,0
DA:346,0
DA:347,0
DA:348,0
DA:349,0
DA:350,0
DA:351,0
DA:355,0
DA:356,0
DA:357,0
DA:358,0
DA:359,0
DA:360,0
DA:364,0
DA:365,0
DA:366,0
DA:367,0
DA:370,0
DA:371,0
DA:372,0
DA:373,0
DA:376,0
DA:378,0
DA:379,0
DA:382,0
DA:383,0
DA:386,0
DA:387,0
DA:390,0
DA:391,0
DA:392,0
DA:397,0
DA:398,0
DA:400,0
DA:401,0
DA:402,0
DA:405,0
DA:406,0
DA:407,0
DA:408,0
DA:410,0
DA:411,0
DA:412,0
DA:413,0
DA:415,0
DA:418,0
DA:419,0
DA:420,0
LF:245
LH:22
end_of_record
TN:
SF:/Users/jkh/Src/nanolang/src/bench.c
FNL:0,105,115
FNA:0,2,calibrate
FNL:1,120,172
FNA:1,6,bench_run_one
FNL:2,176,198
FNA:2,6,bench_print_json
FNL:3,200,205
FNA:3,5,bench_print_human
FNL:4,209,278
FNA:4,4,bench_run_program
FNL:5,42,46
FNA:5,400000444,clock_ns
FNL:6,60,101
FNA:6,4,collect_bench_fns
FNF:7
FNH:7
DA:42,400000444
DA:45,400000444
DA:46,400000444
DA:60,4
DA:62,4
DA:64,4
DA:65,14
DA:66,10
DA:67,10
DA:71,10
DA:72,0
DA:73,0
DA:74,0
DA:75,0
DA:78,10
DA:80,10
DA:83,10
DA:84,10
DA:85,10
DA:86,4
DA:87,10
DA:89,10
DA:90,6
DA:91,6
DA:92,6
DA:93,6
DA:94,6
DA:95,10
DA:96,10
DA:99,0
DA:100,0
DA:101,4
DA:105,2
DA:107,2
DA:108,2
DA:109,2
DA:110,2
DA:112,2
DA:113,2
DA:114,2
DA:115,2
DA:120,6
DA:124,6
DA:125,6
DA:126,6
DA:127,6
DA:128,6
DA:131,6
DA:132,6
DA:135,6
DA:136,6
DA:137,6
DA:138,6
DA:141,200000226
DA:142,200000220
DA:143,200000220
DA:144,200000220
DA:145,200000220
DA:146,200000220
DA:149,6
DA:150,200000226
DA:151,200000220
DA:152,200000220
DA:153,200000220
DA:154,200000220
DA:155,6
DA:157,6
DA:158,200000226
DA:159,200000220
DA:160,200000220
DA:161,200000220
DA:162,6
DA:164,6
DA:165,6
DA:166,6
DA:167,6
DA:168,6
DA:170,6
DA:171,6
DA:172,6
DA:176,6
DA:177,12
DA:189,6
DA:190,6
DA:191,6
DA:192,6
DA:193,6
DA:194,6
DA:195,6
DA:196,6
DA:197,6
DA:198,6
DA:200,5
DA:201,10
DA:202,5
DA:203,5
DA:204,5
DA:205,5
DA:209,4
DA:212,4
DA:213,4
DA:215,4
DA:216,1
DA:219,1
DA:222,3
DA:223,0
DA:226,3
DA:228,3
DA:229,9
DA:230,6
DA:232,6
DA:233,0
DA:235,0
DA:236,0
DA:241,24
DA:242,6
DA:243,6
DA:244,6
DA:247,6
DA:248,6
DA:250,2
DA:251,2
DA:252,0
DA:253,0
DA:254,2
DA:256,12
DA:257,6
DA:258,6
DA:259,0
DA:260,0
DA:261,0
DA:264,6
DA:265,2
DA:266,2
DA:268,0
DA:269,2
DA:271,6
DA:272,2
DA:274,4
DA:275,6
DA:277,3
DA:278,4
LF:142
LH:126
end_of_record
TN:
SF:/Users/jkh/Src/nanolang/src/bench_native.c
FNL:0,11,25
FNA:0,200000228,bench_native_run
FNF:1
FNH:1
DA:11,200000228
DA:12,200000228
DA:13,200000228
DA:15,400000676
DA:23,200000448
DA:24,200000448
DA:25,200000228
LF:7
LH:7
end_of_record
TN:
SF:/Users/jkh/Src/nanolang/src/builtins_registry.c
FNL:0,244,252
FNA:0,19472,builtin_find
FNL:1,254,256
FNA:1,11662,builtin_c_name
FNL:2,259,260
FNA:2,4,builtin_is_known
FNF:3
FNH:3
DA:244,19472
DA:245,19472
DA:246,2731490
DA:247,2713789
DA:248,1771
DA:250,2712018
DA:251,17701
DA:252,19472
DA:254,11662
DA:255,11662
DA:256,11662
DA:259,4
DA:260,4
LF:13
LH:13
end_of_record
TN:
SF:/Users/jkh/Src/nanolang/src/c_backend.c
FNL:0,1015,1054
FNA:0,18,emit_forward_decls
FNL:1,1057,1101
FNA:1,18,emit_program
FNL:2,1104,1113
FNA:2,10,c_backend_emit_fp
FNL:3,1116,1140
FNA:3,8,c_backend_emit
FNL:4,127,134
FNA:4,0,fmt_for_type
FNL:5,142,172
FNA:5,18,emit_preamble
FNL:6,175,495
FNA:6,130,emit_expr
FNL:7,47,50
FNA:7,34,ctx_push_scope
FNL:8,498,865
FNA:8,56,emit_stmt
FNL:9,52,55
FNA:9,34,ctx_pop_scope
FNL:10,57,63
FNA:10,39,ctx_add_sym
FNL:11,65,71
FNA:11,21,ctx_lookup_type
FNL:12,74,77
FNA:12,62,emit_indent
FNL:13,80,90
FNA:13,121,c_type
FNL:14,871,882
FNA:14,6,emit_block_body
FNL:15,885,906
FNA:15,1,emit_struct_def
FNL:16,908,922
FNA:16,1,emit_enum_def
FNL:17,924,952
FNA:17,0,emit_union_def
FNL:18,93,124
FNA:18,31,infer_expr_type
FNL:19,955,1012
FNA:19,28,emit_function
FNF:20
FNH:18
DA:47,34
DA:48,34
DA:49,34
DA:50,34
DA:52,34
DA:53,34
DA:54,34
DA:55,34
DA:57,39
DA:58,39
DA:59,39
DA:60,39
DA:61,39
DA:62,39
DA:63,39
DA:65,21
DA:66,29
DA:67,29
DA:68,21
DA:69,8
DA:70,0
DA:71,21
DA:74,62
DA:75,202
DA:76,140
DA:77,62
DA:80,121
DA:81,121
DA:82,98
DA:83,0
DA:84,5
DA:85,4
DA:86,14
DA:87,0
DA:88,0
DA:90,121
DA:93,31
DA:94,31
DA:95,31
DA:96,2
DA:97,0
DA:98,0
DA:99,3
DA:100,21
DA:101,0
DA:104,3
DA:105,3
DA:106,3
DA:107,0
DA:108,3
DA:109,0
DA:110,0
DA:112,2
DA:113,4
DA:114,2
DA:115,2
DA:116,0
DA:118,2
DA:119,2
DA:120,0
DA:122,0
DA:124,31
DA:127,0
DA:128,0
DA:129,0
DA:130,0
DA:131,0
DA:132,0
DA:134,0
DA:142,18
DA:143,18
DA:144,18
DA:145,18
DA:146,18
DA:147,18
DA:148,18
DA:149,18
DA:150,18
DA:153,18
DA:162,18
DA:168,18
DA:172,18
DA:175,130
DA:176,130
DA:177,0
DA:178,0
DA:179,0
DA:180,0
DA:183,130
DA:185,23
DA:186,23
DA:189,1
DA:190,1
DA:193,0
DA:194,0
DA:198,6
DA:199,6
DA:200,45
DA:201,39
DA:202,0
DA:203,0
DA:204,0
DA:205,0
DA:206,0
DA:207,39
DA:209,39
DA:210,6
DA:211,6
DA:215,55
DA:216,55
DA:219,25
DA:220,25
DA:223,25
DA:224,1
DA:225,1
DA:226,1
DA:227,1
DA:228,1
DA:232,24
DA:233,0
DA:234,0
DA:235,0
DA:236,0
DA:237,0
DA:241,24
DA:242,11
DA:243,11
DA:244,11
DA:245,1
DA:246,1
DA:247,1
DA:248,1
DA:249,1
DA:250,1
DA:252,10
DA:254,23
DA:255,0
DA:256,0
DA:259,23
DA:260,23
DA:261,10
DA:262,1
DA:263,8
DA:264,0
DA:265,0
DA:266,0
DA:267,0
DA:268,2
DA:269,1
DA:270,1
DA:271,0
DA:272,0
DA:273,0
DA:275,0
DA:276,0
DA:279,23
DA:280,23
DA:281,23
DA:282,23
DA:283,23
DA:284,23
DA:288,18
DA:290,18
DA:291,6
DA:292,7
DA:293,7
DA:294,7
DA:295,6
DA:296,7
DA:297,0
DA:298,1
DA:299,0
DA:300,0
DA:301,1
DA:303,7
DA:304,7
DA:305,1
DA:306,7
DA:307,7
DA:310,13
DA:311,3
DA:312,3
DA:313,3
DA:314,3
DA:315,3
DA:317,6
DA:318,0
DA:319,0
DA:320,0
DA:321,0
DA:322,0
DA:324,6
DA:325,0
DA:326,0
DA:327,0
DA:328,0
DA:329,0
DA:332,6
DA:333,6
DA:334,6
DA:335,0
DA:336,0
DA:337,0
DA:338,0
DA:339,0
DA:340,0
DA:342,6
DA:343,16
DA:344,10
DA:345,10
DA:346,10
DA:347,6
DA:348,6
DA:353,0
DA:354,0
DA:355,0
DA:356,0
DA:357,0
DA:358,0
DA:359,0
DA:360,0
DA:361,0
DA:362,0
DA:363,0
DA:364,0
DA:365,0
DA:366,0
DA:367,0
DA:372,0
DA:373,0
DA:374,0
DA:375,0
DA:376,0
DA:377,0
DA:378,0
DA:379,0
DA:380,0
DA:382,0
DA:383,0
DA:388,0
DA:389,0
DA:390,0
DA:391,0
DA:392,0
DA:393,0
DA:394,0
DA:395,0
DA:396,0
DA:398,0
DA:399,0
DA:400,0
DA:401,0
DA:402,0
DA:403,0
DA:408,0
DA:409,0
DA:411,0
DA:412,0
DA:416,1
DA:417,3
DA:418,2
DA:419,2
DA:420,2
DA:421,2
DA:422,1
DA:423,1
DA:427,1
DA:428,1
DA:429,1
DA:433,0
DA:434,0
DA:435,0
DA:436,0
DA:437,0
DA:438,0
DA:439,0
DA:440,0
DA:441,0
DA:442,0
DA:443,0
DA:444,0
DA:445,0
DA:446,0
DA:447,0
DA:448,0
DA:449,0
DA:450,0
DA:454,0
DA:455,0
DA:456,0
DA:457,0
DA:458,0
DA:459,0
DA:460,0
DA:465,0
DA:466,0
DA:468,0
DA:469,0
DA:474,0
DA:475,0
DA:480,0
DA:485,0
DA:489,0
DA:490,0
DA:491,0
DA:492,0
DA:493,0
DA:495,128
DA:498,56
DA:499,56
DA:501,56
DA:503,11
DA:504,11
DA:506,11
DA:507,0
DA:508,0
DA:509,11
DA:510,0
DA:511,0
DA:512,11
DA:513,0
DA:514,0
DA:515,0
DA:516,11
DA:518,11
DA:519,11
DA:520,11
DA:521,11
DA:522,11
DA:523,11
DA:527,4
DA:528,4
DA:529,4
DA:530,4
DA:531,4
DA:535,30
DA:536,30
DA:537,30
DA:538,30
DA:539,30
DA:540,30
DA:541,30
DA:544,0
DA:545,0
DA:548,0
DA:549,0
DA:552,0
DA:553,0
DA:554,0
DA:555,0
DA:556,0
DA:557,0
DA:558,0
DA:559,0
DA:560,0
DA:561,0
DA:563,0
DA:564,0
DA:565,0
DA:566,0
DA:567,0
DA:568,0
DA:569,0
DA:570,0
DA:572,0
DA:574,0
DA:575,0
DA:576,0
DA:577,0
DA:578,0
DA:582,0
DA:583,0
DA:584,0
DA:586,0
DA:587,0
DA:591,2
DA:592,2
DA:593,2
DA:594,2
DA:595,2
DA:596,2
DA:597,0
DA:598,0
DA:600,2
DA:601,2
DA:602,2
DA:603,2
DA:604,2
DA:605,2
DA:606,2
DA:607,2
DA:608,2
DA:609,0
DA:610,0
DA:612,2
DA:613,2
DA:614,2
DA:615,2
DA:616,2
DA:617,2
DA:618,2
DA:622,2
DA:623,2
DA:624,2
DA:625,2
DA:626,2
DA:627,2
DA:628,0
DA:629,0
DA:631,2
DA:632,2
DA:633,2
DA:634,2
DA:635,2
DA:639,0
DA:640,0
DA:641,0
DA:643,0
DA:644,0
DA:645,0
DA:646,0
DA:647,0
DA:648,0
DA:649,0
DA:650,0
DA:651,0
DA:652,0
DA:653,0
DA:654,0
DA:656,0
DA:657,0
DA:658,0
DA:659,0
DA:660,0
DA:662,0
DA:663,0
DA:664,0
DA:665,0
DA:666,0
DA:670,0
DA:671,0
DA:672,0
DA:673,0
DA:674,0
DA:675,0
DA:676,0
DA:677,0
DA:679,0
DA:680,0
DA:681,0
DA:682,0
DA:683,0
DA:684,0
DA:688,0
DA:689,0
DA:690,0
DA:691,0
DA:692,0
DA:693,0
DA:694,0
DA:695,0
DA:696,0
DA:698,0
DA:699,0
DA:701,0
DA:702,0
DA:703,0
DA:704,0
DA:706,0
DA:707,0
DA:708,0
DA:709,0
DA:710,0
DA:711,0
DA:714,0
DA:715,0
DA:716,0
DA:717,0
DA:718,0
DA:719,0
DA:720,0
DA:722,0
DA:723,0
DA:724,0
DA:726,0
DA:727,0
DA:728,0
DA:729,0
DA:730,0
DA:731,0
DA:732,0
DA:733,0
DA:734,0
DA:736,0
DA:737,0
DA:738,0
DA:739,0
DA:741,0
DA:742,0
DA:743,0
DA:744,0
DA:745,0
DA:746,0
DA:747,0
DA:748,0
DA:749,0
DA:750,0
DA:751,0
DA:755,0
DA:756,0
DA:757,0
DA:758,0
DA:759,0
DA:761,0
DA:762,0
DA:763,0
DA:764,0
DA:768,0
DA:769,0
DA:772,0
DA:773,0
DA:778,0
DA:781,0
DA:782,0
DA:783,0
DA:784,0
DA:785,0
DA:786,0
DA:787,0
DA:791,0
DA:792,0
DA:793,0
DA:794,0
DA:795,0
DA:796,0
DA:797,0
DA:798,0
DA:799,0
DA:800,0
DA:804,0
DA:805,0
DA:806,0
DA:807,0
DA:808,0
DA:809,0
DA:810,0
DA:811,0
DA:813,0
DA:814,0
DA:815,0
DA:816,0
DA:817,0
DA:818,0
DA:822,0
DA:823,0
DA:824,0
DA:825,0
DA:826,0
DA:827,0
DA:828,0
DA:829,0
DA:830,0
DA:831,0
DA:832,0
DA:833,0
DA:834,0
DA:836,0
DA:837,0
DA:838,0
DA:839,0
DA:840,0
DA:841,0
DA:842,0
DA:843,0
DA:844,0
DA:845,0
DA:846,0
DA:847,0
DA:848,0
DA:850,0
DA:851,0
DA:852,0
DA:853,0
DA:854,0
DA:855,0
DA:860,7
DA:861,7
DA:862,7
DA:865,56
DA:871,6
DA:872,6
DA:873,6
DA:874,14
DA:875,8
DA:876,8
DA:877,8
DA:878,6
DA:880,0
DA:881,0
DA:882,6
DA:885,1
DA:886,1
DA:887,1
DA:888,3
DA:889,2
DA:890,2
DA:891,2
DA:892,2
DA:893,0
DA:894,0
DA:895,0
DA:896,2
DA:897,0
DA:898,0
DA:900,0
DA:901,0
DA:902,2
DA:904,2
DA:905,1
DA:906,1
DA:908,1
DA:909,1
DA:910,1
DA:911,4
DA:912,3
DA:913,6
DA:914,3
DA:915,3
DA:916,3
DA:917,3
DA:918,3
DA:919,3
DA:920,3
DA:921,1
DA:922,1
DA:924,0
DA:925,0
DA:926,0
DA:928,0
DA:929,0
DA:930,0
DA:931,0
DA:932,0
DA:933,0
DA:934,0
DA:936,0
DA:937,0
DA:938,0
DA:939,0
DA:940,0
DA:941,0
DA:942,0
DA:943,0
DA:944,0
DA:945,0
DA:946,0
DA:947,0
DA:948,0
DA:949,0
DA:950,0
DA:951,0
DA:952,0
DA:955,28
DA:956,28
DA:958,28
DA:961,28
DA:962,2
DA:964,2
DA:965,2
DA:966,26
DA:969,28
DA:970,56
DA:971,28
DA:972,28
DA:973,28
DA:974,0
DA:975,28
DA:976,0
DA:977,0
DA:978,28
DA:980,28
DA:981,28
DA:983,28
DA:984,56
DA:985,28
DA:986,28
DA:987,28
DA:989,28
DA:990,28
DA:991,28
DA:992,76
DA:993,48
DA:994,48
DA:995,0
DA:996,0
DA:998,48
DA:999,28
DA:1000,0
DA:1001,0
DA:1002,0
DA:1003,0
DA:1006,28
DA:1008,28
DA:1009,28
DA:1010,28
DA:1011,28
DA:1012,28
DA:1015,18
DA:1016,18
DA:1017,18
DA:1018,18
DA:1019,18
DA:1020,18
DA:1021,18
DA:1022,18
DA:1023,0
DA:1024,0
DA:1026,53
DA:1027,35
DA:1028,35
DA:1029,28
DA:1030,28
DA:1033,28
DA:1034,2
DA:1036,2
DA:1037,2
DA:1038,26
DA:1040,28
DA:1041,56
DA:1042,28
DA:1043,28
DA:1044,28
DA:1045,0
DA:1046,28
DA:1047,0
DA:1049,28
DA:1050,28
DA:1051,28
DA:1052,28
DA:1053,18
DA:1054,18
DA:1057,18
DA:1058,18
DA:1059,18
DA:1061,18
DA:1062,18
DA:1063,18
DA:1064,18
DA:1065,0
DA:1066,0
DA:1070,53
DA:1071,35
DA:1072,35
DA:1073,35
DA:1074,1
DA:1075,1
DA:1076,0
DA:1077,33
DA:1079,35
DA:1082,18
DA:1085,53
DA:1086,35
DA:1087,35
DA:1088,35
DA:1090,0
DA:1091,0
DA:1094,28
DA:1095,28
DA:1097,7
DA:1099,35
DA:1100,18
DA:1101,18
DA:1104,10
DA:1107,10
DA:1108,10
DA:1109,10
DA:1110,10
DA:1112,10
DA:1113,10
DA:1116,8
DA:1118,8
DA:1119,8
DA:1120,0
DA:1121,0
DA:1122,0
DA:1126,8
DA:1127,8
DA:1128,8
DA:1129,8
DA:1131,8
DA:1132,8
DA:1134,8
DA:1135,8
DA:1136,0
DA:1137,0
DA:1138,0
DA:1139,8
DA:1140,8
LF:798
LH:372
end_of_record
TN:
SF:/Users/jkh/Src/nanolang/src/channel.c
FNL:0,13,25
FNA:0,16,channel_new
FNL:1,132,143
FNA:1,1,channel_send
FNL:2,145,154
FNA:2,2,channel_recv
FNL:3,158,179
FNA:3,4,channel_select
FNL:4,183,184
FNA:4,3,channel_registry_new
FNL:5,187,192
FNA:5,4,channel_registry_free
FNL:6,194,199
FNA:6,1,channel_registry_add
FNL:7,201,204
FNA:7,2,channel_registry_get
FNL:8,27,31
FNA:8,17,channel_free
FNL:9,33,36
FNA:9,2,channel_close
FNL:10,38,39
FNA:10,3,channel_is_closed
FNL:11,44,45
FNA:11,13,buf_full
FNL:12,48,49
FNA:12,12,buf_empty
FNL:13,52,57
FNA:13,12,buf_push
FNL:14,59,65
FNA:14,10,buf_pop
FNL:15,69,93
FNA:15,16,channel_try_send
FNL:16,95,123
FNA:16,12,channel_try_recv
FNF:17
FNH:17
DA:13,16
DA:14,16
DA:15,16
DA:16,16
DA:17,16
DA:18,12
DA:19,12
DA:20,12
DA:21,12
DA:22,16
DA:23,16
DA:24,16
DA:25,16
DA:27,17
DA:28,17
DA:29,16
DA:30,16
DA:31,17
DA:33,2
DA:34,2
DA:35,2
DA:36,2
DA:38,3
DA:39,3
DA:44,13
DA:45,13
DA:48,12
DA:49,12
DA:52,12
DA:53,12
DA:54,12
DA:55,12
DA:56,12
DA:57,12
DA:59,10
DA:60,10
DA:61,10
DA:62,10
DA:63,10
DA:64,10
DA:65,10
DA:69,16
DA:70,16
DA:73,16
DA:74,3
DA:76,0
DA:77,0
DA:78,0
DA:79,0
DA:81,3
DA:85,13
DA:86,12
DA:89,12
DA:90,0
DA:92,12
DA:93,16
DA:95,12
DA:96,12
DA:99,12
DA:100,10
DA:102,10
DA:103,0
DA:104,0
DA:105,0
DA:106,10
DA:110,2
DA:111,0
DA:112,0
DA:113,0
DA:117,2
DA:118,1
DA:119,1
DA:122,1
DA:123,12
DA:132,1
DA:133,1
DA:134,1
DA:135,0
DA:136,0
DA:138,1
DA:140,0
DA:141,0
DA:142,0
DA:143,1
DA:145,2
DA:146,2
DA:147,2
DA:148,1
DA:150,0
DA:152,0
DA:153,0
DA:154,2
DA:158,4
DA:159,4
DA:161,7
DA:162,5
DA:163,5
DA:164,5
DA:165,4
DA:166,4
DA:167,3
DA:168,3
DA:169,1
DA:170,1
DA:171,1
DA:172,1
DA:173,1
DA:175,0
DA:176,2
DA:178,2
DA:179,4
DA:183,3
DA:184,3
DA:187,4
DA:188,4
DA:189,4
DA:190,1
DA:191,3
DA:192,4
DA:194,1
DA:195,1
DA:196,1
DA:197,1
DA:198,1
DA:199,1
DA:201,2
DA:202,2
DA:203,1
DA:204,2
LF:129
LH:109
end_of_record
TN:
SF:/Users/jkh/Src/nanolang/src/colors.h
FNL:0,35,44
FNA:0,824,colors_enabled
FNF:1
FNH:1
DA:35,824
DA:38,824
DA:40,56
DA:41,56
DA:42,56
DA:44,824
LF:6
LH:6
end_of_record
TN:
SF:/Users/jkh/Src/nanolang/src/coroutine.c
FNL:0,102,145
FNA:0,15,nano_scheduler_step
FNL:1,148,159
FNA:1,2,nano_scheduler_run_until_done
FNL:2,162,215
FNA:2,2,nano_coro_await_id
FNL:3,218,227
FNA:3,9,nano_coro_result
FNL:4,229,231
FNA:4,10,nano_coro_is_done
FNL:5,234,244
FNA:5,16,nano_scheduler_pending_count
FNL:6,247,252
FNA:6,1,nano_coro_complete
FNL:7,254,265
FNA:7,1,nano_coro_error
FNL:8,267,270
FNA:8,1,nano_coro_current_id
FNL:9,30,40
FNA:9,19,nano_scheduler_init
FNL:10,43,50
FNA:10,21,coro_by_id
FNL:11,53,83
FNA:11,19,nano_coro_spawn
FNL:12,96,99
FNA:12,1,nano_coro_yield
FNF:13
FNH:13
DA:30,19
DA:31,19
DA:32,19
DA:33,19
DA:34,19
DA:35,1235
DA:36,1216
DA:37,1216
DA:38,1216
DA:39,1216
DA:40,19
DA:43,21
DA:44,41
DA:45,41
DA:46,21
DA:48,20
DA:49,0
DA:50,21
DA:53,19
DA:54,19
DA:57,19
DA:58,33
DA:59,47
DA:60,14
DA:61,14
DA:62,19
DA:63,19
DA:65,14
DA:66,19
DA:67,0
DA:68,0
DA:71,19
DA:72,19
DA:73,19
DA:74,19
DA:75,19
DA:76,19
DA:77,19
DA:78,19
DA:79,19
DA:80,19
DA:82,19
DA:83,19
DA:96,1
DA:99,1
DA:102,15
DA:103,15
DA:106,15
DA:107,92
DA:108,91
DA:109,91
DA:112,27
DA:113,0
DA:114,0
DA:115,0
DA:116,0
DA:117,0
DA:118,0
DA:120,27
DA:121,14
DA:122,14
DA:124,13
DA:126,15
DA:128,14
DA:129,14
DA:130,14
DA:131,14
DA:134,14
DA:137,14
DA:138,12
DA:139,12
DA:140,12
DA:142,14
DA:143,14
DA:144,14
DA:145,15
DA:148,2
DA:149,2
DA:151,2
DA:152,2
DA:153,10
DA:154,8
DA:156,2
DA:157,0
DA:158,0
DA:159,2
DA:162,2
DA:163,2
DA:164,2
DA:166,0
DA:167,0
DA:168,0
DA:172,2
DA:173,0
DA:177,2
DA:178,2
DA:179,6
DA:180,2
DA:182,2
DA:183,2
DA:185,2
DA:186,2
DA:187,2
DA:188,2
DA:189,2
DA:191,0
DA:192,2
DA:193,2
DA:194,2
DA:195,2
DA:196,2
DA:197,2
DA:198,2
DA:199,2
DA:200,2
DA:201,2
DA:202,2
DA:203,2
DA:205,0
DA:209,2
DA:212,0
DA:213,0
DA:214,0
DA:215,2
DA:218,9
DA:219,9
DA:220,9
DA:222,0
DA:223,0
DA:224,0
DA:226,9
DA:227,9
DA:229,10
DA:230,10
DA:231,20
DA:234,16
DA:235,16
DA:236,1040
DA:237,1024
DA:238,1048
DA:239,49
DA:240,24
DA:241,24
DA:242,24
DA:243,1024
DA:244,16
DA:247,1
DA:248,1
DA:249,1
DA:250,1
DA:251,1
DA:252,1
DA:254,1
DA:255,1
DA:256,1
DA:257,1
DA:258,1
DA:259,1
DA:260,1
DA:261,1
DA:262,1
DA:263,0
DA:265,1
DA:267,1
DA:268,1
DA:269,0
DA:270,1
LF:167
LH:142
end_of_record
TN:
SF:/Users/jkh/Src/nanolang/src/cps_pass.c
FNL:0,214,221
FNA:0,268,cps_pass_run
FNL:1,223,224
FNA:1,268,cps_pass
FNL:2,29,212
FNA:2,22219,cps_walk
FNF:3
FNH:3
DA:29,22219
DA:30,22219
DA:32,22174
DA:35,0
DA:36,0
DA:37,0
DA:38,0
DA:39,0
DA:42,0
DA:43,0
DA:44,0
DA:45,0
DA:46,0
DA:47,0
DA:50,0
DA:51,0
DA:52,0
DA:59,0
DA:60,0
DA:61,0
DA:63,0
DA:64,0
DA:65,0
DA:66,0
DA:67,0
DA:71,0
DA:72,0
DA:73,0
DA:74,0
DA:75,0
DA:76,0
DA:81,1253
DA:82,1253
DA:86,2722
DA:87,2454
DA:88,268
DA:92,7835
DA:93,5606
DA:94,2229
DA:98,1482
DA:99,1482
DA:102,291
DA:103,291
DA:106,504
DA:107,504
DA:108,504
DA:109,352
DA:110,504
DA:113,54
DA:114,54
DA:115,54
DA:118,27
DA:119,27
DA:120,27
DA:123,1693
DA:124,1692
DA:125,1693
DA:128,5618
DA:129,3110
DA:130,2508
DA:134,5226
DA:135,3434
DA:136,1792
DA:139,302
DA:140,302
DA:143,0
DA:144,0
DA:147,32
DA:148,112
DA:149,80
DA:150,32
DA:154,510
DA:155,344
DA:156,166
DA:160,155
DA:161,81
DA:162,74
DA:166,109
DA:167,75
DA:168,75
DA:169,75
DA:170,34
DA:171,34
DA:172,34
DA:176,43
DA:177,28
DA:178,15
DA:182,80
DA:183,56
DA:184,24
DA:207,9411
DA:210,15
DA:212,22219
DA:214,268
DA:215,268
DA:216,268
DA:217,268
DA:218,268
DA:219,0
DA:220,268
DA:221,268
DA:223,268
DA:224,268
LF:103
LH:72
end_of_record
TN:
SF:/Users/jkh/Src/nanolang/src/dce_pass.c
FNL:0,15,17
FNA:0,8,note
FNL:1,218,250
FNA:1,7,try_elim_if
FNL:2,262,291
FNA:2,20,elim_dead_lets
FNL:3,28,87
FNA:3,3,has_side_effect
FNL:4,295,299
FNA:4,37,dce_walk_arr
FNL:5,301,444
FNA:5,107,dce_walk
FNL:6,448,452
FNA:6,10,dce_pass
FNL:7,94,208
FNA:7,9,count_refs
FNF:8
FNH:8
DA:15,8
DA:16,8
DA:17,8
DA:28,3
DA:29,3
DA:30,3
DA:36,0
DA:39,0
DA:40,0
DA:41,0
DA:44,0
DA:45,0
DA:46,0
DA:49,0
DA:50,0
DA:51,0
DA:59,3
DA:63,0
DA:64,0
DA:65,0
DA:68,0
DA:69,0
DA:70,0
DA:73,0
DA:74,0
DA:75,0
DA:78,0
DA:81,0
DA:85,0
DA:87,3
DA:94,9
DA:95,9
DA:96,9
DA:98,4
DA:104,1
DA:107,1
DA:108,3
DA:109,2
DA:110,1
DA:113,1
DA:115,0
DA:116,0
DA:118,1
DA:120,0
DA:121,0
DA:122,0
DA:124,0
DA:125,0
DA:127,0
DA:128,0
DA:130,1
DA:131,2
DA:132,1
DA:133,1
DA:136,0
DA:137,0
DA:138,0
DA:139,0
DA:142,0
DA:144,0
DA:145,0
DA:146,0
DA:147,0
DA:150,0
DA:151,0
DA:152,0
DA:153,0
DA:156,0
DA:158,0
DA:160,0
DA:161,0
DA:162,0
DA:163,0
DA:164,0
DA:165,0
DA:168,0
DA:169,0
DA:170,0
DA:171,0
DA:174,0
DA:175,0
DA:176,0
DA:177,0
DA:180,0
DA:181,0
DA:182,0
DA:183,0
DA:186,0
DA:188,0
DA:190,0
DA:192,0
DA:193,0
DA:194,0
DA:195,0
DA:196,0
DA:197,0
DA:200,0
DA:201,0
DA:202,0
DA:203,0
DA:206,0
DA:208,9
DA:218,7
DA:219,7
DA:221,7
DA:222,7
DA:223,2
DA:224,7
DA:225,2
DA:226,7
DA:228,7
DA:230,0
DA:231,0
DA:232,0
DA:233,0
DA:234,0
DA:235,0
DA:236,0
DA:240,7
DA:241,7
DA:244,7
DA:245,7
DA:247,7
DA:248,7
DA:250,7
DA:262,20
DA:263,20
DA:264,20
DA:266,20
DA:267,43
DA:268,23
DA:269,23
DA:270,3
DA:272,3
DA:273,7
DA:274,4
DA:276,3
DA:277,1
DA:278,1
DA:280,1
DA:282,1
DA:283,1
DA:284,1
DA:286,1
DA:288,2
DA:289,22
DA:291,20
DA:295,37
DA:296,84
DA:297,47
DA:298,47
DA:299,37
DA:301,107
DA:302,107
DA:304,107
DA:311,34
DA:315,7
DA:316,7
DA:317,7
DA:319,7
DA:320,7
DA:321,7
DA:324,20
DA:325,20
DA:326,20
DA:329,10
DA:330,10
DA:333,11
DA:334,11
DA:337,3
DA:338,3
DA:341,0
DA:342,0
DA:345,15
DA:346,15
DA:349,0
DA:350,0
DA:351,0
DA:354,0
DA:355,0
DA:356,0
DA:359,4
DA:360,4
DA:361,4
DA:364,0
DA:365,0
DA:366,0
DA:369,0
DA:370,0
DA:373,0
DA:374,0
DA:377,3
DA:378,3
DA:381,0
DA:382,0
DA:383,0
DA:384,0
DA:387,0
DA:388,0
DA:389,0
DA:392,0
DA:393,0
DA:394,0
DA:397,0
DA:398,0
DA:399,0
DA:402,0
DA:403,0
DA:404,0
DA:407,0
DA:408,0
DA:409,0
DA:410,0
DA:413,0
DA:414,0
DA:417,0
DA:418,0
DA:421,0
DA:422,0
DA:425,0
DA:426,0
DA:429,0
DA:430,0
DA:433,0
DA:434,0
DA:439,0
DA:442,0
DA:444,107
DA:448,10
DA:449,10
DA:450,10
DA:451,10
DA:452,10
LF:233
LH:99
end_of_record
TN:
SF:/Users/jkh/Src/nanolang/src/docgen.c
FNL:0,126,134
FNA:0,6,docmap_push
FNL:1,136,141
FNA:1,3,docmap_free
FNL:2,149,200
FNA:2,3,build_doc_map
FNL:3,204,210
FNA:3,6,docmap_find
FNL:4,214,225
FNA:4,60,html_escape
FNL:5,22,32
FNA:5,11,buf_appendf
FNL:6,237,243
FNA:6,0,is_nano_kw
FNL:7,245,252
FNA:7,106,emit_char_escaped
FNL:8,254,321
FNA:8,0,emit_code_line
FNL:9,334,392
FNA:9,6,emit_doc_body
FNL:10,38,75
FNA:10,11,append_type_str
FNL:11,396,448
FNA:11,3,emit_css
FNL:12,459,717
FNA:12,3,emit_doc_html
FNL:13,77,111
FNA:13,0,append_typeinfo_str
FNF:14
FNH:11
DA:22,11
DA:23,11
DA:25,11
DA:26,11
DA:27,11
DA:28,11
DA:29,11
DA:30,11
DA:31,11
DA:32,11
DA:38,11
DA:41,11
DA:42,11
DA:43,0
DA:44,0
DA:45,0
DA:46,0
DA:47,0
DA:49,0
DA:50,0
DA:51,0
DA:53,0
DA:54,0
DA:55,0
DA:57,0
DA:58,0
DA:59,0
DA:64,0
DA:65,0
DA:66,0
DA:67,0
DA:69,0
DA:70,0
DA:72,0
DA:73,0
DA:75,11
DA:77,0
DA:79,0
DA:81,0
DA:82,0
DA:83,0
DA:84,0
DA:85,0
DA:86,0
DA:87,0
DA:88,0
DA:90,0
DA:91,0
DA:92,0
DA:93,0
DA:94,0
DA:96,0
DA:97,0
DA:98,0
DA:99,0
DA:100,0
DA:101,0
DA:102,0
DA:103,0
DA:104,0
DA:105,0
DA:106,0
DA:107,0
DA:109,0
DA:111,0
DA:126,6
DA:127,6
DA:128,2
DA:129,2
DA:130,2
DA:131,6
DA:132,6
DA:133,6
DA:134,6
DA:136,3
DA:137,9
DA:138,3
DA:139,3
DA:140,3
DA:141,3
DA:149,3
DA:150,3
DA:151,3
DA:154,3
DA:155,3
DA:156,3
DA:157,3
DA:159,44
DA:160,41
DA:161,656
DA:164,41
DA:165,104
DA:167,70
DA:168,41
DA:170,41
DA:171,9
DA:172,9
DA:173,9
DA:174,9
DA:175,9
DA:176,9
DA:177,9
DA:178,9
DA:179,9
DA:180,9
DA:181,41
DA:183,6
DA:184,6
DA:185,6
DA:186,0
DA:187,6
DA:188,6
DA:189,6
DA:191,6
DA:192,6
DA:193,6
DA:194,6
DA:196,41
DA:197,41
DA:199,3
DA:200,3
DA:204,6
DA:205,16
DA:206,16
DA:207,16
DA:208,10
DA:209,0
DA:210,6
DA:214,60
DA:215,60
DA:216,412
DA:217,352
DA:218,0
DA:219,0
DA:220,0
DA:221,0
DA:222,352
DA:224,352
DA:225,60
DA:237,0
DA:238,0
DA:239,0
DA:240,0
DA:241,0
DA:242,0
DA:243,0
DA:245,106
DA:246,106
DA:247,0
DA:248,0
DA:249,0
DA:250,106
DA:252,106
DA:254,0
DA:255,0
DA:256,0
DA:257,0
DA:260,0
DA:261,0
DA:262,0
DA:263,0
DA:264,0
DA:268,0
DA:269,0
DA:270,0
DA:271,0
DA:272,0
DA:273,0
DA:274,0
DA:275,0
DA:276,0
DA:277,0
DA:278,0
DA:279,0
DA:281,0
DA:282,0
DA:283,0
DA:285,0
DA:286,0
DA:290,0
DA:291,0
DA:292,0
DA:293,0
DA:294,0
DA:295,0
DA:296,0
DA:298,0
DA:299,0
DA:303,0
DA:304,0
DA:305,0
DA:306,0
DA:307,0
DA:308,0
DA:309,0
DA:310,0
DA:311,0
DA:312,0
DA:313,0
DA:315,0
DA:318,0
DA:319,0
DA:321,0
DA:334,6
DA:335,6
DA:337,6
DA:339,6
DA:340,6
DA:341,6
DA:343,15
DA:344,9
DA:345,176
DA:346,9
DA:349,9
DA:350,18
DA:351,9
DA:353,9
DA:354,9
DA:355,0
DA:356,0
DA:357,0
DA:358,9
DA:359,0
DA:360,0
DA:361,0
DA:362,9
DA:363,0
DA:364,0
DA:365,9
DA:366,0
DA:367,0
DA:368,9
DA:369,9
DA:370,2
DA:371,2
DA:372,9
DA:373,1
DA:374,1
DA:375,7
DA:376,0
DA:377,0
DA:378,0
DA:379,112
DA:380,106
DA:382,9
DA:383,9
DA:386,9
DA:389,6
DA:390,6
DA:391,6
DA:392,6
DA:396,3
DA:397,3
DA:447,3
DA:448,3
DA:459,3
DA:461,3
DA:463,3
DA:465,3
DA:466,3
DA:467,0
DA:468,0
DA:469,0
DA:470,0
DA:475,3
DA:476,11
DA:477,8
DA:478,8
DA:480,5
DA:481,3
DA:482,3
DA:483,3
DA:484,3
DA:485,5
DA:487,1
DA:488,1
DA:489,1
DA:490,1
DA:491,1
DA:493,1
DA:494,1
DA:495,1
DA:496,1
DA:497,1
DA:499,1
DA:500,1
DA:501,1
DA:502,1
DA:503,1
DA:505,0
DA:507,8
DA:510,3
DA:511,3
DA:512,3
DA:514,3
DA:515,3
DA:516,3
DA:517,3
DA:518,3
DA:519,3
DA:522,3
DA:529,15
DA:530,12
DA:531,36
DA:532,24
DA:533,6
DA:534,10
DA:535,5
DA:536,5
DA:537,5
DA:538,6
DA:539,6
DA:540,6
DA:541,6
DA:542,6
DA:543,6
DA:544,12
DA:545,3
DA:548,3
DA:549,3
DA:550,3
DA:551,3
DA:552,3
DA:553,3
DA:554,3
DA:557,11
DA:558,8
DA:561,11
DA:562,5
DA:563,3
DA:564,3
DA:565,3
DA:566,3
DA:568,3
DA:569,3
DA:570,3
DA:573,3
DA:576,3
DA:577,3
DA:578,8
DA:579,5
DA:580,5
DA:581,5
DA:582,5
DA:583,5
DA:584,10
DA:585,5
DA:586,5
DA:587,5
DA:588,5
DA:589,5
DA:590,3
DA:591,3
DA:592,6
DA:593,3
DA:594,3
DA:595,3
DA:596,3
DA:597,3
DA:598,3
DA:600,3
DA:601,3
DA:604,9
DA:605,1
DA:606,1
DA:607,1
DA:608,1
DA:610,1
DA:611,1
DA:612,1
DA:613,1
DA:616,1
DA:617,1
DA:619,1
DA:620,1
DA:621,3
DA:622,2
DA:623,2
DA:624,2
DA:625,2
DA:626,2
DA:627,4
DA:628,2
DA:629,2
DA:630,2
DA:632,2
DA:633,2
DA:634,2
DA:635,1
DA:636,1
DA:637,1
DA:638,1
DA:641,6
DA:642,1
DA:643,1
DA:644,1
DA:645,1
DA:647,1
DA:648,1
DA:649,1
DA:650,1
DA:653,1
DA:654,1
DA:656,1
DA:657,4
DA:658,3
DA:659,3
DA:660,3
DA:661,3
DA:662,1
DA:663,1
DA:664,1
DA:667,5
DA:668,1
DA:669,1
DA:670,1
DA:671,1
DA:673,1
DA:674,1
DA:675,1
DA:676,1
DA:679,1
DA:680,1
DA:682,1
DA:683,3
DA:684,2
DA:685,2
DA:686,2
DA:687,2
DA:688,1
DA:689,2
DA:690,2
DA:691,1
DA:692,2
DA:693,1
DA:694,1
DA:695,1
DA:696,2
DA:697,1
DA:698,1
DA:700,1
DA:701,1
DA:702,1
DA:703,1
DA:704,1
DA:705,2
DA:706,2
DA:707,1
DA:708,1
DA:709,1
DA:710,1
DA:711,8
DA:713,3
DA:714,3
DA:715,3
DA:716,3
DA:717,3
LF:457
LH:322
end_of_record
TN:
SF:/Users/jkh/Src/nanolang/src/docgen_md.c
FNL:0,145,153
FNA:0,14,mddocmap_push
FNL:1,155,160
FNA:1,5,mddocmap_free
FNL:2,168,216
FNA:2,5,md_build_doc_map
FNL:3,218,224
FNA:3,13,mddocmap_find
FNL:4,244,405
FNA:4,13,emit_md_doc_body
FNL:5,39,50
FNA:5,66,md_buf_appendf
FNL:6,409,569
FNA:6,5,emit_doc_md
FNL:7,57,94
FNA:7,24,md_append_type_str
FNL:8,96,130
FNA:8,0,md_append_typeinfo_str
FNF:9
FNH:8
DA:39,66
DA:41,66
DA:43,66
DA:44,66
DA:45,66
DA:46,66
DA:47,66
DA:48,66
DA:49,66
DA:50,66
DA:57,24
DA:60,24
DA:61,21
DA:62,0
DA:63,1
DA:64,2
DA:65,0
DA:66,0
DA:68,0
DA:69,0
DA:70,0
DA:72,0
DA:73,0
DA:74,0
DA:76,0
DA:77,0
DA:78,0
DA:83,0
DA:84,0
DA:85,0
DA:86,0
DA:88,0
DA:89,0
DA:91,0
DA:92,0
DA:94,24
DA:96,0
DA:98,0
DA:100,0
DA:101,0
DA:102,0
DA:103,0
DA:104,0
DA:105,0
DA:106,0
DA:107,0
DA:109,0
DA:110,0
DA:111,0
DA:112,0
DA:113,0
DA:115,0
DA:116,0
DA:117,0
DA:118,0
DA:119,0
DA:120,0
DA:121,0
DA:122,0
DA:123,0
DA:124,0
DA:125,0
DA:126,0
DA:128,0
DA:130,0
DA:145,14
DA:146,14
DA:147,3
DA:148,3
DA:149,3
DA:150,14
DA:151,14
DA:152,14
DA:153,14
DA:155,5
DA:156,19
DA:157,5
DA:158,5
DA:159,5
DA:160,5
DA:168,5
DA:169,5
DA:170,5
DA:173,5
DA:174,5
DA:175,5
DA:176,5
DA:178,126
DA:179,121
DA:180,1987
DA:182,121
DA:183,316
DA:185,203
DA:186,121
DA:188,121
DA:189,28
DA:190,28
DA:191,28
DA:192,28
DA:193,28
DA:194,28
DA:195,28
DA:196,28
DA:197,28
DA:198,28
DA:199,121
DA:200,14
DA:201,14
DA:202,14
DA:203,0
DA:204,14
DA:205,14
DA:206,14
DA:207,14
DA:208,14
DA:209,14
DA:210,14
DA:212,121
DA:213,121
DA:215,5
DA:216,5
DA:218,13
DA:219,51
DA:220,51
DA:221,51
DA:222,38
DA:223,0
DA:224,13
DA:244,13
DA:245,13
DA:252,13
DA:253,13
DA:254,13
DA:256,13
DA:258,38
DA:259,25
DA:260,545
DA:261,25
DA:263,25
DA:264,52
DA:265,25
DA:267,25
DA:269,1
DA:270,0
DA:271,0
DA:272,0
DA:273,0
DA:274,0
DA:275,0
DA:276,0
DA:277,0
DA:278,0
DA:279,0
DA:280,1
DA:281,1
DA:283,27
DA:284,2
DA:285,1
DA:286,1
DA:288,24
DA:289,1
DA:290,1
DA:292,23
DA:294,6
DA:295,6
DA:296,12
DA:298,6
DA:299,18
DA:300,6
DA:301,6
DA:302,6
DA:303,6
DA:304,0
DA:305,6
DA:306,6
DA:308,6
DA:309,12
DA:310,6
DA:311,6
DA:312,0
DA:313,6
DA:314,6
DA:315,6
DA:316,6
DA:318,22
DA:320,3
DA:321,3
DA:322,3
DA:323,3
DA:324,9
DA:325,12
DA:326,6
DA:327,6
DA:328,3
DA:329,3
DA:330,3
DA:331,3
DA:332,6
DA:333,3
DA:334,3
DA:335,3
DA:336,3
DA:338,16
DA:339,0
DA:340,0
DA:341,0
DA:342,0
DA:343,0
DA:344,0
DA:345,0
DA:346,0
DA:347,0
DA:348,0
DA:349,0
DA:350,0
DA:351,0
DA:352,0
DA:353,0
DA:354,0
DA:355,0
DA:357,13
DA:359,0
DA:360,0
DA:361,0
DA:362,0
DA:363,0
DA:364,0
DA:365,0
DA:366,0
DA:367,0
DA:368,0
DA:369,0
DA:370,0
DA:372,0
DA:374,13
DA:375,0
DA:376,0
DA:377,0
DA:378,0
DA:379,0
DA:380,0
DA:381,0
DA:382,0
DA:383,0
DA:384,0
DA:385,13
DA:386,13
DA:389,25
DA:393,13
DA:394,0
DA:395,0
DA:396,0
DA:397,0
DA:398,0
DA:399,0
DA:400,0
DA:401,0
DA:402,0
DA:404,13
DA:405,13
DA:409,5
DA:411,5
DA:413,5
DA:415,5
DA:416,5
DA:417,0
DA:418,0
DA:419,0
DA:420,0
DA:423,5
DA:426,5
DA:428,5
DA:430,28
DA:431,23
DA:434,29
DA:435,12
DA:436,6
DA:437,6
DA:439,6
DA:440,6
DA:442,6
DA:443,6
DA:447,6
DA:448,6
DA:449,6
DA:450,16
DA:451,10
DA:452,10
DA:453,20
DA:454,10
DA:455,10
DA:456,20
DA:457,10
DA:458,10
DA:459,10
DA:460,10
DA:461,6
DA:462,6
DA:463,12
DA:464,6
DA:465,6
DA:466,6
DA:467,6
DA:468,6
DA:470,6
DA:471,6
DA:472,6
DA:475,26
DA:476,3
DA:477,3
DA:479,3
DA:480,3
DA:482,3
DA:483,3
DA:485,3
DA:486,3
DA:488,3
DA:489,3
DA:490,3
DA:491,3
DA:492,9
DA:493,6
DA:494,12
DA:495,6
DA:496,6
DA:497,6
DA:499,12
DA:500,6
DA:501,6
DA:502,3
DA:503,3
DA:506,19
DA:507,2
DA:508,2
DA:510,2
DA:511,2
DA:513,2
DA:514,2
DA:516,2
DA:517,2
DA:519,2
DA:520,8
DA:521,6
DA:522,6
DA:523,2
DA:526,16
DA:527,2
DA:528,2
DA:530,2
DA:531,2
DA:533,2
DA:534,2
DA:536,2
DA:537,2
DA:539,2
DA:540,6
DA:541,4
DA:542,4
DA:543,4
DA:544,2
DA:545,4
DA:546,4
DA:547,2
DA:548,2
DA:549,2
DA:550,2
DA:551,2
DA:552,2
DA:553,2
DA:554,2
DA:556,2
DA:557,2
DA:558,2
DA:559,2
DA:560,4
DA:561,4
DA:562,2
DA:563,2
DA:564,23
DA:566,5
DA:567,5
DA:568,5
DA:569,5
LF:383
LH:267
end_of_record
TN:
SF:/Users/jkh/Src/nanolang/src/dwarf_info.c
FNL:0,113,158
FNA:0,3,emit_debug_abbrev
FNL:1,161,172
FNA:1,21,emit_dwarf_string
FNL:2,174,218
FNA:2,3,emit_debug_info
FNL:3,220,231
FNA:3,3,emit_debug_line_stub
FNL:4,233,241
FNA:4,3,emit_debug_str
FNL:5,243,249
FNA:5,3,dwarf_emit_asm_sections
FNL:6,251,253
FNA:6,7,dwarf_free
FNL:7,63,72
FNA:7,7,dwarf_begin
FNL:8,74,83
FNA:8,9,dwarf_function
FNL:9,85,93
FNA:9,5,dwarf_variable
FNL:10,95,103
FNA:10,9,dwarf_line
FNF:11
FNH:11
DA:63,7
DA:64,7
DA:65,7
DA:66,7
DA:67,7
DA:69,7
DA:70,7
DA:71,7
DA:72,7
DA:74,9
DA:76,9
DA:77,9
DA:78,9
DA:79,9
DA:80,9
DA:81,9
DA:82,9
DA:83,9
DA:85,5
DA:87,5
DA:88,5
DA:89,5
DA:90,5
DA:91,5
DA:92,5
DA:93,5
DA:95,9
DA:97,9
DA:98,9
DA:99,9
DA:100,9
DA:101,9
DA:102,9
DA:103,9
DA:113,3
DA:115,3
DA:158,3
DA:161,21
DA:162,21
DA:163,294
DA:164,273
DA:165,0
DA:166,273
DA:167,0
DA:169,273
DA:170,273
DA:171,21
DA:172,21
DA:174,3
DA:175,3
DA:177,3
DA:188,3
DA:190,3
DA:192,3
DA:194,3
DA:196,3
DA:199,9
DA:200,6
DA:201,12
DA:204,6
DA:208,6
DA:210,6
DA:212,6
DA:213,6
DA:216,3
DA:217,3
DA:218,3
DA:220,3
DA:228,3
DA:231,3
DA:233,3
DA:234,3
DA:235,3
DA:236,3
DA:237,3
DA:238,3
DA:239,3
DA:240,3
DA:241,3
DA:243,3
DA:244,3
DA:245,3
DA:246,3
DA:247,3
DA:248,3
DA:249,3
DA:251,7
DA:252,7
DA:253,7
LF:89
LH:87
end_of_record
TN:
SF:/Users/jkh/Src/nanolang/src/effects.c
FNL:0,105,109
FNA:0,11,effect_ctx_new
FNL:1,112,116
FNA:1,12,effect_ctx_free
FNL:2,120,147
FNA:2,8,effect_register
FNL:3,149,171
FNA:3,2,effect_register_from_ast
FNL:4,175,182
FNA:4,10,effect_lookup
FNL:5,184,191
FNA:5,5,effect_op_lookup
FNL:6,195,199
FNA:6,13,effect_row_new
FNL:7,202,207
FNA:7,14,effect_row_free
FNL:8,209,222
FNA:8,17,effect_row_add
FNL:9,224,231
FNA:9,11,effect_row_contains
FNL:10,233,239
FNA:10,1,effect_row_merge
FNL:11,241,249
FNA:11,3,effect_row_subset
FNL:12,251,265
FNA:12,5,effect_row_to_str
FNL:13,26,29
FNA:13,1,nl_effect_frame_push
FNL:14,267,279
FNA:14,3,effect_arrow_type_str
FNL:15,283,307
FNA:15,1,effect_register_builtins
FNL:16,31,34
FNA:16,1,nl_effect_frame_pop
FNL:17,311,319
FNA:17,0,emit_effect_error
FNL:18,323,344
FNA:18,1,effect_check_decl
FNL:19,348,398
FNA:19,1,effect_check_handler
FNL:20,36,51
FNA:20,4,nl_effect_find_handler
FNL:21,402,444
FNA:21,1,effect_check_perform
FNL:22,448,526
FNA:22,72,walk_node
FNL:23,528,549
FNA:23,9,effect_check_program
FNL:24,55,62
FNA:24,2,env_effect_register
FNL:25,64,68
FNA:25,4,env_effect_lookup
FNL:26,72,78
FNA:26,69,estrdup
FNL:27,82,85
FNA:27,18,effect_registry_new
FNL:28,88,101
FNA:28,19,effect_registry_free
FNF:29
FNH:28
DA:26,1
DA:27,1
DA:28,1
DA:29,1
DA:31,1
DA:32,1
DA:33,1
DA:34,1
DA:36,4
DA:39,5
DA:40,2
DA:41,0
DA:42,3
DA:43,2
DA:44,2
DA:45,1
DA:46,1
DA:48,1
DA:49,1
DA:50,3
DA:51,4
DA:55,2
DA:56,2
DA:57,0
DA:58,0
DA:59,0
DA:60,0
DA:61,0
DA:62,2
DA:64,4
DA:65,4
DA:66,4
DA:67,0
DA:68,4
DA:72,69
DA:73,69
DA:74,41
DA:75,41
DA:76,41
DA:77,41
DA:78,69
DA:82,18
DA:83,18
DA:84,18
DA:85,18
DA:88,19
DA:89,19
DA:90,26
DA:91,8
DA:92,8
DA:93,22
DA:94,14
DA:95,14
DA:96,14
DA:97,14
DA:98,8
DA:99,8
DA:100,18
DA:101,19
DA:105,11
DA:106,11
DA:107,11
DA:108,11
DA:109,11
DA:112,12
DA:113,12
DA:115,11
DA:116,12
DA:120,8
DA:122,8
DA:123,8
DA:124,0
DA:125,0
DA:128,14
DA:129,6
DA:130,0
DA:131,0
DA:133,6
DA:134,8
DA:135,8
DA:136,8
DA:137,8
DA:138,8
DA:139,22
DA:140,14
DA:141,14
DA:142,14
DA:143,14
DA:144,14
DA:145,14
DA:146,8
DA:147,8
DA:149,2
DA:150,2
DA:152,0
DA:153,0
DA:155,0
DA:156,0
DA:157,0
DA:158,0
DA:159,0
DA:160,0
DA:161,0
DA:162,0
DA:164,0
DA:165,0
DA:167,0
DA:168,0
DA:169,0
DA:170,0
DA:171,2
DA:175,10
DA:176,10
DA:177,17
DA:178,16
DA:179,9
DA:180,7
DA:181,1
DA:182,10
DA:184,5
DA:185,5
DA:186,9
DA:187,8
DA:188,4
DA:189,4
DA:190,1
DA:191,5
DA:195,13
DA:196,13
DA:197,13
DA:198,13
DA:199,13
DA:202,14
DA:203,14
DA:204,29
DA:205,16
DA:206,13
DA:207,14
DA:209,17
DA:210,17
DA:212,26
DA:213,10
DA:214,1
DA:215,9
DA:216,16
DA:217,0
DA:218,0
DA:220,16
DA:221,16
DA:222,17
DA:224,11
DA:225,11
DA:226,17
DA:227,14
DA:228,8
DA:229,6
DA:230,3
DA:231,11
DA:233,1
DA:234,1
DA:235,3
DA:236,2
DA:237,2
DA:238,1
DA:239,1
DA:241,3
DA:242,3
DA:243,3
DA:244,5
DA:245,3
DA:246,1
DA:247,2
DA:248,2
DA:249,3
DA:251,5
DA:252,5
DA:254,2
DA:255,5
DA:256,3
DA:257,2
DA:258,2
DA:259,2
DA:260,5
DA:261,3
DA:262,3
DA:263,3
DA:264,2
DA:265,5
DA:267,3
DA:269,3
DA:270,3
DA:271,3
DA:272,3
DA:273,3
DA:274,1
DA:276,2
DA:277,3
DA:278,3
DA:279,3
DA:283,1
DA:286,1
DA:290,1
DA:294,1
DA:297,1
DA:301,1
DA:305,1
DA:307,1
DA:311,0
DA:313,0
DA:316,0
DA:317,0
DA:318,0
DA:319,0
DA:323,1
DA:324,1
DA:326,0
DA:327,0
DA:328,0
DA:330,0
DA:331,0
DA:335,0
DA:337,0
DA:338,0
DA:339,0
DA:340,0
DA:343,0
DA:344,1
DA:348,1
DA:349,1
DA:350,1
DA:352,0
DA:353,0
DA:354,0
DA:356,0
DA:357,0
DA:360,0
DA:361,0
DA:363,0
DA:365,0
DA:366,0
DA:367,0
DA:371,0
DA:372,0
DA:373,0
DA:374,0
DA:376,0
DA:378,0
DA:379,0
DA:380,0
DA:382,0
DA:386,0
DA:387,0
DA:388,0
DA:389,0
DA:390,0
DA:391,0
DA:392,0
DA:393,0
DA:396,0
DA:397,0
DA:398,1
DA:402,1
DA:403,1
DA:405,0
DA:406,0
DA:408,0
DA:409,0
DA:411,0
DA:412,0
DA:413,0
DA:414,0
DA:417,0
DA:418,0
DA:420,0
DA:422,0
DA:423,0
DA:424,0
DA:428,0
DA:429,0
DA:430,0
DA:431,0
DA:432,0
DA:434,0
DA:435,0
DA:438,0
DA:441,0
DA:442,0
DA:443,0
DA:444,1
DA:448,72
DA:449,72
DA:450,72
DA:452,0
DA:453,0
DA:455,0
DA:457,0
DA:458,0
DA:459,0
DA:460,0
DA:462,0
DA:463,0
DA:464,0
DA:465,0
DA:467,15
DA:468,8
DA:469,7
DA:471,26
DA:472,15
DA:473,11
DA:475,8
DA:476,8
DA:477,8
DA:479,1
DA:480,1
DA:481,1
DA:482,1
DA:484,1
DA:485,1
DA:486,1
DA:488,0
DA:489,0
DA:490,0
DA:492,4
DA:493,4
DA:495,9
DA:496,9
DA:498,3
DA:499,2
DA:500,1
DA:502,21
DA:503,14
DA:504,7
DA:506,0
DA:507,0
DA:508,0
DA:510,0
DA:511,0
DA:512,0
DA:514,0
DA:515,0
DA:516,0
DA:517,0
DA:519,0
DA:520,0
DA:521,0
DA:522,0
DA:524,23
DA:526,72
DA:528,9
DA:530,9
DA:532,7
DA:535,7
DA:536,15
DA:537,8
DA:538,8
DA:539,0
DA:540,8
DA:541,7
DA:544,7
DA:546,7
DA:547,7
DA:548,7
DA:549,9
LF:363
LH:233
end_of_record
TN:
SF:/Users/jkh/Src/nanolang/src/emit_typed_ast.c
FNL:0,176,245
FNA:0,3,emit_typed_ast_json
FNL:1,21,35
FNA:1,149,jstr
FNL:2,37,39
FNA:2,90,jkey
FNL:3,42,60
FNA:3,23,type_str
FNL:4,70,70
FNA:4,35,ind
FNL:5,75,171
FNA:5,7,emit_stmt
FNF:6
FNH:6
DA:21,149
DA:22,149
DA:23,149
DA:24,947
DA:25,798
DA:26,798
DA:27,798
DA:28,798
DA:29,798
DA:30,798
DA:31,798
DA:32,798
DA:33,798
DA:34,149
DA:35,149
DA:37,90
DA:38,90
DA:39,90
DA:42,23
DA:43,23
DA:44,17
DA:45,0
DA:46,3
DA:47,3
DA:48,0
DA:49,0
DA:50,0
DA:51,0
DA:52,0
DA:53,0
DA:54,0
DA:55,0
DA:56,0
DA:57,0
DA:58,0
DA:60,23
DA:70,637
DA:75,7
DA:76,7
DA:78,7
DA:79,7
DA:81,7
DA:82,7
DA:84,7
DA:86,0
DA:87,0
DA:88,0
DA:89,0
DA:90,0
DA:91,0
DA:92,0
DA:93,0
DA:94,0
DA:95,0
DA:96,0
DA:99,0
DA:100,0
DA:101,0
DA:102,0
DA:103,0
DA:104,0
DA:105,0
DA:108,7
DA:109,7
DA:110,7
DA:111,7
DA:112,7
DA:113,7
DA:114,7
DA:115,7
DA:116,7
DA:117,7
DA:120,0
DA:121,0
DA:122,0
DA:123,0
DA:124,0
DA:127,0
DA:128,0
DA:129,0
DA:132,0
DA:133,0
DA:134,0
DA:135,0
DA:136,0
DA:137,0
DA:138,0
DA:141,0
DA:142,0
DA:143,0
DA:146,0
DA:147,0
DA:148,0
DA:149,0
DA:150,0
DA:151,0
DA:152,0
DA:153,0
DA:154,0
DA:155,0
DA:158,0
DA:159,0
DA:160,0
DA:161,0
DA:164,0
DA:165,0
DA:166,0
DA:170,7
DA:171,7
DA:176,3
DA:177,3
DA:178,3
DA:179,3
DA:180,3
DA:182,3
DA:184,3
DA:185,3
DA:186,3
DA:187,0
DA:188,0
DA:189,3
DA:190,3
DA:191,3
DA:192,3
DA:193,0
DA:194,0
DA:197,13
DA:198,10
DA:199,10
DA:201,10
DA:202,7
DA:203,7
DA:205,7
DA:206,7
DA:207,7
DA:208,7
DA:209,7
DA:212,7
DA:213,16
DA:214,9
DA:215,9
DA:216,9
DA:217,9
DA:218,9
DA:219,9
DA:220,9
DA:221,7
DA:222,7
DA:225,7
DA:226,14
DA:227,7
DA:230,7
DA:231,7
DA:232,7
DA:233,7
DA:234,14
DA:235,7
DA:236,7
DA:237,7
DA:238,7
DA:239,7
DA:240,7
DA:241,7
DA:242,10
DA:244,3
DA:245,3
LF:166
LH:97
end_of_record
TN:
SF:/Users/jkh/Src/nanolang/src/env.c
FNL:0,1005,1033
FNA:0,49164,env_get_opaque_type
FNL:1,1036,1153
FNA:1,2105,env_register_list_instantiation
FNL:2,1158,1193
FNA:2,65,env_register_hashmap_instantiation
FNL:3,116,258
FNA:3,702,free_environment
FNL:4,1198,1251
FNA:4,109,env_register_union_instantiation
FNL:5,1259,1279
FNA:5,47,create_function_signature
FNL:6,1283,1309
FNA:6,110,free_function_signature
FNL:7,1311,1344
FNA:7,6565,free_type_info
FNL:8,1347,1393
FNA:8,278,function_signatures_equal
FNL:9,1396,1404
FNA:9,68,create_function
FNL:10,1408,1431
FNA:10,65,create_tuple
FNL:11,1435,1449
FNA:11,0,free_tuple
FNL:12,1452,1487
FNA:12,24,env_register_namespace
FNL:13,1492,1518
FNA:13,679,env_register_module
FNL:14,1521,1528
FNA:14,8478,env_get_module
FNL:15,1531,1532
FNA:15,0,env_is_current_module_unsafe
FNL:16,1536,1541
FNA:16,0,env_mark_module_has_ffi
FNL:17,1543,1560
FNA:17,3976,env_add_module_exported_function
FNL:18,1562,1579
FNA:18,366,env_add_module_exported_struct
FNL:19,1583,1593
FNA:19,3,env_define_effect
FNL:20,1595,1603
FNA:20,6,env_get_effect
FNL:21,1605,1613
FNA:21,6,effect_get_op
FNL:22,1616,1643
FNA:22,4,env_register_generic_func_instance
FNL:23,261,263
FNA:23,71032,env_define_var
FNL:24,265,267
FNA:24,71808,env_define_var_with_element_type
FNL:25,269,327
FNA:25,157012,env_define_var_with_type_info
FNL:26,330,341
FNA:26,735205,env_get_var
FNL:27,343,389
FNA:27,213002,env_get_var_visible_at
FNL:28,392,412
FNA:28,41478,env_set_var
FNL:29,415,421
FNA:29,7805,is_builtin_function
FNL:30,424,432
FNA:30,8228,module_string_list_contains
FNL:31,435,459
FNA:31,70328,env_define_function
FNL:32,462,553
FNA:32,389739,env_get_function
FNL:33,556,563
FNA:33,170377,create_int
FNL:34,566,573
FNA:34,2477,create_float
FNL:35,576,583
FNA:35,140544,create_bool
FNL:36,586,605
FNA:36,124258,create_string
FNL:37,608,614
FNA:37,243159,create_void
FNL:38,617,639
FNA:38,662,create_array
FNL:39,642,669
FNA:39,5035,create_struct
FNL:40,672,702
FNA:40,141,create_union
FNL:41,7,67
FNA:41,702,create_environment
FNL:42,70,113
FNA:42,73896,env_free_value
FNL:43,706,726
FNA:43,1723,env_define_struct
FNL:44,729,784
FNA:44,59134,env_get_struct
FNL:45,787,811
FNA:45,219,env_define_enum
FNL:46,814,877
FNA:46,76026,env_get_enum
FNL:47,880,893
FNA:47,0,env_get_enum_variant
FNL:48,896,908
FNA:48,78,env_define_union
FNL:49,911,964
FNA:49,10369,env_get_union
FNL:50,967,977
FNA:50,666,env_get_union_variant_index
FNL:51,980,1002
FNA:51,55,env_define_opaque_type
FNF:52
FNH:48
DA:7,702
DA:8,702
DA:9,702
DA:10,702
DA:11,702
DA:12,702
DA:13,702
DA:14,702
DA:15,702
DA:16,702
DA:17,702
DA:18,702
DA:19,702
DA:20,702
DA:21,702
DA:22,702
DA:23,702
DA:24,702
DA:25,702
DA:26,702
DA:27,702
DA:28,702
DA:29,702
DA:30,702
DA:31,702
DA:32,702
DA:33,702
DA:34,702
DA:35,702
DA:36,702
DA:37,702
DA:38,702
DA:39,702
DA:42,702
DA:43,702
DA:44,702
DA:45,702
DA:46,702
DA:47,702
DA:50,702
DA:51,702
DA:52,702
DA:53,702
DA:54,702
DA:55,702
DA:56,702
DA:57,702
DA:60,702
DA:61,702
DA:62,702
DA:63,702
DA:65,702
DA:67,702
DA:70,73896
DA:71,73896
DA:73,10265
DA:74,10265
DA:75,10265
DA:76,0
DA:78,10265
DA:84,63631
DA:85,4474
DA:86,4474
DA:87,4474
DA:88,4877
DA:89,403
DA:90,403
DA:92,10
DA:93,5
DA:94,5
DA:95,5
DA:97,10
DA:98,403
DA:99,4474
DA:100,4474
DA:101,4474
DA:102,4474
DA:104,59157
DA:105,6
DA:106,6
DA:107,6
DA:108,6
DA:109,6
DA:110,6
DA:111,6
DA:113,73896
DA:116,702
DA:117,33120
DA:118,32418
DA:119,32418
DA:120,10632
DA:121,10632
DA:122,32418
DA:123,32418
DA:124,702
DA:126,71030
DA:129,70328
DA:130,702
DA:132,2425
DA:133,1723
DA:134,12339
DA:135,10616
DA:136,10616
DA:137,1723
DA:138,1723
DA:139,1723
DA:140,702
DA:142,910
DA:143,208
DA:144,6700
DA:145,6492
DA:146,6492
DA:147,208
DA:148,208
DA:149,208
DA:150,702
DA:153,748
DA:154,46
DA:155,145
DA:156,99
DA:157,99
DA:158,180
DA:159,81
DA:160,81
DA:161,99
DA:162,99
DA:163,99
DA:164,99
DA:165,99
DA:166,99
DA:167,46
DA:168,46
DA:169,46
DA:170,46
DA:171,46
DA:172,702
DA:175,1822
DA:176,1120
DA:177,1120
DA:178,1120
DA:179,1120
DA:180,2299
DA:181,1179
DA:182,1179
DA:183,1179
DA:184,1179
DA:185,1120
DA:186,1120
DA:187,1120
DA:188,702
DA:191,702
DA:192,706
DA:193,4
DA:194,4
DA:195,4
DA:196,8
DA:197,4
DA:198,4
DA:199,4
DA:200,4
DA:201,4
DA:202,4
DA:203,4
DA:204,702
DA:205,702
DA:208,757
DA:209,55
DA:210,55
DA:211,55
DA:212,702
DA:215,722
DA:216,20
DA:217,282
DA:218,262
DA:219,262
DA:220,20
DA:221,41
DA:222,21
DA:223,21
DA:224,20
DA:225,20
DA:226,0
DA:227,0
DA:228,20
DA:229,20
DA:230,0
DA:231,0
DA:232,20
DA:233,20
DA:234,702
DA:237,702
DA:238,784
DA:239,590
DA:240,590
DA:241,590
DA:242,4259
DA:243,3977
DA:244,3977
DA:245,282
DA:246,282
DA:247,590
DA:248,287
DA:249,183
DA:250,183
DA:251,104
DA:252,104
DA:253,590
DA:254,194
DA:255,194
DA:257,702
DA:258,702
DA:261,71032
DA:262,71032
DA:263,71032
DA:265,71808
DA:266,71808
DA:267,71808
DA:269,157012
DA:270,157012
DA:271,763
DA:272,763
DA:273,763
DA:276,157012
DA:277,157012
DA:278,157012
DA:279,157012
DA:280,157012
DA:281,157012
DA:282,157012
DA:283,157012
DA:284,157012
DA:285,157012
DA:286,157012
DA:287,157012
DA:288,157012
DA:293,157012
DA:294,157012
DA:296,145594
DA:297,50720
DA:298,50720
DA:300,94874
DA:302,0
DA:303,0
DA:304,0
DA:305,0
DA:306,0
DA:307,0
DA:309,0
DA:311,145594
DA:316,157012
DA:317,463073337
DA:318,463020116
DA:319,454939528
DA:320,0
DA:321,0
DA:323,463020116
DA:324,53221
DA:326,157012
DA:327,157012
DA:330,735205
DA:331,1024835957
DA:333,1024732727
DA:334,0
DA:336,1024732727
DA:337,631975
DA:339,1024100752
DA:340,103230
DA:341,735205
DA:343,213002
DA:344,213002
DA:345,213002
DA:356,213002
DA:359,9124519
DA:360,9122643
DA:361,9122643
DA:362,9122643
DA:364,393865
DA:365,393865
DA:366,393865
DA:367,26900
DA:370,366965
DA:371,211126
DA:373,211126
DA:377,1517157
DA:378,1515336
DA:379,1515336
DA:380,1515336
DA:382,55
DA:384,55
DA:385,55
DA:388,1876
DA:389,213002
DA:392,41478
DA:393,41478
DA:394,41478
DA:395,41478
DA:396,41478
DA:401,41478
DA:402,2160474
DA:403,2450926
DA:404,2154194
DA:405,293592
DA:406,0
DA:407,0
DA:409,2157334
DA:410,3140
DA:411,41478
DA:412,41478
DA:415,7805
DA:416,7805
DA:417,0
DA:419,7805
DA:420,7805
DA:421,7805
DA:424,8228
DA:425,8228
DA:426,106912
DA:427,103138
DA:428,4068
DA:430,99070
DA:431,3774
DA:432,8228
DA:435,70328
DA:436,70328
DA:437,2810
DA:438,2810
DA:439,2810
DA:440,0
DA:441,0
DA:443,2810
DA:445,70328
DA:448,70328
DA:449,3977
DA:450,3977
DA:452,3886
DA:454,3886
DA:455,3886
DA:456,3886
DA:457,3886
DA:458,3977
DA:459,70328
DA:462,389739
DA:463,389739
DA:464,0
DA:468,389739
DA:469,389739
DA:471,260
DA:472,260
DA:473,0
DA:474,0
DA:475,260
DA:476,260
DA:477,260
DA:480,268
DA:481,268
DA:483,2302
DA:484,2302
DA:486,260
DA:487,52894
DA:488,52894
DA:490,260
DA:491,53
DA:492,260
DA:494,0
DA:495,52634
DA:496,0
DA:497,2042
DA:499,0
DA:501,8
DA:503,0
DA:507,49293775
DA:508,48983504
DA:509,30432450
DA:514,79208
DA:515,702
DA:516,702
DA:517,702
DA:518,702
DA:519,702
DA:520,702
DA:521,702
DA:522,702
DA:524,79208
DA:526,30353242
DA:530,310271
DA:531,14434285
DA:532,14419450
DA:533,40137
DA:534,39802
DA:535,35287
DA:537,4850
DA:538,14384163
DA:539,14835
DA:542,66641093
DA:544,66586769
DA:545,0
DA:547,66586769
DA:548,220660
DA:550,66366109
DA:552,54324
DA:553,389739
DA:556,170377
DA:558,170377
DA:559,170377
DA:560,170377
DA:561,170377
DA:562,170377
DA:563,170377
DA:566,2477
DA:568,2477
DA:569,2477
DA:570,2477
DA:571,2477
DA:572,2477
DA:573,2477
DA:576,140544
DA:578,140544
DA:579,140544
DA:580,140544
DA:581,140544
DA:582,140544
DA:583,140544
DA:586,124258
DA:588,124258
DA:589,124258
DA:590,124258
DA:591,124258
DA:594,124258
DA:595,124258
DA:596,124258
DA:597,124258
DA:598,124258
DA:599,124258
DA:600,124258
DA:602,0
DA:605,124258
DA:608,243159
DA:610,243159
DA:611,243159
DA:612,243159
DA:613,243159
DA:614,243159
DA:617,662
DA:619,662
DA:620,662
DA:621,662
DA:622,662
DA:623,662
DA:624,662
DA:625,662
DA:626,662
DA:630,662
DA:631,362
DA:632,73
DA:633,3
DA:634,16
DA:635,208
DA:637,662
DA:639,662
DA:642,5035
DA:644,5035
DA:645,5035
DA:646,5035
DA:647,5035
DA:648,5035
DA:649,5035
DA:650,5035
DA:653,5035
DA:654,7835
DA:655,2800
DA:656,2800
DA:659,5035
DA:660,7835
DA:661,2800
DA:662,677
DA:663,677
DA:664,677
DA:665,2123
DA:667,2800
DA:669,5035
DA:672,141
DA:675,141
DA:676,141
DA:677,141
DA:678,141
DA:679,141
DA:680,141
DA:681,141
DA:682,141
DA:683,141
DA:686,141
DA:687,130
DA:688,267
DA:689,137
DA:690,137
DA:693,130
DA:694,267
DA:695,137
DA:696,137
DA:697,130
DA:698,11
DA:699,11
DA:702,141
DA:706,1723
DA:708,1723
DA:710,0
DA:713,1723
DA:714,92
DA:715,92
DA:716,92
DA:717,1723
DA:722,1723
DA:723,183
DA:724,183
DA:726,1723
DA:729,59134
DA:731,59134
DA:732,59134
DA:734,10
DA:735,10
DA:736,0
DA:737,0
DA:738,10
DA:739,10
DA:740,10
DA:743,13
DA:744,13
DA:746,12
DA:747,12
DA:749,10
DA:750,18
DA:751,18
DA:752,10
DA:753,10
DA:754,10
DA:756,0
DA:757,8
DA:758,0
DA:759,2
DA:760,0
DA:762,3
DA:763,0
DA:767,59124
DA:768,2223004
DA:769,2177682
DA:770,46210
DA:771,46210
DA:772,5714
DA:774,40496
DA:775,2171968
DA:776,45322
DA:778,1606646
DA:779,1601462
DA:780,48226
DA:782,1553236
DA:783,5184
DA:784,59134
DA:787,219
DA:788,219
DA:789,0
DA:793,219
DA:795,11
DA:798,208
DA:799,0
DA:800,0
DA:801,0
DA:802,0
DA:803,0
DA:804,0
DA:806,0
DA:808,0
DA:809,0
DA:810,208
DA:811,219
DA:814,76026
DA:815,76026
DA:817,76026
DA:820,76026
DA:821,0
DA:825,76026
DA:826,76026
DA:828,0
DA:829,0
DA:830,0
DA:831,0
DA:832,0
DA:833,0
DA:834,0
DA:836,0
DA:837,0
DA:838,0
DA:839,0
DA:841,0
DA:842,0
DA:843,0
DA:844,0
DA:845,0
DA:846,0
DA:848,0
DA:849,0
DA:850,0
DA:851,0
DA:852,0
DA:854,0
DA:855,0
DA:859,76026
DA:860,243045
DA:861,198976
DA:862,4398
DA:863,4398
DA:864,41
DA:866,4357
DA:867,198935
DA:868,44069
DA:870,342840
DA:872,277494
DA:873,10639
DA:875,266855
DA:876,65346
DA:877,76026
DA:880,0
DA:881,0
DA:883,0
DA:884,0
DA:885,0
DA:886,0
DA:887,0
DA:888,0
DA:890,0
DA:891,0
DA:892,0
DA:893,0
DA:896,78
DA:898,78
DA:900,32
DA:903,46
DA:904,0
DA:905,0
DA:906,0
DA:907,46
DA:908,78
DA:911,10369
DA:913,10369
DA:914,10369
DA:916,2
DA:917,2
DA:918,0
DA:919,0
DA:920,2
DA:921,2
DA:922,2
DA:924,2
DA:925,0
DA:926,0
DA:927,0
DA:929,0
DA:930,0
DA:931,0
DA:932,0
DA:933,0
DA:934,0
DA:936,0
DA:937,0
DA:938,0
DA:939,0
DA:940,0
DA:942,0
DA:943,2
DA:947,10367
DA:948,6950
DA:949,504
DA:950,474
DA:951,474
DA:952,0
DA:954,474
DA:955,504
DA:956,6446
DA:958,11127
DA:959,2436
DA:960,1676
DA:962,760
DA:963,8691
DA:964,10369
DA:967,666
DA:968,666
DA:969,666
DA:971,998
DA:972,998
DA:973,666
DA:975,332
DA:976,0
DA:977,666
DA:980,55
DA:982,55
DA:984,0
DA:987,55
DA:988,0
DA:989,0
DA:990,0
DA:993,55
DA:996,55
DA:997,55
DA:998,55
DA:999,55
DA:1001,55
DA:1002,55
DA:1005,49164
DA:1006,49164
DA:1009,49164
DA:1010,49164
DA:1012,0
DA:1013,0
DA:1014,0
DA:1015,0
DA:1016,0
DA:1017,0
DA:1018,0
DA:1024,0
DA:1027,51573
DA:1028,29930
DA:1029,27521
DA:1031,2409
DA:1032,21643
DA:1033,49164
DA:1036,2105
DA:1038,30085
DA:1039,29025
DA:1040,58050
DA:1041,29025
DA:1042,29025
DA:1043,1045
DA:1045,27980
DA:1048,1060
DA:1049,90
DA:1050,180
DA:1051,90
DA:1052,90
DA:1055,1060
DA:1056,1060
DA:1057,1060
DA:1058,1060
DA:1059,1060
DA:1060,1060
DA:1064,1060
DA:1065,1060
DA:1067,1060
DA:1073,1060
DA:1076,1060
DA:1077,1060
DA:1078,1060
DA:1081,1060
DA:1082,1060
DA:1083,1060
DA:1084,1060
DA:1085,1060
DA:1086,1060
DA:1087,1060
DA:1088,1060
DA:1089,1060
DA:1090,1060
DA:1091,1060
DA:1094,1060
DA:1095,1060
DA:1096,1060
DA:1097,1060
DA:1098,1060
DA:1099,1060
DA:1100,1060
DA:1101,1060
DA:1102,1060
DA:1103,1060
DA:1104,1060
DA:1105,1060
DA:1106,1060
DA:1107,1060
DA:1108,1060
DA:1109,1060
DA:1110,1060
DA:1111,1060
DA:1112,1060
DA:1115,1060
DA:1116,1060
DA:1117,1060
DA:1118,1060
DA:1119,1060
DA:1120,1060
DA:1121,1060
DA:1122,1060
DA:1123,1060
DA:1124,1060
DA:1125,1060
DA:1126,1060
DA:1127,1060
DA:1128,1060
DA:1129,1060
DA:1130,1060
DA:1131,1060
DA:1132,1060
DA:1133,1060
DA:1136,1060
DA:1137,1060
DA:1138,1060
DA:1139,1060
DA:1140,1060
DA:1141,1060
DA:1142,1060
DA:1143,1060
DA:1144,1060
DA:1145,1060
DA:1146,1060
DA:1147,1060
DA:1148,1060
DA:1149,1060
DA:1150,1060
DA:1151,1060
DA:1152,1060
DA:1153,2105
DA:1158,65
DA:1159,65
DA:1162,2095
DA:1163,2083
DA:1164,2136
DA:1165,53
DA:1166,53
DA:1167,53
DA:1168,53
DA:1170,2030
DA:1172,12
DA:1173,0
DA:1174,0
DA:1175,0
DA:1176,0
DA:1179,12
DA:1180,12
DA:1181,12
DA:1182,12
DA:1183,12
DA:1184,12
DA:1185,12
DA:1186,12
DA:1189,12
DA:1190,12
DA:1192,12
DA:1193,65
DA:1198,109
DA:1200,109
DA:1201,0
DA:1205,278
DA:1206,230
DA:1207,230
DA:1208,207
DA:1210,207
DA:1211,327
DA:1212,266
DA:1213,146
DA:1214,146
DA:1216,120
DA:1217,207
DA:1218,61
DA:1220,146
DA:1221,169
DA:1224,48
DA:1225,0
DA:1226,0
DA:1227,0
DA:1228,0
DA:1231,48
DA:1232,48
DA:1233,48
DA:1234,48
DA:1236,143
DA:1237,95
DA:1238,95
DA:1239,95
DA:1243,48
DA:1244,143
DA:1245,95
DA:1247,95
DA:1248,48
DA:1250,48
DA:1251,109
DA:1259,47
DA:1260,47
DA:1261,47
DA:1262,47
DA:1263,47
DA:1264,47
DA:1266,47
DA:1267,47
DA:1268,47
DA:1270,105
DA:1271,58
DA:1272,58
DA:1273,58
DA:1274,47
DA:1275,0
DA:1276,0
DA:1279,47
DA:1283,110
DA:1284,110
DA:1286,110
DA:1287,110
DA:1288,110
DA:1290,110
DA:1291,244
DA:1292,134
DA:1293,0
DA:1294,0
DA:1295,134
DA:1296,110
DA:1297,110
DA:1299,110
DA:1300,0
DA:1301,0
DA:1304,110
DA:1305,0
DA:1306,0
DA:1308,110
DA:1309,110
DA:1311,6565
DA:1312,6565
DA:1314,6565
DA:1315,2885
DA:1316,2885
DA:1317,6565
DA:1318,397
DA:1319,397
DA:1320,6565
DA:1321,722
DA:1322,479
DA:1323,479
DA:1324,243
DA:1325,243
DA:1326,6565
DA:1327,81
DA:1328,81
DA:1329,6565
DA:1330,274
DA:1331,193
DA:1332,3
DA:1333,3
DA:1334,193
DA:1335,81
DA:1336,81
DA:1337,6565
DA:1338,0
DA:1339,0
DA:1340,6565
DA:1341,0
DA:1342,0
DA:1343,6565
DA:1344,6565
DA:1347,278
DA:1348,278
DA:1351,278
DA:1354,433
DA:1355,254
DA:1358,418
DA:1359,209
DA:1360,209
DA:1362,0
DA:1363,0
DA:1365,0
DA:1366,0
DA:1367,0
DA:1368,209
DA:1371,179
DA:1374,352
DA:1375,176
DA:1376,176
DA:1378,0
DA:1379,0
DA:1381,0
DA:1382,0
DA:1383,0
DA:1386,176
DA:1387,0
DA:1388,0
DA:1390,0
DA:1392,176
DA:1393,278
DA:1396,68
DA:1398,68
DA:1399,68
DA:1400,68
DA:1401,68
DA:1402,68
DA:1403,68
DA:1404,68
DA:1408,65
DA:1410,65
DA:1411,65
DA:1412,65
DA:1413,65
DA:1414,65
DA:1415,65
DA:1418,65
DA:1419,65
DA:1420,223
DA:1421,158
DA:1423,158
DA:1424,9
DA:1425,9
DA:1426,158
DA:1427,65
DA:1428,0
DA:1431,65
DA:1435,0
DA:1436,0
DA:1439,0
DA:1440,0
DA:1441,0
DA:1442,0
DA:1443,0
DA:1445,0
DA:1446,0
DA:1447,0
DA:1448,0
DA:1449,0
DA:1452,24
DA:1457,24
DA:1458,0
DA:1462,25
DA:1463,5
DA:1465,4
DA:1467,1
DA:1470,20
DA:1471,0
DA:1472,0
DA:1473,0
DA:1476,20
DA:1477,20
DA:1478,20
DA:1479,20
DA:1480,20
DA:1481,20
DA:1482,20
DA:1483,20
DA:1484,20
DA:1485,20
DA:1486,20
DA:1487,24
DA:1492,679
DA:1494,679
DA:1495,250
DA:1496,250
DA:1497,250
DA:1500,2070
DA:1501,1480
DA:1503,89
DA:1504,89
DA:1506,1391
DA:1509,590
DA:1510,590
DA:1511,590
DA:1512,590
DA:1513,590
DA:1514,590
DA:1515,590
DA:1516,590
DA:1517,590
DA:1518,679
DA:1521,8478
DA:1522,36274
DA:1523,36028
DA:1524,8232
DA:1526,27796
DA:1527,246
DA:1528,8478
DA:1531,0
DA:1532,0
DA:1536,0
DA:1537,0
DA:1538,0
DA:1539,0
DA:1540,0
DA:1541,0
DA:1543,3976
DA:1544,3976
DA:1546,3976
DA:1547,3976
DA:1549,91
DA:1550,91
DA:1551,91
DA:1552,91
DA:1554,3976
DA:1555,3885
DA:1558,91
DA:1559,91
DA:1560,3976
DA:1562,366
DA:1563,366
DA:1565,366
DA:1566,366
DA:1568,64
DA:1569,64
DA:1570,64
DA:1571,64
DA:1573,366
DA:1574,183
DA:1577,183
DA:1578,183
DA:1579,366
DA:1583,3
DA:1584,3
DA:1586,3
DA:1588,3
DA:1589,2
DA:1590,2
DA:1591,2
DA:1592,3
DA:1593,3
DA:1595,6
DA:1596,6
DA:1597,8
DA:1598,2
DA:1599,0
DA:1601,2
DA:1602,6
DA:1603,6
DA:1605,6
DA:1606,6
DA:1607,12
DA:1608,12
DA:1609,6
DA:1611,6
DA:1612,0
DA:1613,6
DA:1616,4
DA:1619,4
DA:1621,10
DA:1622,6
DA:1623,6
DA:1625,4
DA:1626,0
DA:1627,0
DA:1628,0
DA:1629,0
DA:1631,4
DA:1632,4
DA:1633,4
DA:1634,4
DA:1635,4
DA:1636,4
DA:1637,8
DA:1638,4
DA:1639,4
DA:1640,4
DA:1641,4
DA:1642,4
DA:1643,4
LF:1151
LH:969
end_of_record
TN:
SF:/Users/jkh/Src/nanolang/src/eval.c
FNL:0,1014,1088
FNA:0,62,builtin_array_set
FNL:1,109,124
FNA:1,0,shadow_json_escape
FNL:2,1090,1184
FNA:2,8,builtin_array_slice
FNL:3,1191,1198
FNA:3,176,create_dyn_array
FNL:4,1202,1213
FNA:4,5860,value_type_to_elem_type
FNL:5,1215,1312
FNA:5,5860,builtin_array_push
FNL:6,126,148
FNA:6,253,shadow_write_json_file
FNL:7,1314,1362
FNA:7,5,builtin_array_pop
FNL:8,1364,1387
FNA:8,4,builtin_array_remove_at
FNL:9,1389,1418
FNA:9,1,builtin_array_sort
FNL:10,1420,1446
FNA:10,2,builtin_array_reverse
FNL:11,1448,1479
FNA:11,4,builtin_array_contains
FNL:12,1481,1512
FNA:12,4,builtin_array_index_of
FNL:13,152,174
FNA:13,48817,unescape_string
FNL:14,1523,1546
FNA:14,0,is_pure_arithmetic_expr
FNL:15,1549,1555
FNA:15,0,is_pure_arithmetic_lambda
FNL:16,1560,1589
FNA:16,0,eval_pure_expr_int
FNL:17,1592,1624
FNA:17,0,eval_pure_expr_int2
FNL:18,1627,1658
FNA:18,0,eval_pure_expr_float2
FNL:19,1661,1689
FNA:19,0,eval_pure_expr_float
FNL:20,1691,1905
FNA:20,2,builtin_map
FNL:21,186,265
FNA:21,1,eval_dyn_array_binop
FNL:22,1907,2073
FNA:22,3,builtin_filter
FNL:23,2075,2210
FNA:23,3,builtin_reduce
FNL:24,2217,2230
FNA:24,137952,is_truthy
FNL:25,2233,2767
FNA:25,208124,eval_prefix_op
FNL:26,267,343
FNA:26,1,eval_dyn_array_scalar_right
FNL:27,2770,4539
FNA:27,91758,eval_call
FNL:28,345,419
FNA:28,1,eval_dyn_array_scalar_left
FNL:29,426,547
FNA:29,805,print_value
FNL:30,4542,5279
FNA:30,819560,eval_expression
FNL:31,48,56
FNA:31,0,coro_trampoline
FNL:32,5282,5756
FNA:32,231450,eval_statement
FNL:33,553,575
FNA:33,6,builtin_cast_int
FNL:34,5759,5815
FNA:34,18475,contains_extern_calls
FNL:35,577,599
FNA:35,5,builtin_cast_float
FNL:36,5818,5969
FNA:36,253,run_shadow_tests
FNL:37,5972,6012
FNA:37,84,run_program
FNL:38,601,621
FNA:38,6,builtin_cast_bool
FNL:39,6015,6152
FNA:39,1307,call_function
FNL:40,6158,6159
FNA:40,0,repl_eval_node
FNL:41,6162,6164
FNA:41,0,repl_print_value
FNL:42,623,626
FNA:42,0,builtin_null_opaque
FNL:43,635,645
FNA:43,1419,eval_sb_ensure
FNL:44,647,653
FNA:44,572,eval_sb_new
FNL:45,656,664
FNA:45,991,eval_sb_append_cstr
FNL:46,666,672
FNA:46,428,eval_sb_append_char
FNL:47,67,101
FNA:47,54,copy_function_signature
FNL:48,676,712
FNA:48,4,eval_sb_append_dyn_array
FNL:49,714,840
FNA:49,567,eval_sb_append_value
FNL:50,842,852
FNA:50,587,builtin_to_string
FNL:51,854,855
FNA:51,6,builtin_cast_string
FNL:52,858,860
FNA:52,260,builtin_print
FNL:53,863,866
FNA:53,532,builtin_println
FNL:54,873,952
FNA:54,3453,builtin_at
FNL:55,954,965
FNA:55,290,builtin_array_length
FNL:56,967,1012
FNA:56,17,builtin_array_new
FNF:57
FNH:46
DA:48,0
DA:49,0
DA:50,0
DA:52,0
DA:53,0
DA:54,0
DA:55,0
DA:56,0
DA:67,54
DA:68,54
DA:70,27
DA:71,27
DA:72,0
DA:73,0
DA:76,27
DA:77,27
DA:78,27
DA:79,27
DA:81,27
DA:82,27
DA:83,27
DA:84,27
DA:85,0
DA:86,0
DA:89,62
DA:90,35
DA:91,35
DA:92,0
DA:94,35
DA:95,27
DA:96,0
DA:97,0
DA:100,27
DA:101,54
DA:109,0
DA:110,0
DA:111,0
DA:112,0
DA:113,0
DA:114,0
DA:115,0
DA:116,0
DA:117,0
DA:118,0
DA:120,0
DA:121,0
DA:122,0
DA:123,0
DA:124,0
DA:126,253
DA:127,253
DA:128,0
DA:129,0
DA:131,0
DA:132,0
DA:133,0
DA:134,0
DA:135,0
DA:136,0
DA:137,0
DA:138,0
DA:139,0
DA:140,0
DA:141,0
DA:142,0
DA:143,0
DA:144,0
DA:145,0
DA:146,0
DA:147,0
DA:148,253
DA:152,48817
DA:153,48817
DA:154,48817
DA:155,48817
DA:156,161098
DA:157,112281
DA:158,245
DA:159,245
DA:160,142
DA:161,5
DA:162,0
DA:163,0
DA:164,0
DA:165,0
DA:166,98
DA:167,0
DA:169,245
DA:170,112036
DA:172,112281
DA:173,48817
DA:174,48817
DA:186,1
DA:187,1
DA:188,1
DA:189,1
DA:190,1
DA:191,1
DA:193,1
DA:194,1
DA:197,1
DA:198,0
DA:199,0
DA:200,0
DA:201,0
DA:203,0
DA:204,0
DA:206,0
DA:207,0
DA:209,0
DA:210,0
DA:212,0
DA:213,0
DA:215,0
DA:216,0
DA:217,0
DA:219,0
DA:220,1
DA:221,0
DA:222,0
DA:223,0
DA:224,0
DA:226,0
DA:227,0
DA:229,0
DA:230,0
DA:232,0
DA:233,0
DA:235,0
DA:236,0
DA:237,0
DA:239,0
DA:240,1
DA:241,1
DA:242,3
DA:243,2
DA:244,2
DA:245,2
DA:246,2
DA:247,2
DA:248,2
DA:249,2
DA:250,2
DA:251,2
DA:252,2
DA:253,1
DA:254,0
DA:255,0
DA:256,0
DA:257,0
DA:258,0
DA:259,0
DA:260,0
DA:261,0
DA:262,0
DA:264,1
DA:265,1
DA:267,1
DA:268,1
DA:269,1
DA:270,1
DA:271,1
DA:272,1
DA:274,1
DA:275,0
DA:276,0
DA:277,0
DA:278,0
DA:279,0
DA:280,0
DA:281,1
DA:282,0
DA:283,0
DA:284,0
DA:285,0
DA:287,0
DA:288,0
DA:290,0
DA:291,0
DA:293,0
DA:294,0
DA:296,0
DA:297,0
DA:298,0
DA:300,0
DA:301,0
DA:302,0
DA:303,0
DA:305,0
DA:306,1
DA:307,0
DA:308,0
DA:309,0
DA:310,0
DA:312,0
DA:313,0
DA:315,0
DA:316,0
DA:318,0
DA:319,0
DA:321,0
DA:322,0
DA:323,0
DA:325,0
DA:326,1
DA:327,1
DA:328,1
DA:329,1
DA:330,3
DA:331,2
DA:332,2
DA:333,2
DA:334,2
DA:335,2
DA:336,2
DA:337,2
DA:338,2
DA:339,1
DA:340,0
DA:342,1
DA:343,1
DA:345,1
DA:346,1
DA:347,1
DA:348,1
DA:349,1
DA:350,1
DA:352,1
DA:353,0
DA:354,0
DA:355,0
DA:356,0
DA:357,0
DA:358,0
DA:359,1
DA:360,0
DA:361,0
DA:362,0
DA:363,0
DA:365,0
DA:366,0
DA:368,0
DA:369,0
DA:371,0
DA:372,0
DA:374,0
DA:375,0
DA:377,0
DA:378,0
DA:379,0
DA:381,0
DA:382,1
DA:383,0
DA:384,0
DA:385,0
DA:386,0
DA:388,0
DA:389,0
DA:391,0
DA:392,0
DA:394,0
DA:395,0
DA:397,0
DA:398,0
DA:399,0
DA:401,0
DA:402,1
DA:403,1
DA:404,1
DA:405,1
DA:406,3
DA:407,2
DA:408,2
DA:409,2
DA:410,2
DA:411,2
DA:412,2
DA:413,2
DA:414,2
DA:415,1
DA:416,0
DA:418,1
DA:419,1
DA:426,805
DA:427,805
DA:429,47
DA:430,47
DA:432,4
DA:433,4
DA:435,5
DA:436,5
DA:438,749
DA:439,749
DA:442,0
DA:443,0
DA:444,0
DA:445,0
DA:446,0
DA:448,0
DA:449,0
DA:451,0
DA:452,0
DA:454,0
DA:455,0
DA:457,0
DA:458,0
DA:460,0
DA:462,0
DA:463,0
DA:464,0
DA:468,0
DA:469,0
DA:470,0
DA:471,0
DA:472,0
DA:473,0
DA:474,0
DA:476,0
DA:477,0
DA:479,0
DA:480,0
DA:482,0
DA:483,0
DA:485,0
DA:486,0
DA:488,0
DA:489,0
DA:491,0
DA:492,0
DA:493,0
DA:497,0
DA:498,0
DA:499,0
DA:500,0
DA:501,0
DA:502,0
DA:503,0
DA:504,0
DA:505,0
DA:509,0
DA:510,0
DA:514,0
DA:515,0
DA:519,0
DA:520,0
DA:521,0
DA:522,0
DA:523,0
DA:524,0
DA:525,0
DA:526,0
DA:527,0
DA:531,0
DA:532,0
DA:533,0
DA:534,0
DA:535,0
DA:536,0
DA:537,0
DA:538,0
DA:541,0
DA:542,0
DA:544,0
DA:545,0
DA:547,805
DA:553,6
DA:554,6
DA:556,6
DA:557,0
DA:558,6
DA:559,4
DA:560,2
DA:561,2
DA:562,0
DA:565,0
DA:566,0
DA:567,0
DA:568,0
DA:570,0
DA:572,0
DA:573,0
DA:575,6
DA:577,5
DA:578,5
DA:580,5
DA:581,0
DA:582,5
DA:583,4
DA:584,1
DA:585,1
DA:586,0
DA:589,0
DA:590,0
DA:591,0
DA:592,0
DA:594,0
DA:596,0
DA:597,0
DA:599,5
DA:601,6
DA:602,6
DA:604,6
DA:605,0
DA:606,6
DA:607,4
DA:608,2
DA:609,2
DA:610,0
DA:612,0
DA:613,0
DA:615,0
DA:618,0
DA:619,0
DA:621,6
DA:623,0
DA:624,0
DA:626,0
DA:635,1419
DA:636,1419
DA:637,1419
DA:638,1419
DA:639,4
DA:640,8
DA:641,4
DA:642,4
DA:643,4
DA:644,4
DA:645,1419
DA:647,572
DA:648,572
DA:649,572
DA:650,572
DA:651,572
DA:652,572
DA:653,572
DA:656,991
DA:657,991
DA:658,991
DA:659,991
DA:660,991
DA:661,991
DA:662,991
DA:663,991
DA:664,991
DA:666,428
DA:667,428
DA:668,428
DA:669,428
DA:670,428
DA:671,428
DA:672,428
DA:676,4
DA:677,4
DA:678,4
DA:679,4
DA:680,214
DA:681,210
DA:682,210
DA:685,0
DA:686,0
DA:687,0
DA:691,0
DA:692,0
DA:693,0
DA:696,0
DA:697,0
DA:699,210
DA:700,210
DA:701,210
DA:702,210
DA:704,0
DA:705,0
DA:707,0
DA:708,0
DA:710,210
DA:711,4
DA:712,4
DA:714,567
DA:715,567
DA:718,551
DA:719,551
DA:720,551
DA:724,5
DA:727,6
DA:728,1
DA:729,1
DA:730,1
DA:731,1
DA:732,1
DA:733,1
DA:734,1
DA:735,1
DA:736,5
DA:737,5
DA:740,7
DA:741,7
DA:743,0
DA:744,0
DA:746,0
DA:747,0
DA:748,0
DA:749,0
DA:750,0
DA:753,0
DA:754,0
DA:755,0
DA:759,0
DA:760,0
DA:761,0
DA:764,0
DA:765,0
DA:767,0
DA:768,0
DA:769,0
DA:770,0
DA:772,0
DA:773,0
DA:775,0
DA:776,0
DA:777,0
DA:780,4
DA:781,4
DA:782,4
DA:785,0
DA:786,0
DA:787,0
DA:788,0
DA:789,0
DA:790,0
DA:791,0
DA:792,0
DA:793,0
DA:794,0
DA:795,0
DA:798,0
DA:799,0
DA:800,0
DA:801,0
DA:802,0
DA:803,0
DA:804,0
DA:805,0
DA:806,0
DA:807,0
DA:808,0
DA:809,0
DA:810,0
DA:811,0
DA:812,0
DA:815,0
DA:816,0
DA:817,0
DA:818,0
DA:819,0
DA:820,0
DA:821,0
DA:822,0
DA:825,0
DA:826,0
DA:828,0
DA:829,0
DA:832,0
DA:833,0
DA:834,0
DA:837,0
DA:838,0
DA:840,567
DA:842,587
DA:843,587
DA:844,587
DA:846,567
DA:847,567
DA:848,567
DA:849,567
DA:850,567
DA:851,567
DA:852,587
DA:854,6
DA:855,6
DA:858,260
DA:859,260
DA:860,260
DA:863,532
DA:864,532
DA:865,532
DA:866,532
DA:873,3453
DA:875,3453
DA:876,0
DA:877,0
DA:880,3453
DA:883,3453
DA:884,279
DA:887,279
DA:888,0
DA:889,0
DA:890,0
DA:894,279
DA:896,78
DA:898,163
DA:900,8
DA:902,30
DA:904,0
DA:905,0
DA:908,0
DA:909,0
DA:914,3174
DA:915,3174
DA:916,3174
DA:919,3174
DA:920,0
DA:921,0
DA:922,0
DA:926,3174
DA:927,3174
DA:929,2704
DA:931,4
DA:933,6
DA:935,454
DA:937,6
DA:939,0
DA:940,0
DA:941,0
DA:942,0
DA:945,0
DA:946,0
DA:950,0
DA:951,0
DA:952,3453
DA:954,290
DA:956,290
DA:957,59
DA:959,231
DA:960,231
DA:963,0
DA:964,0
DA:965,290
DA:967,17
DA:969,17
DA:970,0
DA:971,0
DA:974,17
DA:975,17
DA:976,0
DA:977,0
DA:980,17
DA:981,17
DA:984,72
DA:985,55
DA:987,27
DA:988,27
DA:990,16
DA:991,16
DA:993,6
DA:994,6
DA:996,6
DA:997,6
DA:999,0
DA:1000,0
DA:1001,0
DA:1002,0
DA:1003,0
DA:1004,0
DA:1007,0
DA:1009,55
DA:1011,17
DA:1012,17
DA:1014,62
DA:1016,62
DA:1017,0
DA:1018,0
DA:1020,62
DA:1021,0
DA:1022,0
DA:1025,62
DA:1026,62
DA:1029,62
DA:1030,0
DA:1031,0
DA:1032,0
DA:1036,62
DA:1038,28
DA:1039,0
DA:1040,0
DA:1042,28
DA:1043,28
DA:1045,22
DA:1046,0
DA:1047,0
DA:1049,22
DA:1050,22
DA:1052,6
DA:1053,0
DA:1054,0
DA:1056,6
DA:1057,6
DA:1059,6
DA:1060,0
DA:1061,0
DA:1064,6
DA:1065,6
DA:1066,6
DA:1067,6
DA:1068,6
DA:1070,0
DA:1071,0
DA:1072,0
DA:1075,0
DA:1076,0
DA:1077,0
DA:1078,0
DA:1079,0
DA:1081,0
DA:1083,0
DA:1084,0
DA:1087,62
DA:1088,62
DA:1090,8
DA:1092,8
DA:1093,0
DA:1094,0
DA:1097,8
DA:1098,8
DA:1099,8
DA:1100,8
DA:1102,8
DA:1103,4
DA:1104,4
DA:1105,4
DA:1106,4
DA:1107,4
DA:1108,4
DA:1110,4
DA:1111,4
DA:1113,12
DA:1114,8
DA:1115,8
DA:1116,4
DA:1118,0
DA:1119,0
DA:1120,0
DA:1121,0
DA:1123,0
DA:1124,0
DA:1125,0
DA:1126,0
DA:1128,0
DA:1129,0
DA:1130,0
DA:1131,0
DA:1133,0
DA:1134,0
DA:1135,0
DA:1136,0
DA:1137,0
DA:1138,0
DA:1140,0
DA:1142,4
DA:1145,4
DA:1146,4
DA:1147,4
DA:1148,4
DA:1149,4
DA:1150,4
DA:1152,4
DA:1153,4
DA:1154,26
DA:1155,22
DA:1156,22
DA:1157,0
DA:1158,0
DA:1159,0
DA:1160,0
DA:1161,0
DA:1163,0
DA:1164,0
DA:1165,0
DA:1166,0
DA:1168,0
DA:1169,0
DA:1170,0
DA:1171,0
DA:1172,0
DA:1175,0
DA:1176,0
DA:1178,22
DA:1179,4
DA:1182,0
DA:1183,0
DA:1184,8
DA:1191,176
DA:1193,176
DA:1194,176
DA:1195,176
DA:1196,176
DA:1197,176
DA:1198,176
DA:1202,5860
DA:1203,5860
DA:1204,5760
DA:1205,8
DA:1206,9
DA:1207,77
DA:1208,6
DA:1210,0
DA:1211,0
DA:1213,5860
DA:1215,5860
DA:1222,5860
DA:1224,157
DA:1225,157
DA:1228,157
DA:1230,134
DA:1231,134
DA:1233,3
DA:1234,3
DA:1236,3
DA:1237,3
DA:1239,12
DA:1240,12
DA:1242,5
DA:1243,5
DA:1245,0
DA:1246,0
DA:1247,0
DA:1248,0
DA:1249,0
DA:1250,0
DA:1251,0
DA:1254,0
DA:1255,0
DA:1256,0
DA:1259,157
DA:1263,5703
DA:1264,0
DA:1265,0
DA:1268,5703
DA:1271,5703
DA:1272,5703
DA:1274,5703
DA:1275,0
DA:1276,0
DA:1280,5703
DA:1282,5626
DA:1283,5626
DA:1285,5
DA:1286,5
DA:1288,6
DA:1289,6
DA:1291,65
DA:1292,65
DA:1294,1
DA:1295,1
DA:1297,0
DA:1298,0
DA:1299,0
DA:1300,0
DA:1301,0
DA:1302,0
DA:1303,0
DA:1306,0
DA:1307,0
DA:1311,5703
DA:1312,5860
DA:1314,5
DA:1316,5
DA:1317,0
DA:1318,0
DA:1321,5
DA:1323,5
DA:1324,0
DA:1325,0
DA:1329,5
DA:1330,5
DA:1331,5
DA:1333,3
DA:1334,3
DA:1337,2
DA:1338,2
DA:1341,0
DA:1342,0
DA:1345,0
DA:1346,0
DA:1349,0
DA:1350,0
DA:1353,0
DA:1354,0
DA:1355,0
DA:1356,0
DA:1359,0
DA:1360,0
DA:1362,5
DA:1364,4
DA:1366,4
DA:1367,0
DA:1368,0
DA:1370,4
DA:1371,0
DA:1372,0
DA:1375,4
DA:1376,4
DA:1378,4
DA:1379,0
DA:1380,0
DA:1383,4
DA:1386,4
DA:1387,4
DA:1389,1
DA:1391,1
DA:1393,0
DA:1394,0
DA:1396,1
DA:1397,0
DA:1398,0
DA:1400,1
DA:1401,1
DA:1402,1
DA:1403,1
DA:1404,1
DA:1405,1
DA:1407,5
DA:1408,4
DA:1409,4
DA:1410,7
DA:1411,3
DA:1412,3
DA:1414,4
DA:1415,4
DA:1416,1
DA:1417,1
DA:1418,1
DA:1420,2
DA:1422,2
DA:1424,1
DA:1425,1
DA:1427,1
DA:1428,0
DA:1429,0
DA:1431,1
DA:1432,1
DA:1433,1
DA:1434,1
DA:1435,1
DA:1436,4
DA:1437,3
DA:1438,3
DA:1439,0
DA:1440,0
DA:1441,0
DA:1442,0
DA:1444,3
DA:1445,1
DA:1446,2
DA:1448,4
DA:1450,4
DA:1451,0
DA:1452,0
DA:1454,4
DA:1455,4
DA:1456,4
DA:1457,10
DA:1458,9
DA:1460,9
DA:1461,3
DA:1462,6
DA:1464,0
DA:1465,0
DA:1466,0
DA:1468,0
DA:1469,0
DA:1470,0
DA:1472,0
DA:1473,0
DA:1474,0
DA:1475,0
DA:1477,6
DA:1478,1
DA:1479,4
DA:1481,4
DA:1483,4
DA:1484,0
DA:1485,0
DA:1487,4
DA:1488,4
DA:1489,4
DA:1490,10
DA:1491,9
DA:1493,9
DA:1494,3
DA:1495,6
DA:1497,0
DA:1498,0
DA:1499,0
DA:1501,0
DA:1502,0
DA:1503,0
DA:1505,0
DA:1506,0
DA:1507,0
DA:1508,0
DA:1510,6
DA:1511,1
DA:1512,4
DA:1523,0
DA:1524,0
DA:1525,0
DA:1528,0
DA:1530,0
DA:1532,0
DA:1534,0
DA:1535,0
DA:1536,0
DA:1537,0
DA:1538,0
DA:1539,0
DA:1540,0
DA:1541,0
DA:1544,0
DA:1546,0
DA:1549,0
DA:1550,0
DA:1551,0
DA:1552,0
DA:1553,0
DA:1554,0
DA:1555,0
DA:1560,0
DA:1561,0
DA:1562,0
DA:1563,0
DA:1564,0
DA:1566,0
DA:1567,0
DA:1569,0
DA:1570,0
DA:1571,0
DA:1573,0
DA:1574,0
DA:1575,0
DA:1576,0
DA:1577,0
DA:1578,0
DA:1579,0
DA:1580,0
DA:1581,0
DA:1582,0
DA:1585,0
DA:1587,0
DA:1589,0
DA:1592,0
DA:1595,0
DA:1596,0
DA:1597,0
DA:1598,0
DA:1600,0
DA:1601,0
DA:1602,0
DA:1604,0
DA:1605,0
DA:1606,0
DA:1608,0
DA:1609,0
DA:1610,0
DA:1611,0
DA:1612,0
DA:1613,0
DA:1614,0
DA:1615,0
DA:1616,0
DA:1617,0
DA:1620,0
DA:1622,0
DA:1624,0
DA:1627,0
DA:1630,0
DA:1631,0
DA:1632,0
DA:1633,0
DA:1635,0
DA:1636,0
DA:1637,0
DA:1639,0
DA:1640,0
DA:1641,0
DA:1643,0
DA:1644,0
DA:1645,0
DA:1646,0
DA:1647,0
DA:1648,0
DA:1649,0
DA:1650,0
DA:1651,0
DA:1654,0
DA:1656,0
DA:1658,0
DA:1661,0
DA:1662,0
DA:1663,0
DA:1664,0
DA:1665,0
DA:1667,0
DA:1668,0
DA:1670,0
DA:1671,0
DA:1672,0
DA:1674,0
DA:1675,0
DA:1676,0
DA:1677,0
DA:1678,0
DA:1679,0
DA:1680,0
DA:1681,0
DA:1682,0
DA:1685,0
DA:1687,0
DA:1689,0
DA:1691,2
DA:1695,2
DA:1696,0
DA:1697,0
DA:1700,2
DA:1703,2
DA:1704,2
DA:1705,2
DA:1708,2
DA:1709,2
DA:1712,7
DA:1714,5
DA:1715,5
DA:1716,5
DA:1717,5
DA:1720,5
DA:1722,5
DA:1723,5
DA:1725,0
DA:1726,0
DA:1728,0
DA:1729,0
DA:1731,0
DA:1732,0
DA:1734,0
DA:1735,0
DA:1740,5
DA:1741,5
DA:1744,5
DA:1746,5
DA:1747,0
DA:1748,0
DA:1750,5
DA:1751,5
DA:1753,0
DA:1754,0
DA:1755,0
DA:1757,0
DA:1758,0
DA:1760,0
DA:1761,0
DA:1762,0
DA:1764,0
DA:1765,0
DA:1767,0
DA:1768,0
DA:1769,0
DA:1771,0
DA:1772,0
DA:1774,0
DA:1776,5
DA:1778,2
DA:1782,0
DA:1783,0
DA:1784,0
DA:1785,0
DA:1789,0
DA:1790,0
DA:1791,0
DA:1792,0
DA:1793,0
DA:1794,0
DA:1795,0
DA:1796,0
DA:1797,0
DA:1798,0
DA:1799,0
DA:1800,0
DA:1801,0
DA:1802,0
DA:1803,0
DA:1804,0
DA:1805,0
DA:1806,0
DA:1807,0
DA:1808,0
DA:1810,0
DA:1811,0
DA:1813,0
DA:1814,0
DA:1817,0
DA:1820,0
DA:1822,0
DA:1823,0
DA:1824,0
DA:1827,0
DA:1829,0
DA:1830,0
DA:1831,0
DA:1833,0
DA:1834,0
DA:1835,0
DA:1837,0
DA:1838,0
DA:1839,0
DA:1841,0
DA:1842,0
DA:1843,0
DA:1845,0
DA:1846,0
DA:1847,0
DA:1849,0
DA:1850,0
DA:1855,0
DA:1856,0
DA:1859,0
DA:1861,0
DA:1862,0
DA:1863,0
DA:1865,0
DA:1866,0
DA:1868,0
DA:1869,0
DA:1870,0
DA:1872,0
DA:1873,0
DA:1875,0
DA:1876,0
DA:1877,0
DA:1879,0
DA:1880,0
DA:1882,0
DA:1883,0
DA:1884,0
DA:1886,0
DA:1887,0
DA:1889,0
DA:1890,0
DA:1891,0
DA:1893,0
DA:1894,0
DA:1896,0
DA:1898,0
DA:1900,0
DA:1903,0
DA:1904,0
DA:1905,2
DA:1907,3
DA:1911,3
DA:1912,0
DA:1913,0
DA:1916,3
DA:1919,3
DA:1920,3
DA:1921,3
DA:1923,3
DA:1924,3
DA:1925,0
DA:1926,0
DA:1929,3
DA:1930,13
DA:1932,10
DA:1933,10
DA:1934,10
DA:1935,10
DA:1937,10
DA:1939,10
DA:1940,10
DA:1942,0
DA:1943,0
DA:1945,0
DA:1946,0
DA:1948,0
DA:1949,0
DA:1951,0
DA:1952,0
DA:1953,0
DA:1957,10
DA:1958,10
DA:1959,10
DA:1960,0
DA:1961,0
DA:1962,0
DA:1964,10
DA:1965,10
DA:1966,10
DA:1968,3
DA:1969,3
DA:1971,3
DA:1972,13
DA:1973,10
DA:1975,5
DA:1977,5
DA:1978,5
DA:1980,0
DA:1981,0
DA:1983,0
DA:1984,0
DA:1986,0
DA:1987,0
DA:1989,0
DA:1991,5
DA:1992,5
DA:1994,3
DA:1995,3
DA:1999,0
DA:2000,0
DA:2001,0
DA:2002,0
DA:2004,0
DA:2005,0
DA:2007,0
DA:2008,0
DA:2009,0
DA:2011,0
DA:2013,0
DA:2014,0
DA:2015,0
DA:2017,0
DA:2018,0
DA:2019,0
DA:2021,0
DA:2022,0
DA:2023,0
DA:2025,0
DA:2026,0
DA:2027,0
DA:2029,0
DA:2030,0
DA:2031,0
DA:2033,0
DA:2034,0
DA:2038,0
DA:2039,0
DA:2040,0
DA:2041,0
DA:2042,0
DA:2045,0
DA:2047,0
DA:2049,0
DA:2050,0
DA:2052,0
DA:2053,0
DA:2055,0
DA:2056,0
DA:2058,0
DA:2059,0
DA:2061,0
DA:2062,0
DA:2064,0
DA:2066,0
DA:2068,0
DA:2071,0
DA:2072,0
DA:2073,3
DA:2075,3
DA:2079,3
DA:2080,0
DA:2081,0
DA:2084,3
DA:2085,3
DA:2088,3
DA:2089,3
DA:2090,3
DA:2092,9
DA:2094,6
DA:2095,6
DA:2096,6
DA:2097,6
DA:2100,6
DA:2102,6
DA:2103,6
DA:2105,0
DA:2106,0
DA:2108,0
DA:2109,0
DA:2111,0
DA:2112,0
DA:2114,0
DA:2115,0
DA:2120,6
DA:2121,6
DA:2122,6
DA:2123,6
DA:2125,3
DA:2129,0
DA:2130,0
DA:2131,0
DA:2132,0
DA:2136,0
DA:2137,0
DA:2138,0
DA:2139,0
DA:2140,0
DA:2141,0
DA:2142,0
DA:2143,0
DA:2144,0
DA:2145,0
DA:2146,0
DA:2147,0
DA:2148,0
DA:2149,0
DA:2150,0
DA:2151,0
DA:2152,0
DA:2153,0
DA:2154,0
DA:2155,0
DA:2156,0
DA:2157,0
DA:2158,0
DA:2159,0
DA:2160,0
DA:2162,0
DA:2163,0
DA:2165,0
DA:2167,0
DA:2168,0
DA:2169,0
DA:2172,0
DA:2174,0
DA:2175,0
DA:2176,0
DA:2178,0
DA:2179,0
DA:2180,0
DA:2182,0
DA:2183,0
DA:2184,0
DA:2186,0
DA:2187,0
DA:2188,0
DA:2190,0
DA:2191,0
DA:2192,0
DA:2194,0
DA:2195,0
DA:2200,0
DA:2201,0
DA:2202,0
DA:2203,0
DA:2205,0
DA:2208,0
DA:2209,0
DA:2210,3
DA:2217,137952
DA:2218,137952
DA:2220,137950
DA:2222,0
DA:2224,0
DA:2226,2
DA:2228,0
DA:2230,137952
DA:2233,208124
DA:2234,208124
DA:2235,208124
DA:2239,341310
DA:2240,133267
DA:2243,75088
DA:2244,40
DA:2245,40
DA:2246,8
DA:2247,32
DA:2248,32
DA:2249,0
DA:2250,0
DA:2251,0
DA:2252,0
DA:2253,0
DA:2254,0
DA:2255,0
DA:2256,0
DA:2257,0
DA:2258,0
DA:2259,0
DA:2260,0
DA:2261,0
DA:2263,0
DA:2264,0
DA:2265,0
DA:2266,0
DA:2267,0
DA:2268,0
DA:2269,0
DA:2270,0
DA:2271,0
DA:2272,0
DA:2273,0
DA:2274,0
DA:2275,0
DA:2277,0
DA:2278,0
DA:2280,0
DA:2281,0
DA:2286,75048
DA:2287,0
DA:2288,0
DA:2290,75048
DA:2291,75048
DA:2294,75048
DA:2296,8
DA:2297,3
DA:2298,1
DA:2299,1
DA:2300,1
DA:2301,1
DA:2302,1
DA:2303,0
DA:2304,0
DA:2306,1
DA:2307,1
DA:2308,0
DA:2309,0
DA:2311,1
DA:2312,1
DA:2313,0
DA:2314,0
DA:2316,1
DA:2320,2
DA:2321,1
DA:2322,1
DA:2323,1
DA:2324,0
DA:2325,0
DA:2327,1
DA:2328,1
DA:2329,1
DA:2330,1
DA:2331,1
DA:2332,0
DA:2333,0
DA:2335,1
DA:2337,0
DA:2340,5
DA:2341,1
DA:2342,1
DA:2343,1
DA:2344,0
DA:2345,0
DA:2347,1
DA:2348,4
DA:2349,3
DA:2351,3
DA:2352,3
DA:2353,3
DA:2354,3
DA:2355,3
DA:2356,0
DA:2357,0
DA:2358,0
DA:2359,0
DA:2360,0
DA:2362,3
DA:2363,3
DA:2366,0
DA:2367,0
DA:2368,0
DA:2369,0
DA:2370,0
DA:2371,0
DA:2372,0
DA:2373,0
DA:2374,0
DA:2376,0
DA:2377,0
DA:2380,0
DA:2381,0
DA:2382,0
DA:2384,0
DA:2385,0
DA:2386,0
DA:2387,0
DA:2388,0
DA:2389,0
DA:2390,0
DA:2391,0
DA:2392,0
DA:2393,0
DA:2396,0
DA:2397,0
DA:2399,3
DA:2400,1
DA:2404,4
DA:2405,3
DA:2406,3
DA:2408,3
DA:2409,1
DA:2410,4
DA:2411,3
DA:2412,3
DA:2413,3
DA:2414,3
DA:2415,3
DA:2416,0
DA:2417,0
DA:2418,0
DA:2419,0
DA:2420,0
DA:2422,3
DA:2423,3
DA:2424,1
DA:2427,2
DA:2428,2
DA:2429,8
DA:2430,6
DA:2431,6
DA:2432,6
DA:2433,6
DA:2434,0
DA:2435,0
DA:2436,3
DA:2437,3
DA:2438,0
DA:2440,6
DA:2441,6
DA:2442,2
DA:2445,0
DA:2446,0
DA:2447,0
DA:2448,0
DA:2450,0
DA:2451,0
DA:2452,0
DA:2453,0
DA:2454,0
DA:2455,0
DA:2456,0
DA:2457,0
DA:2458,0
DA:2459,0
DA:2460,0
DA:2461,0
DA:2462,0
DA:2464,0
DA:2467,1
DA:2468,1
DA:2469,1
DA:2471,1
DA:2472,1
DA:2473,4
DA:2474,3
DA:2475,3
DA:2476,3
DA:2477,3
DA:2478,0
DA:2479,3
DA:2480,0
DA:2481,0
DA:2482,0
DA:2483,0
DA:2485,3
DA:2486,3
DA:2487,1
DA:2490,0
DA:2491,0
DA:2492,0
DA:2493,0
DA:2494,0
DA:2495,0
DA:2496,0
DA:2497,0
DA:2498,0
DA:2499,0
DA:2500,0
DA:2501,0
DA:2503,0
DA:2504,0
DA:2505,0
DA:2508,0
DA:2509,0
DA:2510,0
DA:2511,0
DA:2513,0
DA:2514,0
DA:2515,0
DA:2516,0
DA:2517,0
DA:2518,0
DA:2519,0
DA:2520,0
DA:2521,0
DA:2522,0
DA:2523,0
DA:2524,0
DA:2525,0
DA:2527,0
DA:2528,0
DA:2530,75040
DA:2532,38484
DA:2533,33916
DA:2534,3146
DA:2535,1218
DA:2537,54
DA:2538,0
DA:2539,0
DA:2541,54
DA:2542,54
DA:2544,150
DA:2545,0
DA:2546,0
DA:2548,150
DA:2549,150
DA:2550,0
DA:2551,0
DA:2552,38484
DA:2553,36556
DA:2555,806
DA:2556,255
DA:2557,151
DA:2558,374
DA:2560,26
DA:2561,0
DA:2562,0
DA:2564,26
DA:2565,26
DA:2566,0
DA:2567,0
DA:2568,806
DA:2569,35750
DA:2571,35750
DA:2572,35750
DA:2573,35750
DA:2574,35750
DA:2575,35750
DA:2576,0
DA:2577,0
DA:2579,35750
DA:2580,35750
DA:2581,35750
DA:2582,35750
DA:2583,35750
DA:2584,35750
DA:2586,0
DA:2587,0
DA:2590,0
DA:2593,133036
DA:2594,50073
DA:2595,0
DA:2596,0
DA:2598,50073
DA:2599,50073
DA:2601,50073
DA:2603,49900
DA:2604,24404
DA:2605,12281
DA:2606,2189
DA:2607,11026
DA:2608,0
DA:2609,0
DA:2610,49900
DA:2611,173
DA:2613,173
DA:2614,131
DA:2615,0
DA:2616,42
DA:2617,0
DA:2618,0
DA:2619,0
DA:2620,173
DA:2621,0
DA:2624,0
DA:2625,0
DA:2626,0
DA:2627,0
DA:2628,0
DA:2629,0
DA:2630,0
DA:2631,0
DA:2632,0
DA:2633,0
DA:2636,0
DA:2637,0
DA:2638,0
DA:2639,0
DA:2640,0
DA:2641,0
DA:2642,0
DA:2643,0
DA:2644,0
DA:2646,0
DA:2649,82963
DA:2650,50042
DA:2651,0
DA:2652,0
DA:2654,50042
DA:2655,50042
DA:2657,50042
DA:2658,50042
DA:2659,50042
DA:2660,38174
DA:2661,78
DA:2662,412
DA:2663,11378
DA:2666,0
DA:2667,0
DA:2668,0
DA:2669,0
DA:2670,0
DA:2671,0
DA:2672,0
DA:2673,0
DA:2674,0
DA:2675,0
DA:2677,0
DA:2678,0
DA:2679,0
DA:2680,0
DA:2681,0
DA:2682,0
DA:2683,0
DA:2684,0
DA:2685,0
DA:2686,0
DA:2687,0
DA:2688,0
DA:2690,0
DA:2692,0
DA:2695,0
DA:2696,0
DA:2697,0
DA:2698,0
DA:2699,0
DA:2700,0
DA:2701,0
DA:2702,0
DA:2704,0
DA:2705,0
DA:2707,0
DA:2708,0
DA:2710,0
DA:2711,0
DA:2713,0
DA:2714,0
DA:2716,0
DA:2717,0
DA:2719,0
DA:2721,0
DA:2730,0
DA:2731,0
DA:2733,50042
DA:2735,50042
DA:2739,32921
DA:2740,30859
DA:2741,0
DA:2742,0
DA:2744,30859
DA:2746,30859
DA:2747,17851
DA:2748,14518
DA:2749,14518
DA:2751,13008
DA:2752,8471
DA:2753,8471
DA:2757,2062
DA:2758,2062
DA:2759,0
DA:2760,0
DA:2762,2062
DA:2763,2062
DA:2766,0
DA:2767,208124
DA:2770,91758
DA:2772,91758
DA:2774,0
DA:2775,0
DA:2776,0
DA:2777,0
DA:2781,0
DA:2782,0
DA:2783,0
DA:2784,0
DA:2788,0
DA:2791,0
DA:2792,0
DA:2793,0
DA:2794,0
DA:2795,0
DA:2796,0
DA:2797,0
DA:2798,0
DA:2801,0
DA:2802,0
DA:2803,0
DA:2804,0
DA:2805,0
DA:2806,0
DA:2807,0
DA:2808,0
DA:2811,0
DA:2812,0
DA:2813,0
DA:2816,91758
DA:2819,91758
DA:2820,91758
DA:2822,42
DA:2823,42
DA:2826,91758
DA:2828,0
DA:2836,91758
DA:2837,0
DA:2838,0
DA:2839,0
DA:2841,0
DA:2842,0
DA:2843,0
DA:2844,0
DA:2845,0
DA:2846,0
DA:2847,0
DA:2848,0
DA:2849,0
DA:2850,0
DA:2851,0
DA:2853,0
DA:2854,0
DA:2855,0
DA:2858,0
DA:2859,0
DA:2860,0
DA:2862,0
DA:2863,0
DA:2864,0
DA:2866,0
DA:2867,0
DA:2868,0
DA:2869,0
DA:2870,0
DA:2872,0
DA:2873,0
DA:2874,0
DA:2875,0
DA:2876,0
DA:2877,0
DA:2878,0
DA:2879,0
DA:2883,0
DA:2884,0
DA:2885,0
DA:2886,0
DA:2890,91758
DA:2891,0
DA:2892,0
DA:2896,91758
DA:2897,0
DA:2898,0
DA:2899,0
DA:2900,0
DA:2902,0
DA:2906,91758
DA:2907,0
DA:2908,0
DA:2909,0
DA:2910,0
DA:2911,0
DA:2915,91758
DA:2916,0
DA:2917,0
DA:2921,91758
DA:2922,0
DA:2923,0
DA:2927,91758
DA:2928,230221
DA:2929,138463
DA:2930,138463
DA:2931,3
DA:2932,3
DA:2933,3
DA:2934,3
DA:2935,138463
DA:2939,230513
DA:2940,138755
DA:2941,138755
DA:2944,91758
DA:2945,91741
DA:2946,91740
DA:2947,91738
DA:2948,91738
DA:2949,91736
DA:2950,91736
DA:2951,91731
DA:2954,91731
DA:2955,91730
DA:2956,91728
DA:2959,91727
DA:2960,91727
DA:2961,91726
DA:2962,91726
DA:2963,91725
DA:2964,91725
DA:2965,91725
DA:2968,91717
DA:2969,91717
DA:2970,91717
DA:2971,91712
DA:2972,91563
DA:2973,91558
DA:2976,91552
DA:2977,91552
DA:2978,91552
DA:2979,91541
DA:2980,91541
DA:2981,91541
DA:2984,91539
DA:2985,91533
DA:2986,91531
DA:2987,91525
DA:2988,91525
DA:2989,91525
DA:2990,91525
DA:2993,91525
DA:2994,91525
DA:2995,91525
DA:2996,91525
DA:2997,91525
DA:2998,91525
DA:2999,91525
DA:3002,91525
DA:3003,91403
DA:3004,91396
DA:3005,91389
DA:3006,91129
DA:3009,90597
DA:3010,90567
DA:3011,90565
DA:3012,90562
DA:3013,90559
DA:3016,90556
DA:3017,90552
DA:3018,90548
DA:3019,90547
DA:3022,90546
DA:3023,90540
DA:3024,90535
DA:3025,90529
DA:3026,90523
DA:3027,90523
DA:3030,89942
DA:3031,0
DA:3032,0
DA:3034,0
DA:3036,0
DA:3037,0
DA:3038,0
DA:3039,0
DA:3040,0
DA:3041,0
DA:3042,0
DA:3043,0
DA:3044,0
DA:3045,0
DA:3046,0
DA:3048,89942
DA:3049,0
DA:3050,0
DA:3052,0
DA:3054,89942
DA:3055,0
DA:3057,0
DA:3058,0
DA:3062,89942
DA:3063,5
DA:3065,89937
DA:3066,16
DA:3067,16
DA:3068,16
DA:3069,16
DA:3073,89921
DA:3075,0
DA:3076,0
DA:3077,0
DA:3081,89921
DA:3083,5
DA:3084,5
DA:3085,5
DA:3087,89916
DA:3088,0
DA:3089,0
DA:3090,0
DA:3091,0
DA:3093,89916
DA:3094,12
DA:3095,12
DA:3096,12
DA:3097,12
DA:3099,89904
DA:3100,0
DA:3101,0
DA:3102,0
DA:3103,0
DA:3104,0
DA:3105,0
DA:3107,89904
DA:3108,0
DA:3109,0
DA:3110,0
DA:3112,89904
DA:3113,2
DA:3114,2
DA:3116,89902
DA:3117,0
DA:3118,0
DA:3120,89902
DA:3121,5
DA:3122,5
DA:3123,5
DA:3125,89897
DA:3126,0
DA:3127,0
DA:3128,0
DA:3132,89897
DA:3133,81910
DA:3134,81798
DA:3135,80906
DA:3136,80885
DA:3137,80833
DA:3138,80821
DA:3139,80811
DA:3140,80801
DA:3141,80799
DA:3142,80797
DA:3143,80795
DA:3144,80791
DA:3145,80787
DA:3146,80783
DA:3147,0
DA:3148,0
DA:3149,0
DA:3150,0
DA:3152,0
DA:3154,0
DA:3155,0
DA:3156,0
DA:3157,0
DA:3158,0
DA:3159,0
DA:3160,0
DA:3161,0
DA:3164,0
DA:3165,0
DA:3166,0
DA:3167,0
DA:3168,0
DA:3169,0
DA:3170,0
DA:3171,0
DA:3172,0
DA:3173,0
DA:3174,0
DA:3175,0
DA:3176,0
DA:3178,0
DA:3179,0
DA:3180,0
DA:3181,0
DA:3182,0
DA:3183,0
DA:3184,0
DA:3185,0
DA:3186,0
DA:3187,0
DA:3188,0
DA:3189,0
DA:3190,0
DA:3191,0
DA:3192,0
DA:3193,0
DA:3194,0
DA:3195,0
DA:3196,0
DA:3199,0
DA:3200,0
DA:3201,0
DA:3202,0
DA:3204,80783
DA:3205,3
DA:3206,0
DA:3207,0
DA:3209,3
DA:3210,3
DA:3211,3
DA:3212,3
DA:3213,3
DA:3214,3
DA:3215,0
DA:3216,0
DA:3217,0
DA:3218,0
DA:3219,0
DA:3220,0
DA:3221,3
DA:3223,7
DA:3224,4
DA:3225,4
DA:3226,4
DA:3227,4
DA:3228,4
DA:3229,4
DA:3230,4
DA:3231,4
DA:3233,3
DA:3235,3
DA:3237,80780
DA:3238,2
DA:3239,0
DA:3240,0
DA:3242,2
DA:3243,2
DA:3244,2
DA:3245,2
DA:3246,2
DA:3247,2
DA:3248,7
DA:3249,5
DA:3250,5
DA:3251,5
DA:3252,5
DA:3253,2
DA:3254,2
DA:3255,2
DA:3256,7
DA:3257,5
DA:3258,5
DA:3259,5
DA:3260,5
DA:3261,2
DA:3262,2
DA:3263,2
DA:3264,2
DA:3268,80778
DA:3269,80775
DA:3272,80772
DA:3273,11469
DA:3274,0
DA:3275,0
DA:3277,11469
DA:3278,11469
DA:3280,11469
DA:3281,11469
DA:3282,0
DA:3283,0
DA:3285,11469
DA:3288,69303
DA:3289,1060
DA:3290,0
DA:3291,0
DA:3294,1060
DA:3295,1060
DA:3296,1060
DA:3300,68243
DA:3301,3
DA:3302,3
DA:3303,3
DA:3306,68240
DA:3307,3
DA:3308,3
DA:3309,3
DA:3312,68237
DA:3313,3
DA:3314,3
DA:3315,5
DA:3316,4
DA:3317,2
DA:3320,68234
DA:3321,3
DA:3322,3
DA:3323,3
DA:3326,68231
DA:3327,4
DA:3328,4
DA:3329,4
DA:3332,68227
DA:3333,3
DA:3334,3
DA:3335,3
DA:3339,68224
DA:3340,12176
DA:3341,0
DA:3344,12176
DA:3345,12176
DA:3348,56048
DA:3349,17
DA:3350,0
DA:3352,17
DA:3353,17
DA:3356,56031
DA:3357,3
DA:3358,3
DA:3359,3
DA:3360,3
DA:3362,0
DA:3365,56028
DA:3366,3
DA:3367,3
DA:3368,3
DA:3369,2
DA:3371,1
DA:3374,56025
DA:3375,3
DA:3376,3
DA:3377,3
DA:3378,2
DA:3380,1
DA:3384,56022
DA:3385,52569
DA:3386,52279
DA:3387,52262
DA:3388,52200
DA:3391,52192
DA:3392,52190
DA:3393,52187
DA:3396,52184
DA:3397,46324
DA:3398,46319
DA:3399,46315
DA:3400,46314
DA:3401,46312
DA:3402,46308
[...]
FNL:17,341,346
FNA:17,14,test_generate_flamegraph_profiling_system
FNL:18,348,354
FNA:18,14,test_generate_coroutine_builtins
FNL:19,356,361
FNA:19,14,test_generate_module_system_stubs
FNL:20,367,371
FNA:20,294,suppress_stderr
FNL:21,372,376
FNA:21,294,restore_stderr
FNL:22,384,402
FNA:22,280,transpile_src
FNL:23,404,409
FNA:23,14,test_transpile_minimal
FNL:24,41,54
FNA:24,14,test_stringbuilder_append_simple
FNL:25,411,422
FNA:25,14,test_transpile_arithmetic
FNL:26,424,438
FNA:26,14,test_transpile_struct
FNL:27,440,451
FNA:27,14,test_transpile_enum
FNL:28,453,466
FNA:28,14,test_transpile_union_match
FNL:29,468,480
FNA:29,14,test_transpile_string_ops
FNL:30,482,499
FNA:30,14,test_transpile_array_ops
FNL:31,501,513
FNA:31,14,test_transpile_for_range
FNL:32,515,525
FNA:32,14,test_transpile_if_else_chain
FNL:33,527,536
FNA:33,14,test_transpile_constants
FNL:34,538,548
FNA:34,14,test_transpile_recursive
FNL:35,550,558
FNA:35,14,test_transpile_float_math
FNL:36,56,69
FNA:36,14,test_stringbuilder_append_empty
FNL:37,560,572
FNA:37,14,test_transpile_tuple
FNL:38,574,588
FNA:38,14,test_transpile_nested_structs
FNL:39,590,600
FNA:39,14,test_transpile_shadow_tests
FNL:40,602,614
FNA:40,14,test_transpile_match_int
FNL:41,616,624
FNA:41,14,test_transpile_cond_expr
FNL:42,626,632
FNA:42,14,test_transpile_pub_function
FNL:43,634,644
FNA:43,14,test_transpile_print_println
FNL:44,646,653
FNA:44,14,test_transpile_opaque_type
FNL:45,655,665
FNA:45,14,test_transpile_null_inputs
FNL:46,671,729
FNA:46,14,main
FNL:47,71,83
FNA:47,14,test_stringbuilder_append_multiple
FNL:48,85,102
FNA:48,14,test_stringbuilder_large_append
FNF:49
FNH:48
DA:23,0
DA:29,14
DA:30,14
DA:31,14
DA:32,14
DA:33,14
DA:34,14
DA:35,14
DA:37,14
DA:38,14
DA:39,14
DA:41,14
DA:42,14
DA:44,14
DA:45,14
DA:46,14
DA:48,14
DA:49,14
DA:50,14
DA:52,14
DA:53,14
DA:54,14
DA:56,14
DA:57,14
DA:59,14
DA:60,14
DA:61,14
DA:63,14
DA:64,14
DA:65,14
DA:67,14
DA:68,14
DA:69,14
DA:71,14
DA:72,14
DA:74,154
DA:75,140
DA:76,140
DA:78,14
DA:79,14
DA:81,14
DA:82,14
DA:83,14
DA:85,14
DA:86,14
DA:90,28000
DA:91,27986
DA:92,27986
DA:93,14
DA:95,14
DA:96,14
DA:97,14
DA:98,14
DA:100,14
DA:101,14
DA:102,14
DA:104,14
DA:105,14
DA:106,14
DA:110,28672
DA:111,28658
DA:112,28658
DA:113,14
DA:115,14
DA:118,14
DA:119,14
DA:120,14
DA:122,14
DA:123,14
DA:124,14
DA:126,14
DA:127,14
DA:129,14
DA:130,14
DA:132,14
DA:133,14
DA:135,14
DA:136,14
DA:137,14
DA:143,14
DA:144,14
DA:146,14
DA:148,14
DA:149,14
DA:150,14
DA:151,14
DA:152,14
DA:153,14
DA:155,14
DA:156,14
DA:157,14
DA:159,14
DA:160,14
DA:162,14
DA:164,14
DA:165,14
DA:166,14
DA:167,14
DA:168,14
DA:170,14
DA:171,14
DA:172,14
DA:174,14
DA:175,14
DA:177,14
DA:179,14
DA:180,14
DA:181,14
DA:182,14
DA:183,14
DA:185,14
DA:186,14
DA:187,14
DA:189,14
DA:190,14
DA:192,14
DA:194,14
DA:195,14
DA:196,14
DA:197,14
DA:198,14
DA:199,14
DA:201,14
DA:202,14
DA:203,14
DA:205,14
DA:206,14
DA:208,14
DA:210,14
DA:211,14
DA:212,14
DA:213,14
DA:214,14
DA:215,14
DA:216,14
DA:218,14
DA:219,14
DA:220,14
DA:222,14
DA:223,14
DA:225,14
DA:228,14
DA:229,14
DA:230,14
DA:231,14
DA:233,14
DA:234,14
DA:235,14
DA:241,14
DA:242,14
DA:245,14014
DA:246,14000
DA:247,14000
DA:249,14
DA:250,14
DA:253,14014
DA:254,14000
DA:255,14000
DA:256,14000
DA:257,14000
DA:258,14000
DA:260,14
DA:261,14
DA:262,14
DA:264,14
DA:265,14
DA:268,1414
DA:269,1400
DA:270,1400
DA:272,14
DA:273,14
DA:275,14
DA:276,14
DA:277,14
DA:283,14
DA:284,14
DA:287,14
DA:288,14
DA:289,14
DA:290,14
DA:291,14
DA:294,14
DA:297,14
DA:298,14
DA:299,14
DA:300,14
DA:301,14
DA:303,14
DA:304,14
DA:305,14
DA:311,14
DA:312,14
DA:313,14
DA:314,14
DA:315,14
DA:316,14
DA:317,14
DA:319,14
DA:320,14
DA:321,14
DA:322,14
DA:323,14
DA:324,14
DA:325,14
DA:327,14
DA:328,14
DA:329,14
DA:330,14
DA:331,14
DA:332,14
DA:334,14
DA:335,14
DA:336,14
DA:337,14
DA:338,14
DA:339,14
DA:341,14
DA:342,14
DA:343,14
DA:344,14
DA:345,14
DA:346,14
DA:348,14
DA:349,14
DA:350,14
DA:351,14
DA:352,14
DA:353,14
DA:354,14
DA:356,14
DA:357,14
DA:358,14
DA:359,14
DA:360,14
DA:361,14
DA:367,294
DA:368,294
DA:369,294
DA:370,294
DA:371,294
DA:372,294
DA:373,294
DA:374,294
DA:375,294
DA:376,294
DA:384,280
DA:385,280
DA:386,280
DA:387,280
DA:388,280
DA:389,280
DA:390,280
DA:391,280
DA:392,280
DA:393,280
DA:394,280
DA:395,280
DA:396,280
DA:397,280
DA:398,280
DA:399,280
DA:400,280
DA:401,280
DA:402,280
DA:404,14
DA:405,14
DA:406,14
DA:407,14
DA:408,14
DA:409,14
DA:411,14
DA:412,14
DA:419,14
DA:420,14
DA:421,14
DA:422,14
DA:424,14
DA:425,14
DA:435,14
DA:436,14
DA:437,14
DA:438,14
DA:440,14
DA:441,14
DA:448,14
DA:449,14
DA:450,14
DA:451,14
DA:453,14
DA:454,14
DA:463,14
DA:464,14
DA:465,14
DA:466,14
DA:468,14
DA:469,14
DA:478,14
DA:479,14
DA:480,14
DA:482,14
DA:483,14
DA:497,14
DA:498,14
DA:499,14
DA:501,14
DA:502,14
DA:511,14
DA:512,14
DA:513,14
DA:515,14
DA:516,14
DA:523,14
DA:524,14
DA:525,14
DA:527,14
DA:528,14
DA:533,14
DA:534,14
DA:535,14
DA:536,14
DA:538,14
DA:539,14
DA:545,14
DA:546,14
DA:547,14
DA:548,14
DA:550,14
DA:551,14
DA:556,14
DA:557,14
DA:558,14
DA:560,14
DA:561,14
DA:570,14
DA:571,14
DA:572,14
DA:574,14
DA:575,14
DA:584,14
DA:585,14
DA:586,14
DA:587,14
DA:588,14
DA:590,14
DA:591,14
DA:598,14
DA:599,14
DA:600,14
DA:602,14
DA:603,14
DA:612,14
DA:613,14
DA:614,14
DA:616,14
DA:617,14
DA:622,14
DA:623,14
DA:624,14
DA:626,14
DA:627,14
DA:630,14
DA:631,14
DA:632,14
DA:634,14
DA:635,14
DA:642,14
DA:643,14
DA:644,14
DA:646,14
DA:648,14
DA:651,14
DA:652,14
DA:653,14
DA:655,14
DA:657,14
DA:658,14
DA:659,14
DA:660,14
DA:661,14
DA:662,14
DA:663,14
DA:664,14
DA:665,14
DA:671,14
DA:672,14
DA:674,14
DA:675,14
DA:676,14
DA:677,14
DA:678,14
DA:679,14
DA:680,14
DA:681,14
DA:683,14
DA:684,14
DA:685,14
DA:686,14
DA:687,14
DA:688,14
DA:689,14
DA:690,14
DA:691,14
DA:692,14
DA:693,14
DA:694,14
DA:695,14
DA:696,14
DA:698,14
DA:699,14
DA:700,14
DA:702,14
DA:703,14
DA:705,14
DA:706,14
DA:707,14
DA:708,14
DA:709,14
DA:710,14
DA:711,14
DA:712,14
DA:713,14
DA:714,14
DA:715,14
DA:716,14
DA:717,14
DA:718,14
DA:719,14
DA:720,14
DA:721,14
DA:722,14
DA:723,14
DA:724,14
DA:725,14
DA:726,14
DA:728,14
DA:729,14
LF:436
LH:435
end_of_record
TN:
SF:/Users/jkh/Src/nanolang/tests/test_type_infer.c
FNL:0,102,112
FNA:0,7,test_con_type_all_primitives
FNL:1,118,129
FNA:1,7,test_arrow_type_basic
FNL:2,131,143
FNA:2,7,test_arrow_type_with_effects
FNL:3,149,157
FNA:3,7,test_unify_same_con
FNL:4,159,171
FNA:4,7,test_unify_var_with_con
FNL:5,173,183
FNA:5,7,test_unify_con_with_var
FNL:6,185,196
FNA:6,7,test_unify_var_with_var
FNL:7,198,209
FNA:7,7,test_unify_mismatch_errors
FNL:8,211,221
FNA:8,7,test_unify_arrow_arrow
FNL:9,223,236
FNA:9,7,test_unify_arrow_param_mismatch
FNL:10,242,251
FNA:10,7,test_subst_apply_unbound_var
FNL:11,253,260
FNA:11,7,test_subst_apply_con_type
FNL:12,262,271
FNA:12,7,test_subst_apply_after_unify
FNL:13,277,284
FNA:13,7,test_type_to_str_con
FNL:14,286,294
FNA:14,7,test_type_to_str_var
FNL:15,296,306
FNA:15,7,test_type_to_str_arrow
FNL:16,312,320
FNA:16,7,test_record_closed_empty
FNL:17,322,333
FNA:17,7,test_record_closed_two_fields
FNL:18,335,346
FNA:18,7,test_record_open
FNL:19,348,361
FNA:19,7,test_record_field_lookup_existing
FNL:20,363,377
FNA:20,7,test_record_field_lookup_missing_closed
FNL:21,379,395
FNA:21,7,test_record_spread
FNL:22,38,42
FNA:22,28,suppress_stderr
FNL:23,401,410
FNA:23,7,test_infer_empty_program
FNL:24,412,429
FNA:24,7,test_infer_simple_parsed_program
FNL:25,43,47
FNA:25,28,restore_stderr
FNL:26,431,441
FNA:26,7,test_infer_with_effects
FNL:27,443,456
FNA:27,7,test_infer_for_lsp_and_free
FNL:28,462,512
FNA:28,7,main
FNL:29,55,61
FNA:29,7,test_ctx_create_and_free
FNL:30,63,67
FNA:30,7,test_ctx_null_source_file
FNL:31,73,87
FNA:31,7,test_tv_fresh_unique_ids
FNL:32,93,100
FNA:32,7,test_con_type_int
FNF:33
FNH:33
DA:38,28
DA:39,28
DA:40,28
DA:41,28
DA:42,28
DA:43,28
DA:44,28
DA:45,28
DA:46,28
DA:47,28
DA:55,7
DA:56,7
DA:57,7
DA:58,7
DA:59,7
DA:60,7
DA:61,7
DA:63,7
DA:64,7
DA:65,7
DA:66,7
DA:67,7
DA:73,7
DA:74,7
DA:75,7
DA:76,7
DA:77,7
DA:78,7
DA:79,7
DA:80,7
DA:81,7
DA:82,7
DA:83,7
DA:84,7
DA:85,7
DA:86,7
DA:87,7
DA:93,7
DA:94,7
DA:95,7
DA:96,7
DA:97,7
DA:98,7
DA:99,7
DA:100,7
DA:102,7
DA:103,7
DA:104,7
DA:105,42
DA:106,35
DA:107,35
DA:108,35
DA:109,35
DA:110,35
DA:111,7
DA:112,7
DA:118,7
DA:119,7
DA:120,7
DA:121,7
DA:122,7
DA:123,7
DA:124,7
DA:125,7
DA:126,7
DA:127,7
DA:128,7
DA:129,7
DA:131,7
DA:132,7
DA:133,7
DA:134,7
DA:135,7
DA:136,7
DA:137,7
DA:138,7
DA:139,7
DA:140,7
DA:141,7
DA:142,7
DA:143,7
DA:149,7
DA:150,7
DA:151,7
DA:152,7
DA:153,7
DA:154,7
DA:155,7
DA:156,7
DA:157,7
DA:159,7
DA:160,7
DA:161,7
DA:162,7
DA:163,7
DA:164,7
DA:165,7
DA:166,7
DA:167,7
DA:168,7
DA:169,7
DA:170,7
DA:171,7
DA:173,7
DA:174,7
DA:175,7
DA:176,7
DA:177,7
DA:178,7
DA:179,7
DA:180,7
DA:181,7
DA:182,7
DA:183,7
DA:185,7
DA:186,7
DA:187,7
DA:188,7
DA:189,7
DA:190,7
DA:192,7
DA:193,7
DA:194,7
DA:195,7
DA:196,7
DA:198,7
DA:199,7
DA:200,7
DA:201,7
DA:202,7
DA:203,7
DA:204,7
DA:205,7
DA:206,7
DA:207,7
DA:209,7
DA:211,7
DA:212,7
DA:213,7
DA:214,7
DA:215,7
DA:216,7
DA:217,7
DA:218,7
DA:219,7
DA:220,7
DA:221,7
DA:223,7
DA:224,7
DA:225,7
DA:226,7
DA:227,7
DA:228,7
DA:229,7
DA:230,7
DA:231,7
DA:232,7
DA:233,7
DA:234,7
DA:236,7
DA:242,7
DA:243,7
DA:244,7
DA:246,7
DA:247,7
DA:248,7
DA:249,7
DA:250,7
DA:251,7
DA:253,7
DA:254,7
DA:255,7
DA:256,7
DA:257,7
DA:258,7
DA:259,7
DA:260,7
DA:262,7
DA:263,7
DA:264,7
DA:265,7
DA:266,7
DA:267,7
DA:268,7
DA:269,7
DA:270,7
DA:271,7
DA:277,7
DA:278,7
DA:279,7
DA:280,7
DA:281,7
DA:282,7
DA:283,7
DA:284,7
DA:286,7
DA:287,7
DA:288,7
DA:289,7
DA:290,7
DA:292,7
DA:293,7
DA:294,7
DA:296,7
DA:297,7
DA:298,7
DA:299,7
DA:300,7
DA:301,7
DA:302,7
DA:303,7
DA:304,7
DA:305,7
DA:306,7
DA:312,7
DA:313,7
DA:314,7
DA:315,7
DA:316,7
DA:317,7
DA:318,7
DA:319,7
DA:320,7
DA:322,7
DA:323,7
DA:324,7
DA:325,7
DA:326,7
DA:327,7
DA:328,7
DA:329,7
DA:330,7
DA:331,7
DA:332,7
DA:333,7
DA:335,7
DA:336,7
DA:337,7
DA:338,7
DA:339,7
DA:340,7
DA:341,7
DA:342,7
DA:343,7
DA:344,7
DA:345,7
DA:346,7
DA:348,7
DA:349,7
DA:350,7
DA:351,7
DA:352,7
DA:353,7
DA:354,7
DA:355,7
DA:356,7
DA:357,7
DA:358,7
DA:359,7
DA:360,7
DA:361,7
DA:363,7
DA:364,7
DA:365,7
DA:366,7
DA:367,7
DA:368,7
DA:369,7
DA:370,7
DA:371,7
DA:373,7
DA:374,7
DA:375,7
DA:377,7
DA:379,7
DA:380,7
DA:381,7
DA:382,7
DA:383,7
DA:384,7
DA:386,7
DA:387,7
DA:388,7
DA:389,7
DA:390,7
DA:391,7
DA:393,7
DA:394,7
DA:395,7
DA:401,7
DA:404,7
DA:405,7
DA:406,7
DA:407,7
DA:408,7
DA:409,7
DA:410,7
DA:412,7
DA:414,7
DA:417,7
DA:418,7
DA:419,7
DA:420,7
DA:421,7
DA:423,7
DA:424,7
DA:425,7
DA:426,7
DA:427,7
DA:429,7
DA:431,7
DA:433,7
DA:434,7
DA:435,7
DA:436,7
DA:437,7
DA:438,7
DA:439,7
DA:440,7
DA:441,7
DA:443,7
DA:445,7
DA:446,7
DA:447,7
DA:448,7
DA:449,7
DA:450,7
DA:451,7
DA:453,7
DA:454,7
DA:455,7
DA:456,7
DA:462,7
DA:463,7
DA:464,7
DA:465,7
DA:467,7
DA:468,7
DA:470,7
DA:471,7
DA:472,7
DA:474,7
DA:475,7
DA:476,7
DA:478,7
DA:479,7
DA:480,7
DA:481,7
DA:482,7
DA:483,7
DA:484,7
DA:485,7
DA:487,7
DA:488,7
DA:489,7
DA:490,7
DA:492,7
DA:493,7
DA:494,7
DA:495,7
DA:497,7
DA:498,7
DA:499,7
DA:500,7
DA:501,7
DA:502,7
DA:503,7
DA:505,7
DA:506,7
DA:507,7
DA:508,7
DA:509,7
DA:511,7
DA:512,7
LF:374
LH:374
end_of_record
TN:
SF:/Users/jkh/Src/nanolang/tests/test_typechecker.c
FNL:0,101,103
FNA:0,7,test_tc_minimal_main
FNL:1,105,112
FNA:1,7,test_tc_arithmetic
FNL:2,114,121
FNA:2,7,test_tc_float_ops
FNL:3,123,130
FNA:3,7,test_tc_string_ops
FNL:4,132,142
FNA:4,7,test_tc_bool_ops
FNL:5,144,154
FNA:5,7,test_tc_if_else
FNL:6,156,165
FNA:6,7,test_tc_while_loop
FNL:7,167,176
FNA:7,7,test_tc_for_in_range
FNL:8,178,182
FNA:8,7,test_tc_function_call
FNL:9,184,190
FNA:9,7,test_tc_recursive_function
FNL:10,192,201
FNA:10,7,test_tc_struct_definition
FNL:11,203,210
FNA:11,7,test_tc_enum_definition
FNL:12,212,222
FNA:12,7,test_tc_union_definition
FNL:13,224,230
FNA:13,7,test_tc_array_literal
FNL:14,232,242
FNA:14,7,test_tc_match_int
FNL:15,244,253
FNA:15,7,test_tc_print_builtin
FNL:16,255,262
FNA:16,7,test_tc_assert_builtin
FNL:17,264,275
FNA:17,7,test_tc_comparison_ops
FNL:18,277,293
FNA:18,7,test_tc_string_builtins
FNL:19,29,29
FNA:19,0,get_project_root
FNL:20,295,311
FNA:20,7,test_tc_math_builtins
FNL:21,313,322
FNA:21,7,test_tc_list_operations
FNL:22,324,332
FNA:22,7,test_tc_hashmap_operations
FNL:23,33,37
FNA:23,399,suppress_stderr
FNL:24,334,343
FNA:24,7,test_tc_tuple_return
FNL:25,345,355
FNA:25,7,test_tc_break_continue
FNL:26,357,362
FNA:26,7,test_tc_module_level
FNL:27,364,369
FNA:27,7,test_tc_constants
FNL:28,371,380
FNA:28,7,test_tc_cond_expr
FNL:29,38,42
FNA:29,399,restore_stderr
FNL:30,382,387
FNA:30,7,test_tc_nested_functions
FNL:31,393,401
FNA:31,7,test_tc_err_null_program
FNL:32,403,406
FNA:32,7,test_tc_err_undefined_variable
FNL:33,408,411
FNA:33,7,test_tc_err_wrong_return_type
FNL:34,413,417
FNA:34,7,test_tc_err_wrong_arg_count
FNL:35,419,425
FNA:35,7,test_tc_err_type_mismatch_add
FNL:36,427,435
FNA:36,7,test_tc_err_set_immutable
FNL:37,437,440
FNA:37,7,test_tc_err_undefined_function
FNL:38,442,451
FNA:38,7,test_tc_err_struct_unknown_field
FNL:39,453,459
FNA:39,7,test_tc_err_return_in_non_function
FNL:40,461,467
FNA:40,7,test_tc_err_break_outside_loop
FNL:41,469,475
FNA:41,7,test_tc_err_continue_outside_loop
FNL:42,477,484
FNA:42,7,test_tc_err_list_wrong_type
FNL:43,486,493
FNA:43,7,test_tc_err_str_length_wrong_arg
FNL:44,495,501
FNA:44,7,test_tc_err_comparison_type_mismatch
FNL:45,503,511
FNA:45,7,test_tc_err_map_wrong_key_type
FNL:46,513,519
FNA:46,7,test_tc_err_assert_non_bool
FNL:47,525,529
FNA:47,7,test_tc_module_public_functions
FNL:48,531,537
FNA:48,7,test_tc_module_struct_export
FNL:49,539,543
FNA:49,7,test_tc_module_with_constants
FNL:50,54,60
FNA:50,392,parse_ctx_init
FNL:51,549,552
FNA:51,7,test_tc_empty_program
FNL:52,554,559
FNA:52,7,test_tc_multiple_returns
FNL:53,561,575
FNA:53,7,test_tc_nested_if
FNL:54,577,585
FNA:54,7,test_tc_string_concat
FNL:55,587,593
FNA:55,7,test_tc_modulo_op
FNL:56,595,601
FNA:56,7,test_tc_unary_negate
FNL:57,603,610
FNA:57,7,test_tc_char_at
FNL:58,612,619
FNA:58,7,test_tc_int_to_string
FNL:59,62,65
FNA:59,392,parse_ctx_free
FNL:60,621,628
FNA:60,7,test_tc_string_to_int
FNL:61,630,637
FNA:61,7,test_tc_shadow
FNL:62,643,712
FNA:62,7,main
FNL:63,68,80
FNA:63,357,tc_passes
FNL:64,83,95
FNA:64,35,tc_module_passes
FNF:65
FNH:64
DA:29,0
DA:33,399
DA:34,399
DA:35,399
DA:36,399
DA:37,399
DA:38,399
DA:39,399
DA:40,399
DA:41,399
DA:42,399
DA:54,392
DA:55,392
DA:56,392
DA:57,392
DA:58,392
DA:59,392
DA:60,392
DA:62,392
DA:63,392
DA:64,392
DA:65,392
DA:68,357
DA:70,357
DA:71,357
DA:72,357
DA:73,357
DA:74,357
DA:75,357
DA:76,357
DA:77,357
DA:78,357
DA:79,357
DA:80,357
DA:83,35
DA:85,35
DA:86,35
DA:87,35
DA:88,35
DA:89,35
DA:90,35
DA:91,35
DA:92,35
DA:93,35
DA:94,35
DA:95,35
DA:101,7
DA:102,7
DA:103,7
DA:105,7
DA:106,7
DA:112,7
DA:114,7
DA:115,7
DA:121,7
DA:123,7
DA:124,7
DA:130,7
DA:132,7
DA:133,7
DA:142,7
DA:144,7
DA:145,7
DA:154,7
DA:156,7
DA:157,7
DA:165,7
DA:167,7
DA:168,7
DA:176,7
DA:178,7
DA:179,7
DA:182,7
DA:184,7
DA:185,7
DA:190,7
DA:192,7
DA:193,7
DA:201,7
DA:203,7
DA:204,7
DA:210,7
DA:212,7
DA:213,7
DA:222,7
DA:224,7
DA:225,7
DA:230,7
DA:232,7
DA:233,7
DA:242,7
DA:244,7
DA:245,7
DA:253,7
DA:255,7
DA:256,7
DA:262,7
DA:264,7
DA:265,7
DA:275,7
DA:277,7
DA:278,7
DA:293,7
DA:295,7
DA:296,7
DA:311,7
DA:313,7
DA:314,7
DA:322,7
DA:324,7
DA:325,7
DA:332,7
DA:334,7
DA:335,7
DA:343,7
DA:345,7
DA:346,7
DA:355,7
DA:357,7
DA:359,7
DA:362,7
DA:364,7
DA:365,7
DA:369,7
DA:371,7
DA:372,7
DA:380,7
DA:382,7
DA:383,7
DA:387,7
DA:393,7
DA:395,7
DA:396,7
DA:397,7
DA:398,7
DA:399,7
DA:400,7
DA:401,7
DA:403,7
DA:404,7
DA:406,7
DA:408,7
DA:409,7
DA:411,7
DA:413,7
DA:414,7
DA:417,7
DA:419,7
DA:420,7
DA:425,7
DA:427,7
DA:429,7
DA:435,7
DA:437,7
DA:438,7
DA:440,7
DA:442,7
DA:443,7
DA:451,7
DA:453,7
DA:456,7
DA:459,7
DA:461,7
DA:462,7
DA:467,7
DA:469,7
DA:470,7
DA:475,7
DA:477,7
DA:479,7
DA:484,7
DA:486,7
DA:488,7
DA:493,7
DA:495,7
DA:496,7
DA:501,7
DA:503,7
DA:505,7
DA:511,7
DA:513,7
DA:514,7
DA:519,7
DA:525,7
DA:526,7
DA:529,7
DA:531,7
DA:532,7
DA:537,7
DA:539,7
DA:540,7
DA:543,7
DA:549,7
DA:551,7
DA:552,7
DA:554,7
DA:555,7
DA:559,7
DA:561,7
DA:562,7
DA:575,7
DA:577,7
DA:578,7
DA:585,7
DA:587,7
DA:588,7
DA:593,7
DA:595,7
DA:596,7
DA:601,7
DA:603,7
DA:604,7
DA:610,7
DA:612,7
DA:613,7
DA:619,7
DA:621,7
DA:622,7
DA:628,7
DA:630,7
DA:631,7
DA:637,7
DA:643,7
DA:644,7
DA:646,7
DA:647,7
DA:648,7
DA:649,7
DA:650,7
DA:651,7
DA:652,7
DA:653,7
DA:654,7
DA:655,7
DA:656,7
DA:657,7
DA:658,7
DA:659,7
DA:660,7
DA:661,7
DA:662,7
DA:663,7
DA:664,7
DA:665,7
DA:666,7
DA:667,7
DA:668,7
DA:669,7
DA:670,7
DA:671,7
DA:672,7
DA:673,7
DA:674,7
DA:676,7
DA:677,7
DA:678,7
DA:679,7
DA:680,7
DA:681,7
DA:682,7
DA:683,7
DA:684,7
DA:685,7
DA:686,7
DA:687,7
DA:688,7
DA:689,7
DA:690,7
DA:691,7
DA:692,7
DA:694,7
DA:695,7
DA:696,7
DA:697,7
DA:699,7
DA:700,7
DA:701,7
DA:702,7
DA:703,7
DA:704,7
DA:705,7
DA:706,7
DA:707,7
DA:708,7
DA:709,7
DA:711,7
DA:712,7
LF:287
LH:286
end_of_record
TN:
SF:/Users/jkh/Src/nanolang/tests/test_wasm_profiler.c
FNL:0,12,14
FNA:0,7,main
FNF:1
FNH:1
DA:12,7
DA:13,7
DA:14,7
LF:3
LH:3
end_of_record
TN:
SF:/Users/jkh/Src/nanolang/tests/test_wasm_simd.c
FNL:0,115,130
FNA:0,7,test_detect_reduce_int
FNL:1,132,146
FNA:1,7,test_detect_elementwise_float
FNL:2,148,162
FNA:2,7,test_detect_elementwise_int
FNL:3,164,180
FNA:3,7,test_detect_vector_params_function
FNL:4,182,205
FNA:4,7,test_detect_multiple_patterns
FNL:5,207,210
FNA:5,7,test_print_summary_empty
FNL:6,212,231
FNA:6,7,test_detect_nested_expressions
FNL:7,233,251
FNA:7,7,test_detect_while_body
FNL:8,257,274
FNA:8,7,main
FNL:9,28,28
FNA:9,0,get_project_root
FNL:10,31,38
FNA:10,77,parse_nano
FNL:11,44,49
FNA:11,7,test_detect_null_program
FNL:12,51,60
FNA:12,7,test_detect_empty_program
FNL:13,62,79
FNA:13,7,test_detect_map_float
FNL:14,81,96
FNA:14,7,test_detect_map_int
FNL:15,98,113
FNA:15,7,test_detect_reduce_float
FNF:16
FNH:15
DA:28,0
DA:31,77
DA:32,77
DA:33,77
DA:34,77
DA:35,77
DA:36,77
DA:37,77
DA:38,77
DA:44,7
DA:45,7
DA:46,7
DA:47,7
DA:48,7
DA:49,7
DA:51,7
DA:52,7
DA:53,7
DA:54,7
DA:55,7
DA:57,7
DA:58,7
DA:59,7
DA:60,7
DA:62,7
DA:64,7
DA:71,7
DA:72,7
DA:73,7
DA:75,7
DA:76,7
DA:77,7
DA:78,7
DA:79,7
DA:81,7
DA:83,7
DA:90,7
DA:91,7
DA:92,7
DA:93,7
DA:94,7
DA:95,7
DA:96,7
DA:98,7
DA:100,7
DA:107,7
DA:108,7
DA:109,7
DA:110,7
DA:111,7
DA:112,7
DA:113,7
DA:115,7
DA:117,7
DA:124,7
DA:125,7
DA:126,7
DA:127,7
DA:128,7
DA:129,7
DA:130,7
DA:132,7
DA:134,7
DA:140,7
DA:141,7
DA:142,7
DA:143,7
DA:144,7
DA:145,7
DA:146,7
DA:148,7
DA:150,7
DA:156,7
DA:157,7
DA:158,7
DA:159,7
DA:160,7
DA:161,7
DA:162,7
DA:164,7
DA:166,7
DA:173,7
DA:174,7
DA:175,7
DA:177,7
DA:178,7
DA:179,7
DA:180,7
DA:182,7
DA:184,7
DA:196,7
DA:197,7
DA:198,7
DA:200,7
DA:202,7
DA:203,7
DA:204,7
DA:205,7
DA:207,7
DA:209,7
DA:210,7
DA:212,7
DA:214,7
DA:225,7
DA:226,7
DA:227,7
DA:228,7
DA:229,7
DA:230,7
DA:231,7
DA:233,7
DA:235,7
DA:245,7
DA:246,7
DA:247,7
DA:248,7
DA:249,7
DA:250,7
DA:251,7
DA:257,7
DA:258,7
DA:259,7
DA:260,7
DA:261,7
DA:262,7
DA:263,7
DA:264,7
DA:265,7
DA:266,7
DA:267,7
DA:268,7
DA:269,7
DA:270,7
DA:271,7
DA:273,7
DA:274,7
LF:136
LH:135
end_of_record
TN:
SF:/Users/jkh/Src/nanolang/tools/generate_module_index.c
FNL:0,17,36
FNA:0,88,read_file
FNL:1,39,46
FNA:1,793,ends_with
FNL:2,49,63
FNA:2,2,find_manifests
FNL:3,65,155
FNA:3,2,main
FNF:4
FNH:4
DA:17,88
DA:18,88
DA:19,88
DA:21,88
DA:22,88
DA:23,88
DA:25,88
DA:26,88
DA:27,0
DA:28,0
DA:31,88
DA:32,88
DA:33,88
DA:35,88
DA:36,88
DA:39,793
DA:40,793
DA:41,793
DA:43,793
DA:45,759
DA:46,793
DA:49,2
DA:50,2
DA:51,2
DA:53,2
DA:55,795
DA:56,793
DA:57,793
DA:58,88
DA:59,88
DA:60,793
DA:62,2
DA:63,2
DA:65,2
DA:66,2
DA:67,2
DA:69,2
DA:70,2
DA:72,2
DA:75,2
DA:76,2
DA:77,0
DA:78,0
DA:81,2
DA:84,2
DA:85,2
DA:88,2
DA:90,2
DA:91,2
DA:92,2
DA:94,2
DA:97,2
DA:99,90
DA:100,88
DA:103,88
DA:104,88
DA:105,0
DA:106,0
DA:109,88
DA:110,88
DA:112,88
DA:113,0
DA:114,0
DA:118,88
DA:119,88
DA:120,88
DA:121,88
DA:123,88
DA:124,88
DA:126,2
DA:129,2
DA:130,2
DA:131,2
DA:132,2
DA:133,2
DA:136,2
DA:137,2
DA:138,2
DA:139,0
DA:140,0
DA:141,0
DA:142,0
DA:145,2
DA:146,2
DA:148,2
DA:149,2
DA:151,2
DA:152,2
DA:154,2
DA:155,2
LF:90
LH:78
end_of_record
