TN:
SF:/Users/jkh/Src/nanolang/modules/std/fs.c
FNL:0,123,126
FNA:0,0,path_normalize
FNL:1,130,152
FNA:1,0,path_join
FNL:2,155,171
FNA:2,0,path_basename
FNL:3,174,190
FNA:3,0,path_dirname
FNL:4,192,198
FNA:4,0,path_append
FNL:5,20,48
FNA:5,59,walkdir_recursive
FNL:6,201,258
FNA:6,0,path_relpath
FNL:7,261,280
FNA:7,0,file_read
FNL:8,283,291
FNA:8,0,file_write
FNL:9,294,302
FNA:9,0,file_append
FNL:10,305,306
FNA:10,0,file_exists
FNL:11,310,311
FNA:11,0,file_delete
FNL:12,315,342
FNA:12,0,fs_mkdir_p
FNL:13,345,373
FNA:13,0,file_copy
FNL:14,376,420
FNA:14,0,dir_copy
FNL:15,51,57
FNA:15,1,fs_walkdir
FNL:16,60,120
FNA:16,0,path_normalize_into
FNF:17
FNH:2
DA:20,59
DA:21,59
DA:22,59
DA:25,629
DA:27,570
DA:28,118
DA:33,452
DA:36,452
DA:37,452
DA:39,394
DA:40,452
DA:42,58
DA:43,58
DA:44,452
DA:47,59
DA:48,59
DA:51,1
DA:52,1
DA:53,1
DA:55,1
DA:56,1
DA:57,1
DA:60,0
DA:61,0
DA:62,0
DA:63,0
DA:66,0
DA:69,0
DA:70,0
DA:71,0
DA:72,0
DA:77,0
DA:79,0
DA:80,0
DA:81,0
DA:82,0
DA:84,0
DA:86,0
DA:87,0
DA:88,0
DA:90,0
DA:91,0
DA:92,0
DA:94,0
DA:96,0
DA:100,0
DA:101,0
DA:102,0
DA:103,0
DA:105,0
DA:106,0
DA:107,0
DA:108,0
DA:109,0
DA:110,0
DA:111,0
DA:112,0
DA:115,0
DA:116,0
DA:117,0
DA:119,0
DA:120,0
DA:123,0
DA:125,0
DA:126,0
DA:130,0
DA:133,0
DA:134,0
DA:135,0
DA:138,0
DA:139,0
DA:140,0
DA:144,0
DA:145,0
DA:146,0
DA:147,0
DA:148,0
DA:151,0
DA:152,0
DA:155,0
DA:156,0
DA:157,0
DA:161,0
DA:162,0
DA:163,0
DA:166,0
DA:167,0
DA:168,0
DA:170,0
DA:171,0
DA:174,0
DA:175,0
DA:176,0
DA:180,0
DA:181,0
DA:182,0
DA:185,0
DA:186,0
DA:187,0
DA:189,0
DA:190,0
DA:192,0
DA:193,0
DA:194,0
DA:195,0
DA:196,0
DA:197,0
DA:198,0
DA:201,0
DA:204,0
DA:205,0
DA:210,0
DA:211,0
DA:215,0
DA:216,0
DA:220,0
DA:221,0
DA:223,0
DA:224,0
DA:225,0
DA:226,0
DA:227,0
DA:230,0
DA:231,0
DA:232,0
DA:233,0
DA:234,0
DA:237,0
DA:238,0
DA:239,0
DA:240,0
DA:243,0
DA:245,0
DA:246,0
DA:247,0
DA:249,0
DA:250,0
DA:251,0
DA:253,0
DA:254,0
DA:255,0
DA:257,0
DA:258,0
DA:261,0
DA:262,0
DA:263,0
DA:265,0
DA:266,0
DA:267,0
DA:269,0
DA:270,0
DA:271,0
DA:272,0
DA:275,0
DA:276,0
DA:277,0
DA:279,0
DA:280,0
DA:283,0
DA:284,0
DA:285,0
DA:287,0
DA:288,0
DA:290,0
DA:291,0
DA:294,0
DA:295,0
DA:296,0
DA:298,0
DA:299,0
DA:301,0
DA:302,0
DA:305,0
DA:306,0
DA:310,0
DA:311,0
DA:315,0
DA:316,0
DA:319,0
DA:320,0
DA:322,0
DA:323,0
DA:324,0
DA:325,0
DA:327,0
DA:328,0
DA:329,0
DA:330,0
DA:331,0
DA:332,0
DA:334,0
DA:335,0
DA:336,0
DA:338,0
DA:339,0
DA:341,0
DA:342,0
DA:345,0
DA:346,0
DA:347,0
DA:348,0
DA:349,0
DA:350,0
DA:351,0
DA:355,0
DA:356,0
DA:357,0
DA:358,0
DA:359,0
DA:360,0
DA:364,0
DA:365,0
DA:366,0
DA:367,0
DA:370,0
DA:371,0
DA:372,0
DA:373,0
DA:376,0
DA:378,0
DA:379,0
DA:382,0
DA:383,0
DA:386,0
DA:387,0
DA:390,0
DA:391,0
DA:392,0
DA:397,0
DA:398,0
DA:400,0
DA:401,0
DA:402,0
DA:405,0
DA:406,0
DA:407,0
DA:408,0
DA:410,0
DA:411,0
DA:412,0
DA:413,0
DA:415,0
DA:418,0
DA:419,0
DA:420,0
LF:245
LH:22
end_of_record
TN:
SF:/Users/jkh/Src/nanolang/src/bench.c
FNL:0,105,115
FNA:0,0,calibrate
FNL:1,120,172
FNA:1,0,bench_run_one
FNL:2,176,198
FNA:2,2,bench_print_json
FNL:3,200,205
FNA:3,1,bench_print_human
FNL:4,209,278
FNA:4,1,bench_run_program
FNL:5,42,46
FNA:5,0,clock_ns
FNL:6,60,101
FNA:6,1,collect_bench_fns
FNF:7
FNH:4
DA:42,0
DA:45,0
DA:46,0
DA:60,1
DA:62,1
DA:64,1
DA:65,2
DA:66,1
DA:67,1
DA:71,1
DA:72,0
DA:73,0
DA:74,0
DA:75,0
DA:78,1
DA:80,1
DA:83,1
DA:84,1
DA:85,1
DA:86,1
DA:87,1
DA:89,1
DA:90,0
DA:91,0
DA:92,0
DA:93,0
DA:94,0
DA:95,1
DA:96,1
DA:99,0
DA:100,0
DA:101,1
DA:105,0
DA:107,0
DA:108,0
DA:109,0
DA:110,0
DA:112,0
DA:113,0
DA:114,0
DA:115,0
DA:120,0
DA:124,0
DA:125,0
DA:126,0
DA:127,0
DA:128,0
DA:131,0
DA:132,0
DA:135,0
DA:136,0
DA:137,0
DA:138,0
DA:141,0
DA:142,0
DA:143,0
DA:144,0
DA:145,0
DA:146,0
DA:149,0
DA:150,0
DA:151,0
DA:152,0
DA:153,0
DA:154,0
DA:155,0
DA:157,0
DA:158,0
DA:159,0
DA:160,0
DA:161,0
DA:162,0
DA:164,0
DA:165,0
DA:166,0
DA:167,0
DA:168,0
DA:170,0
DA:171,0
DA:172,0
DA:176,2
DA:177,4
DA:189,2
DA:190,2
DA:191,2
DA:192,2
DA:193,2
DA:194,2
DA:195,2
DA:196,2
DA:197,2
DA:198,2
DA:200,1
DA:201,2
DA:202,1
DA:203,1
DA:204,1
DA:205,1
DA:209,1
DA:212,1
DA:213,1
DA:215,1
DA:216,1
DA:219,1
DA:222,0
DA:223,0
DA:226,0
DA:228,0
DA:229,0
DA:230,0
DA:232,0
DA:233,0
DA:235,0
DA:236,0
DA:241,0
DA:242,0
DA:243,0
DA:244,0
DA:247,0
DA:248,0
DA:250,0
DA:251,0
DA:252,0
DA:253,0
DA:254,0
DA:256,0
DA:257,0
DA:258,0
DA:259,0
DA:260,0
DA:261,0
DA:264,0
DA:265,0
DA:266,0
DA:268,0
DA:269,0
DA:271,0
DA:272,0
DA:274,0
DA:275,0
DA:277,0
DA:278,1
LF:142
LH:43
end_of_record
TN:
SF:/Users/jkh/Src/nanolang/src/bench_native.c
FNL:0,11,25
FNA:0,0,bench_native_run
FNF:1
FNH:0
DA:11,0
DA:12,0
DA:13,0
DA:15,0
DA:23,0
DA:24,0
DA:25,0
LF:7
LH:0
end_of_record
TN:
SF:/Users/jkh/Src/nanolang/src/builtins_registry.c
FNL:0,244,252
FNA:0,10506,builtin_find
FNL:1,254,256
FNA:1,7193,builtin_c_name
FNL:2,259,260
FNA:2,4,builtin_is_known
FNF:3
FNH:3
DA:244,10506
DA:245,10506
DA:246,1497737
DA:247,1487881
DA:248,650
DA:250,1487231
DA:251,9856
DA:252,10506
DA:254,7193
DA:255,7193
DA:256,7193
DA:259,4
DA:260,4
LF:13
LH:13
end_of_record
TN:
SF:/Users/jkh/Src/nanolang/src/c_backend.c
FNL:0,1015,1054
FNA:0,11,emit_forward_decls
FNL:1,1057,1101
FNA:1,11,emit_program
FNL:2,1104,1113
FNA:2,10,c_backend_emit_fp
FNL:3,1116,1140
FNA:3,1,c_backend_emit
FNL:4,127,134
FNA:4,0,fmt_for_type
FNL:5,142,172
FNA:5,11,emit_preamble
FNL:6,175,495
FNA:6,52,emit_expr
FNL:7,47,50
FNA:7,15,ctx_push_scope
FNL:8,498,865
FNA:8,22,emit_stmt
FNL:9,52,55
FNA:9,15,ctx_pop_scope
FNL:10,57,63
FNA:10,18,ctx_add_sym
FNL:11,65,71
FNA:11,9,ctx_lookup_type
FNL:12,74,77
FNA:12,25,emit_indent
FNL:13,80,90
FNA:13,54,c_type
FNL:14,871,882
FNA:14,3,emit_block_body
FNL:15,885,906
FNA:15,1,emit_struct_def
FNL:16,908,922
FNA:16,1,emit_enum_def
FNL:17,924,952
FNA:17,0,emit_union_def
FNL:18,93,124
FNA:18,11,infer_expr_type
FNL:19,955,1012
FNA:19,12,emit_function
FNF:20
FNH:18
DA:47,15
DA:48,15
DA:49,15
DA:50,15
DA:52,15
DA:53,15
DA:54,15
DA:55,15
DA:57,18
DA:58,18
DA:59,18
DA:60,18
DA:61,18
DA:62,18
DA:63,18
DA:65,9
DA:66,13
DA:67,13
DA:68,9
DA:69,4
DA:70,0
DA:71,9
DA:74,25
DA:75,83
DA:76,58
DA:77,25
DA:80,54
DA:81,54
DA:82,44
DA:83,0
DA:84,5
DA:85,0
DA:86,5
DA:87,0
DA:88,0
DA:90,54
DA:93,11
DA:94,11
DA:95,11
DA:96,1
DA:97,0
DA:98,0
DA:99,1
DA:100,9
DA:101,0
DA:104,0
DA:105,0
DA:106,0
DA:107,0
DA:108,0
DA:109,0
DA:110,0
DA:112,0
DA:113,0
DA:114,0
DA:115,0
DA:116,0
DA:118,0
DA:119,0
DA:120,0
DA:122,0
DA:124,11
DA:127,0
DA:128,0
DA:129,0
DA:130,0
DA:131,0
DA:132,0
DA:134,0
DA:142,11
DA:143,11
DA:144,11
DA:145,11
DA:146,11
DA:147,11
DA:148,11
DA:149,11
DA:150,11
DA:153,11
DA:162,11
DA:168,11
DA:172,11
DA:175,52
DA:176,52
DA:177,0
DA:178,0
DA:179,0
DA:180,0
DA:183,52
DA:185,6
DA:186,6
DA:189,1
DA:190,1
DA:193,0
DA:194,0
DA:198,2
DA:199,2
DA:200,12
DA:201,10
DA:202,0
DA:203,0
DA:204,0
DA:205,0
DA:206,0
DA:207,10
DA:209,10
DA:210,2
DA:211,2
DA:215,27
DA:216,27
DA:219,13
DA:220,13
DA:223,13
DA:224,0
DA:225,0
DA:226,0
DA:227,0
DA:228,0
DA:232,13
DA:233,0
DA:234,0
DA:235,0
DA:236,0
DA:237,0
DA:241,13
DA:242,5
DA:243,5
DA:244,5
DA:245,0
DA:246,0
DA:247,0
DA:248,0
DA:249,0
DA:250,0
DA:252,5
DA:254,13
DA:255,0
DA:256,0
DA:259,13
DA:260,13
DA:261,5
DA:262,1
DA:263,5
DA:264,0
DA:265,0
DA:266,0
DA:267,0
DA:268,2
DA:269,0
DA:270,0
DA:271,0
DA:272,0
DA:273,0
DA:275,0
DA:276,0
DA:279,13
DA:280,13
DA:281,13
DA:282,13
DA:283,13
DA:284,13
DA:288,1
DA:290,1
DA:291,1
DA:292,1
DA:293,1
DA:294,1
DA:295,1
DA:296,1
DA:297,0
DA:298,0
DA:299,0
DA:300,0
DA:301,0
DA:303,1
DA:304,1
DA:305,0
DA:306,1
DA:307,1
DA:310,0
DA:311,0
DA:312,0
DA:313,0
DA:314,0
DA:315,0
DA:317,0
DA:318,0
DA:319,0
DA:320,0
DA:321,0
DA:322,0
DA:324,0
DA:325,0
DA:326,0
DA:327,0
DA:328,0
DA:329,0
DA:332,0
DA:333,0
DA:334,0
DA:335,0
DA:336,0
DA:337,0
DA:338,0
DA:339,0
DA:340,0
DA:342,0
DA:343,0
DA:344,0
DA:345,0
DA:346,0
DA:347,0
DA:348,0
DA:353,0
DA:354,0
DA:355,0
DA:356,0
DA:357,0
DA:358,0
DA:359,0
DA:360,0
DA:361,0
DA:362,0
DA:363,0
DA:364,0
DA:365,0
DA:366,0
DA:367,0
DA:372,0
DA:373,0
DA:374,0
DA:375,0
DA:376,0
DA:377,0
DA:378,0
DA:379,0
DA:380,0
DA:382,0
DA:383,0
DA:388,0
DA:389,0
DA:390,0
DA:391,0
DA:392,0
DA:393,0
DA:394,0
DA:395,0
DA:396,0
DA:398,0
DA:399,0
DA:400,0
DA:401,0
DA:402,0
DA:403,0
DA:408,0
DA:409,0
DA:411,0
DA:412,0
DA:416,1
DA:417,3
DA:418,2
DA:419,2
DA:420,2
DA:421,2
DA:422,1
DA:423,1
DA:427,1
DA:428,1
DA:429,1
DA:433,0
DA:434,0
DA:435,0
DA:436,0
DA:437,0
DA:438,0
DA:439,0
DA:440,0
DA:441,0
DA:442,0
DA:443,0
DA:444,0
DA:445,0
DA:446,0
DA:447,0
DA:448,0
DA:449,0
DA:450,0
DA:454,0
DA:455,0
DA:456,0
DA:457,0
DA:458,0
DA:459,0
DA:460,0
DA:465,0
DA:466,0
DA:468,0
DA:469,0
DA:474,0
DA:475,0
DA:480,0
DA:485,0
DA:489,0
DA:490,0
DA:491,0
DA:492,0
DA:493,0
DA:495,52
DA:498,22
DA:499,22
DA:501,22
DA:503,4
DA:504,4
DA:506,4
DA:507,0
DA:508,0
DA:509,4
DA:510,0
DA:511,0
DA:512,4
DA:513,0
DA:514,0
DA:515,0
DA:516,4
DA:518,4
DA:519,4
DA:520,4
DA:521,4
DA:522,4
DA:523,4
DA:527,2
DA:528,2
DA:529,2
DA:530,2
DA:531,2
DA:535,13
DA:536,13
DA:537,13
DA:538,13
DA:539,13
DA:540,13
DA:541,13
DA:544,0
DA:545,0
DA:548,0
DA:549,0
DA:552,0
DA:553,0
DA:554,0
DA:555,0
DA:556,0
DA:557,0
DA:558,0
DA:559,0
DA:560,0
DA:561,0
DA:563,0
DA:564,0
DA:565,0
DA:566,0
DA:567,0
DA:568,0
DA:569,0
DA:570,0
DA:572,0
DA:574,0
DA:575,0
DA:576,0
DA:577,0
DA:578,0
DA:582,0
DA:583,0
DA:584,0
DA:586,0
DA:587,0
DA:591,1
DA:592,1
DA:593,1
DA:594,1
DA:595,1
DA:596,1
DA:597,0
DA:598,0
DA:600,1
DA:601,1
DA:602,1
DA:603,1
DA:604,1
DA:605,1
DA:606,1
DA:607,1
DA:608,1
DA:609,0
DA:610,0
DA:612,1
DA:613,1
DA:614,1
DA:615,1
DA:616,1
DA:617,1
DA:618,1
DA:622,1
DA:623,1
DA:624,1
DA:625,1
DA:626,1
DA:627,1
DA:628,0
DA:629,0
DA:631,1
DA:632,1
DA:633,1
DA:634,1
DA:635,1
DA:639,0
DA:640,0
DA:641,0
DA:643,0
DA:644,0
DA:645,0
DA:646,0
DA:647,0
DA:648,0
DA:649,0
DA:650,0
DA:651,0
DA:652,0
DA:653,0
DA:654,0
DA:656,0
DA:657,0
DA:658,0
DA:659,0
DA:660,0
DA:662,0
DA:663,0
DA:664,0
DA:665,0
DA:666,0
DA:670,0
DA:671,0
DA:672,0
DA:673,0
DA:674,0
DA:675,0
DA:676,0
DA:677,0
DA:679,0
DA:680,0
DA:681,0
DA:682,0
DA:683,0
DA:684,0
DA:688,0
DA:689,0
DA:690,0
DA:691,0
DA:692,0
DA:693,0
DA:694,0
DA:695,0
DA:696,0
DA:698,0
DA:699,0
DA:701,0
DA:702,0
DA:703,0
DA:704,0
DA:706,0
DA:707,0
DA:708,0
DA:709,0
DA:710,0
DA:711,0
DA:714,0
DA:715,0
DA:716,0
DA:717,0
DA:718,0
DA:719,0
DA:720,0
DA:722,0
DA:723,0
DA:724,0
DA:726,0
DA:727,0
DA:728,0
DA:729,0
DA:730,0
DA:731,0
DA:732,0
DA:733,0
DA:734,0
DA:736,0
DA:737,0
DA:738,0
DA:739,0
DA:741,0
DA:742,0
DA:743,0
DA:744,0
DA:745,0
DA:746,0
DA:747,0
DA:748,0
DA:749,0
DA:750,0
DA:751,0
DA:755,0
DA:756,0
DA:757,0
DA:758,0
DA:759,0
DA:761,0
DA:762,0
DA:763,0
DA:764,0
DA:768,0
DA:769,0
DA:772,0
DA:773,0
DA:778,0
DA:781,0
DA:782,0
DA:783,0
DA:784,0
DA:785,0
DA:786,0
DA:787,0
DA:791,0
DA:792,0
DA:793,0
DA:794,0
DA:795,0
DA:796,0
DA:797,0
DA:798,0
DA:799,0
DA:800,0
DA:804,0
DA:805,0
DA:806,0
DA:807,0
DA:808,0
DA:809,0
DA:810,0
DA:811,0
DA:813,0
DA:814,0
DA:815,0
DA:816,0
DA:817,0
DA:818,0
DA:822,0
DA:823,0
DA:824,0
DA:825,0
DA:826,0
DA:827,0
DA:828,0
DA:829,0
DA:830,0
DA:831,0
DA:832,0
DA:833,0
DA:834,0
DA:836,0
DA:837,0
DA:838,0
DA:839,0
DA:840,0
DA:841,0
DA:842,0
DA:843,0
DA:844,0
DA:845,0
DA:846,0
DA:847,0
DA:848,0
DA:850,0
DA:851,0
DA:852,0
DA:853,0
DA:854,0
DA:855,0
DA:860,1
DA:861,1
DA:862,1
DA:865,22
DA:871,3
DA:872,3
DA:873,3
DA:874,7
DA:875,4
DA:876,4
DA:877,4
DA:878,3
DA:880,0
DA:881,0
DA:882,3
DA:885,1
DA:886,1
DA:887,1
DA:888,3
DA:889,2
DA:890,2
DA:891,2
DA:892,2
DA:893,0
DA:894,0
DA:895,0
DA:896,2
DA:897,0
DA:898,0
DA:900,0
DA:901,0
DA:902,2
DA:904,2
DA:905,1
DA:906,1
DA:908,1
DA:909,1
DA:910,1
DA:911,4
DA:912,3
DA:913,6
DA:914,3
DA:915,3
DA:916,3
DA:917,3
DA:918,3
DA:919,3
DA:920,3
DA:921,1
DA:922,1
DA:924,0
DA:925,0
DA:926,0
DA:928,0
DA:929,0
DA:930,0
DA:931,0
DA:932,0
DA:933,0
DA:934,0
DA:936,0
DA:937,0
DA:938,0
DA:939,0
DA:940,0
DA:941,0
DA:942,0
DA:943,0
DA:944,0
DA:945,0
DA:946,0
DA:947,0
DA:948,0
DA:949,0
DA:950,0
DA:951,0
DA:952,0
DA:955,12
DA:956,12
DA:958,12
DA:961,12
DA:962,2
DA:964,2
DA:965,2
DA:966,10
DA:969,12
DA:970,26
DA:971,14
DA:972,14
DA:973,14
DA:974,0
DA:975,14
DA:976,0
DA:977,0
DA:978,14
DA:980,14
DA:981,12
DA:983,12
DA:984,26
DA:985,14
DA:986,14
DA:987,14
DA:989,12
DA:990,12
DA:991,12
DA:992,30
DA:993,18
DA:994,18
DA:995,0
DA:996,0
DA:998,18
DA:999,12
DA:1000,0
DA:1001,0
DA:1002,0
DA:1003,0
DA:1006,12
DA:1008,12
DA:1009,12
DA:1010,12
DA:1011,12
DA:1012,12
DA:1015,11
DA:1016,11
DA:1017,11
DA:1018,11
DA:1019,11
DA:1020,11
DA:1021,11
DA:1022,11
DA:1023,0
DA:1024,0
DA:1026,25
DA:1027,14
DA:1028,14
DA:1029,12
DA:1030,12
DA:1033,12
DA:1034,2
DA:1036,2
DA:1037,2
DA:1038,10
DA:1040,12
DA:1041,26
DA:1042,14
DA:1043,14
DA:1044,14
DA:1045,0
DA:1046,14
DA:1047,0
DA:1049,14
DA:1050,14
DA:1051,12
DA:1052,12
DA:1053,11
DA:1054,11
DA:1057,11
DA:1058,11
DA:1059,11
DA:1061,11
DA:1062,11
DA:1063,11
DA:1064,11
DA:1065,0
DA:1066,0
DA:1070,25
DA:1071,14
DA:1072,14
DA:1073,14
DA:1074,1
DA:1075,1
DA:1076,0
DA:1077,12
DA:1079,14
DA:1082,11
DA:1085,25
DA:1086,14
DA:1087,14
DA:1088,14
DA:1090,0
DA:1091,0
DA:1094,12
DA:1095,12
DA:1097,2
DA:1099,14
DA:1100,11
DA:1101,11
DA:1104,10
DA:1107,10
DA:1108,10
DA:1109,10
DA:1110,10
DA:1112,10
DA:1113,10
DA:1116,1
DA:1118,1
DA:1119,1
DA:1120,0
DA:1121,0
DA:1122,0
DA:1126,1
DA:1127,1
DA:1128,1
DA:1129,1
DA:1131,1
DA:1132,1
DA:1134,1
DA:1135,1
DA:1136,0
DA:1137,0
DA:1138,0
DA:1139,1
DA:1140,1
LF:798
LH:327
end_of_record
TN:
SF:/Users/jkh/Src/nanolang/src/channel.c
FNL:0,13,25
FNA:0,16,channel_new
FNL:1,132,143
FNA:1,1,channel_send
FNL:2,145,154
FNA:2,2,channel_recv
FNL:3,158,179
FNA:3,4,channel_select
FNL:4,183,184
FNA:4,3,channel_registry_new
FNL:5,187,192
FNA:5,4,channel_registry_free
FNL:6,194,199
FNA:6,1,channel_registry_add
FNL:7,201,204
FNA:7,2,channel_registry_get
FNL:8,27,31
FNA:8,17,channel_free
FNL:9,33,36
FNA:9,2,channel_close
FNL:10,38,39
FNA:10,3,channel_is_closed
FNL:11,44,45
FNA:11,13,buf_full
FNL:12,48,49
FNA:12,12,buf_empty
FNL:13,52,57
FNA:13,12,buf_push
FNL:14,59,65
FNA:14,10,buf_pop
FNL:15,69,93
FNA:15,16,channel_try_send
FNL:16,95,123
FNA:16,12,channel_try_recv
FNF:17
FNH:17
DA:13,16
DA:14,16
DA:15,16
DA:16,16
DA:17,16
DA:18,12
DA:19,12
DA:20,12
DA:21,12
DA:22,16
DA:23,16
DA:24,16
DA:25,16
DA:27,17
DA:28,17
DA:29,16
DA:30,16
DA:31,17
DA:33,2
DA:34,2
DA:35,2
DA:36,2
DA:38,3
DA:39,3
DA:44,13
DA:45,13
DA:48,12
DA:49,12
DA:52,12
DA:53,12
DA:54,12
DA:55,12
DA:56,12
DA:57,12
DA:59,10
DA:60,10
DA:61,10
DA:62,10
DA:63,10
DA:64,10
DA:65,10
DA:69,16
DA:70,16
DA:73,16
DA:74,3
DA:76,0
DA:77,0
DA:78,0
DA:79,0
DA:81,3
DA:85,13
DA:86,12
DA:89,12
DA:90,0
DA:92,12
DA:93,16
DA:95,12
DA:96,12
DA:99,12
DA:100,10
DA:102,10
DA:103,0
DA:104,0
DA:105,0
DA:106,10
DA:110,2
DA:111,0
DA:112,0
DA:113,0
DA:117,2
DA:118,1
DA:119,1
DA:122,1
DA:123,12
DA:132,1
DA:133,1
DA:134,1
DA:135,0
DA:136,0
DA:138,1
DA:140,0
DA:141,0
DA:142,0
DA:143,1
DA:145,2
DA:146,2
DA:147,2
DA:148,1
DA:150,0
DA:152,0
DA:153,0
DA:154,2
DA:158,4
DA:159,4
DA:161,7
DA:162,5
DA:163,5
DA:164,5
DA:165,4
DA:166,4
DA:167,3
DA:168,3
DA:169,1
DA:170,1
DA:171,1
DA:172,1
DA:173,1
DA:175,0
DA:176,2
DA:178,2
DA:179,4
DA:183,3
DA:184,3
DA:187,4
DA:188,4
DA:189,4
DA:190,1
DA:191,3
DA:192,4
DA:194,1
DA:195,1
DA:196,1
DA:197,1
DA:198,1
DA:199,1
DA:201,2
DA:202,2
DA:203,1
DA:204,2
LF:129
LH:109
end_of_record
TN:
SF:/Users/jkh/Src/nanolang/src/colors.h
FNL:0,35,44
FNA:0,340,colors_enabled
FNF:1
FNH:1
DA:35,340
DA:38,340
DA:40,9
DA:41,9
DA:42,9
DA:44,340
LF:6
LH:6
end_of_record
TN:
SF:/Users/jkh/Src/nanolang/src/coroutine.c
FNL:0,102,145
FNA:0,15,nano_scheduler_step
FNL:1,148,159
FNA:1,2,nano_scheduler_run_until_done
FNL:2,162,215
FNA:2,2,nano_coro_await_id
FNL:3,218,227
FNA:3,9,nano_coro_result
FNL:4,229,231
FNA:4,10,nano_coro_is_done
FNL:5,234,244
FNA:5,16,nano_scheduler_pending_count
FNL:6,247,252
FNA:6,1,nano_coro_complete
FNL:7,254,265
FNA:7,1,nano_coro_error
FNL:8,267,270
FNA:8,1,nano_coro_current_id
FNL:9,30,40
FNA:9,16,nano_scheduler_init
FNL:10,43,50
FNA:10,21,coro_by_id
FNL:11,53,83
FNA:11,19,nano_coro_spawn
FNL:12,96,99
FNA:12,1,nano_coro_yield
FNF:13
FNH:13
DA:30,16
DA:31,16
DA:32,16
DA:33,16
DA:34,16
DA:35,1040
DA:36,1024
DA:37,1024
DA:38,1024
DA:39,1024
DA:40,16
DA:43,21
DA:44,41
DA:45,41
DA:46,21
DA:48,20
DA:49,0
DA:50,21
DA:53,19
DA:54,19
DA:57,19
DA:58,33
DA:59,47
DA:60,14
DA:61,14
DA:62,19
DA:63,19
DA:65,14
DA:66,19
DA:67,0
DA:68,0
DA:71,19
DA:72,19
DA:73,19
DA:74,19
DA:75,19
DA:76,19
DA:77,19
DA:78,19
DA:79,19
DA:80,19
DA:82,19
DA:83,19
DA:96,1
DA:99,1
DA:102,15
DA:103,15
DA:106,15
DA:107,92
DA:108,91
DA:109,91
DA:112,27
DA:113,0
DA:114,0
DA:115,0
DA:116,0
DA:117,0
DA:118,0
DA:120,27
DA:121,14
DA:122,14
DA:124,13
DA:126,15
DA:128,14
DA:129,14
DA:130,14
DA:131,14
DA:134,14
DA:137,14
DA:138,12
DA:139,12
DA:140,12
DA:142,14
DA:143,14
DA:144,14
DA:145,15
DA:148,2
DA:149,2
DA:151,2
DA:152,2
DA:153,10
DA:154,8
DA:156,2
DA:157,0
DA:158,0
DA:159,2
DA:162,2
DA:163,2
DA:164,2
DA:166,0
DA:167,0
DA:168,0
DA:172,2
DA:173,0
DA:177,2
DA:178,2
DA:179,6
DA:180,2
DA:182,2
DA:183,2
DA:185,2
DA:186,2
DA:187,2
DA:188,2
DA:189,2
DA:191,0
DA:192,2
DA:193,2
DA:194,2
DA:195,2
DA:196,2
DA:197,2
DA:198,2
DA:199,2
DA:200,2
DA:201,2
DA:202,2
DA:203,2
DA:205,0
DA:209,2
DA:212,0
DA:213,0
DA:214,0
DA:215,2
DA:218,9
DA:219,9
DA:220,9
DA:222,0
DA:223,0
DA:224,0
DA:226,9
DA:227,9
DA:229,10
DA:230,10
DA:231,20
DA:234,16
DA:235,16
DA:236,1040
DA:237,1024
DA:238,1048
DA:239,49
DA:240,24
DA:241,24
DA:242,24
DA:243,1024
DA:244,16
DA:247,1
DA:248,1
DA:249,1
DA:250,1
DA:251,1
DA:252,1
DA:254,1
DA:255,1
DA:256,1
DA:257,1
DA:258,1
DA:259,1
DA:260,1
DA:261,1
DA:262,1
DA:263,0
DA:265,1
DA:267,1
DA:268,1
DA:269,0
DA:270,1
LF:167
LH:142
end_of_record
TN:
SF:/Users/jkh/Src/nanolang/src/cps_pass.c
FNL:0,214,221
FNA:0,6,cps_pass_run
FNL:1,223,224
FNA:1,6,cps_pass
FNL:2,29,212
FNA:2,81,cps_walk
FNF:3
FNH:3
DA:29,81
DA:30,81
DA:32,81
DA:35,0
DA:36,0
DA:37,0
DA:38,0
DA:39,0
DA:42,0
DA:43,0
DA:44,0
DA:45,0
DA:46,0
DA:47,0
DA:50,0
DA:51,0
DA:52,0
DA:59,0
DA:60,0
DA:61,0
DA:63,0
DA:64,0
DA:65,0
DA:66,0
DA:67,0
DA:71,0
DA:72,0
DA:73,0
DA:74,0
DA:75,0
DA:76,0
DA:81,11
DA:82,11
DA:86,23
DA:87,17
DA:88,6
DA:92,28
DA:93,17
DA:94,11
DA:98,0
DA:99,0
DA:102,0
DA:103,0
DA:106,0
DA:107,0
DA:108,0
DA:109,0
DA:110,0
DA:113,0
DA:114,0
DA:115,0
DA:118,0
DA:119,0
DA:120,0
DA:123,11
DA:124,11
DA:125,11
DA:128,21
DA:129,11
DA:130,10
DA:134,12
DA:135,8
DA:136,4
DA:139,0
DA:140,0
DA:143,0
DA:144,0
DA:147,0
DA:148,0
DA:149,0
DA:150,0
DA:154,0
DA:155,0
DA:156,0
DA:160,0
DA:161,0
DA:162,0
DA:166,0
DA:167,0
DA:168,0
DA:169,0
DA:170,0
DA:171,0
DA:172,0
DA:176,0
DA:177,0
DA:178,0
DA:182,0
DA:183,0
DA:184,0
DA:207,28
DA:210,0
DA:212,81
DA:214,6
DA:215,6
DA:216,6
DA:217,6
DA:218,6
DA:219,0
DA:220,6
DA:221,6
DA:223,6
DA:224,6
LF:103
LH:31
end_of_record
TN:
SF:/Users/jkh/Src/nanolang/src/dce_pass.c
FNL:0,15,17
FNA:0,8,note
FNL:1,218,250
FNA:1,7,try_elim_if
FNL:2,262,291
FNA:2,20,elim_dead_lets
FNL:3,28,87
FNA:3,3,has_side_effect
FNL:4,295,299
FNA:4,37,dce_walk_arr
FNL:5,301,444
FNA:5,107,dce_walk
FNL:6,448,452
FNA:6,10,dce_pass
FNL:7,94,208
FNA:7,9,count_refs
FNF:8
FNH:8
DA:15,8
DA:16,8
DA:17,8
DA:28,3
DA:29,3
DA:30,3
DA:36,0
DA:39,0
DA:40,0
DA:41,0
DA:44,0
DA:45,0
DA:46,0
DA:49,0
DA:50,0
DA:51,0
DA:59,3
DA:63,0
DA:64,0
DA:65,0
DA:68,0
DA:69,0
DA:70,0
DA:73,0
DA:74,0
DA:75,0
DA:78,0
DA:81,0
DA:85,0
DA:87,3
DA:94,9
DA:95,9
DA:96,9
DA:98,4
DA:104,1
DA:107,1
DA:108,3
DA:109,2
DA:110,1
DA:113,1
DA:115,0
DA:116,0
DA:118,1
DA:120,0
DA:121,0
DA:122,0
DA:124,0
DA:125,0
DA:127,0
DA:128,0
DA:130,1
DA:131,2
DA:132,1
DA:133,1
DA:136,0
DA:137,0
DA:138,0
DA:139,0
DA:142,0
DA:144,0
DA:145,0
DA:146,0
DA:147,0
DA:150,0
DA:151,0
DA:152,0
DA:153,0
DA:156,0
DA:158,0
DA:160,0
DA:161,0
DA:162,0
DA:163,0
DA:164,0
DA:165,0
DA:168,0
DA:169,0
DA:170,0
DA:171,0
DA:174,0
DA:175,0
DA:176,0
DA:177,0
DA:180,0
DA:181,0
DA:182,0
DA:183,0
DA:186,0
DA:188,0
DA:190,0
DA:192,0
DA:193,0
DA:194,0
DA:195,0
DA:196,0
DA:197,0
DA:200,0
DA:201,0
DA:202,0
DA:203,0
DA:206,0
DA:208,9
DA:218,7
DA:219,7
DA:221,7
DA:222,7
DA:223,2
DA:224,7
DA:225,2
DA:226,7
DA:228,7
DA:230,0
DA:231,0
DA:232,0
DA:233,0
DA:234,0
DA:235,0
DA:236,0
DA:240,7
DA:241,7
DA:244,7
DA:245,7
DA:247,7
DA:248,7
DA:250,7
DA:262,20
DA:263,20
DA:264,20
DA:266,20
DA:267,43
DA:268,23
DA:269,23
DA:270,3
DA:272,3
DA:273,7
DA:274,4
DA:276,3
DA:277,1
DA:278,1
DA:280,1
DA:282,1
DA:283,1
DA:284,1
DA:286,1
DA:288,2
DA:289,22
DA:291,20
DA:295,37
DA:296,84
DA:297,47
DA:298,47
DA:299,37
DA:301,107
DA:302,107
DA:304,107
DA:311,34
DA:315,7
DA:316,7
DA:317,7
DA:319,7
DA:320,7
DA:321,7
DA:324,20
DA:325,20
DA:326,20
DA:329,10
DA:330,10
DA:333,11
DA:334,11
DA:337,3
DA:338,3
DA:341,0
DA:342,0
DA:345,15
DA:346,15
DA:349,0
DA:350,0
DA:351,0
DA:354,0
DA:355,0
DA:356,0
DA:359,4
DA:360,4
DA:361,4
DA:364,0
DA:365,0
DA:366,0
DA:369,0
DA:370,0
DA:373,0
DA:374,0
DA:377,3
DA:378,3
DA:381,0
DA:382,0
DA:383,0
DA:384,0
DA:387,0
DA:388,0
DA:389,0
DA:392,0
DA:393,0
DA:394,0
DA:397,0
DA:398,0
DA:399,0
DA:402,0
DA:403,0
DA:404,0
DA:407,0
DA:408,0
DA:409,0
DA:410,0
DA:413,0
DA:414,0
DA:417,0
DA:418,0
DA:421,0
DA:422,0
DA:425,0
DA:426,0
DA:429,0
DA:430,0
DA:433,0
DA:434,0
DA:439,0
DA:442,0
DA:444,107
DA:448,10
DA:449,10
DA:450,10
DA:451,10
DA:452,10
LF:233
LH:99
end_of_record
TN:
SF:/Users/jkh/Src/nanolang/src/docgen.c
FNL:0,126,134
FNA:0,6,docmap_push
FNL:1,136,141
FNA:1,3,docmap_free
FNL:2,149,200
FNA:2,3,build_doc_map
FNL:3,204,210
FNA:3,6,docmap_find
FNL:4,214,225
FNA:4,60,html_escape
FNL:5,22,32
FNA:5,11,buf_appendf
FNL:6,237,243
FNA:6,0,is_nano_kw
FNL:7,245,252
FNA:7,106,emit_char_escaped
FNL:8,254,321
FNA:8,0,emit_code_line
FNL:9,334,392
FNA:9,6,emit_doc_body
FNL:10,38,75
FNA:10,11,append_type_str
FNL:11,396,448
FNA:11,3,emit_css
FNL:12,459,717
FNA:12,3,emit_doc_html
FNL:13,77,111
FNA:13,0,append_typeinfo_str
FNF:14
FNH:11
DA:22,11
DA:23,11
DA:25,11
DA:26,11
DA:27,11
DA:28,11
DA:29,11
DA:30,11
DA:31,11
DA:32,11
DA:38,11
DA:41,11
DA:42,11
DA:43,0
DA:44,0
DA:45,0
DA:46,0
DA:47,0
DA:49,0
DA:50,0
DA:51,0
DA:53,0
DA:54,0
DA:55,0
DA:57,0
DA:58,0
DA:59,0
DA:64,0
DA:65,0
DA:66,0
DA:67,0
DA:69,0
DA:70,0
DA:72,0
DA:73,0
DA:75,11
DA:77,0
DA:79,0
DA:81,0
DA:82,0
DA:83,0
DA:84,0
DA:85,0
DA:86,0
DA:87,0
DA:88,0
DA:90,0
DA:91,0
DA:92,0
DA:93,0
DA:94,0
DA:96,0
DA:97,0
DA:98,0
DA:99,0
DA:100,0
DA:101,0
DA:102,0
DA:103,0
DA:104,0
DA:105,0
DA:106,0
DA:107,0
DA:109,0
DA:111,0
DA:126,6
DA:127,6
DA:128,2
DA:129,2
DA:130,2
DA:131,6
DA:132,6
DA:133,6
DA:134,6
DA:136,3
DA:137,9
DA:138,3
DA:139,3
DA:140,3
DA:141,3
DA:149,3
DA:150,3
DA:151,3
DA:154,3
DA:155,3
DA:156,3
DA:157,3
DA:159,44
DA:160,41
DA:161,656
DA:164,41
DA:165,104
DA:167,70
DA:168,41
DA:170,41
DA:171,9
DA:172,9
DA:173,9
DA:174,9
DA:175,9
DA:176,9
DA:177,9
DA:178,9
DA:179,9
DA:180,9
DA:181,41
DA:183,6
DA:184,6
DA:185,6
DA:186,0
DA:187,6
DA:188,6
DA:189,6
DA:191,6
DA:192,6
DA:193,6
DA:194,6
DA:196,41
DA:197,41
DA:199,3
DA:200,3
DA:204,6
DA:205,16
DA:206,16
DA:207,16
DA:208,10
DA:209,0
DA:210,6
DA:214,60
DA:215,60
DA:216,412
DA:217,352
DA:218,0
DA:219,0
DA:220,0
DA:221,0
DA:222,352
DA:224,352
DA:225,60
DA:237,0
DA:238,0
DA:239,0
DA:240,0
DA:241,0
DA:242,0
DA:243,0
DA:245,106
DA:246,106
DA:247,0
DA:248,0
DA:249,0
DA:250,106
DA:252,106
DA:254,0
DA:255,0
DA:256,0
DA:257,0
DA:260,0
DA:261,0
DA:262,0
DA:263,0
DA:264,0
DA:268,0
DA:269,0
DA:270,0
DA:271,0
DA:272,0
DA:273,0
DA:274,0
DA:275,0
DA:276,0
DA:277,0
DA:278,0
DA:279,0
DA:281,0
DA:282,0
DA:283,0
DA:285,0
DA:286,0
DA:290,0
DA:291,0
DA:292,0
DA:293,0
DA:294,0
DA:295,0
DA:296,0
DA:298,0
DA:299,0
DA:303,0
DA:304,0
DA:305,0
DA:306,0
DA:307,0
DA:308,0
DA:309,0
DA:310,0
DA:311,0
DA:312,0
DA:313,0
DA:315,0
DA:318,0
DA:319,0
DA:321,0
DA:334,6
DA:335,6
DA:337,6
DA:339,6
DA:340,6
DA:341,6
DA:343,15
DA:344,9
DA:345,176
DA:346,9
DA:349,9
DA:350,18
DA:351,9
DA:353,9
DA:354,9
DA:355,0
DA:356,0
DA:357,0
DA:358,9
DA:359,0
DA:360,0
DA:361,0
DA:362,9
DA:363,0
DA:364,0
DA:365,9
DA:366,0
DA:367,0
DA:368,9
DA:369,9
DA:370,2
DA:371,2
DA:372,9
DA:373,1
DA:374,1
DA:375,7
DA:376,0
DA:377,0
DA:378,0
DA:379,112
DA:380,106
DA:382,9
DA:383,9
DA:386,9
DA:389,6
DA:390,6
DA:391,6
DA:392,6
DA:396,3
DA:397,3
DA:447,3
DA:448,3
DA:459,3
DA:461,3
DA:463,3
DA:465,3
DA:466,3
DA:467,0
DA:468,0
DA:469,0
DA:470,0
DA:475,3
DA:476,11
DA:477,8
DA:478,8
DA:480,5
DA:481,3
DA:482,3
DA:483,3
DA:484,3
DA:485,5
DA:487,1
DA:488,1
DA:489,1
DA:490,1
DA:491,1
DA:493,1
DA:494,1
DA:495,1
DA:496,1
DA:497,1
DA:499,1
DA:500,1
DA:501,1
DA:502,1
DA:503,1
DA:505,0
DA:507,8
DA:510,3
DA:511,3
DA:512,3
DA:514,3
DA:515,3
DA:516,3
DA:517,3
DA:518,3
DA:519,3
DA:522,3
DA:529,15
DA:530,12
DA:531,36
DA:532,24
DA:533,6
DA:534,10
DA:535,5
DA:536,5
DA:537,5
DA:538,6
DA:539,6
DA:540,6
DA:541,6
DA:542,6
DA:543,6
DA:544,12
DA:545,3
DA:548,3
DA:549,3
DA:550,3
DA:551,3
DA:552,3
DA:553,3
DA:554,3
DA:557,11
DA:558,8
DA:561,11
DA:562,5
DA:563,3
DA:564,3
DA:565,3
DA:566,3
DA:568,3
DA:569,3
DA:570,3
DA:573,3
DA:576,3
DA:577,3
DA:578,8
DA:579,5
DA:580,5
DA:581,5
DA:582,5
DA:583,5
DA:584,10
DA:585,5
DA:586,5
DA:587,5
DA:588,5
DA:589,5
DA:590,3
DA:591,3
DA:592,6
DA:593,3
DA:594,3
DA:595,3
DA:596,3
DA:597,3
DA:598,3
DA:600,3
DA:601,3
DA:604,9
DA:605,1
DA:606,1
DA:607,1
DA:608,1
DA:610,1
DA:611,1
DA:612,1
DA:613,1
DA:616,1
DA:617,1
DA:619,1
DA:620,1
DA:621,3
DA:622,2
DA:623,2
DA:624,2
DA:625,2
DA:626,2
DA:627,4
DA:628,2
DA:629,2
DA:630,2
DA:632,2
DA:633,2
DA:634,2
DA:635,1
DA:636,1
DA:637,1
DA:638,1
DA:641,6
DA:642,1
DA:643,1
DA:644,1
DA:645,1
DA:647,1
DA:648,1
DA:649,1
DA:650,1
DA:653,1
DA:654,1
DA:656,1
DA:657,4
DA:658,3
DA:659,3
DA:660,3
DA:661,3
DA:662,1
DA:663,1
DA:664,1
DA:667,5
DA:668,1
DA:669,1
DA:670,1
DA:671,1
DA:673,1
DA:674,1
DA:675,1
DA:676,1
DA:679,1
DA:680,1
DA:682,1
DA:683,3
DA:684,2
DA:685,2
DA:686,2
DA:687,2
DA:688,1
DA:689,2
DA:690,2
DA:691,1
DA:692,2
DA:693,1
DA:694,1
DA:695,1
DA:696,2
DA:697,1
DA:698,1
DA:700,1
DA:701,1
DA:702,1
DA:703,1
DA:704,1
DA:705,2
DA:706,2
DA:707,1
DA:708,1
DA:709,1
DA:710,1
DA:711,8
DA:713,3
DA:714,3
DA:715,3
DA:716,3
DA:717,3
LF:457
LH:322
end_of_record
TN:
SF:/Users/jkh/Src/nanolang/src/docgen_md.c
FNL:0,145,153
FNA:0,6,mddocmap_push
FNL:1,155,160
FNA:1,3,mddocmap_free
FNL:2,168,216
FNA:2,3,md_build_doc_map
FNL:3,218,224
FNA:3,6,mddocmap_find
FNL:4,244,405
FNA:4,6,emit_md_doc_body
FNL:5,39,50
FNA:5,32,md_buf_appendf
FNL:6,409,569
FNA:6,3,emit_doc_md
FNL:7,57,94
FNA:7,11,md_append_type_str
FNL:8,96,130
FNA:8,0,md_append_typeinfo_str
FNF:9
FNH:8
DA:39,32
DA:41,32
DA:43,32
DA:44,32
DA:45,32
DA:46,32
DA:47,32
DA:48,32
DA:49,32
DA:50,32
DA:57,11
DA:60,11
DA:61,11
DA:62,0
DA:63,0
DA:64,0
DA:65,0
DA:66,0
DA:68,0
DA:69,0
DA:70,0
DA:72,0
DA:73,0
DA:74,0
DA:76,0
DA:77,0
DA:78,0
DA:83,0
DA:84,0
DA:85,0
DA:86,0
DA:88,0
DA:89,0
DA:91,0
DA:92,0
DA:94,11
DA:96,0
DA:98,0
DA:100,0
DA:101,0
DA:102,0
DA:103,0
DA:104,0
DA:105,0
DA:106,0
DA:107,0
DA:109,0
DA:110,0
DA:111,0
DA:112,0
DA:113,0
DA:115,0
DA:116,0
DA:117,0
DA:118,0
DA:119,0
DA:120,0
DA:121,0
DA:122,0
DA:123,0
DA:124,0
DA:125,0
DA:126,0
DA:128,0
DA:130,0
DA:145,6
DA:146,6
DA:147,2
DA:148,2
DA:149,2
DA:150,6
DA:151,6
DA:152,6
DA:153,6
DA:155,3
DA:156,9
DA:157,3
DA:158,3
DA:159,3
DA:160,3
DA:168,3
DA:169,3
DA:170,3
DA:173,3
DA:174,3
DA:175,3
DA:176,3
DA:178,44
DA:179,41
DA:180,656
DA:182,41
DA:183,104
DA:185,70
DA:186,41
DA:188,41
DA:189,9
DA:190,9
DA:191,9
DA:192,9
DA:193,9
DA:194,9
DA:195,9
DA:196,9
DA:197,9
DA:198,9
DA:199,41
DA:200,6
DA:201,6
DA:202,6
DA:203,0
DA:204,6
DA:205,6
DA:206,6
DA:207,6
DA:208,6
DA:209,6
DA:210,6
DA:212,41
DA:213,41
DA:215,3
DA:216,3
DA:218,6
DA:219,16
DA:220,16
DA:221,16
DA:222,10
DA:223,0
DA:224,6
DA:244,6
DA:245,6
DA:252,6
DA:253,6
DA:254,6
DA:256,6
DA:258,15
DA:259,9
DA:260,176
DA:261,9
DA:263,9
DA:264,18
DA:265,9
DA:267,9
DA:269,0
DA:270,0
DA:271,0
DA:272,0
DA:273,0
DA:274,0
DA:275,0
DA:276,0
DA:277,0
DA:278,0
DA:279,0
DA:280,0
DA:281,0
DA:283,9
DA:284,0
DA:285,0
DA:286,0
DA:288,9
DA:289,0
DA:290,0
DA:292,9
DA:294,2
DA:295,2
DA:296,4
DA:298,2
DA:299,6
DA:300,2
DA:301,2
DA:302,2
DA:303,2
DA:304,0
DA:305,2
DA:306,2
DA:308,2
DA:309,4
DA:310,2
DA:311,2
DA:312,0
DA:313,2
DA:314,2
DA:315,2
DA:316,2
DA:318,9
DA:320,1
DA:321,1
DA:322,1
DA:323,1
DA:324,3
DA:325,4
DA:326,2
DA:327,2
DA:328,1
DA:329,1
DA:330,1
DA:331,1
DA:332,2
DA:333,1
DA:334,1
DA:335,1
DA:336,1
DA:338,7
DA:339,0
DA:340,0
DA:341,0
DA:342,0
DA:343,0
DA:344,0
DA:345,0
DA:346,0
DA:347,0
DA:348,0
DA:349,0
DA:350,0
DA:351,0
DA:352,0
DA:353,0
DA:354,0
DA:355,0
DA:357,6
DA:359,0
DA:360,0
DA:361,0
DA:362,0
DA:363,0
DA:364,0
DA:365,0
DA:366,0
DA:367,0
DA:368,0
DA:369,0
DA:370,0
DA:372,0
DA:374,6
DA:375,0
DA:376,0
DA:377,0
DA:378,0
DA:379,0
DA:380,0
DA:381,0
DA:382,0
DA:383,0
DA:384,0
DA:385,6
DA:386,6
DA:389,9
DA:393,6
DA:394,0
DA:395,0
DA:396,0
DA:397,0
DA:398,0
DA:399,0
DA:400,0
DA:401,0
DA:402,0
DA:404,6
DA:405,6
DA:409,3
DA:411,3
DA:413,3
DA:415,3
DA:416,3
DA:417,0
DA:418,0
DA:419,0
DA:420,0
DA:423,3
DA:426,3
DA:428,3
DA:430,11
DA:431,8
DA:434,11
DA:435,5
DA:436,3
DA:437,3
DA:439,3
DA:440,3
DA:442,3
DA:443,3
DA:447,3
DA:448,3
DA:449,3
DA:450,8
DA:451,5
DA:452,5
DA:453,10
DA:454,5
DA:455,5
DA:456,10
DA:457,5
DA:458,5
DA:459,5
DA:460,5
DA:461,3
DA:462,3
DA:463,6
DA:464,3
DA:465,3
DA:466,3
DA:467,3
DA:468,3
DA:470,3
DA:471,3
DA:472,3
DA:475,9
DA:476,1
DA:477,1
DA:479,1
DA:480,1
DA:482,1
DA:483,1
DA:485,1
DA:486,1
DA:488,1
DA:489,1
DA:490,1
DA:491,1
DA:492,3
DA:493,2
DA:494,4
DA:495,2
DA:496,2
DA:497,2
DA:499,4
DA:500,2
DA:501,2
DA:502,1
DA:503,1
DA:506,6
DA:507,1
DA:508,1
DA:510,1
DA:511,1
DA:513,1
DA:514,1
DA:516,1
DA:517,1
DA:519,1
DA:520,4
DA:521,3
DA:522,3
DA:523,1
DA:526,5
DA:527,1
DA:528,1
DA:530,1
DA:531,1
DA:533,1
DA:534,1
DA:536,1
DA:537,1
DA:539,1
DA:540,3
DA:541,2
DA:542,2
DA:543,2
DA:544,1
DA:545,2
DA:546,2
DA:547,1
DA:548,1
DA:549,1
DA:550,1
DA:551,1
DA:552,1
DA:553,1
DA:554,1
DA:556,1
DA:557,1
DA:558,1
DA:559,1
DA:560,2
DA:561,2
DA:562,1
DA:563,1
DA:564,8
DA:566,3
DA:567,3
DA:568,3
DA:569,3
LF:383
LH:257
end_of_record
TN:
SF:/Users/jkh/Src/nanolang/src/dwarf_info.c
FNL:0,113,158
FNA:0,2,emit_debug_abbrev
FNL:1,161,172
FNA:1,13,emit_dwarf_string
FNL:2,174,218
FNA:2,2,emit_debug_info
FNL:3,220,231
FNA:3,2,emit_debug_line_stub
FNL:4,233,241
FNA:4,2,emit_debug_str
FNL:5,243,249
FNA:5,2,dwarf_emit_asm_sections
FNL:6,251,253
FNA:6,6,dwarf_free
FNL:7,63,72
FNA:7,6,dwarf_begin
FNL:8,74,83
FNA:8,6,dwarf_function
FNL:9,85,93
FNA:9,5,dwarf_variable
FNL:10,95,103
FNA:10,9,dwarf_line
FNF:11
FNH:11
DA:63,6
DA:64,6
DA:65,6
DA:66,6
DA:67,6
DA:69,6
DA:70,6
DA:71,6
DA:72,6
DA:74,6
DA:76,6
DA:77,6
DA:78,6
DA:79,6
DA:80,6
DA:81,6
DA:82,6
DA:83,6
DA:85,5
DA:87,5
DA:88,5
DA:89,5
DA:90,5
DA:91,5
DA:92,5
DA:93,5
DA:95,9
DA:97,9
DA:98,9
DA:99,9
DA:100,9
DA:101,9
DA:102,9
DA:103,9
DA:113,2
DA:115,2
DA:158,2
DA:161,13
DA:162,13
DA:163,90
DA:164,77
DA:165,0
DA:166,77
DA:167,0
DA:169,77
DA:170,77
DA:171,13
DA:172,13
DA:174,2
DA:175,2
DA:177,2
DA:188,2
DA:190,2
DA:192,2
DA:194,2
DA:196,2
DA:199,5
DA:200,3
DA:201,6
DA:204,3
DA:208,3
DA:210,3
DA:212,3
DA:213,3
DA:216,2
DA:217,2
DA:218,2
DA:220,2
DA:228,2
DA:231,2
DA:233,2
DA:234,2
DA:235,2
DA:236,2
DA:237,2
DA:238,2
DA:239,2
DA:240,2
DA:241,2
DA:243,2
DA:244,2
DA:245,2
DA:246,2
DA:247,2
DA:248,2
DA:249,2
DA:251,6
DA:252,6
DA:253,6
LF:89
LH:87
end_of_record
TN:
SF:/Users/jkh/Src/nanolang/src/effects.c
FNL:0,105,109
FNA:0,11,effect_ctx_new
FNL:1,112,116
FNA:1,12,effect_ctx_free
FNL:2,120,147
FNA:2,8,effect_register
FNL:3,149,171
FNA:3,2,effect_register_from_ast
FNL:4,175,182
FNA:4,10,effect_lookup
FNL:5,184,191
FNA:5,5,effect_op_lookup
FNL:6,195,199
FNA:6,13,effect_row_new
FNL:7,202,207
FNA:7,14,effect_row_free
FNL:8,209,222
FNA:8,17,effect_row_add
FNL:9,224,231
FNA:9,11,effect_row_contains
FNL:10,233,239
FNA:10,1,effect_row_merge
FNL:11,241,249
FNA:11,3,effect_row_subset
FNL:12,251,265
FNA:12,5,effect_row_to_str
FNL:13,26,29
FNA:13,1,nl_effect_frame_push
FNL:14,267,279
FNA:14,3,effect_arrow_type_str
FNL:15,283,307
FNA:15,1,effect_register_builtins
FNL:16,31,34
FNA:16,1,nl_effect_frame_pop
FNL:17,311,319
FNA:17,0,emit_effect_error
FNL:18,323,344
FNA:18,1,effect_check_decl
FNL:19,348,398
FNA:19,1,effect_check_handler
FNL:20,36,51
FNA:20,4,nl_effect_find_handler
FNL:21,402,444
FNA:21,1,effect_check_perform
FNL:22,448,526
FNA:22,72,walk_node
FNL:23,528,549
FNA:23,9,effect_check_program
FNL:24,55,62
FNA:24,2,env_effect_register
FNL:25,64,68
FNA:25,1,env_effect_lookup
FNL:26,72,78
FNA:26,69,estrdup
FNL:27,82,85
FNA:27,18,effect_registry_new
FNL:28,88,101
FNA:28,19,effect_registry_free
FNF:29
FNH:28
DA:26,1
DA:27,1
DA:28,1
DA:29,1
DA:31,1
DA:32,1
DA:33,1
DA:34,1
DA:36,4
DA:39,5
DA:40,2
DA:41,0
DA:42,3
DA:43,2
DA:44,2
DA:45,1
DA:46,1
DA:48,1
DA:49,1
DA:50,3
DA:51,4
DA:55,2
DA:56,2
DA:57,0
DA:58,0
DA:59,0
DA:60,0
DA:61,0
DA:62,2
DA:64,1
DA:65,1
DA:66,1
DA:67,0
DA:68,1
DA:72,69
DA:73,69
DA:74,41
DA:75,41
DA:76,41
DA:77,41
DA:78,69
DA:82,18
DA:83,18
DA:84,18
DA:85,18
DA:88,19
DA:89,19
DA:90,26
DA:91,8
DA:92,8
DA:93,22
DA:94,14
DA:95,14
DA:96,14
DA:97,14
DA:98,8
DA:99,8
DA:100,18
DA:101,19
DA:105,11
DA:106,11
DA:107,11
DA:108,11
DA:109,11
DA:112,12
DA:113,12
DA:115,11
DA:116,12
DA:120,8
DA:122,8
DA:123,8
DA:124,0
DA:125,0
DA:128,14
DA:129,6
DA:130,0
DA:131,0
DA:133,6
DA:134,8
DA:135,8
DA:136,8
DA:137,8
DA:138,8
DA:139,22
DA:140,14
DA:141,14
DA:142,14
DA:143,14
DA:144,14
DA:145,14
DA:146,8
DA:147,8
DA:149,2
DA:150,2
DA:152,0
DA:153,0
DA:155,0
DA:156,0
DA:157,0
DA:158,0
DA:159,0
DA:160,0
DA:161,0
DA:162,0
DA:164,0
DA:165,0
DA:167,0
DA:168,0
DA:169,0
DA:170,0
DA:171,2
DA:175,10
DA:176,10
DA:177,17
DA:178,16
DA:179,9
DA:180,7
DA:181,1
DA:182,10
DA:184,5
DA:185,5
DA:186,9
DA:187,8
DA:188,4
DA:189,4
DA:190,1
DA:191,5
DA:195,13
DA:196,13
DA:197,13
DA:198,13
DA:199,13
DA:202,14
DA:203,14
DA:204,29
DA:205,16
DA:206,13
DA:207,14
DA:209,17
DA:210,17
DA:212,26
DA:213,10
DA:214,1
DA:215,9
DA:216,16
DA:217,0
DA:218,0
DA:220,16
DA:221,16
DA:222,17
DA:224,11
DA:225,11
DA:226,17
DA:227,14
DA:228,8
DA:229,6
DA:230,3
DA:231,11
DA:233,1
DA:234,1
DA:235,3
DA:236,2
DA:237,2
DA:238,1
DA:239,1
DA:241,3
DA:242,3
DA:243,3
DA:244,5
DA:245,3
DA:246,1
DA:247,2
DA:248,2
DA:249,3
DA:251,5
DA:252,5
DA:254,2
DA:255,5
DA:256,3
DA:257,2
DA:258,2
DA:259,2
DA:260,5
DA:261,3
DA:262,3
DA:263,3
DA:264,2
DA:265,5
DA:267,3
DA:269,3
DA:270,3
DA:271,3
DA:272,3
DA:273,3
DA:274,1
DA:276,2
DA:277,3
DA:278,3
DA:279,3
DA:283,1
DA:286,1
DA:290,1
DA:294,1
DA:297,1
DA:301,1
DA:305,1
DA:307,1
DA:311,0
DA:313,0
DA:316,0
DA:317,0
DA:318,0
DA:319,0
DA:323,1
DA:324,1
DA:326,0
DA:327,0
DA:328,0
DA:330,0
DA:331,0
DA:335,0
DA:337,0
DA:338,0
DA:339,0
DA:340,0
DA:343,0
DA:344,1
DA:348,1
DA:349,1
DA:350,1
DA:352,0
DA:353,0
DA:354,0
DA:356,0
DA:357,0
DA:360,0
DA:361,0
DA:363,0
DA:365,0
DA:366,0
DA:367,0
DA:371,0
DA:372,0
DA:373,0
DA:374,0
DA:376,0
DA:378,0
DA:379,0
DA:380,0
DA:382,0
DA:386,0
DA:387,0
DA:388,0
DA:389,0
DA:390,0
DA:391,0
DA:392,0
DA:393,0
DA:396,0
DA:397,0
DA:398,1
DA:402,1
DA:403,1
DA:405,0
DA:406,0
DA:408,0
DA:409,0
DA:411,0
DA:412,0
DA:413,0
DA:414,0
DA:417,0
DA:418,0
DA:420,0
DA:422,0
DA:423,0
DA:424,0
DA:428,0
DA:429,0
DA:430,0
DA:431,0
DA:432,0
DA:434,0
DA:435,0
DA:438,0
DA:441,0
DA:442,0
DA:443,0
DA:444,1
DA:448,72
DA:449,72
DA:450,72
DA:452,0
DA:453,0
DA:455,0
DA:457,0
DA:458,0
DA:459,0
DA:460,0
DA:462,0
DA:463,0
DA:464,0
DA:465,0
DA:467,15
DA:468,8
DA:469,7
DA:471,26
DA:472,15
DA:473,11
DA:475,8
DA:476,8
DA:477,8
DA:479,1
DA:480,1
DA:481,1
DA:482,1
DA:484,1
DA:485,1
DA:486,1
DA:488,0
DA:489,0
DA:490,0
DA:492,4
DA:493,4
DA:495,9
DA:496,9
DA:498,3
DA:499,2
DA:500,1
DA:502,21
DA:503,14
DA:504,7
DA:506,0
DA:507,0
DA:508,0
DA:510,0
DA:511,0
DA:512,0
DA:514,0
DA:515,0
DA:516,0
DA:517,0
DA:519,0
DA:520,0
DA:521,0
DA:522,0
DA:524,23
DA:526,72
DA:528,9
DA:530,9
DA:532,7
DA:535,7
DA:536,15
DA:537,8
DA:538,8
DA:539,0
DA:540,8
DA:541,7
DA:544,7
DA:546,7
DA:547,7
DA:548,7
DA:549,9
LF:363
LH:233
end_of_record
TN:
SF:/Users/jkh/Src/nanolang/src/emit_typed_ast.c
FNL:0,176,245
FNA:0,2,emit_typed_ast_json
FNL:1,21,35
FNA:1,72,jstr
FNL:2,37,39
FNA:2,43,jkey
FNL:3,42,60
FNA:3,11,type_str
FNL:4,70,70
FNA:4,15,ind
FNL:5,75,171
FNA:5,3,emit_stmt
FNF:6
FNH:6
DA:21,72
DA:22,72
DA:23,72
DA:24,407
DA:25,335
DA:26,335
DA:27,335
DA:28,335
DA:29,335
DA:30,335
DA:31,335
DA:32,335
DA:33,335
DA:34,72
DA:35,72
DA:37,43
DA:38,43
DA:39,43
DA:42,11
DA:43,11
DA:44,11
DA:45,0
DA:46,0
DA:47,0
DA:48,0
DA:49,0
DA:50,0
DA:51,0
DA:52,0
DA:53,0
DA:54,0
DA:55,0
DA:56,0
DA:57,0
DA:58,0
DA:60,11
DA:70,273
DA:75,3
DA:76,3
DA:78,3
DA:79,3
DA:81,3
DA:82,3
DA:84,3
DA:86,0
DA:87,0
DA:88,0
DA:89,0
DA:90,0
DA:91,0
DA:92,0
DA:93,0
DA:94,0
DA:95,0
DA:96,0
DA:99,0
DA:100,0
DA:101,0
DA:102,0
DA:103,0
DA:104,0
DA:105,0
DA:108,3
DA:109,3
DA:110,3
DA:111,3
DA:112,3
DA:113,3
DA:114,3
DA:115,3
DA:116,3
DA:117,3
DA:120,0
DA:121,0
DA:122,0
DA:123,0
DA:124,0
DA:127,0
DA:128,0
DA:129,0
DA:132,0
DA:133,0
DA:134,0
DA:135,0
DA:136,0
DA:137,0
DA:138,0
DA:141,0
DA:142,0
DA:143,0
DA:146,0
DA:147,0
DA:148,0
DA:149,0
DA:150,0
DA:151,0
DA:152,0
DA:153,0
DA:154,0
DA:155,0
DA:158,0
DA:159,0
DA:160,0
DA:161,0
DA:164,0
DA:165,0
DA:166,0
DA:170,3
DA:171,3
DA:176,2
DA:177,2
DA:178,2
DA:179,2
DA:180,2
DA:182,2
DA:184,2
DA:185,2
DA:186,2
DA:187,0
DA:188,0
DA:189,2
DA:190,2
DA:191,2
DA:192,2
DA:193,0
DA:194,0
DA:197,5
DA:198,3
DA:199,3
DA:201,3
DA:202,3
DA:203,3
DA:205,3
DA:206,3
DA:207,3
DA:208,3
DA:209,3
DA:212,3
DA:213,8
DA:214,5
DA:215,5
DA:216,5
DA:217,5
DA:218,5
DA:219,5
DA:220,5
DA:221,3
DA:222,3
DA:225,3
DA:226,6
DA:227,3
DA:230,3
DA:231,3
DA:232,3
DA:233,3
DA:234,6
DA:235,3
DA:236,3
DA:237,3
DA:238,3
DA:239,3
DA:240,3
DA:241,3
DA:242,3
DA:244,2
DA:245,2
LF:166
LH:95
end_of_record
TN:
SF:/Users/jkh/Src/nanolang/src/env.c
FNL:0,1005,1033
FNA:0,16238,env_get_opaque_type
FNL:1,1036,1153
FNA:1,1827,env_register_list_instantiation
FNL:2,1158,1193
FNA:2,50,env_register_hashmap_instantiation
FNL:3,116,258
FNA:3,319,free_environment
FNL:4,1198,1251
FNA:4,0,env_register_union_instantiation
FNL:5,1259,1279
FNA:5,0,create_function_signature
FNL:6,1283,1309
FNA:6,10,free_function_signature
FNL:7,1311,1344
FNA:7,3317,free_type_info
FNL:8,1347,1393
FNA:8,6,function_signatures_equal
FNL:9,1396,1404
FNA:9,0,create_function
FNL:10,1408,1431
FNA:10,1,create_tuple
FNL:11,1435,1449
FNA:11,0,free_tuple
FNL:12,1452,1487
FNA:12,12,env_register_namespace
FNL:13,1492,1518
FNA:13,193,env_register_module
FNL:14,1521,1528
FNA:14,2398,env_get_module
FNL:15,1531,1532
FNA:15,0,env_is_current_module_unsafe
FNL:16,1536,1541
FNA:16,0,env_mark_module_has_ffi
FNL:17,1543,1560
FNA:17,1192,env_add_module_exported_function
FNL:18,1562,1579
FNA:18,0,env_add_module_exported_struct
FNL:19,1583,1593
FNA:19,0,env_define_effect
FNL:20,1595,1603
FNA:20,0,env_get_effect
FNL:21,1605,1613
FNA:21,0,effect_get_op
FNL:22,1616,1643
FNA:22,0,env_register_generic_func_instance
FNL:23,261,263
FNA:23,6478,env_define_var
FNL:24,265,267
FNA:24,6715,env_define_var_with_element_type
FNL:25,269,327
FNA:25,23362,env_define_var_with_type_info
FNL:26,330,341
FNA:26,112497,env_get_var
FNL:27,343,389
FNA:27,153360,env_get_var_visible_at
FNL:28,392,412
FNA:28,27,env_set_var
FNL:29,415,421
FNA:29,3308,is_builtin_function
FNL:30,424,432
FNA:30,2370,module_string_list_contains
FNL:31,435,459
FNA:31,31916,env_define_function
FNL:32,462,553
FNA:32,150373,env_get_function
FNL:33,556,563
FNA:33,2570,create_int
FNL:34,566,573
FNA:34,22,create_float
FNL:35,576,583
FNA:35,240,create_bool
FNL:36,586,605
FNA:36,2146,create_string
FNL:37,608,614
FNA:37,17294,create_void
FNL:38,617,639
FNA:38,266,create_array
FNL:39,642,669
FNA:39,1558,create_struct
FNL:40,672,702
FNA:40,1,create_union
FNL:41,7,67
FNA:41,319,create_environment
FNL:42,70,113
FNA:42,17036,env_free_value
FNL:43,706,726
FNA:43,1183,env_define_struct
FNL:44,729,784
FNA:44,47527,env_get_struct
FNL:45,787,811
FNA:45,148,env_define_enum
FNL:46,814,877
FNA:46,56397,env_get_enum
FNL:47,880,893
FNA:47,0,env_get_enum_variant
FNL:48,896,908
FNA:48,7,env_define_union
FNL:49,911,964
FNA:49,6648,env_get_union
FNL:50,967,977
FNA:50,43,env_get_union_variant_index
FNL:51,980,1002
FNA:51,3,env_define_opaque_type
FNF:52
FNH:40
DA:7,319
DA:8,319
DA:9,319
DA:10,319
DA:11,319
DA:12,319
DA:13,319
DA:14,319
DA:15,319
DA:16,319
DA:17,319
DA:18,319
DA:19,319
DA:20,319
DA:21,319
DA:22,319
DA:23,319
DA:24,319
DA:25,319
DA:26,319
DA:27,319
DA:28,319
DA:29,319
DA:30,319
DA:31,319
DA:32,319
DA:33,319
DA:34,319
DA:35,319
DA:36,319
DA:37,319
DA:38,319
DA:39,319
DA:42,319
DA:43,319
DA:44,319
DA:45,319
DA:46,319
DA:47,319
DA:50,319
DA:51,319
DA:52,319
DA:53,319
DA:54,319
DA:55,319
DA:56,319
DA:57,319
DA:60,319
DA:61,319
DA:62,319
DA:63,319
DA:65,319
DA:67,319
DA:70,17036
DA:71,17036
DA:73,2081
DA:74,2081
DA:75,2081
DA:76,0
DA:78,2081
DA:84,14955
DA:85,1557
DA:86,1557
DA:87,1557
DA:88,1557
DA:89,0
DA:90,0
DA:92,0
DA:93,0
DA:94,0
DA:95,0
DA:97,0
DA:98,0
DA:99,1557
DA:100,1557
DA:101,1557
DA:102,1557
DA:104,13398
DA:105,0
DA:106,0
DA:107,0
DA:108,0
DA:109,0
DA:110,0
DA:111,0
DA:113,17036
DA:116,319
DA:117,17328
DA:118,17009
DA:119,17009
DA:120,6319
DA:121,6319
DA:122,17009
DA:123,17009
DA:124,319
DA:126,32235
DA:129,31916
DA:130,319
DA:132,1502
DA:133,1183
DA:134,9145
DA:135,7962
DA:136,7962
DA:137,1183
DA:138,1183
DA:139,1183
DA:140,319
DA:142,466
DA:143,147
DA:144,4798
DA:145,4651
DA:146,4651
DA:147,147
DA:148,147
DA:149,147
DA:150,319
DA:153,325
DA:154,6
DA:155,18
DA:156,12
DA:157,12
DA:158,22
DA:159,10
DA:160,10
DA:161,12
DA:162,12
DA:163,12
DA:164,12
DA:165,12
DA:166,12
DA:167,6
DA:168,6
DA:169,6
DA:170,6
DA:171,6
DA:172,319
DA:175,1174
DA:176,855
DA:177,855
DA:178,855
DA:179,855
DA:180,1719
DA:181,864
DA:182,864
DA:183,864
DA:184,864
DA:185,855
DA:186,855
DA:187,855
DA:188,319
DA:191,319
DA:192,319
DA:193,0
DA:194,0
DA:195,0
DA:196,0
DA:197,0
DA:198,0
DA:199,0
DA:200,0
DA:201,0
DA:202,0
DA:203,0
DA:204,319
DA:205,319
DA:208,322
DA:209,3
DA:210,3
DA:211,3
DA:212,319
DA:215,327
DA:216,8
DA:217,176
DA:218,168
DA:219,168
DA:220,8
DA:221,8
DA:222,0
DA:223,0
DA:224,8
DA:225,8
DA:226,0
DA:227,0
DA:228,8
DA:229,8
DA:230,0
DA:231,0
DA:232,8
DA:233,8
DA:234,319
DA:237,319
DA:238,230
DA:239,190
DA:240,190
DA:241,190
DA:242,1248
DA:243,1192
DA:244,1192
DA:245,56
DA:246,56
DA:247,190
DA:248,0
DA:249,0
DA:250,0
DA:251,0
DA:252,0
DA:253,190
DA:254,40
DA:255,40
DA:257,319
DA:258,319
DA:261,6478
DA:262,6478
DA:263,6478
DA:265,6715
DA:266,6715
DA:267,6715
DA:269,23362
DA:270,23362
DA:271,122
DA:272,122
DA:273,122
DA:276,23362
DA:277,23362
DA:278,23362
DA:279,23362
DA:280,23362
DA:281,23362
DA:282,23362
DA:283,23362
DA:284,23362
DA:285,23362
DA:286,23362
DA:287,23362
DA:288,23362
DA:293,23362
DA:294,23362
DA:296,17486
DA:297,7116
DA:298,7116
DA:300,10370
DA:302,0
DA:303,0
DA:304,0
DA:305,0
DA:306,0
DA:307,0
DA:309,0
DA:311,17486
DA:316,23362
DA:317,1173313
DA:318,1171224
DA:319,175737
DA:320,0
DA:321,0
DA:323,1171224
DA:324,2089
DA:326,23362
DA:327,23362
DA:330,112497
DA:331,7843949
DA:333,7838029
DA:334,0
DA:336,7838029
DA:337,106577
DA:339,7731452
DA:340,5920
DA:341,112497
DA:343,153360
DA:344,153360
DA:345,153360
DA:356,153360
DA:359,8390348
DA:360,8388706
DA:361,8388706
DA:362,8388706
DA:364,301097
DA:365,301097
DA:366,301097
DA:367,12538
DA:370,288559
DA:371,151718
DA:373,151718
DA:377,1509658
DA:378,1508020
DA:379,1508020
DA:380,1508020
DA:382,4
DA:384,4
DA:385,4
DA:388,1642
DA:389,153360
DA:392,27
DA:393,27
DA:394,27
DA:395,27
DA:396,27
DA:401,27
DA:402,0
DA:403,0
DA:404,0
DA:405,0
DA:406,0
DA:407,0
DA:409,0
DA:410,0
DA:411,27
DA:412,27
DA:415,3308
DA:416,3308
DA:417,0
DA:419,3308
DA:420,3308
DA:421,3308
DA:424,2370
DA:425,2370
DA:426,49882
DA:427,48746
DA:428,1178
DA:430,47568
DA:431,1136
DA:432,2370
DA:435,31916
DA:436,31916
DA:437,1236
DA:438,1236
DA:439,1236
DA:440,0
DA:441,0
DA:443,1236
DA:445,31916
DA:448,31916
DA:449,1192
DA:450,1192
DA:452,1178
DA:454,1178
DA:455,1178
DA:456,1178
DA:457,1178
DA:458,1192
DA:459,31916
DA:462,150373
DA:463,150373
DA:464,0
DA:468,150373
DA:469,150373
DA:471,207
DA:472,207
DA:473,0
DA:474,0
DA:475,207
DA:476,207
DA:477,207
DA:480,207
DA:481,207
DA:483,2125
DA:484,2125
DA:486,207
DA:487,48286
DA:488,48286
DA:490,207
DA:491,0
DA:492,207
DA:494,0
DA:495,48079
DA:496,0
DA:497,1918
DA:499,0
DA:501,0
DA:503,0
DA:507,20345304
DA:508,20212373
DA:509,12406247
DA:514,17235
DA:515,101
DA:516,101
DA:517,101
DA:518,101
DA:519,101
DA:520,101
DA:521,101
DA:522,101
DA:524,17235
DA:526,12389012
DA:530,132931
DA:531,11642402
DA:532,11636009
DA:533,23693
DA:534,23402
DA:535,22643
DA:537,1050
DA:538,11613366
DA:539,6393
DA:542,47842765
DA:544,47806157
DA:545,0
DA:547,47806157
DA:548,73680
DA:550,47732477
DA:552,36608
DA:553,150373
DA:556,2570
DA:558,2570
DA:559,2570
DA:560,2570
DA:561,2570
DA:562,2570
DA:563,2570
DA:566,22
DA:568,22
DA:569,22
DA:570,22
DA:571,22
DA:572,22
DA:573,22
DA:576,240
DA:578,240
DA:579,240
DA:580,240
DA:581,240
DA:582,240
DA:583,240
DA:586,2146
DA:588,2146
DA:589,2146
DA:590,2146
DA:591,2146
DA:594,2146
DA:595,2146
DA:596,2146
DA:597,2146
DA:598,2146
DA:599,2146
DA:600,2146
DA:602,0
DA:605,2146
DA:608,17294
DA:610,17294
DA:611,17294
DA:612,17294
DA:613,17294
DA:614,17294
DA:617,266
DA:619,266
DA:620,266
DA:621,266
DA:622,266
DA:623,266
DA:624,266
DA:625,266
DA:626,266
DA:630,266
DA:631,80
DA:632,0
DA:633,0
DA:634,0
DA:635,186
DA:637,266
DA:639,266
DA:642,1558
DA:644,1558
DA:645,1558
DA:646,1558
DA:647,1558
DA:648,1558
DA:649,1558
DA:650,1558
DA:653,1558
DA:654,1560
DA:655,2
DA:656,2
DA:659,1558
DA:660,1560
DA:661,2
DA:662,0
DA:663,0
DA:664,0
DA:665,2
DA:667,2
DA:669,1558
DA:672,1
DA:675,1
DA:676,1
DA:677,1
DA:678,1
DA:679,1
DA:680,1
DA:681,1
DA:682,1
DA:683,1
DA:686,1
DA:687,0
DA:688,0
DA:689,0
DA:690,0
DA:693,0
DA:694,0
DA:695,0
DA:696,0
DA:697,0
DA:698,1
DA:699,1
DA:702,1
DA:706,1183
DA:708,1183
DA:710,0
DA:713,1183
DA:714,72
DA:715,72
DA:716,72
DA:717,1183
DA:722,1183
DA:723,0
DA:724,0
DA:726,1183
DA:729,47527
DA:731,47527
DA:732,47527
DA:734,0
DA:735,0
DA:736,0
DA:737,0
DA:738,0
DA:739,0
DA:740,0
DA:743,0
DA:744,0
DA:746,0
DA:747,0
DA:749,0
DA:750,0
DA:751,0
DA:752,0
DA:753,0
DA:754,0
DA:756,0
DA:757,0
DA:758,0
DA:759,0
DA:760,0
DA:762,0
DA:763,0
DA:767,47527
DA:768,2186279
DA:769,2143890
DA:770,42328
DA:771,42328
DA:772,2277
DA:774,40051
DA:775,2141613
DA:776,42389
DA:778,1571979
DA:779,1569605
DA:780,42876
DA:782,1526729
DA:783,2374
DA:784,47527
DA:787,148
DA:788,148
DA:789,0
DA:793,148
DA:795,1
DA:798,147
DA:799,0
DA:800,0
DA:801,0
DA:802,0
DA:803,0
DA:804,0
DA:806,0
DA:808,0
DA:809,0
DA:810,147
DA:811,148
DA:814,56397
DA:815,56397
DA:817,56397
DA:820,56397
DA:821,0
DA:825,56397
DA:826,56397
DA:828,0
DA:829,0
DA:830,0
DA:831,0
DA:832,0
DA:833,0
DA:834,0
DA:836,0
DA:837,0
DA:838,0
DA:839,0
DA:841,0
DA:842,0
DA:843,0
DA:844,0
DA:845,0
DA:846,0
DA:848,0
DA:849,0
DA:850,0
DA:851,0
DA:852,0
DA:854,0
DA:855,0
DA:859,56397
DA:860,235476
DA:861,196086
DA:862,3591
DA:863,3591
DA:864,0
DA:866,3591
DA:867,196086
DA:868,39390
DA:870,314237
DA:872,263384
DA:873,5544
DA:875,257840
DA:876,50853
DA:877,56397
DA:880,0
DA:881,0
DA:883,0
DA:884,0
DA:885,0
DA:886,0
DA:887,0
DA:888,0
DA:890,0
DA:891,0
DA:892,0
DA:893,0
DA:896,7
DA:898,7
DA:900,1
DA:903,6
DA:904,0
DA:905,0
DA:906,0
DA:907,6
DA:908,7
DA:911,6648
DA:913,6648
DA:914,6648
DA:916,2
DA:917,2
DA:918,0
DA:919,0
DA:920,2
DA:921,2
DA:922,2
DA:924,2
DA:925,0
DA:926,0
DA:927,0
DA:929,0
DA:930,0
DA:931,0
DA:932,0
DA:933,0
DA:934,0
DA:936,0
DA:937,0
DA:938,0
DA:939,0
DA:940,0
DA:942,0
DA:943,2
DA:947,6646
DA:948,4764
DA:949,0
DA:950,0
DA:951,0
DA:952,0
DA:954,0
DA:955,0
DA:956,4764
DA:958,6646
DA:959,94
DA:960,94
DA:962,0
DA:963,6552
DA:964,6648
DA:967,43
DA:968,43
DA:969,43
DA:971,59
DA:972,59
DA:973,43
DA:975,16
DA:976,0
DA:977,43
DA:980,3
DA:982,3
DA:984,0
DA:987,3
DA:988,0
DA:989,0
DA:990,0
DA:993,3
DA:996,3
DA:997,3
DA:998,3
DA:999,3
DA:1001,3
DA:1002,3
DA:1005,16238
DA:1006,16238
DA:1009,16238
DA:1010,16238
DA:1012,0
DA:1013,0
DA:1014,0
DA:1015,0
DA:1016,0
DA:1017,0
DA:1018,0
DA:1024,0
DA:1027,16238
DA:1028,0
DA:1029,0
DA:1031,0
DA:1032,16238
DA:1033,16238
DA:1036,1827
DA:1038,26162
DA:1039,25316
DA:1040,50632
DA:1041,25316
DA:1042,25316
DA:1043,981
DA:1045,24335
DA:1048,846
DA:1049,72
DA:1050,144
DA:1051,72
DA:1052,72
DA:1055,846
DA:1056,846
DA:1057,846
DA:1058,846
DA:1059,846
DA:1060,846
DA:1064,846
DA:1065,846
DA:1067,846
DA:1073,846
DA:1076,846
DA:1077,846
DA:1078,846
DA:1081,846
DA:1082,846
DA:1083,846
DA:1084,846
DA:1085,846
DA:1086,846
DA:1087,846
DA:1088,846
DA:1089,846
DA:1090,846
DA:1091,846
DA:1094,846
DA:1095,846
DA:1096,846
DA:1097,846
DA:1098,846
DA:1099,846
DA:1100,846
DA:1101,846
DA:1102,846
DA:1103,846
DA:1104,846
DA:1105,846
DA:1106,846
DA:1107,846
DA:1108,846
DA:1109,846
DA:1110,846
DA:1111,846
DA:1112,846
DA:1115,846
DA:1116,846
DA:1117,846
DA:1118,846
DA:1119,846
DA:1120,846
DA:1121,846
DA:1122,846
DA:1123,846
DA:1124,846
DA:1125,846
DA:1126,846
DA:1127,846
DA:1128,846
DA:1129,846
DA:1130,846
DA:1131,846
DA:1132,846
DA:1133,846
DA:1136,846
DA:1137,846
DA:1138,846
DA:1139,846
DA:1140,846
DA:1141,846
DA:1142,846
DA:1143,846
DA:1144,846
DA:1145,846
DA:1146,846
DA:1147,846
DA:1148,846
DA:1149,846
DA:1150,846
DA:1151,846
DA:1152,846
DA:1153,1827
DA:1158,50
DA:1159,50
DA:1162,1660
DA:1163,1651
DA:1164,1692
DA:1165,41
DA:1166,41
DA:1167,41
DA:1168,41
DA:1170,1610
DA:1172,9
DA:1173,0
DA:1174,0
DA:1175,0
DA:1176,0
DA:1179,9
DA:1180,9
DA:1181,9
DA:1182,9
DA:1183,9
DA:1184,9
DA:1185,9
DA:1186,9
DA:1189,9
DA:1190,9
DA:1192,9
DA:1193,50
DA:1198,0
DA:1200,0
DA:1201,0
DA:1205,0
DA:1206,0
DA:1207,0
DA:1208,0
DA:1210,0
DA:1211,0
DA:1212,0
DA:1213,0
DA:1214,0
DA:1216,0
DA:1217,0
DA:1218,0
DA:1220,0
DA:1221,0
DA:1224,0
DA:1225,0
DA:1226,0
DA:1227,0
DA:1228,0
DA:1231,0
DA:1232,0
DA:1233,0
DA:1234,0
DA:1236,0
DA:1237,0
DA:1238,0
DA:1239,0
DA:1243,0
DA:1244,0
DA:1245,0
DA:1247,0
DA:1248,0
DA:1250,0
DA:1251,0
DA:1259,0
DA:1260,0
DA:1261,0
DA:1262,0
DA:1263,0
DA:1264,0
DA:1266,0
DA:1267,0
DA:1268,0
DA:1270,0
DA:1271,0
DA:1272,0
DA:1273,0
DA:1274,0
DA:1275,0
DA:1276,0
DA:1279,0
DA:1283,10
DA:1284,10
DA:1286,10
DA:1287,10
DA:1288,10
DA:1290,10
DA:1291,20
DA:1292,10
DA:1293,0
DA:1294,0
DA:1295,10
DA:1296,10
DA:1297,10
DA:1299,10
DA:1300,0
DA:1301,0
DA:1304,10
DA:1305,0
DA:1306,0
DA:1308,10
DA:1309,10
DA:1311,3317
DA:1312,3317
DA:1314,3317
DA:1315,1536
DA:1316,1536
DA:1317,3317
DA:1318,169
DA:1319,169
DA:1320,3317
DA:1321,231
DA:1322,154
DA:1323,154
DA:1324,77
DA:1325,77
DA:1326,3317
DA:1327,14
DA:1328,14
DA:1329,3317
DA:1330,43
DA:1331,29
DA:1332,0
DA:1333,0
DA:1334,29
DA:1335,14
DA:1336,14
DA:1337,3317
DA:1338,0
DA:1339,0
DA:1340,3317
DA:1341,0
DA:1342,0
DA:1343,3317
DA:1344,3317
DA:1347,6
DA:1348,6
DA:1351,6
DA:1354,12
DA:1355,6
DA:1358,12
DA:1359,6
DA:1360,6
DA:1362,0
DA:1363,0
DA:1365,0
DA:1366,0
DA:1367,0
DA:1368,6
DA:1371,6
DA:1374,12
DA:1375,6
DA:1376,6
DA:1378,0
DA:1379,0
DA:1381,0
DA:1382,0
DA:1383,0
DA:1386,6
DA:1387,0
DA:1388,0
DA:1390,0
DA:1392,6
DA:1393,6
DA:1396,0
DA:1398,0
DA:1399,0
DA:1400,0
DA:1401,0
DA:1402,0
DA:1403,0
DA:1404,0
DA:1408,1
DA:1410,1
DA:1411,1
DA:1412,1
DA:1413,1
DA:1414,1
DA:1415,1
DA:1418,1
DA:1419,1
DA:1420,3
DA:1421,2
DA:1423,2
DA:1424,0
DA:1425,0
DA:1426,2
DA:1427,1
DA:1428,0
DA:1431,1
DA:1435,0
DA:1436,0
DA:1439,0
DA:1440,0
DA:1441,0
DA:1442,0
DA:1443,0
DA:1445,0
DA:1446,0
DA:1447,0
DA:1448,0
DA:1449,0
DA:1452,12
DA:1457,12
DA:1458,0
DA:1462,12
DA:1463,4
DA:1465,4
DA:1467,0
DA:1470,8
DA:1471,0
DA:1472,0
DA:1473,0
DA:1476,8
DA:1477,8
DA:1478,8
DA:1479,8
DA:1480,8
DA:1481,8
DA:1482,8
DA:1483,8
DA:1484,8
DA:1485,8
DA:1486,8
DA:1487,12
DA:1492,193
DA:1494,193
DA:1495,66
DA:1496,66
DA:1497,66
DA:1500,855
DA:1501,665
DA:1503,3
DA:1504,3
DA:1506,662
DA:1509,190
DA:1510,190
DA:1511,190
DA:1512,190
DA:1513,190
DA:1514,190
DA:1515,190
DA:1516,190
DA:1517,190
DA:1518,193
DA:1521,2398
DA:1522,19476
DA:1523,19448
DA:1524,2370
DA:1526,17078
DA:1527,28
DA:1528,2398
DA:1531,0
DA:1532,0
DA:1536,0
DA:1537,0
DA:1538,0
DA:1539,0
DA:1540,0
DA:1541,0
DA:1543,1192
DA:1544,1192
DA:1546,1192
DA:1547,1192
DA:1549,14
DA:1550,14
DA:1551,14
DA:1552,14
DA:1554,1192
DA:1555,1178
DA:1558,14
DA:1559,14
DA:1560,1192
DA:1562,0
DA:1563,0
DA:1565,0
DA:1566,0
DA:1568,0
DA:1569,0
DA:1570,0
DA:1571,0
DA:1573,0
DA:1574,0
DA:1577,0
DA:1578,0
DA:1579,0
DA:1583,0
DA:1584,0
DA:1586,0
DA:1588,0
DA:1589,0
DA:1590,0
DA:1591,0
DA:1592,0
DA:1593,0
DA:1595,0
DA:1596,0
DA:1597,0
DA:1598,0
DA:1599,0
DA:1601,0
DA:1602,0
DA:1603,0
DA:1605,0
DA:1606,0
DA:1607,0
DA:1608,0
DA:1609,0
DA:1611,0
DA:1612,0
DA:1613,0
DA:1616,0
DA:1619,0
DA:1621,0
DA:1622,0
DA:1623,0
DA:1625,0
DA:1626,0
DA:1627,0
DA:1628,0
DA:1629,0
DA:1631,0
DA:1632,0
DA:1633,0
DA:1634,0
DA:1635,0
DA:1636,0
DA:1637,0
DA:1638,0
DA:1639,0
DA:1640,0
DA:1641,0
DA:1642,0
DA:1643,0
LF:1151
LH:768
end_of_record
TN:
SF:/Users/jkh/Src/nanolang/src/eval.c
FNL:0,1014,1088
FNA:0,0,builtin_array_set
FNL:1,109,124
FNA:1,0,shadow_json_escape
FNL:2,1090,1184
FNA:2,0,builtin_array_slice
FNL:3,1191,1198
FNA:3,0,create_dyn_array
FNL:4,1202,1213
FNA:4,0,value_type_to_elem_type
FNL:5,1215,1312
FNA:5,0,builtin_array_push
FNL:6,126,148
FNA:6,5,shadow_write_json_file
FNL:7,1314,1362
FNA:7,0,builtin_array_pop
FNL:8,1364,1387
FNA:8,0,builtin_array_remove_at
FNL:9,1389,1418
FNA:9,0,builtin_array_sort
FNL:10,1420,1446
FNA:10,0,builtin_array_reverse
FNL:11,1448,1479
FNA:11,0,builtin_array_contains
FNL:12,1481,1512
FNA:12,0,builtin_array_index_of
FNL:13,152,174
FNA:13,20,unescape_string
FNL:14,1523,1546
FNA:14,0,is_pure_arithmetic_expr
FNL:15,1549,1555
FNA:15,0,is_pure_arithmetic_lambda
FNL:16,1560,1589
FNA:16,0,eval_pure_expr_int
FNL:17,1592,1624
FNA:17,0,eval_pure_expr_int2
FNL:18,1627,1658
FNA:18,0,eval_pure_expr_float2
FNL:19,1661,1689
FNA:19,0,eval_pure_expr_float
FNL:20,1691,1905
FNA:20,0,builtin_map
FNL:21,186,265
FNA:21,0,eval_dyn_array_binop
FNL:22,1907,2073
FNA:22,0,builtin_filter
FNL:23,2075,2210
FNA:23,0,builtin_reduce
FNL:24,2217,2230
FNA:24,48,is_truthy
FNL:25,2233,2767
FNA:25,241,eval_prefix_op
FNL:26,267,343
FNA:26,0,eval_dyn_array_scalar_right
FNL:27,2770,4539
FNA:27,44,eval_call
FNL:28,345,419
FNA:28,0,eval_dyn_array_scalar_left
FNL:29,426,547
FNA:29,6,print_value
FNL:30,4542,5279
FNA:30,790,eval_expression
FNL:31,48,56
FNA:31,0,coro_trampoline
FNL:32,5282,5756
FNA:32,501,eval_statement
FNL:33,553,575
FNA:33,0,builtin_cast_int
FNL:34,5759,5815
FNA:34,50,contains_extern_calls
FNL:35,577,599
FNA:35,0,builtin_cast_float
FNL:36,5818,5969
FNA:36,5,run_shadow_tests
FNL:37,5972,6012
FNA:37,63,run_program
FNL:38,601,621
FNA:38,0,builtin_cast_bool
FNL:39,6015,6152
FNA:39,114,call_function
FNL:40,6158,6159
FNA:40,0,repl_eval_node
FNL:41,6162,6164
FNA:41,0,repl_print_value
FNL:42,623,626
FNA:42,0,builtin_null_opaque
FNL:43,635,645
FNA:43,0,eval_sb_ensure
FNL:44,647,653
FNA:44,0,eval_sb_new
FNL:45,656,664
FNA:45,0,eval_sb_append_cstr
FNL:46,666,672
FNA:46,0,eval_sb_append_char
FNL:47,67,101
FNA:47,0,copy_function_signature
FNL:48,676,712
FNA:48,0,eval_sb_append_dyn_array
FNL:49,714,840
FNA:49,0,eval_sb_append_value
FNL:50,842,852
FNA:50,0,builtin_to_string
FNL:51,854,855
FNA:51,0,builtin_cast_string
FNL:52,858,860
FNA:52,0,builtin_print
FNL:53,863,866
FNA:53,6,builtin_println
FNL:54,873,952
FNA:54,0,builtin_at
FNL:55,954,965
FNA:55,0,builtin_array_length
FNL:56,967,1012
FNA:56,0,builtin_array_new
FNF:57
FNH:13
DA:48,0
DA:49,0
DA:50,0
DA:52,0
DA:53,0
DA:54,0
DA:55,0
DA:56,0
DA:67,0
DA:68,0
DA:70,0
DA:71,0
DA:72,0
DA:73,0
DA:76,0
DA:77,0
DA:78,0
DA:79,0
DA:81,0
DA:82,0
DA:83,0
DA:84,0
DA:85,0
DA:86,0
DA:89,0
DA:90,0
DA:91,0
DA:92,0
DA:94,0
DA:95,0
DA:96,0
DA:97,0
DA:100,0
DA:101,0
DA:109,0
DA:110,0
DA:111,0
DA:112,0
DA:113,0
DA:114,0
DA:115,0
DA:116,0
DA:117,0
DA:118,0
DA:120,0
DA:121,0
DA:122,0
DA:123,0
DA:124,0
DA:126,5
DA:127,5
DA:128,0
DA:129,0
DA:131,0
DA:132,0
DA:133,0
DA:134,0
DA:135,0
DA:136,0
DA:137,0
DA:138,0
DA:139,0
DA:140,0
DA:141,0
DA:142,0
DA:143,0
DA:144,0
DA:145,0
DA:146,0
DA:147,0
DA:148,5
DA:152,20
DA:153,20
DA:154,20
DA:155,20
DA:156,226
DA:157,206
DA:158,0
DA:159,0
DA:160,0
DA:161,0
DA:162,0
DA:163,0
DA:164,0
DA:165,0
DA:166,0
DA:167,0
DA:169,0
DA:170,206
DA:172,206
DA:173,20
DA:174,20
DA:186,0
DA:187,0
DA:188,0
DA:189,0
DA:190,0
DA:191,0
DA:193,0
DA:194,0
DA:197,0
DA:198,0
DA:199,0
DA:200,0
DA:201,0
DA:203,0
DA:204,0
DA:206,0
DA:207,0
DA:209,0
DA:210,0
DA:212,0
DA:213,0
DA:215,0
DA:216,0
DA:217,0
DA:219,0
DA:220,0
DA:221,0
DA:222,0
DA:223,0
DA:224,0
DA:226,0
DA:227,0
DA:229,0
DA:230,0
DA:232,0
DA:233,0
DA:235,0
DA:236,0
DA:237,0
DA:239,0
DA:240,0
DA:241,0
DA:242,0
DA:243,0
DA:244,0
DA:245,0
DA:246,0
DA:247,0
DA:248,0
DA:249,0
DA:250,0
DA:251,0
DA:252,0
DA:253,0
DA:254,0
DA:255,0
DA:256,0
DA:257,0
DA:258,0
DA:259,0
DA:260,0
DA:261,0
DA:262,0
DA:264,0
DA:265,0
DA:267,0
DA:268,0
DA:269,0
DA:270,0
DA:271,0
DA:272,0
DA:274,0
DA:275,0
DA:276,0
DA:277,0
DA:278,0
DA:279,0
DA:280,0
DA:281,0
DA:282,0
DA:283,0
DA:284,0
DA:285,0
DA:287,0
DA:288,0
DA:290,0
DA:291,0
DA:293,0
DA:294,0
DA:296,0
DA:297,0
DA:298,0
DA:300,0
DA:301,0
DA:302,0
DA:303,0
DA:305,0
DA:306,0
DA:307,0
DA:308,0
DA:309,0
DA:310,0
DA:312,0
DA:313,0
DA:315,0
DA:316,0
DA:318,0
DA:319,0
DA:321,0
DA:322,0
DA:323,0
DA:325,0
DA:326,0
DA:327,0
DA:328,0
DA:329,0
DA:330,0
DA:331,0
DA:332,0
DA:333,0
DA:334,0
DA:335,0
DA:336,0
DA:337,0
DA:338,0
DA:339,0
DA:340,0
DA:342,0
DA:343,0
DA:345,0
DA:346,0
DA:347,0
DA:348,0
DA:349,0
DA:350,0
DA:352,0
DA:353,0
DA:354,0
DA:355,0
DA:356,0
DA:357,0
DA:358,0
DA:359,0
DA:360,0
DA:361,0
DA:362,0
DA:363,0
DA:365,0
DA:366,0
DA:368,0
DA:369,0
DA:371,0
DA:372,0
DA:374,0
DA:375,0
DA:377,0
DA:378,0
DA:379,0
DA:381,0
DA:382,0
DA:383,0
DA:384,0
DA:385,0
DA:386,0
DA:388,0
DA:389,0
DA:391,0
DA:392,0
DA:394,0
DA:395,0
DA:397,0
DA:398,0
DA:399,0
DA:401,0
DA:402,0
DA:403,0
DA:404,0
DA:405,0
DA:406,0
DA:407,0
DA:408,0
DA:409,0
DA:410,0
DA:411,0
DA:412,0
DA:413,0
DA:414,0
DA:415,0
DA:416,0
DA:418,0
DA:419,0
DA:426,6
DA:427,6
DA:429,0
DA:430,0
DA:432,0
DA:433,0
DA:435,0
DA:436,0
DA:438,6
DA:439,6
DA:442,0
DA:443,0
DA:444,0
DA:445,0
DA:446,0
DA:448,0
DA:449,0
DA:451,0
DA:452,0
DA:454,0
DA:455,0
DA:457,0
DA:458,0
DA:460,0
DA:462,0
DA:463,0
DA:464,0
DA:468,0
DA:469,0
DA:470,0
DA:471,0
DA:472,0
DA:473,0
DA:474,0
DA:476,0
DA:477,0
DA:479,0
DA:480,0
DA:482,0
DA:483,0
DA:485,0
DA:486,0
DA:488,0
DA:489,0
DA:491,0
DA:492,0
DA:493,0
DA:497,0
DA:498,0
DA:499,0
DA:500,0
DA:501,0
DA:502,0
DA:503,0
DA:504,0
DA:505,0
DA:509,0
DA:510,0
DA:514,0
DA:515,0
DA:519,0
DA:520,0
DA:521,0
DA:522,0
DA:523,0
DA:524,0
DA:525,0
DA:526,0
DA:527,0
DA:531,0
DA:532,0
DA:533,0
DA:534,0
DA:535,0
DA:536,0
DA:537,0
DA:538,0
DA:541,0
DA:542,0
DA:544,0
DA:545,0
DA:547,6
DA:553,0
DA:554,0
DA:556,0
DA:557,0
DA:558,0
DA:559,0
DA:560,0
DA:561,0
DA:562,0
DA:565,0
DA:566,0
DA:567,0
DA:568,0
DA:570,0
DA:572,0
DA:573,0
DA:575,0
DA:577,0
DA:578,0
DA:580,0
DA:581,0
DA:582,0
DA:583,0
DA:584,0
DA:585,0
DA:586,0
DA:589,0
DA:590,0
DA:591,0
DA:592,0
DA:594,0
DA:596,0
DA:597,0
DA:599,0
DA:601,0
DA:602,0
DA:604,0
DA:605,0
DA:606,0
DA:607,0
DA:608,0
DA:609,0
DA:610,0
DA:612,0
DA:613,0
DA:615,0
DA:618,0
DA:619,0
DA:621,0
DA:623,0
DA:624,0
DA:626,0
DA:635,0
DA:636,0
DA:637,0
DA:638,0
DA:639,0
DA:640,0
DA:641,0
DA:642,0
DA:643,0
DA:644,0
DA:645,0
DA:647,0
DA:648,0
DA:649,0
DA:650,0
DA:651,0
DA:652,0
DA:653,0
DA:656,0
DA:657,0
DA:658,0
DA:659,0
DA:660,0
DA:661,0
DA:662,0
DA:663,0
DA:664,0
DA:666,0
DA:667,0
DA:668,0
DA:669,0
DA:670,0
DA:671,0
DA:672,0
DA:676,0
DA:677,0
DA:678,0
DA:679,0
DA:680,0
DA:681,0
DA:682,0
DA:685,0
DA:686,0
DA:687,0
DA:691,0
DA:692,0
DA:693,0
DA:696,0
DA:697,0
DA:699,0
DA:700,0
DA:701,0
DA:702,0
DA:704,0
DA:705,0
DA:707,0
DA:708,0
DA:710,0
DA:711,0
DA:712,0
DA:714,0
DA:715,0
DA:718,0
DA:719,0
DA:720,0
DA:724,0
DA:727,0
DA:728,0
DA:729,0
DA:730,0
DA:731,0
DA:732,0
DA:733,0
DA:734,0
DA:735,0
DA:736,0
DA:737,0
DA:740,0
DA:741,0
DA:743,0
DA:744,0
DA:746,0
DA:747,0
DA:748,0
DA:749,0
DA:750,0
DA:753,0
DA:754,0
DA:755,0
DA:759,0
DA:760,0
DA:761,0
DA:764,0
DA:765,0
DA:767,0
DA:768,0
DA:769,0
DA:770,0
DA:772,0
DA:773,0
DA:775,0
DA:776,0
DA:777,0
DA:780,0
DA:781,0
DA:782,0
DA:785,0
DA:786,0
DA:787,0
DA:788,0
DA:789,0
DA:790,0
DA:791,0
DA:792,0
DA:793,0
DA:794,0
DA:795,0
DA:798,0
DA:799,0
DA:800,0
DA:801,0
DA:802,0
DA:803,0
DA:804,0
DA:805,0
DA:806,0
DA:807,0
DA:808,0
DA:809,0
DA:810,0
DA:811,0
DA:812,0
DA:815,0
DA:816,0
DA:817,0
DA:818,0
DA:819,0
DA:820,0
DA:821,0
DA:822,0
DA:825,0
DA:826,0
DA:828,0
DA:829,0
DA:832,0
DA:833,0
DA:834,0
DA:837,0
DA:838,0
DA:840,0
DA:842,0
DA:843,0
DA:844,0
DA:846,0
DA:847,0
DA:848,0
DA:849,0
DA:850,0
DA:851,0
DA:852,0
DA:854,0
DA:855,0
DA:858,0
DA:859,0
DA:860,0
DA:863,6
DA:864,6
DA:865,6
DA:866,6
DA:873,0
DA:875,0
DA:876,0
DA:877,0
DA:880,0
DA:883,0
DA:884,0
DA:887,0
DA:888,0
DA:889,0
DA:890,0
DA:894,0
DA:896,0
DA:898,0
DA:900,0
DA:902,0
DA:904,0
DA:905,0
DA:908,0
DA:909,0
DA:914,0
DA:915,0
DA:916,0
DA:919,0
DA:920,0
DA:921,0
DA:922,0
DA:926,0
DA:927,0
DA:929,0
DA:931,0
DA:933,0
DA:935,0
DA:937,0
DA:939,0
DA:940,0
DA:941,0
DA:942,0
DA:945,0
DA:946,0
DA:950,0
DA:951,0
DA:952,0
DA:954,0
DA:956,0
DA:957,0
DA:959,0
DA:960,0
DA:963,0
DA:964,0
DA:965,0
DA:967,0
DA:969,0
DA:970,0
DA:971,0
DA:974,0
DA:975,0
DA:976,0
DA:977,0
DA:980,0
DA:981,0
DA:984,0
DA:985,0
DA:987,0
DA:988,0
DA:990,0
DA:991,0
DA:993,0
DA:994,0
DA:996,0
DA:997,0
DA:999,0
DA:1000,0
DA:1001,0
DA:1002,0
DA:1003,0
DA:1004,0
DA:1007,0
DA:1009,0
DA:1011,0
DA:1012,0
DA:1014,0
DA:1016,0
DA:1017,0
DA:1018,0
DA:1020,0
DA:1021,0
DA:1022,0
DA:1025,0
DA:1026,0
DA:1029,0
DA:1030,0
DA:1031,0
DA:1032,0
DA:1036,0
DA:1038,0
DA:1039,0
DA:1040,0
DA:1042,0
DA:1043,0
DA:1045,0
DA:1046,0
DA:1047,0
DA:1049,0
DA:1050,0
DA:1052,0
DA:1053,0
DA:1054,0
DA:1056,0
DA:1057,0
DA:1059,0
DA:1060,0
DA:1061,0
DA:1064,0
DA:1065,0
DA:1066,0
DA:1067,0
DA:1068,0
DA:1070,0
DA:1071,0
DA:1072,0
DA:1075,0
DA:1076,0
DA:1077,0
DA:1078,0
DA:1079,0
DA:1081,0
DA:1083,0
DA:1084,0
DA:1087,0
DA:1088,0
DA:1090,0
DA:1092,0
DA:1093,0
DA:1094,0
DA:1097,0
DA:1098,0
DA:1099,0
DA:1100,0
DA:1102,0
DA:1103,0
DA:1104,0
DA:1105,0
DA:1106,0
DA:1107,0
DA:1108,0
DA:1110,0
DA:1111,0
DA:1113,0
DA:1114,0
DA:1115,0
DA:1116,0
DA:1118,0
DA:1119,0
DA:1120,0
DA:1121,0
DA:1123,0
DA:1124,0
DA:1125,0
DA:1126,0
DA:1128,0
DA:1129,0
DA:1130,0
DA:1131,0
DA:1133,0
DA:1134,0
DA:1135,0
DA:1136,0
DA:1137,0
DA:1138,0
DA:1140,0
DA:1142,0
DA:1145,0
DA:1146,0
DA:1147,0
DA:1148,0
DA:1149,0
DA:1150,0
DA:1152,0
DA:1153,0
DA:1154,0
DA:1155,0
DA:1156,0
DA:1157,0
DA:1158,0
DA:1159,0
DA:1160,0
DA:1161,0
DA:1163,0
DA:1164,0
DA:1165,0
DA:1166,0
DA:1168,0
DA:1169,0
DA:1170,0
DA:1171,0
DA:1172,0
DA:1175,0
DA:1176,0
DA:1178,0
DA:1179,0
DA:1182,0
DA:1183,0
DA:1184,0
DA:1191,0
DA:1193,0
DA:1194,0
DA:1195,0
DA:1196,0
DA:1197,0
DA:1198,0
DA:1202,0
DA:1203,0
DA:1204,0
DA:1205,0
DA:1206,0
DA:1207,0
DA:1208,0
DA:1210,0
DA:1211,0
DA:1213,0
DA:1215,0
DA:1222,0
DA:1224,0
DA:1225,0
DA:1228,0
DA:1230,0
DA:1231,0
DA:1233,0
DA:1234,0
DA:1236,0
DA:1237,0
DA:1239,0
DA:1240,0
DA:1242,0
DA:1243,0
DA:1245,0
DA:1246,0
DA:1247,0
DA:1248,0
DA:1249,0
DA:1250,0
DA:1251,0
DA:1254,0
DA:1255,0
DA:1256,0
DA:1259,0
DA:1263,0
DA:1264,0
DA:1265,0
DA:1268,0
DA:1271,0
DA:1272,0
DA:1274,0
DA:1275,0
DA:1276,0
DA:1280,0
DA:1282,0
DA:1283,0
DA:1285,0
DA:1286,0
DA:1288,0
DA:1289,0
DA:1291,0
DA:1292,0
DA:1294,0
DA:1295,0
DA:1297,0
DA:1298,0
DA:1299,0
DA:1300,0
DA:1301,0
DA:1302,0
DA:1303,0
DA:1306,0
DA:1307,0
DA:1311,0
DA:1312,0
DA:1314,0
DA:1316,0
DA:1317,0
DA:1318,0
DA:1321,0
DA:1323,0
DA:1324,0
DA:1325,0
DA:1329,0
DA:1330,0
DA:1331,0
DA:1333,0
DA:1334,0
DA:1337,0
DA:1338,0
DA:1341,0
DA:1342,0
DA:1345,0
DA:1346,0
DA:1349,0
DA:1350,0
DA:1353,0
DA:1354,0
DA:1355,0
DA:1356,0
DA:1359,0
DA:1360,0
DA:1362,0
DA:1364,0
DA:1366,0
DA:1367,0
DA:1368,0
DA:1370,0
DA:1371,0
DA:1372,0
DA:1375,0
DA:1376,0
DA:1378,0
DA:1379,0
DA:1380,0
DA:1383,0
DA:1386,0
DA:1387,0
DA:1389,0
DA:1391,0
DA:1393,0
DA:1394,0
DA:1396,0
DA:1397,0
DA:1398,0
DA:1400,0
DA:1401,0
DA:1402,0
DA:1403,0
DA:1404,0
DA:1405,0
DA:1407,0
DA:1408,0
DA:1409,0
DA:1410,0
DA:1411,0
DA:1412,0
DA:1414,0
DA:1415,0
DA:1416,0
DA:1417,0
DA:1418,0
DA:1420,0
DA:1422,0
DA:1424,0
DA:1425,0
DA:1427,0
DA:1428,0
DA:1429,0
DA:1431,0
DA:1432,0
DA:1433,0
DA:1434,0
DA:1435,0
DA:1436,0
DA:1437,0
DA:1438,0
DA:1439,0
DA:1440,0
DA:1441,0
DA:1442,0
DA:1444,0
DA:1445,0
DA:1446,0
DA:1448,0
DA:1450,0
DA:1451,0
DA:1452,0
DA:1454,0
DA:1455,0
DA:1456,0
DA:1457,0
DA:1458,0
DA:1460,0
DA:1461,0
DA:1462,0
DA:1464,0
DA:1465,0
DA:1466,0
DA:1468,0
DA:1469,0
DA:1470,0
DA:1472,0
DA:1473,0
DA:1474,0
DA:1475,0
DA:1477,0
DA:1478,0
DA:1479,0
DA:1481,0
DA:1483,0
DA:1484,0
DA:1485,0
DA:1487,0
DA:1488,0
DA:1489,0
DA:1490,0
DA:1491,0
DA:1493,0
DA:1494,0
DA:1495,0
DA:1497,0
DA:1498,0
DA:1499,0
DA:1501,0
DA:1502,0
DA:1503,0
DA:1505,0
DA:1506,0
DA:1507,0
DA:1508,0
DA:1510,0
DA:1511,0
DA:1512,0
DA:1523,0
DA:1524,0
DA:1525,0
DA:1528,0
DA:1530,0
DA:1532,0
DA:1534,0
DA:1535,0
DA:1536,0
DA:1537,0
DA:1538,0
DA:1539,0
DA:1540,0
DA:1541,0
DA:1544,0
DA:1546,0
DA:1549,0
DA:1550,0
DA:1551,0
DA:1552,0
DA:1553,0
DA:1554,0
DA:1555,0
DA:1560,0
DA:1561,0
DA:1562,0
DA:1563,0
DA:1564,0
DA:1566,0
DA:1567,0
DA:1569,0
DA:1570,0
DA:1571,0
DA:1573,0
DA:1574,0
DA:1575,0
DA:1576,0
DA:1577,0
DA:1578,0
DA:1579,0
DA:1580,0
DA:1581,0
DA:1582,0
DA:1585,0
DA:1587,0
DA:1589,0
DA:1592,0
DA:1595,0
DA:1596,0
DA:1597,0
DA:1598,0
DA:1600,0
DA:1601,0
DA:1602,0
DA:1604,0
DA:1605,0
DA:1606,0
DA:1608,0
DA:1609,0
DA:1610,0
DA:1611,0
DA:1612,0
DA:1613,0
DA:1614,0
DA:1615,0
DA:1616,0
DA:1617,0
DA:1620,0
DA:1622,0
DA:1624,0
DA:1627,0
DA:1630,0
DA:1631,0
DA:1632,0
DA:1633,0
DA:1635,0
DA:1636,0
DA:1637,0
DA:1639,0
DA:1640,0
DA:1641,0
DA:1643,0
DA:1644,0
DA:1645,0
DA:1646,0
DA:1647,0
DA:1648,0
DA:1649,0
DA:1650,0
DA:1651,0
DA:1654,0
DA:1656,0
DA:1658,0
DA:1661,0
DA:1662,0
DA:1663,0
DA:1664,0
DA:1665,0
DA:1667,0
DA:1668,0
DA:1670,0
DA:1671,0
DA:1672,0
DA:1674,0
DA:1675,0
DA:1676,0
DA:1677,0
DA:1678,0
DA:1679,0
DA:1680,0
DA:1681,0
DA:1682,0
DA:1685,0
DA:1687,0
DA:1689,0
DA:1691,0
DA:1695,0
DA:1696,0
DA:1697,0
DA:1700,0
DA:1703,0
DA:1704,0
DA:1705,0
DA:1708,0
DA:1709,0
DA:1712,0
DA:1714,0
DA:1715,0
DA:1716,0
DA:1717,0
DA:1720,0
DA:1722,0
DA:1723,0
DA:1725,0
DA:1726,0
DA:1728,0
DA:1729,0
DA:1731,0
DA:1732,0
DA:1734,0
DA:1735,0
DA:1740,0
DA:1741,0
DA:1744,0
DA:1746,0
DA:1747,0
DA:1748,0
DA:1750,0
DA:1751,0
DA:1753,0
DA:1754,0
DA:1755,0
DA:1757,0
DA:1758,0
DA:1760,0
DA:1761,0
DA:1762,0
DA:1764,0
DA:1765,0
DA:1767,0
DA:1768,0
DA:1769,0
DA:1771,0
DA:1772,0
DA:1774,0
DA:1776,0
DA:1778,0
DA:1782,0
DA:1783,0
DA:1784,0
DA:1785,0
DA:1789,0
DA:1790,0
DA:1791,0
DA:1792,0
DA:1793,0
DA:1794,0
DA:1795,0
DA:1796,0
DA:1797,0
DA:1798,0
DA:1799,0
DA:1800,0
DA:1801,0
DA:1802,0
DA:1803,0
DA:1804,0
DA:1805,0
DA:1806,0
DA:1807,0
DA:1808,0
DA:1810,0
DA:1811,0
DA:1813,0
DA:1814,0
DA:1817,0
DA:1820,0
DA:1822,0
DA:1823,0
DA:1824,0
DA:1827,0
DA:1829,0
DA:1830,0
DA:1831,0
DA:1833,0
DA:1834,0
DA:1835,0
DA:1837,0
DA:1838,0
DA:1839,0
DA:1841,0
DA:1842,0
DA:1843,0
DA:1845,0
DA:1846,0
DA:1847,0
DA:1849,0
DA:1850,0
DA:1855,0
DA:1856,0
DA:1859,0
DA:1861,0
DA:1862,0
DA:1863,0
DA:1865,0
DA:1866,0
DA:1868,0
DA:1869,0
DA:1870,0
DA:1872,0
DA:1873,0
DA:1875,0
DA:1876,0
DA:1877,0
DA:1879,0
DA:1880,0
DA:1882,0
DA:1883,0
DA:1884,0
DA:1886,0
DA:1887,0
DA:1889,0
DA:1890,0
DA:1891,0
DA:1893,0
DA:1894,0
DA:1896,0
DA:1898,0
DA:1900,0
DA:1903,0
DA:1904,0
DA:1905,0
DA:1907,0
DA:1911,0
DA:1912,0
DA:1913,0
DA:1916,0
DA:1919,0
DA:1920,0
DA:1921,0
DA:1923,0
DA:1924,0
DA:1925,0
DA:1926,0
DA:1929,0
DA:1930,0
DA:1932,0
DA:1933,0
DA:1934,0
DA:1935,0
DA:1937,0
DA:1939,0
DA:1940,0
DA:1942,0
DA:1943,0
DA:1945,0
DA:1946,0
DA:1948,0
DA:1949,0
DA:1951,0
DA:1952,0
DA:1953,0
DA:1957,0
DA:1958,0
DA:1959,0
DA:1960,0
DA:1961,0
DA:1962,0
DA:1964,0
DA:1965,0
DA:1966,0
DA:1968,0
DA:1969,0
DA:1971,0
DA:1972,0
DA:1973,0
DA:1975,0
DA:1977,0
DA:1978,0
DA:1980,0
DA:1981,0
DA:1983,0
DA:1984,0
DA:1986,0
DA:1987,0
DA:1989,0
DA:1991,0
DA:1992,0
DA:1994,0
DA:1995,0
DA:1999,0
DA:2000,0
DA:2001,0
DA:2002,0
DA:2004,0
DA:2005,0
DA:2007,0
DA:2008,0
DA:2009,0
DA:2011,0
DA:2013,0
DA:2014,0
DA:2015,0
DA:2017,0
DA:2018,0
DA:2019,0
DA:2021,0
DA:2022,0
DA:2023,0
DA:2025,0
DA:2026,0
DA:2027,0
DA:2029,0
DA:2030,0
DA:2031,0
DA:2033,0
DA:2034,0
DA:2038,0
DA:2039,0
DA:2040,0
DA:2041,0
DA:2042,0
DA:2045,0
DA:2047,0
DA:2049,0
DA:2050,0
DA:2052,0
DA:2053,0
DA:2055,0
DA:2056,0
DA:2058,0
DA:2059,0
DA:2061,0
DA:2062,0
DA:2064,0
DA:2066,0
DA:2068,0
DA:2071,0
DA:2072,0
DA:2073,0
DA:2075,0
DA:2079,0
DA:2080,0
DA:2081,0
DA:2084,0
DA:2085,0
DA:2088,0
DA:2089,0
DA:2090,0
DA:2092,0
DA:2094,0
DA:2095,0
DA:2096,0
DA:2097,0
DA:2100,0
DA:2102,0
DA:2103,0
DA:2105,0
DA:2106,0
DA:2108,0
DA:2109,0
DA:2111,0
DA:2112,0
DA:2114,0
DA:2115,0
DA:2120,0
DA:2121,0
DA:2122,0
DA:2123,0
DA:2125,0
DA:2129,0
DA:2130,0
DA:2131,0
DA:2132,0
DA:2136,0
DA:2137,0
DA:2138,0
DA:2139,0
DA:2140,0
DA:2141,0
DA:2142,0
DA:2143,0
DA:2144,0
DA:2145,0
DA:2146,0
DA:2147,0
DA:2148,0
DA:2149,0
DA:2150,0
DA:2151,0
DA:2152,0
DA:2153,0
DA:2154,0
DA:2155,0
DA:2156,0
DA:2157,0
DA:2158,0
DA:2159,0
DA:2160,0
DA:2162,0
DA:2163,0
DA:2165,0
DA:2167,0
DA:2168,0
DA:2169,0
DA:2172,0
DA:2174,0
DA:2175,0
DA:2176,0
DA:2178,0
DA:2179,0
DA:2180,0
DA:2182,0
DA:2183,0
DA:2184,0
DA:2186,0
DA:2187,0
DA:2188,0
DA:2190,0
DA:2191,0
DA:2192,0
DA:2194,0
DA:2195,0
DA:2200,0
DA:2201,0
DA:2202,0
DA:2203,0
DA:2205,0
DA:2208,0
DA:2209,0
DA:2210,0
DA:2217,48
DA:2218,48
DA:2220,48
DA:2222,0
DA:2224,0
DA:2226,0
DA:2228,0
DA:2230,48
DA:2233,241
DA:2234,241
DA:2235,241
DA:2239,346
DA:2240,106
DA:2243,137
DA:2244,0
DA:2245,0
DA:2246,0
DA:2247,0
DA:2248,0
DA:2249,0
DA:2250,0
DA:2251,0
DA:2252,0
DA:2253,0
DA:2254,0
DA:2255,0
DA:2256,0
DA:2257,0
DA:2258,0
DA:2259,0
DA:2260,0
DA:2261,0
DA:2263,0
DA:2264,0
DA:2265,0
DA:2266,0
DA:2267,0
DA:2268,0
DA:2269,0
DA:2270,0
DA:2271,0
DA:2272,0
DA:2273,0
DA:2274,0
DA:2275,0
DA:2277,0
DA:2278,0
DA:2280,0
DA:2281,0
DA:2286,137
DA:2287,0
DA:2288,0
DA:2290,137
DA:2291,137
DA:2294,137
DA:2296,0
DA:2297,0
DA:2298,0
DA:2299,0
DA:2300,0
DA:2301,0
DA:2302,0
DA:2303,0
DA:2304,0
DA:2306,0
DA:2307,0
DA:2308,0
DA:2309,0
DA:2311,0
DA:2312,0
DA:2313,0
DA:2314,0
DA:2316,0
DA:2320,0
DA:2321,0
DA:2322,0
DA:2323,0
DA:2324,0
DA:2325,0
DA:2327,0
DA:2328,0
DA:2329,0
DA:2330,0
DA:2331,0
DA:2332,0
DA:2333,0
DA:2335,0
DA:2337,0
DA:2340,0
DA:2341,0
DA:2342,0
DA:2343,0
DA:2344,0
DA:2345,0
DA:2347,0
DA:2348,0
DA:2349,0
DA:2351,0
DA:2352,0
DA:2353,0
DA:2354,0
DA:2355,0
DA:2356,0
DA:2357,0
DA:2358,0
DA:2359,0
DA:2360,0
DA:2362,0
DA:2363,0
DA:2366,0
DA:2367,0
DA:2368,0
DA:2369,0
DA:2370,0
DA:2371,0
DA:2372,0
DA:2373,0
DA:2374,0
DA:2376,0
DA:2377,0
DA:2380,0
DA:2381,0
DA:2382,0
DA:2384,0
DA:2385,0
DA:2386,0
DA:2387,0
DA:2388,0
DA:2389,0
DA:2390,0
DA:2391,0
DA:2392,0
DA:2393,0
DA:2396,0
DA:2397,0
DA:2399,0
DA:2400,0
DA:2404,0
DA:2405,0
DA:2406,0
DA:2408,0
DA:2409,0
DA:2410,0
DA:2411,0
DA:2412,0
DA:2413,0
DA:2414,0
DA:2415,0
DA:2416,0
DA:2417,0
DA:2418,0
DA:2419,0
DA:2420,0
DA:2422,0
DA:2423,0
DA:2424,0
DA:2427,0
DA:2428,0
DA:2429,0
DA:2430,0
DA:2431,0
DA:2432,0
DA:2433,0
DA:2434,0
DA:2435,0
DA:2436,0
DA:2437,0
DA:2438,0
DA:2440,0
DA:2441,0
DA:2442,0
DA:2445,0
DA:2446,0
DA:2447,0
DA:2448,0
DA:2450,0
DA:2451,0
DA:2452,0
DA:2453,0
DA:2454,0
DA:2455,0
DA:2456,0
DA:2457,0
DA:2458,0
DA:2459,0
DA:2460,0
DA:2461,0
DA:2462,0
DA:2464,0
DA:2467,0
DA:2468,0
DA:2469,0
DA:2471,0
DA:2472,0
DA:2473,0
DA:2474,0
DA:2475,0
DA:2476,0
DA:2477,0
DA:2478,0
DA:2479,0
DA:2480,0
DA:2481,0
DA:2482,0
DA:2483,0
DA:2485,0
DA:2486,0
DA:2487,0
DA:2490,0
DA:2491,0
DA:2492,0
DA:2493,0
DA:2494,0
DA:2495,0
DA:2496,0
DA:2497,0
DA:2498,0
DA:2499,0
DA:2500,0
DA:2501,0
DA:2503,0
DA:2504,0
DA:2505,0
DA:2508,0
DA:2509,0
DA:2510,0
DA:2511,0
DA:2513,0
DA:2514,0
DA:2515,0
DA:2516,0
DA:2517,0
DA:2518,0
DA:2519,0
DA:2520,0
DA:2521,0
DA:2522,0
DA:2523,0
DA:2524,0
DA:2525,0
DA:2527,0
DA:2528,0
DA:2530,137
DA:2532,134
DA:2533,92
DA:2534,10
DA:2535,30
DA:2537,1
DA:2538,0
DA:2539,0
DA:2541,1
DA:2542,1
DA:2544,1
DA:2545,0
DA:2546,0
DA:2548,1
DA:2549,1
DA:2550,0
DA:2551,0
DA:2552,134
DA:2553,3
DA:2555,3
DA:2556,1
DA:2557,0
DA:2558,2
DA:2560,0
DA:2561,0
DA:2562,0
DA:2564,0
DA:2565,0
DA:2566,0
DA:2567,0
DA:2568,3
DA:2569,0
DA:2571,0
DA:2572,0
DA:2573,0
DA:2574,0
DA:2575,0
DA:2576,0
DA:2577,0
DA:2579,0
DA:2580,0
DA:2581,0
DA:2582,0
DA:2583,0
DA:2584,0
DA:2586,0
DA:2587,0
DA:2590,0
DA:2593,104
DA:2594,25
DA:2595,0
DA:2596,0
DA:2598,25
DA:2599,25
DA:2601,25
DA:2603,25
DA:2604,6
DA:2605,17
DA:2606,2
DA:2607,0
DA:2608,0
DA:2609,0
DA:2610,25
DA:2611,0
DA:2613,0
DA:2614,0
DA:2615,0
DA:2616,0
DA:2617,0
DA:2618,0
DA:2619,0
DA:2620,0
DA:2621,0
DA:2624,0
DA:2625,0
DA:2626,0
DA:2627,0
DA:2628,0
DA:2629,0
DA:2630,0
DA:2631,0
DA:2632,0
DA:2633,0
DA:2636,0
DA:2637,0
DA:2638,0
DA:2639,0
DA:2640,0
DA:2641,0
DA:2642,0
DA:2643,0
DA:2644,0
DA:2646,0
DA:2649,79
DA:2650,72
DA:2651,0
DA:2652,0
DA:2654,72
DA:2655,72
DA:2657,72
DA:2658,72
DA:2659,72
DA:2660,70
DA:2661,0
DA:2662,0
DA:2663,2
DA:2666,0
DA:2667,0
DA:2668,0
DA:2669,0
DA:2670,0
DA:2671,0
DA:2672,0
DA:2673,0
DA:2674,0
DA:2675,0
DA:2677,0
DA:2678,0
DA:2679,0
DA:2680,0
DA:2681,0
DA:2682,0
DA:2683,0
DA:2684,0
DA:2685,0
DA:2686,0
DA:2687,0
DA:2688,0
DA:2690,0
DA:2692,0
DA:2695,0
DA:2696,0
DA:2697,0
DA:2698,0
DA:2699,0
DA:2700,0
DA:2701,0
DA:2702,0
DA:2704,0
DA:2705,0
DA:2707,0
DA:2708,0
DA:2710,0
DA:2711,0
DA:2713,0
DA:2714,0
DA:2716,0
DA:2717,0
DA:2719,0
DA:2721,0
DA:2730,0
DA:2731,0
DA:2733,72
DA:2735,72
DA:2739,7
DA:2740,4
DA:2741,0
DA:2742,0
DA:2744,4
DA:2746,4
DA:2747,3
DA:2748,3
DA:2749,3
DA:2751,1
DA:2752,0
DA:2753,0
DA:2757,3
DA:2758,3
DA:2759,0
DA:2760,0
DA:2762,3
DA:2763,3
DA:2766,0
DA:2767,241
DA:2770,44
DA:2772,44
DA:2774,0
DA:2775,0
DA:2776,0
DA:2777,0
DA:2781,0
DA:2782,0
DA:2783,0
DA:2784,0
DA:2788,0
DA:2791,0
DA:2792,0
DA:2793,0
DA:2794,0
DA:2795,0
DA:2796,0
DA:2797,0
DA:2798,0
DA:2801,0
DA:2802,0
DA:2803,0
DA:2804,0
DA:2805,0
DA:2806,0
DA:2807,0
DA:2808,0
DA:2811,0
DA:2812,0
DA:2813,0
DA:2816,44
DA:2819,44
DA:2820,44
DA:2822,0
DA:2823,0
DA:2826,44
DA:2828,0
DA:2836,44
DA:2837,0
DA:2838,0
DA:2839,0
DA:2841,0
DA:2842,0
DA:2843,0
DA:2844,0
DA:2845,0
DA:2846,0
DA:2847,0
DA:2848,0
DA:2849,0
DA:2850,0
DA:2851,0
DA:2853,0
DA:2854,0
DA:2855,0
DA:2858,0
DA:2859,0
DA:2860,0
DA:2862,0
DA:2863,0
DA:2864,0
DA:2866,0
DA:2867,0
DA:2868,0
DA:2869,0
DA:2870,0
DA:2872,0
DA:2873,0
DA:2874,0
DA:2875,0
DA:2876,0
DA:2877,0
DA:2878,0
DA:2879,0
DA:2883,0
DA:2884,0
DA:2885,0
DA:2886,0
DA:2890,44
DA:2891,0
DA:2892,0
DA:2896,44
DA:2897,0
DA:2898,0
DA:2899,0
DA:2900,0
DA:2902,0
DA:2906,44
DA:2907,0
DA:2908,0
DA:2909,0
DA:2910,0
DA:2911,0
DA:2915,44
DA:2916,0
DA:2917,0
DA:2921,44
DA:2922,0
DA:2923,0
DA:2927,44
DA:2928,79
DA:2929,35
DA:2930,35
DA:2931,0
DA:2932,0
DA:2933,0
DA:2934,0
DA:2935,35
DA:2939,99
DA:2940,55
DA:2941,55
DA:2944,44
DA:2945,44
DA:2946,44
DA:2947,44
DA:2948,44
DA:2949,44
DA:2950,44
DA:2951,44
DA:2954,44
DA:2955,44
DA:2956,44
DA:2959,44
DA:2960,44
DA:2961,44
DA:2962,44
DA:2963,44
DA:2964,44
DA:2965,44
DA:2968,44
DA:2969,44
DA:2970,44
DA:2971,44
DA:2972,44
DA:2973,44
DA:2976,44
DA:2977,44
DA:2978,44
DA:2979,44
DA:2980,44
DA:2981,44
DA:2984,44
DA:2985,44
DA:2986,44
DA:2987,44
DA:2988,44
DA:2989,44
DA:2990,44
DA:2993,44
DA:2994,44
DA:2995,44
DA:2996,44
DA:2997,44
DA:2998,44
DA:2999,44
DA:3002,44
DA:3003,43
DA:3004,42
DA:3005,41
DA:3006,41
DA:3009,35
DA:3010,35
DA:3011,35
DA:3012,35
DA:3013,35
DA:3016,35
DA:3017,35
DA:3018,35
DA:3019,35
DA:3022,35
DA:3023,35
DA:3024,35
DA:3025,35
DA:3026,35
DA:3027,35
DA:3030,35
DA:3031,0
DA:3032,0
DA:3034,0
DA:3036,0
DA:3037,0
DA:3038,0
DA:3039,0
DA:3040,0
DA:3041,0
DA:3042,0
DA:3043,0
DA:3044,0
DA:3045,0
DA:3046,0
DA:3048,35
DA:3049,0
DA:3050,0
DA:3052,0
DA:3054,35
DA:3055,0
DA:3057,0
DA:3058,0
DA:3062,35
DA:3063,0
DA:3065,35
DA:3066,0
DA:3067,0
DA:3068,0
DA:3069,0
DA:3073,35
DA:3075,0
DA:3076,0
DA:3077,0
DA:3081,35
DA:3083,0
DA:3084,0
DA:3085,0
DA:3087,35
DA:3088,0
DA:3089,0
DA:3090,0
DA:3091,0
DA:3093,35
DA:3094,0
DA:3095,0
DA:3096,0
DA:3097,0
DA:3099,35
DA:3100,0
DA:3101,0
DA:3102,0
DA:3103,0
DA:3104,0
DA:3105,0
DA:3107,35
DA:3108,0
DA:3109,0
DA:3110,0
DA:3112,35
DA:3113,0
DA:3114,0
DA:3116,35
DA:3117,0
DA:3118,0
DA:3120,35
DA:3121,0
DA:3122,0
DA:3123,0
DA:3125,35
DA:3126,0
DA:3127,0
DA:3128,0
DA:3132,35
DA:3133,34
DA:3134,33
DA:3135,32
DA:3136,32
DA:3137,32
DA:3138,32
DA:3139,32
DA:3140,32
DA:3141,32
DA:3142,32
DA:3143,32
DA:3144,32
DA:3145,32
DA:3146,32
DA:3147,0
DA:3148,0
DA:3149,0
DA:3150,0
DA:3152,0
DA:3154,0
DA:3155,0
DA:3156,0
DA:3157,0
DA:3158,0
DA:3159,0
DA:3160,0
DA:3161,0
DA:3164,0
DA:3165,0
DA:3166,0
DA:3167,0
DA:3168,0
DA:3169,0
DA:3170,0
DA:3171,0
DA:3172,0
DA:3173,0
DA:3174,0
DA:3175,0
DA:3176,0
DA:3178,0
DA:3179,0
DA:3180,0
DA:3181,0
DA:3182,0
DA:3183,0
DA:3184,0
DA:3185,0
DA:3186,0
DA:3187,0
DA:3188,0
DA:3189,0
DA:3190,0
DA:3191,0
DA:3192,0
DA:3193,0
DA:3194,0
DA:3195,0
DA:3196,0
DA:3199,0
DA:3200,0
DA:3201,0
DA:3202,0
DA:3204,32
DA:3205,0
DA:3206,0
DA:3207,0
DA:3209,0
DA:3210,0
DA:3211,0
DA:3212,0
DA:3213,0
DA:3214,0
DA:3215,0
DA:3216,0
DA:3217,0
DA:3218,0
DA:3219,0
DA:3220,0
DA:3221,0
DA:3223,0
DA:3224,0
DA:3225,0
DA:3226,0
DA:3227,0
DA:3228,0
DA:3229,0
DA:3230,0
DA:3231,0
DA:3233,0
DA:3235,0
DA:3237,32
DA:3238,0
DA:3239,0
DA:3240,0
DA:3242,0
DA:3243,0
DA:3244,0
DA:3245,0
DA:3246,0
DA:3247,0
DA:3248,0
DA:3249,0
DA:3250,0
DA:3251,0
DA:3252,0
DA:3253,0
DA:3254,0
DA:3255,0
DA:3256,0
DA:3257,0
DA:3258,0
DA:3259,0
DA:3260,0
DA:3261,0
DA:3262,0
DA:3263,0
DA:3264,0
DA:3268,32
DA:3269,32
DA:3272,32
DA:3273,0
DA:3274,0
DA:3275,0
DA:3277,0
DA:3278,0
DA:3280,0
DA:3281,0
DA:3282,0
DA:3283,0
DA:3285,0
DA:3288,32
DA:3289,0
DA:3290,0
DA:3291,0
DA:3294,0
DA:3295,0
DA:3296,0
DA:3300,32
DA:3301,0
DA:3302,0
DA:3303,0
DA:3306,32
DA:3307,0
DA:3308,0
DA:3309,0
DA:3312,32
DA:3313,0
DA:3314,0
DA:3315,0
DA:3316,0
DA:3317,0
DA:3320,32
DA:3321,0
DA:3322,0
DA:3323,0
DA:3326,32
DA:3327,0
DA:3328,0
DA:3329,0
DA:3332,32
DA:3333,0
DA:3334,0
DA:3335,0
DA:3339,32
DA:3340,1
DA:3341,0
DA:3344,1
DA:3345,1
DA:3348,31
DA:3349,1
DA:3350,0
DA:3352,1
DA:3353,1
DA:3356,30
DA:3357,0
DA:3358,0
DA:3359,0
DA:3360,0
DA:3362,0
DA:3365,30
DA:3366,0
DA:3367,0
DA:3368,0
DA:3369,0
DA:3371,0
DA:3374,30
DA:3375,0
DA:3376,0
DA:3377,0
DA:3378,0
DA:3380,0
DA:3384,30
DA:3385,30
DA:3386,30
DA:3387,30
DA:3388,30
DA:3391,30
DA:3392,30
DA:3393,30
DA:3396,30
DA:3397,30
DA:3398,30
DA:3399,30
DA:3400,30
DA:3401,30
DA:3402,30
DA:3405,30
DA:3406,0
DA:3407,0
DA:3408,0
DA:3410,30
DA:3411,0
DA:3412,0
DA:3414,30
DA:3415,0
DA:3416,0
DA:3417,0
DA:3419,30
DA:3420,0
DA:3421,0
DA:3423,30
DA:3424,0
DA:3425,0
DA:3427,30
DA:3428,0
DA:3429,0
DA:3430,0
DA:3432,30
DA:3433,0
DA:3434,0
DA:3435,0
DA:3437,30
DA:3438,0
DA:3439,0
DA:3441,30
DA:3442,0
DA:3443,0
DA:3445,30
DA:3446,0
DA:3447,0
DA:3449,30
DA:3450,0
DA:3451,0
DA:3453,30
DA:3454,0
DA:3455,0
DA:3456,0
DA:3458,30
DA:3459,0
DA:3460,0
DA:3461,0
DA:3465,30
DA:3466,0
DA:3467,0
DA:3468,0
DA:3470,30
DA:3471,0
DA:3472,0
DA:3474,30
DA:3475,0
DA:3476,0
DA:3477,0
DA:3479,30
DA:3480,0
DA:3481,0
DA:3482,0
DA:3483,0
DA:3484,0
DA:3486,30
DA:3487,0
DA:3488,0
DA:3489,0
DA:3491,30
DA:3492,0
DA:3493,0
DA:3494,0
DA:3496,30
DA:3497,0
DA:3498,0
DA:3499,0
DA:3501,30
DA:3502,0
DA:3503,0
DA:3504,0
DA:3505,0
DA:3506,0
DA:3508,30
DA:3509,0
DA:3510,0
DA:3512,30
DA:3513,0
DA:3514,0
DA:3516,30
DA:3517,0
DA:3518,0
DA:3520,30
DA:3521,0
DA:3522,0
DA:3523,0
DA:3525,30
DA:3526,0
DA:3527,0
DA:3528,0
DA:3534,30
DA:3535,0
DA:3536,0
DA:3537,0
DA:3539,30
DA:3540,0
DA:3541,0
DA:3543,30
DA:3544,0
DA:3547,0
DA:3548,0
DA:3549,0
DA:3550,0
DA:3551,0
DA:3553,30
DA:3554,0
DA:3555,0
DA:3558,0
DA:3559,0
DA:3560,0
DA:3562,30
DA:3563,0
DA:3564,0
DA:3566,0
DA:3567,0
DA:3568,0
DA:3570,30
DA:3571,0
DA:3572,0
DA:3573,0
DA:3574,0
DA:3575,0
DA:3576,0
DA:3578,30
DA:3579,0
DA:3580,0
DA:3581,0
DA:3582,0
DA:3583,0
DA:3584,0
DA:3586,30
DA:3587,0
DA:3588,0
DA:3589,0
DA:3590,0
DA:3591,0
DA:3593,30
DA:3594,0
DA:3595,0
DA:3597,30
DA:3598,0
DA:3599,0
DA:3601,30
DA:3602,0
DA:3603,0
DA:3605,30
DA:3606,0
DA:3607,0
DA:3608,0
DA:3610,30
DA:3611,0
DA:3612,0
DA:3613,0
DA:3619,30
DA:3621,0
DA:3622,0
DA:3623,0
DA:3626,0
DA:3627,0
DA:3628,0
DA:3630,0
DA:3631,0
DA:3632,0
DA:3634,0
DA:3635,0
DA:3637,0
DA:3639,0
DA:3640,0
DA:3641,0
DA:3642,0
DA:3643,0
DA:3644,0
DA:3645,0
DA:3646,0
DA:3648,0
DA:3649,0
DA:3650,0
DA:3651,0
DA:3652,0
DA:3653,0
DA:3655,0
DA:3657,0
DA:3659,0
DA:3660,0
DA:3661,0
DA:3664,0
DA:3665,0
DA:3666,0
DA:3667,0
DA:3668,0
DA:3671,0
DA:3672,0
DA:3673,0
DA:3674,0
DA:3676,0
DA:3678,0
DA:3679,0
DA:3680,0
DA:3681,0
DA:3682,0
DA:3683,0
DA:3684,0
DA:3686,0
DA:3687,0
DA:3690,0
DA:3691,0
DA:3692,0
DA:3696,0
DA:3697,0
DA:3698,0
DA:3699,0
DA:3700,0
DA:3703,0
DA:3704,0
DA:3705,0
DA:3706,0
DA:3708,0
DA:3710,0
DA:3711,0
DA:3712,0
DA:3713,0
DA:3714,0
DA:3715,0
DA:3716,0
DA:3719,0
DA:3720,0
DA:3723,0
DA:3724,0
DA:3725,0
DA:3726,0
DA:3728,0
DA:3729,0
DA:3730,0
DA:3731,0
DA:3733,0
DA:3734,0
DA:3735,0
DA:3737,0
[...]
FNL:17,341,346
FNA:17,10,test_generate_flamegraph_profiling_system
FNL:18,348,354
FNA:18,10,test_generate_coroutine_builtins
FNL:19,356,361
FNA:19,10,test_generate_module_system_stubs
FNL:20,367,371
FNA:20,210,suppress_stderr
FNL:21,372,376
FNA:21,210,restore_stderr
FNL:22,384,402
FNA:22,200,transpile_src
FNL:23,404,409
FNA:23,10,test_transpile_minimal
FNL:24,41,54
FNA:24,10,test_stringbuilder_append_simple
FNL:25,411,422
FNA:25,10,test_transpile_arithmetic
FNL:26,424,438
FNA:26,10,test_transpile_struct
FNL:27,440,451
FNA:27,10,test_transpile_enum
FNL:28,453,466
FNA:28,10,test_transpile_union_match
FNL:29,468,480
FNA:29,10,test_transpile_string_ops
FNL:30,482,499
FNA:30,10,test_transpile_array_ops
FNL:31,501,513
FNA:31,10,test_transpile_for_range
FNL:32,515,525
FNA:32,10,test_transpile_if_else_chain
FNL:33,527,536
FNA:33,10,test_transpile_constants
FNL:34,538,548
FNA:34,10,test_transpile_recursive
FNL:35,550,558
FNA:35,10,test_transpile_float_math
FNL:36,56,69
FNA:36,10,test_stringbuilder_append_empty
FNL:37,560,572
FNA:37,10,test_transpile_tuple
FNL:38,574,588
FNA:38,10,test_transpile_nested_structs
FNL:39,590,600
FNA:39,10,test_transpile_shadow_tests
FNL:40,602,614
FNA:40,10,test_transpile_match_int
FNL:41,616,624
FNA:41,10,test_transpile_cond_expr
FNL:42,626,632
FNA:42,10,test_transpile_pub_function
FNL:43,634,644
FNA:43,10,test_transpile_print_println
FNL:44,646,653
FNA:44,10,test_transpile_opaque_type
FNL:45,655,665
FNA:45,10,test_transpile_null_inputs
FNL:46,671,729
FNA:46,10,main
FNL:47,71,83
FNA:47,10,test_stringbuilder_append_multiple
FNL:48,85,102
FNA:48,10,test_stringbuilder_large_append
FNF:49
FNH:48
DA:23,0
DA:29,10
DA:30,10
DA:31,10
DA:32,10
DA:33,10
DA:34,10
DA:35,10
DA:37,10
DA:38,10
DA:39,10
DA:41,10
DA:42,10
DA:44,10
DA:45,10
DA:46,10
DA:48,10
DA:49,10
DA:50,10
DA:52,10
DA:53,10
DA:54,10
DA:56,10
DA:57,10
DA:59,10
DA:60,10
DA:61,10
DA:63,10
DA:64,10
DA:65,10
DA:67,10
DA:68,10
DA:69,10
DA:71,10
DA:72,10
DA:74,110
DA:75,100
DA:76,100
DA:78,10
DA:79,10
DA:81,10
DA:82,10
DA:83,10
DA:85,10
DA:86,10
DA:90,20000
DA:91,19990
DA:92,19990
DA:93,10
DA:95,10
DA:96,10
DA:97,10
DA:98,10
DA:100,10
DA:101,10
DA:102,10
DA:104,10
DA:105,10
DA:106,10
DA:110,20480
DA:111,20470
DA:112,20470
DA:113,10
DA:115,10
DA:118,10
DA:119,10
DA:120,10
DA:122,10
DA:123,10
DA:124,10
DA:126,10
DA:127,10
DA:129,10
DA:130,10
DA:132,10
DA:133,10
DA:135,10
DA:136,10
DA:137,10
DA:143,10
DA:144,10
DA:146,10
DA:148,10
DA:149,10
DA:150,10
DA:151,10
DA:152,10
DA:153,10
DA:155,10
DA:156,10
DA:157,10
DA:159,10
DA:160,10
DA:162,10
DA:164,10
DA:165,10
DA:166,10
DA:167,10
DA:168,10
DA:170,10
DA:171,10
DA:172,10
DA:174,10
DA:175,10
DA:177,10
DA:179,10
DA:180,10
DA:181,10
DA:182,10
DA:183,10
DA:185,10
DA:186,10
DA:187,10
DA:189,10
DA:190,10
DA:192,10
DA:194,10
DA:195,10
DA:196,10
DA:197,10
DA:198,10
DA:199,10
DA:201,10
DA:202,10
DA:203,10
DA:205,10
DA:206,10
DA:208,10
DA:210,10
DA:211,10
DA:212,10
DA:213,10
DA:214,10
DA:215,10
DA:216,10
DA:218,10
DA:219,10
DA:220,10
DA:222,10
DA:223,10
DA:225,10
DA:228,10
DA:229,10
DA:230,10
DA:231,10
DA:233,10
DA:234,10
DA:235,10
DA:241,10
DA:242,10
DA:245,10010
DA:246,10000
DA:247,10000
DA:249,10
DA:250,10
DA:253,10010
DA:254,10000
DA:255,10000
DA:256,10000
DA:257,10000
DA:258,10000
DA:260,10
DA:261,10
DA:262,10
DA:264,10
DA:265,10
DA:268,1010
DA:269,1000
DA:270,1000
DA:272,10
DA:273,10
DA:275,10
DA:276,10
DA:277,10
DA:283,10
DA:284,10
DA:287,10
DA:288,10
DA:289,10
DA:290,10
DA:291,10
DA:294,10
DA:297,10
DA:298,10
DA:299,10
DA:300,10
DA:301,10
DA:303,10
DA:304,10
DA:305,10
DA:311,10
DA:312,10
DA:313,10
DA:314,10
DA:315,10
DA:316,10
DA:317,10
DA:319,10
DA:320,10
DA:321,10
DA:322,10
DA:323,10
DA:324,10
DA:325,10
DA:327,10
DA:328,10
DA:329,10
DA:330,10
DA:331,10
DA:332,10
DA:334,10
DA:335,10
DA:336,10
DA:337,10
DA:338,10
DA:339,10
DA:341,10
DA:342,10
DA:343,10
DA:344,10
DA:345,10
DA:346,10
DA:348,10
DA:349,10
DA:350,10
DA:351,10
DA:352,10
DA:353,10
DA:354,10
DA:356,10
DA:357,10
DA:358,10
DA:359,10
DA:360,10
DA:361,10
DA:367,210
DA:368,210
DA:369,210
DA:370,210
DA:371,210
DA:372,210
DA:373,210
DA:374,210
DA:375,210
DA:376,210
DA:384,200
DA:385,200
DA:386,200
DA:387,200
DA:388,200
DA:389,200
DA:390,200
DA:391,200
DA:392,200
DA:393,200
DA:394,200
DA:395,200
DA:396,200
DA:397,200
DA:398,200
DA:399,200
DA:400,200
DA:401,200
DA:402,200
DA:404,10
DA:405,10
DA:406,10
DA:407,10
DA:408,10
DA:409,10
DA:411,10
DA:412,10
DA:419,10
DA:420,10
DA:421,10
DA:422,10
DA:424,10
DA:425,10
DA:435,10
DA:436,10
DA:437,10
DA:438,10
DA:440,10
DA:441,10
DA:448,10
DA:449,10
DA:450,10
DA:451,10
DA:453,10
DA:454,10
DA:463,10
DA:464,10
DA:465,10
DA:466,10
DA:468,10
DA:469,10
DA:478,10
DA:479,10
DA:480,10
DA:482,10
DA:483,10
DA:497,10
DA:498,10
DA:499,10
DA:501,10
DA:502,10
DA:511,10
DA:512,10
DA:513,10
DA:515,10
DA:516,10
DA:523,10
DA:524,10
DA:525,10
DA:527,10
DA:528,10
DA:533,10
DA:534,10
DA:535,10
DA:536,10
DA:538,10
DA:539,10
DA:545,10
DA:546,10
DA:547,10
DA:548,10
DA:550,10
DA:551,10
DA:556,10
DA:557,10
DA:558,10
DA:560,10
DA:561,10
DA:570,10
DA:571,10
DA:572,10
DA:574,10
DA:575,10
DA:584,10
DA:585,10
DA:586,10
DA:587,10
DA:588,10
DA:590,10
DA:591,10
DA:598,10
DA:599,10
DA:600,10
DA:602,10
DA:603,10
DA:612,10
DA:613,10
DA:614,10
DA:616,10
DA:617,10
DA:622,10
DA:623,10
DA:624,10
DA:626,10
DA:627,10
DA:630,10
DA:631,10
DA:632,10
DA:634,10
DA:635,10
DA:642,10
DA:643,10
DA:644,10
DA:646,10
DA:648,10
DA:651,10
DA:652,10
DA:653,10
DA:655,10
DA:657,10
DA:658,10
DA:659,10
DA:660,10
DA:661,10
DA:662,10
DA:663,10
DA:664,10
DA:665,10
DA:671,10
DA:672,10
DA:674,10
DA:675,10
DA:676,10
DA:677,10
DA:678,10
DA:679,10
DA:680,10
DA:681,10
DA:683,10
DA:684,10
DA:685,10
DA:686,10
DA:687,10
DA:688,10
DA:689,10
DA:690,10
DA:691,10
DA:692,10
DA:693,10
DA:694,10
DA:695,10
DA:696,10
DA:698,10
DA:699,10
DA:700,10
DA:702,10
DA:703,10
DA:705,10
DA:706,10
DA:707,10
DA:708,10
DA:709,10
DA:710,10
DA:711,10
DA:712,10
DA:713,10
DA:714,10
DA:715,10
DA:716,10
DA:717,10
DA:718,10
DA:719,10
DA:720,10
DA:721,10
DA:722,10
DA:723,10
DA:724,10
DA:725,10
DA:726,10
DA:728,10
DA:729,10
LF:436
LH:435
end_of_record
TN:
SF:/Users/jkh/Src/nanolang/tests/test_type_infer.c
FNL:0,102,112
FNA:0,5,test_con_type_all_primitives
FNL:1,118,129
FNA:1,5,test_arrow_type_basic
FNL:2,131,143
FNA:2,5,test_arrow_type_with_effects
FNL:3,149,157
FNA:3,5,test_unify_same_con
FNL:4,159,171
FNA:4,5,test_unify_var_with_con
FNL:5,173,183
FNA:5,5,test_unify_con_with_var
FNL:6,185,196
FNA:6,5,test_unify_var_with_var
FNL:7,198,209
FNA:7,5,test_unify_mismatch_errors
FNL:8,211,221
FNA:8,5,test_unify_arrow_arrow
FNL:9,223,236
FNA:9,5,test_unify_arrow_param_mismatch
FNL:10,242,251
FNA:10,5,test_subst_apply_unbound_var
FNL:11,253,260
FNA:11,5,test_subst_apply_con_type
FNL:12,262,271
FNA:12,5,test_subst_apply_after_unify
FNL:13,277,284
FNA:13,5,test_type_to_str_con
FNL:14,286,294
FNA:14,5,test_type_to_str_var
FNL:15,296,306
FNA:15,5,test_type_to_str_arrow
FNL:16,312,320
FNA:16,5,test_record_closed_empty
FNL:17,322,333
FNA:17,5,test_record_closed_two_fields
FNL:18,335,346
FNA:18,5,test_record_open
FNL:19,348,361
FNA:19,5,test_record_field_lookup_existing
FNL:20,363,377
FNA:20,5,test_record_field_lookup_missing_closed
FNL:21,379,395
FNA:21,5,test_record_spread
FNL:22,38,42
FNA:22,20,suppress_stderr
FNL:23,401,410
FNA:23,5,test_infer_empty_program
FNL:24,412,429
FNA:24,5,test_infer_simple_parsed_program
FNL:25,43,47
FNA:25,20,restore_stderr
FNL:26,431,441
FNA:26,5,test_infer_with_effects
FNL:27,443,456
FNA:27,5,test_infer_for_lsp_and_free
FNL:28,462,512
FNA:28,5,main
FNL:29,55,61
FNA:29,5,test_ctx_create_and_free
FNL:30,63,67
FNA:30,5,test_ctx_null_source_file
FNL:31,73,87
FNA:31,5,test_tv_fresh_unique_ids
FNL:32,93,100
FNA:32,5,test_con_type_int
FNF:33
FNH:33
DA:38,20
DA:39,20
DA:40,20
DA:41,20
DA:42,20
DA:43,20
DA:44,20
DA:45,20
DA:46,20
DA:47,20
DA:55,5
DA:56,5
DA:57,5
DA:58,5
DA:59,5
DA:60,5
DA:61,5
DA:63,5
DA:64,5
DA:65,5
DA:66,5
DA:67,5
DA:73,5
DA:74,5
DA:75,5
DA:76,5
DA:77,5
DA:78,5
DA:79,5
DA:80,5
DA:81,5
DA:82,5
DA:83,5
DA:84,5
DA:85,5
DA:86,5
DA:87,5
DA:93,5
DA:94,5
DA:95,5
DA:96,5
DA:97,5
DA:98,5
DA:99,5
DA:100,5
DA:102,5
DA:103,5
DA:104,5
DA:105,30
DA:106,25
DA:107,25
DA:108,25
DA:109,25
DA:110,25
DA:111,5
DA:112,5
DA:118,5
DA:119,5
DA:120,5
DA:121,5
DA:122,5
DA:123,5
DA:124,5
DA:125,5
DA:126,5
DA:127,5
DA:128,5
DA:129,5
DA:131,5
DA:132,5
DA:133,5
DA:134,5
DA:135,5
DA:136,5
DA:137,5
DA:138,5
DA:139,5
DA:140,5
DA:141,5
DA:142,5
DA:143,5
DA:149,5
DA:150,5
DA:151,5
DA:152,5
DA:153,5
DA:154,5
DA:155,5
DA:156,5
DA:157,5
DA:159,5
DA:160,5
DA:161,5
DA:162,5
DA:163,5
DA:164,5
DA:165,5
DA:166,5
DA:167,5
DA:168,5
DA:169,5
DA:170,5
DA:171,5
DA:173,5
DA:174,5
DA:175,5
DA:176,5
DA:177,5
DA:178,5
DA:179,5
DA:180,5
DA:181,5
DA:182,5
DA:183,5
DA:185,5
DA:186,5
DA:187,5
DA:188,5
DA:189,5
DA:190,5
DA:192,5
DA:193,5
DA:194,5
DA:195,5
DA:196,5
DA:198,5
DA:199,5
DA:200,5
DA:201,5
DA:202,5
DA:203,5
DA:204,5
DA:205,5
DA:206,5
DA:207,5
DA:209,5
DA:211,5
DA:212,5
DA:213,5
DA:214,5
DA:215,5
DA:216,5
DA:217,5
DA:218,5
DA:219,5
DA:220,5
DA:221,5
DA:223,5
DA:224,5
DA:225,5
DA:226,5
DA:227,5
DA:228,5
DA:229,5
DA:230,5
DA:231,5
DA:232,5
DA:233,5
DA:234,5
DA:236,5
DA:242,5
DA:243,5
DA:244,5
DA:246,5
DA:247,5
DA:248,5
DA:249,5
DA:250,5
DA:251,5
DA:253,5
DA:254,5
DA:255,5
DA:256,5
DA:257,5
DA:258,5
DA:259,5
DA:260,5
DA:262,5
DA:263,5
DA:264,5
DA:265,5
DA:266,5
DA:267,5
DA:268,5
DA:269,5
DA:270,5
DA:271,5
DA:277,5
DA:278,5
DA:279,5
DA:280,5
DA:281,5
DA:282,5
DA:283,5
DA:284,5
DA:286,5
DA:287,5
DA:288,5
DA:289,5
DA:290,5
DA:292,5
DA:293,5
DA:294,5
DA:296,5
DA:297,5
DA:298,5
DA:299,5
DA:300,5
DA:301,5
DA:302,5
DA:303,5
DA:304,5
DA:305,5
DA:306,5
DA:312,5
DA:313,5
DA:314,5
DA:315,5
DA:316,5
DA:317,5
DA:318,5
DA:319,5
DA:320,5
DA:322,5
DA:323,5
DA:324,5
DA:325,5
DA:326,5
DA:327,5
DA:328,5
DA:329,5
DA:330,5
DA:331,5
DA:332,5
DA:333,5
DA:335,5
DA:336,5
DA:337,5
DA:338,5
DA:339,5
DA:340,5
DA:341,5
DA:342,5
DA:343,5
DA:344,5
DA:345,5
DA:346,5
DA:348,5
DA:349,5
DA:350,5
DA:351,5
DA:352,5
DA:353,5
DA:354,5
DA:355,5
DA:356,5
DA:357,5
DA:358,5
DA:359,5
DA:360,5
DA:361,5
DA:363,5
DA:364,5
DA:365,5
DA:366,5
DA:367,5
DA:368,5
DA:369,5
DA:370,5
DA:371,5
DA:373,5
DA:374,5
DA:375,5
DA:377,5
DA:379,5
DA:380,5
DA:381,5
DA:382,5
DA:383,5
DA:384,5
DA:386,5
DA:387,5
DA:388,5
DA:389,5
DA:390,5
DA:391,5
DA:393,5
DA:394,5
DA:395,5
DA:401,5
DA:404,5
DA:405,5
DA:406,5
DA:407,5
DA:408,5
DA:409,5
DA:410,5
DA:412,5
DA:414,5
DA:417,5
DA:418,5
DA:419,5
DA:420,5
DA:421,5
DA:423,5
DA:424,5
DA:425,5
DA:426,5
DA:427,5
DA:429,5
DA:431,5
DA:433,5
DA:434,5
DA:435,5
DA:436,5
DA:437,5
DA:438,5
DA:439,5
DA:440,5
DA:441,5
DA:443,5
DA:445,5
DA:446,5
DA:447,5
DA:448,5
DA:449,5
DA:450,5
DA:451,5
DA:453,5
DA:454,5
DA:455,5
DA:456,5
DA:462,5
DA:463,5
DA:464,5
DA:465,5
DA:467,5
DA:468,5
DA:470,5
DA:471,5
DA:472,5
DA:474,5
DA:475,5
DA:476,5
DA:478,5
DA:479,5
DA:480,5
DA:481,5
DA:482,5
DA:483,5
DA:484,5
DA:485,5
DA:487,5
DA:488,5
DA:489,5
DA:490,5
DA:492,5
DA:493,5
DA:494,5
DA:495,5
DA:497,5
DA:498,5
DA:499,5
DA:500,5
DA:501,5
DA:502,5
DA:503,5
DA:505,5
DA:506,5
DA:507,5
DA:508,5
DA:509,5
DA:511,5
DA:512,5
LF:374
LH:374
end_of_record
TN:
SF:/Users/jkh/Src/nanolang/tests/test_typechecker.c
FNL:0,101,103
FNA:0,5,test_tc_minimal_main
FNL:1,105,112
FNA:1,5,test_tc_arithmetic
FNL:2,114,121
FNA:2,5,test_tc_float_ops
FNL:3,123,130
FNA:3,5,test_tc_string_ops
FNL:4,132,142
FNA:4,5,test_tc_bool_ops
FNL:5,144,154
FNA:5,5,test_tc_if_else
FNL:6,156,165
FNA:6,5,test_tc_while_loop
FNL:7,167,176
FNA:7,5,test_tc_for_in_range
FNL:8,178,182
FNA:8,5,test_tc_function_call
FNL:9,184,190
FNA:9,5,test_tc_recursive_function
FNL:10,192,201
FNA:10,5,test_tc_struct_definition
FNL:11,203,210
FNA:11,5,test_tc_enum_definition
FNL:12,212,222
FNA:12,5,test_tc_union_definition
FNL:13,224,230
FNA:13,5,test_tc_array_literal
FNL:14,232,242
FNA:14,5,test_tc_match_int
FNL:15,244,253
FNA:15,5,test_tc_print_builtin
FNL:16,255,262
FNA:16,5,test_tc_assert_builtin
FNL:17,264,275
FNA:17,5,test_tc_comparison_ops
FNL:18,277,293
FNA:18,5,test_tc_string_builtins
FNL:19,29,29
FNA:19,0,get_project_root
FNL:20,295,311
FNA:20,5,test_tc_math_builtins
FNL:21,313,322
FNA:21,5,test_tc_list_operations
FNL:22,324,332
FNA:22,5,test_tc_hashmap_operations
FNL:23,33,37
FNA:23,285,suppress_stderr
FNL:24,334,343
FNA:24,5,test_tc_tuple_return
FNL:25,345,355
FNA:25,5,test_tc_break_continue
FNL:26,357,362
FNA:26,5,test_tc_module_level
FNL:27,364,369
FNA:27,5,test_tc_constants
FNL:28,371,380
FNA:28,5,test_tc_cond_expr
FNL:29,38,42
FNA:29,285,restore_stderr
FNL:30,382,387
FNA:30,5,test_tc_nested_functions
FNL:31,393,401
FNA:31,5,test_tc_err_null_program
FNL:32,403,406
FNA:32,5,test_tc_err_undefined_variable
FNL:33,408,411
FNA:33,5,test_tc_err_wrong_return_type
FNL:34,413,417
FNA:34,5,test_tc_err_wrong_arg_count
FNL:35,419,425
FNA:35,5,test_tc_err_type_mismatch_add
FNL:36,427,435
FNA:36,5,test_tc_err_set_immutable
FNL:37,437,440
FNA:37,5,test_tc_err_undefined_function
FNL:38,442,451
FNA:38,5,test_tc_err_struct_unknown_field
FNL:39,453,459
FNA:39,5,test_tc_err_return_in_non_function
FNL:40,461,467
FNA:40,5,test_tc_err_break_outside_loop
FNL:41,469,475
FNA:41,5,test_tc_err_continue_outside_loop
FNL:42,477,484
FNA:42,5,test_tc_err_list_wrong_type
FNL:43,486,493
FNA:43,5,test_tc_err_str_length_wrong_arg
FNL:44,495,501
FNA:44,5,test_tc_err_comparison_type_mismatch
FNL:45,503,511
FNA:45,5,test_tc_err_map_wrong_key_type
FNL:46,513,519
FNA:46,5,test_tc_err_assert_non_bool
FNL:47,525,529
FNA:47,5,test_tc_module_public_functions
FNL:48,531,537
FNA:48,5,test_tc_module_struct_export
FNL:49,539,543
FNA:49,5,test_tc_module_with_constants
FNL:50,54,60
FNA:50,280,parse_ctx_init
FNL:51,549,552
FNA:51,5,test_tc_empty_program
FNL:52,554,559
FNA:52,5,test_tc_multiple_returns
FNL:53,561,575
FNA:53,5,test_tc_nested_if
FNL:54,577,585
FNA:54,5,test_tc_string_concat
FNL:55,587,593
FNA:55,5,test_tc_modulo_op
FNL:56,595,601
FNA:56,5,test_tc_unary_negate
FNL:57,603,610
FNA:57,5,test_tc_char_at
FNL:58,612,619
FNA:58,5,test_tc_int_to_string
FNL:59,62,65
FNA:59,280,parse_ctx_free
FNL:60,621,628
FNA:60,5,test_tc_string_to_int
FNL:61,630,637
FNA:61,5,test_tc_shadow
FNL:62,643,712
FNA:62,5,main
FNL:63,68,80
FNA:63,255,tc_passes
FNL:64,83,95
FNA:64,25,tc_module_passes
FNF:65
FNH:64
DA:29,0
DA:33,285
DA:34,285
DA:35,285
DA:36,285
DA:37,285
DA:38,285
DA:39,285
DA:40,285
DA:41,285
DA:42,285
DA:54,280
DA:55,280
DA:56,280
DA:57,280
DA:58,280
DA:59,280
DA:60,280
DA:62,280
DA:63,280
DA:64,280
DA:65,280
DA:68,255
DA:70,255
DA:71,255
DA:72,255
DA:73,255
DA:74,255
DA:75,255
DA:76,255
DA:77,255
DA:78,255
DA:79,255
DA:80,255
DA:83,25
DA:85,25
DA:86,25
DA:87,25
DA:88,25
DA:89,25
DA:90,25
DA:91,25
DA:92,25
DA:93,25
DA:94,25
DA:95,25
DA:101,5
DA:102,5
DA:103,5
DA:105,5
DA:106,5
DA:112,5
DA:114,5
DA:115,5
DA:121,5
DA:123,5
DA:124,5
DA:130,5
DA:132,5
DA:133,5
DA:142,5
DA:144,5
DA:145,5
DA:154,5
DA:156,5
DA:157,5
DA:165,5
DA:167,5
DA:168,5
DA:176,5
DA:178,5
DA:179,5
DA:182,5
DA:184,5
DA:185,5
DA:190,5
DA:192,5
DA:193,5
DA:201,5
DA:203,5
DA:204,5
DA:210,5
DA:212,5
DA:213,5
DA:222,5
DA:224,5
DA:225,5
DA:230,5
DA:232,5
DA:233,5
DA:242,5
DA:244,5
DA:245,5
DA:253,5
DA:255,5
DA:256,5
DA:262,5
DA:264,5
DA:265,5
DA:275,5
DA:277,5
DA:278,5
DA:293,5
DA:295,5
DA:296,5
DA:311,5
DA:313,5
DA:314,5
DA:322,5
DA:324,5
DA:325,5
DA:332,5
DA:334,5
DA:335,5
DA:343,5
DA:345,5
DA:346,5
DA:355,5
DA:357,5
DA:359,5
DA:362,5
DA:364,5
DA:365,5
DA:369,5
DA:371,5
DA:372,5
DA:380,5
DA:382,5
DA:383,5
DA:387,5
DA:393,5
DA:395,5
DA:396,5
DA:397,5
DA:398,5
DA:399,5
DA:400,5
DA:401,5
DA:403,5
DA:404,5
DA:406,5
DA:408,5
DA:409,5
DA:411,5
DA:413,5
DA:414,5
DA:417,5
DA:419,5
DA:420,5
DA:425,5
DA:427,5
DA:429,5
DA:435,5
DA:437,5
DA:438,5
DA:440,5
DA:442,5
DA:443,5
DA:451,5
DA:453,5
DA:456,5
DA:459,5
DA:461,5
DA:462,5
DA:467,5
DA:469,5
DA:470,5
DA:475,5
DA:477,5
DA:479,5
DA:484,5
DA:486,5
DA:488,5
DA:493,5
DA:495,5
DA:496,5
DA:501,5
DA:503,5
DA:505,5
DA:511,5
DA:513,5
DA:514,5
DA:519,5
DA:525,5
DA:526,5
DA:529,5
DA:531,5
DA:532,5
DA:537,5
DA:539,5
DA:540,5
DA:543,5
DA:549,5
DA:551,5
DA:552,5
DA:554,5
DA:555,5
DA:559,5
DA:561,5
DA:562,5
DA:575,5
DA:577,5
DA:578,5
DA:585,5
DA:587,5
DA:588,5
DA:593,5
DA:595,5
DA:596,5
DA:601,5
DA:603,5
DA:604,5
DA:610,5
DA:612,5
DA:613,5
DA:619,5
DA:621,5
DA:622,5
DA:628,5
DA:630,5
DA:631,5
DA:637,5
DA:643,5
DA:644,5
DA:646,5
DA:647,5
DA:648,5
DA:649,5
DA:650,5
DA:651,5
DA:652,5
DA:653,5
DA:654,5
DA:655,5
DA:656,5
DA:657,5
DA:658,5
DA:659,5
DA:660,5
DA:661,5
DA:662,5
DA:663,5
DA:664,5
DA:665,5
DA:666,5
DA:667,5
DA:668,5
DA:669,5
DA:670,5
DA:671,5
DA:672,5
DA:673,5
DA:674,5
DA:676,5
DA:677,5
DA:678,5
DA:679,5
DA:680,5
DA:681,5
DA:682,5
DA:683,5
DA:684,5
DA:685,5
DA:686,5
DA:687,5
DA:688,5
DA:689,5
DA:690,5
DA:691,5
DA:692,5
DA:694,5
DA:695,5
DA:696,5
DA:697,5
DA:699,5
DA:700,5
DA:701,5
DA:702,5
DA:703,5
DA:704,5
DA:705,5
DA:706,5
DA:707,5
DA:708,5
DA:709,5
DA:711,5
DA:712,5
LF:287
LH:286
end_of_record
TN:
SF:/Users/jkh/Src/nanolang/tests/test_wasm_profiler.c
FNL:0,12,14
FNA:0,5,main
FNF:1
FNH:1
DA:12,5
DA:13,5
DA:14,5
LF:3
LH:3
end_of_record
TN:
SF:/Users/jkh/Src/nanolang/tests/test_wasm_simd.c
FNL:0,115,130
FNA:0,5,test_detect_reduce_int
FNL:1,132,146
FNA:1,5,test_detect_elementwise_float
FNL:2,148,162
FNA:2,5,test_detect_elementwise_int
FNL:3,164,180
FNA:3,5,test_detect_vector_params_function
FNL:4,182,205
FNA:4,5,test_detect_multiple_patterns
FNL:5,207,210
FNA:5,5,test_print_summary_empty
FNL:6,212,231
FNA:6,5,test_detect_nested_expressions
FNL:7,233,251
FNA:7,5,test_detect_while_body
FNL:8,257,274
FNA:8,5,main
FNL:9,28,28
FNA:9,0,get_project_root
FNL:10,31,38
FNA:10,55,parse_nano
FNL:11,44,49
FNA:11,5,test_detect_null_program
FNL:12,51,60
FNA:12,5,test_detect_empty_program
FNL:13,62,79
FNA:13,5,test_detect_map_float
FNL:14,81,96
FNA:14,5,test_detect_map_int
FNL:15,98,113
FNA:15,5,test_detect_reduce_float
FNF:16
FNH:15
DA:28,0
DA:31,55
DA:32,55
DA:33,55
DA:34,55
DA:35,55
DA:36,55
DA:37,55
DA:38,55
DA:44,5
DA:45,5
DA:46,5
DA:47,5
DA:48,5
DA:49,5
DA:51,5
DA:52,5
DA:53,5
DA:54,5
DA:55,5
DA:57,5
DA:58,5
DA:59,5
DA:60,5
DA:62,5
DA:64,5
DA:71,5
DA:72,5
DA:73,5
DA:75,5
DA:76,5
DA:77,5
DA:78,5
DA:79,5
DA:81,5
DA:83,5
DA:90,5
DA:91,5
DA:92,5
DA:93,5
DA:94,5
DA:95,5
DA:96,5
DA:98,5
DA:100,5
DA:107,5
DA:108,5
DA:109,5
DA:110,5
DA:111,5
DA:112,5
DA:113,5
DA:115,5
DA:117,5
DA:124,5
DA:125,5
DA:126,5
DA:127,5
DA:128,5
DA:129,5
DA:130,5
DA:132,5
DA:134,5
DA:140,5
DA:141,5
DA:142,5
DA:143,5
DA:144,5
DA:145,5
DA:146,5
DA:148,5
DA:150,5
DA:156,5
DA:157,5
DA:158,5
DA:159,5
DA:160,5
DA:161,5
DA:162,5
DA:164,5
DA:166,5
DA:173,5
DA:174,5
DA:175,5
DA:177,5
DA:178,5
DA:179,5
DA:180,5
DA:182,5
DA:184,5
DA:196,5
DA:197,5
DA:198,5
DA:200,5
DA:202,5
DA:203,5
DA:204,5
DA:205,5
DA:207,5
DA:209,5
DA:210,5
DA:212,5
DA:214,5
DA:225,5
DA:226,5
DA:227,5
DA:228,5
DA:229,5
DA:230,5
DA:231,5
DA:233,5
DA:235,5
DA:245,5
DA:246,5
DA:247,5
DA:248,5
DA:249,5
DA:250,5
DA:251,5
DA:257,5
DA:258,5
DA:259,5
DA:260,5
DA:261,5
DA:262,5
DA:263,5
DA:264,5
DA:265,5
DA:266,5
DA:267,5
DA:268,5
DA:269,5
DA:270,5
DA:271,5
DA:273,5
DA:274,5
LF:136
LH:135
end_of_record
TN:
SF:/Users/jkh/Src/nanolang/tools/generate_module_index.c
FNL:0,17,36
FNA:0,44,read_file
FNL:1,39,46
FNA:1,394,ends_with
FNL:2,49,63
FNA:2,1,find_manifests
FNL:3,65,155
FNA:3,1,main
FNF:4
FNH:4
DA:17,44
DA:18,44
DA:19,44
DA:21,44
DA:22,44
DA:23,44
DA:25,44
DA:26,44
DA:27,0
DA:28,0
DA:31,44
DA:32,44
DA:33,44
DA:35,44
DA:36,44
DA:39,394
DA:40,394
DA:41,394
DA:43,394
DA:45,377
DA:46,394
DA:49,1
DA:50,1
DA:51,1
DA:53,1
DA:55,395
DA:56,394
DA:57,394
DA:58,44
DA:59,44
DA:60,394
DA:62,1
DA:63,1
DA:65,1
DA:66,1
DA:67,1
DA:69,1
DA:70,1
DA:72,1
DA:75,1
DA:76,1
DA:77,0
DA:78,0
DA:81,1
DA:84,1
DA:85,1
DA:88,1
DA:90,1
DA:91,1
DA:92,1
DA:94,1
DA:97,1
DA:99,45
DA:100,44
DA:103,44
DA:104,44
DA:105,0
DA:106,0
DA:109,44
DA:110,44
DA:112,44
DA:113,0
DA:114,0
DA:118,44
DA:119,44
DA:120,44
DA:121,44
DA:123,44
DA:124,44
DA:126,1
DA:129,1
DA:130,1
DA:131,1
DA:132,1
DA:133,1
DA:136,1
DA:137,1
DA:138,1
DA:139,0
DA:140,0
DA:141,0
DA:142,0
DA:145,1
DA:146,1
DA:148,1
DA:149,1
DA:151,1
DA:152,1
DA:154,1
DA:155,1
LF:90
LH:78
end_of_record
